#
# There is insufficient memory for the Java Runtime Environment to continue.
# Native memory allocation (malloc) failed to allocate 1738416 bytes. Error detail: Chunk::new
# Possible reasons:
#   The system is out of physical RAM or swap space
#   This process is running with CompressedOops enabled, and the Java Heap may be blocking the growth of the native heap
# Possible solutions:
#   Reduce memory load on the system
#   Increase physical memory or swap space
#   Check if swap backing store is full
#   Decrease Java heap size (-Xmx/-Xms)
#   Decrease number of Java threads
#   Decrease Java thread stack sizes (-Xss)
#   Set larger code cache with -XX:ReservedCodeCacheSize=
#   JVM is running with Unscaled Compressed Oops mode in which the Java heap is
#     placed in the first 4GB address space. The Java Heap base address is the
#     maximum limit for the native heap growth. Please use -XX:HeapBaseMinAddress
#     to set the Java Heap base and to place the Java Heap above 4GB virtual address.
# This output file may be truncated or incomplete.
#
#  Out of Memory Error (arena.cpp:168), pid=32420, tid=22276
#
# JRE version: OpenJDK Runtime Environment Temurin-21.0.6+7 (21.0.6+7) (build 21.0.6+7-LTS)
# Java VM: OpenJDK 64-Bit Server VM Temurin-21.0.6+7 (21.0.6+7-LTS, mixed mode, sharing, tiered, compressed oops, compressed class ptrs, parallel gc, windows-amd64)
# No core dump will be written. Minidumps are not enabled by default on client versions of Windows
#

---------------  S U M M A R Y ------------

Command Line: --add-modules=ALL-SYSTEM --add-opens=java.base/java.util=ALL-UNNAMED --add-opens=java.base/java.lang=ALL-UNNAMED --add-opens=java.base/sun.nio.fs=ALL-UNNAMED -Declipse.application=org.eclipse.jdt.ls.core.id1 -Dosgi.bundles.defaultStartLevel=4 -Declipse.product=org.eclipse.jdt.ls.core.product -Djava.import.generatesMetadataFilesAtProjectRoot=false -DDetectVMInstallationsJob.disabled=true -Dfile.encoding=utf8 -XX:+UseParallelGC -XX:GCTimeRatio=4 -XX:AdaptiveSizePolicyWeight=90 -Dsun.zip.disableMemoryMapping=true -Xmx1G -Xms100m -Xlog:disable -javaagent:c:\Users\Asus\.vscode\extensions\redhat.java-1.41.1-win32-x64\lombok\lombok-1.18.36.jar -XX:+HeapDumpOnOutOfMemoryError -XX:HeapDumpPath=c:\Users\Asus\AppData\Roaming\Code\User\workspaceStorage\6f0e533d9ff133c7631d155b4f25a028\redhat.java -Daether.dependencyCollector.impl=bf c:\Users\Asus\.vscode\extensions\redhat.java-1.41.1-win32-x64\server\plugins\org.eclipse.equinox.launcher_1.7.0.v20250331-1702.jar -configuration c:\Users\Asus\AppData\Roaming\Code\User\globalStorage\redhat.java\1.41.1\config_win -data c:\Users\Asus\AppData\Roaming\Code\User\workspaceStorage\6f0e533d9ff133c7631d155b4f25a028\redhat.java\jdt_ws --pipe=\\.\pipe\lsp-e8ae4a871ba9f8debfeab17be8639362-sock

Host: 11th Gen Intel(R) Core(TM) i5-1135G7 @ 2.40GHz, 8 cores, 7G,  Windows 11 , 64 bit Build 26100 (10.0.26100.2454)
Time: Sat Apr  5 12:39:07 2025 India Standard Time elapsed time: 31.070779 seconds (0d 0h 0m 31s)

---------------  T H R E A D  ---------------

Current thread (0x0000023aa09935c0):  JavaThread "C2 CompilerThread2" daemon [_thread_in_native, id=22276, stack(0x0000006d2a600000,0x0000006d2a700000) (1024K)]


Current CompileTask:
C2:31070 12362       4       org.eclipse.jdt.internal.compiler.parser.Parser::consumeRule (7755 bytes)

Stack: [0x0000006d2a600000,0x0000006d2a700000]
Native frames: (J=compiled Java code, j=interpreted, Vv=VM code, C=native code)
V  [jvm.dll+0x6cdee9]
V  [jvm.dll+0x8a83d1]
V  [jvm.dll+0x8aa8fe]
V  [jvm.dll+0x8aafe3]
V  [jvm.dll+0x27f706]
V  [jvm.dll+0xc500d]
V  [jvm.dll+0xc5543]
V  [jvm.dll+0x3b6752]
V  [jvm.dll+0x382935]
V  [jvm.dll+0x381d9a]
V  [jvm.dll+0x2479f0]
V  [jvm.dll+0x246fcf]
V  [jvm.dll+0x1c75ee]
V  [jvm.dll+0x25685a]
V  [jvm.dll+0x254dfa]
V  [jvm.dll+0x3f0256]
V  [jvm.dll+0x851f8b]
V  [jvm.dll+0x6cc5ed]
C  [ucrtbase.dll+0x14ea0]
C  [KERNEL32.DLL+0x2e8d7]
C  [ntdll.dll+0xdfbcc]


---------------  P R O C E S S  ---------------

Threads class SMR info:
_java_thread_list=0x0000023aa0c73410, length=70, elements={
0x0000023a3f6de950, 0x0000023a53a94b60, 0x0000023a53a98a80, 0x0000023a53a9acc0,
0x0000023a53a9b910, 0x0000023a53a9e470, 0x0000023a53a9eec0, 0x0000023a53aa1c50,
0x0000023a53abfa60, 0x0000023a96606e10, 0x0000023a96871d40, 0x0000023a9b6e1b70,
0x0000023a9b960720, 0x0000023a9b773fa0, 0x0000023a9b796210, 0x0000023a9bd4bd10,
0x0000023a9c0a21f0, 0x0000023a9b794be0, 0x0000023a9b793ec0, 0x0000023a9c296420,
0x0000023a9c295700, 0x0000023a9c295d90, 0x0000023a9c297140, 0x0000023a9c295070,
0x0000023a9c29ac50, 0x0000023a9c298b80, 0x0000023a9c299210, 0x0000023a9c2998a0,
0x0000023a9c2977d0, 0x0000023a9c299f30, 0x0000023a9c29a5c0, 0x0000023a9c29b2e0,
0x0000023a9c297e60, 0x0000023a9c29b970, 0x0000023a9c29c000, 0x0000023a9c29c690,
0x0000023a9b2686f0, 0x0000023a9b268d80, 0x0000023a9b26a7c0, 0x0000023a9b268060,
0x0000023a9b26ae50, 0x0000023a9b269410, 0x0000023a9b26bb70, 0x0000023a9b26a130,
0x0000023a9b269aa0, 0x0000023a9b26cf20, 0x0000023a9b26b4e0, 0x0000023a9b26dc40,
0x0000023a9b26e960, 0x0000023a9b26d5b0, 0x0000023a9b26f680, 0x0000023a9b26c200,
0x0000023a9cdc5280, 0x0000023a9cdc5910, 0x0000023a9cdc5fa0, 0x0000023a9cdc6630,
0x0000023a9cdc4bf0, 0x0000023a9cdc4560, 0x0000023a9cdca140, 0x0000023a9cdc8d90,
0x0000023a9cdc9420, 0x0000023a9cdc8700, 0x0000023a9cdc9ab0, 0x0000023a9cdc79e0,
0x0000023a9cdcae60, 0x0000023a9cdcb4f0, 0x0000023a9cdc8070, 0x0000023a9cdcbb80,
0x0000023aa0992ef0, 0x0000023aa09935c0
}

Java Threads: ( => current thread )
  0x0000023a3f6de950 JavaThread "main"                              [_thread_blocked, id=16836, stack(0x0000006d28300000,0x0000006d28400000) (1024K)]
  0x0000023a53a94b60 JavaThread "Reference Handler"          daemon [_thread_blocked, id=25740, stack(0x0000006d28700000,0x0000006d28800000) (1024K)]
  0x0000023a53a98a80 JavaThread "Finalizer"                  daemon [_thread_blocked, id=32236, stack(0x0000006d28800000,0x0000006d28900000) (1024K)]
  0x0000023a53a9acc0 JavaThread "Signal Dispatcher"          daemon [_thread_blocked, id=4148, stack(0x0000006d28900000,0x0000006d28a00000) (1024K)]
  0x0000023a53a9b910 JavaThread "Attach Listener"            daemon [_thread_blocked, id=19352, stack(0x0000006d28a00000,0x0000006d28b00000) (1024K)]
  0x0000023a53a9e470 JavaThread "Service Thread"             daemon [_thread_blocked, id=31476, stack(0x0000006d28b00000,0x0000006d28c00000) (1024K)]
  0x0000023a53a9eec0 JavaThread "Monitor Deflation Thread"   daemon [_thread_blocked, id=15588, stack(0x0000006d28c00000,0x0000006d28d00000) (1024K)]
  0x0000023a53aa1c50 JavaThread "C2 CompilerThread0"         daemon [_thread_in_vm, id=11676, stack(0x0000006d28d00000,0x0000006d28e00000) (1024K)]
  0x0000023a53abfa60 JavaThread "C1 CompilerThread0"         daemon [_thread_blocked, id=18848, stack(0x0000006d28e00000,0x0000006d28f00000) (1024K)]
  0x0000023a96606e10 JavaThread "Common-Cleaner"             daemon [_thread_blocked, id=31120, stack(0x0000006d28f00000,0x0000006d29000000) (1024K)]
  0x0000023a96871d40 JavaThread "Notification Thread"        daemon [_thread_blocked, id=34172, stack(0x0000006d29100000,0x0000006d29200000) (1024K)]
  0x0000023a9b6e1b70 JavaThread "Active Thread: Equinox Container: 89b3eb86-0f5b-4143-ae7c-8cfe9eb7509d"        [_thread_blocked, id=21392, stack(0x0000006d29900000,0x0000006d29a00000) (1024K)]
  0x0000023a9b960720 JavaThread "Refresh Thread: Equinox Container: 89b3eb86-0f5b-4143-ae7c-8cfe9eb7509d" daemon [_thread_blocked, id=25892, stack(0x0000006d29a00000,0x0000006d29b00000) (1024K)]
  0x0000023a9b773fa0 JavaThread "Framework Event Dispatcher: Equinox Container: 89b3eb86-0f5b-4143-ae7c-8cfe9eb7509d" daemon [_thread_blocked, id=2536, stack(0x0000006d29c00000,0x0000006d29d00000) (1024K)]
  0x0000023a9b796210 JavaThread "Start Level: Equinox Container: 89b3eb86-0f5b-4143-ae7c-8cfe9eb7509d" daemon [_thread_blocked, id=18300, stack(0x0000006d29d00000,0x0000006d29e00000) (1024K)]
  0x0000023a9bd4bd10 JavaThread "Bundle File Closer"         daemon [_thread_blocked, id=29704, stack(0x0000006d29e00000,0x0000006d29f00000) (1024K)]
  0x0000023a9c0a21f0 JavaThread "SCR Component Actor"        daemon [_thread_blocked, id=34324, stack(0x0000006d29f00000,0x0000006d2a000000) (1024K)]
  0x0000023a9b794be0 JavaThread "Worker-JM"                         [_thread_blocked, id=24164, stack(0x0000006d2a100000,0x0000006d2a200000) (1024K)]
  0x0000023a9b793ec0 JavaThread "JNA Cleaner"                daemon [_thread_blocked, id=20312, stack(0x0000006d29000000,0x0000006d29100000) (1024K)]
  0x0000023a9c296420 JavaThread "Worker-0"                          [_thread_blocked, id=34332, stack(0x0000006d29200000,0x0000006d29300000) (1024K)]
  0x0000023a9c295700 JavaThread "Worker-1"                          [_thread_blocked, id=31588, stack(0x0000006d2a200000,0x0000006d2a300000) (1024K)]
  0x0000023a9c295d90 JavaThread "Worker-2"                          [_thread_blocked, id=4660, stack(0x0000006d2a400000,0x0000006d2a500000) (1024K)]
  0x0000023a9c297140 JavaThread "Worker-3: Java indexing... "        [_thread_blocked, id=23304, stack(0x0000006d2a500000,0x0000006d2a600000) (1024K)]
  0x0000023a9c295070 JavaThread "Java indexing"              daemon [_thread_in_native, id=15184, stack(0x0000006d2a700000,0x0000006d2a800000) (1024K)]
  0x0000023a9c29ac50 JavaThread "Worker-4"                          [_thread_blocked, id=13368, stack(0x0000006d2a800000,0x0000006d2a900000) (1024K)]
  0x0000023a9c298b80 JavaThread "Worker-5"                          [_thread_blocked, id=15392, stack(0x0000006d2ab00000,0x0000006d2ac00000) (1024K)]
  0x0000023a9c299210 JavaThread "Worker-6"                          [_thread_blocked, id=34736, stack(0x0000006d2ac00000,0x0000006d2ad00000) (1024K)]
  0x0000023a9c2998a0 JavaThread "Worker-7"                          [_thread_blocked, id=34132, stack(0x0000006d2ad00000,0x0000006d2ae00000) (1024K)]
  0x0000023a9c2977d0 JavaThread "Thread-2"                   daemon [_thread_in_native, id=18468, stack(0x0000006d2ae00000,0x0000006d2af00000) (1024K)]
  0x0000023a9c299f30 JavaThread "Thread-3"                   daemon [_thread_in_native, id=33908, stack(0x0000006d2af00000,0x0000006d2b000000) (1024K)]
  0x0000023a9c29a5c0 JavaThread "Thread-4"                   daemon [_thread_in_native, id=24608, stack(0x0000006d2b000000,0x0000006d2b100000) (1024K)]
  0x0000023a9c29b2e0 JavaThread "Thread-5"                   daemon [_thread_in_native, id=34712, stack(0x0000006d2b100000,0x0000006d2b200000) (1024K)]
  0x0000023a9c297e60 JavaThread "Thread-6"                   daemon [_thread_in_native, id=22764, stack(0x0000006d2b200000,0x0000006d2b300000) (1024K)]
  0x0000023a9c29b970 JavaThread "Thread-7"                   daemon [_thread_in_native, id=29360, stack(0x0000006d2b300000,0x0000006d2b400000) (1024K)]
  0x0000023a9c29c000 JavaThread "Thread-8"                   daemon [_thread_in_native, id=29136, stack(0x0000006d2b400000,0x0000006d2b500000) (1024K)]
  0x0000023a9c29c690 JavaThread "Thread-9"                   daemon [_thread_in_native, id=34188, stack(0x0000006d2b500000,0x0000006d2b600000) (1024K)]
  0x0000023a9b2686f0 JavaThread "Thread-10"                  daemon [_thread_in_native, id=27076, stack(0x0000006d2b600000,0x0000006d2b700000) (1024K)]
  0x0000023a9b268d80 JavaThread "pool-2-thread-1"                   [_thread_blocked, id=23120, stack(0x0000006d2b700000,0x0000006d2b800000) (1024K)]
  0x0000023a9b26a7c0 JavaThread "WorkspaceEventsHandler"            [_thread_blocked, id=33668, stack(0x0000006d2b800000,0x0000006d2b900000) (1024K)]
  0x0000023a9b268060 JavaThread "pool-1-thread-1"                   [_thread_blocked, id=28384, stack(0x0000006d2b900000,0x0000006d2ba00000) (1024K)]
  0x0000023a9b26ae50 JavaThread "LocalFile Deleter"          daemon [_thread_blocked, id=19084, stack(0x0000006d2ba00000,0x0000006d2bb00000) (1024K)]
  0x0000023a9b269410 JavaThread "LocalFile Deleter"          daemon [_thread_blocked, id=34000, stack(0x0000006d2bb00000,0x0000006d2bc00000) (1024K)]
  0x0000023a9b26bb70 JavaThread "LocalFile Deleter"          daemon [_thread_blocked, id=28528, stack(0x0000006d2bc00000,0x0000006d2bd00000) (1024K)]
  0x0000023a9b26a130 JavaThread "LocalFile Deleter"          daemon [_thread_blocked, id=27948, stack(0x0000006d2bd00000,0x0000006d2be00000) (1024K)]
  0x0000023a9b269aa0 JavaThread "LocalFile Deleter"          daemon [_thread_blocked, id=16788, stack(0x0000006d2be00000,0x0000006d2bf00000) (1024K)]
  0x0000023a9b26cf20 JavaThread "LocalFile Deleter"          daemon [_thread_blocked, id=28824, stack(0x0000006d2bf00000,0x0000006d2c000000) (1024K)]
  0x0000023a9b26b4e0 JavaThread "LocalFile Deleter"          daemon [_thread_blocked, id=32560, stack(0x0000006d2c000000,0x0000006d2c100000) (1024K)]
  0x0000023a9b26dc40 JavaThread "LocalFile Deleter"          daemon [_thread_blocked, id=20168, stack(0x0000006d2c100000,0x0000006d2c200000) (1024K)]
  0x0000023a9b26e960 JavaThread "Compiler Source File Reader" daemon [_thread_blocked, id=32096, stack(0x0000006d2a000000,0x0000006d2a100000) (1024K)]
  0x0000023a9b26d5b0 JavaThread "Compiler Source File Reader" daemon [_thread_blocked, id=12156, stack(0x0000006d2c200000,0x0000006d2c300000) (1024K)]
  0x0000023a9b26f680 JavaThread "Compiler Source File Reader" daemon [_thread_blocked, id=2500, stack(0x0000006d2c300000,0x0000006d2c400000) (1024K)]
  0x0000023a9b26c200 JavaThread "Compiler Source File Reader" daemon [_thread_blocked, id=17608, stack(0x0000006d2c400000,0x0000006d2c500000) (1024K)]
  0x0000023a9cdc5280 JavaThread "Compiler Source File Reader" daemon [_thread_blocked, id=24788, stack(0x0000006d2c500000,0x0000006d2c600000) (1024K)]
  0x0000023a9cdc5910 JavaThread "Compiler Source File Reader" daemon [_thread_blocked, id=18708, stack(0x0000006d2c600000,0x0000006d2c700000) (1024K)]
  0x0000023a9cdc5fa0 JavaThread "Compiler Processing Task"   daemon [_thread_blocked, id=32152, stack(0x0000006d2c700000,0x0000006d2c800000) (1024K)]
  0x0000023a9cdc6630 JavaThread "Compiler Class File Writer" daemon [_thread_blocked, id=34104, stack(0x0000006d2c800000,0x0000006d2c900000) (1024K)]
  0x0000023a9cdc4bf0 JavaThread "Compiler Class File Writer" daemon [_thread_blocked, id=34340, stack(0x0000006d2c900000,0x0000006d2ca00000) (1024K)]
  0x0000023a9cdc4560 JavaThread "Compiler Class File Writer" daemon [_thread_blocked, id=7180, stack(0x0000006d2ca00000,0x0000006d2cb00000) (1024K)]
  0x0000023a9cdca140 JavaThread "Compiler Class File Writer" daemon [_thread_blocked, id=4352, stack(0x0000006d2cb00000,0x0000006d2cc00000) (1024K)]
  0x0000023a9cdc8d90 JavaThread "Compiler Class File Writer" daemon [_thread_blocked, id=31056, stack(0x0000006d2cc00000,0x0000006d2cd00000) (1024K)]
  0x0000023a9cdc9420 JavaThread "Compiler Class File Writer" daemon [_thread_blocked, id=15084, stack(0x0000006d2cd00000,0x0000006d2ce00000) (1024K)]
  0x0000023a9cdc8700 JavaThread "ForkJoinPool.commonPool-worker-1" daemon [_thread_blocked, id=31772, stack(0x0000006d2ce00000,0x0000006d2cf00000) (1024K)]
  0x0000023a9cdc9ab0 JavaThread "ForkJoinPool.commonPool-worker-2" daemon [_thread_blocked, id=12392, stack(0x0000006d2cf00000,0x0000006d2d000000) (1024K)]
  0x0000023a9cdc79e0 JavaThread "ForkJoinPool.commonPool-worker-3" daemon [_thread_blocked, id=9480, stack(0x0000006d2d000000,0x0000006d2d100000) (1024K)]
  0x0000023a9cdcae60 JavaThread "ForkJoinPool.commonPool-worker-4" daemon [_thread_blocked, id=19868, stack(0x0000006d2d100000,0x0000006d2d200000) (1024K)]
  0x0000023a9cdcb4f0 JavaThread "ForkJoinPool.commonPool-worker-5" daemon [_thread_blocked, id=9828, stack(0x0000006d2d200000,0x0000006d2d300000) (1024K)]
  0x0000023a9cdc8070 JavaThread "ForkJoinPool.commonPool-worker-6" daemon [_thread_blocked, id=25148, stack(0x0000006d2d300000,0x0000006d2d400000) (1024K)]
  0x0000023a9cdcbb80 JavaThread "ForkJoinPool.commonPool-worker-7" daemon [_thread_blocked, id=28808, stack(0x0000006d2d400000,0x0000006d2d500000) (1024K)]
  0x0000023aa0992ef0 JavaThread "C2 CompilerThread1"         daemon [_thread_in_native, id=30384, stack(0x0000006d2a300000,0x0000006d2a400000) (1024K)]
=>0x0000023aa09935c0 JavaThread "C2 CompilerThread2"         daemon [_thread_in_native, id=22276, stack(0x0000006d2a600000,0x0000006d2a700000) (1024K)]
Total: 70

Other Threads:
  0x0000023a3f79e840 VMThread "VM Thread"                           [id=10916, stack(0x0000006d28600000,0x0000006d28700000) (1024K)]
  0x0000023a3f749890 WatcherThread "VM Periodic Task Thread"        [id=6104, stack(0x0000006d28500000,0x0000006d28600000) (1024K)]
  0x0000023a3f6fc150 WorkerThread "GC Thread#0"                     [id=31628, stack(0x0000006d28400000,0x0000006d28500000) (1024K)]
  0x0000023a9b4b8b00 WorkerThread "GC Thread#1"                     [id=22736, stack(0x0000006d29300000,0x0000006d29400000) (1024K)]
  0x0000023a9b4b8ea0 WorkerThread "GC Thread#2"                     [id=10072, stack(0x0000006d29400000,0x0000006d29500000) (1024K)]
  0x0000023a9b4b9240 WorkerThread "GC Thread#3"                     [id=2268, stack(0x0000006d29500000,0x0000006d29600000) (1024K)]
  0x0000023a9b4b95e0 WorkerThread "GC Thread#4"                     [id=30640, stack(0x0000006d29600000,0x0000006d29700000) (1024K)]
  0x0000023a9b5602e0 WorkerThread "GC Thread#5"                     [id=34356, stack(0x0000006d29700000,0x0000006d29800000) (1024K)]
  0x0000023a9b560a90 WorkerThread "GC Thread#6"                     [id=22288, stack(0x0000006d29800000,0x0000006d29900000) (1024K)]
  0x0000023a9b4f7aa0 WorkerThread "GC Thread#7"                     [id=34120, stack(0x0000006d29b00000,0x0000006d29c00000) (1024K)]
Total: 10

Threads with active compile tasks:
C2 CompilerThread0  31103 12433       4       java.nio.file.Files::read (103 bytes)
C1 CompilerThread0  31103 12449       3       java.lang.invoke.LambdaForm$MH/0x0000023a5561a400::invoke (42 bytes)
C2 CompilerThread1  31103 12422       4       org.eclipse.jdt.internal.compiler.parser.Parser::consumeToken (2264 bytes)
C2 CompilerThread2  31103 12362       4       org.eclipse.jdt.internal.compiler.parser.Parser::consumeRule (7755 bytes)
Total: 4

VM state: not at safepoint (normal execution)

VM Mutex/Monitor currently owned by a thread: None

Heap address: 0x00000000c0000000, size: 1024 MB, Compressed Oops mode: 32-bit

CDS archive(s) mapped at: [0x0000023a54000000-0x0000023a54ba0000-0x0000023a54ba0000), size 12189696, SharedBaseAddress: 0x0000023a54000000, ArchiveRelocationMode: 1.
Compressed class space mapped at: 0x0000023a55000000-0x0000023a95000000, reserved size: 1073741824
Narrow klass base: 0x0000023a54000000, Narrow klass shift: 0, Narrow klass range: 0x100000000

GC Precious Log:
 CardTable entry size: 512
 CPUs: 8 total, 8 available
 Memory: 7886M
 Large Page Support: Disabled
 NUMA Support: Disabled
 Compressed Oops: Enabled (32-bit)
 Alignments: Space 512K, Generation 512K, Heap 2M
 Heap Min Capacity: 100M
 Heap Initial Capacity: 100M
 Heap Max Capacity: 1G
 Pre-touch: Disabled
 Parallel Workers: 8

Heap:
 PSYoungGen      total 2048K, used 528K [0x00000000eab00000, 0x00000000eae00000, 0x0000000100000000)
  eden space 1536K, 19% used [0x00000000eab00000,0x00000000eab4c2a8,0x00000000eac80000)
  from space 512K, 43% used [0x00000000ead00000,0x00000000ead38000,0x00000000ead80000)
  to   space 512K, 0% used [0x00000000ead80000,0x00000000ead80000,0x00000000eae00000)
 ParOldGen       total 604672K, used 604432K [0x00000000c0000000, 0x00000000e4e80000, 0x00000000eab00000)
  object space 604672K, 99% used [0x00000000c0000000,0x00000000e4e44198,0x00000000e4e80000)
 Metaspace       used 65062K, committed 66432K, reserved 1114112K
  class space    used 6588K, committed 7232K, reserved 1048576K

Card table byte_map: [0x0000023a3f080000,0x0000023a3f290000] _byte_map_base: 0x0000023a3ea80000

Marking Bits: (ParMarkBitMap*) 0x00007ff9c12f3260
 Begin Bits: [0x0000023a518d0000, 0x0000023a528d0000)
 End Bits:   [0x0000023a528d0000, 0x0000023a538d0000)

Polling page: 0x0000023a3d4d0000

Metaspace:

Usage:
  Non-class:     57.10 MB used.
      Class:      6.43 MB used.
       Both:     63.54 MB used.

Virtual space:
  Non-class space:       64.00 MB reserved,      57.81 MB ( 90%) committed,  1 nodes.
      Class space:        1.00 GB reserved,       7.06 MB ( <1%) committed,  1 nodes.
             Both:        1.06 GB reserved,      64.88 MB (  6%) committed. 

Chunk freelists:
   Non-Class:  5.53 MB
       Class:  8.98 MB
        Both:  14.52 MB

MaxMetaspaceSize: unlimited
CompressedClassSpaceSize: 1.00 GB
Initial GC threshold: 21.00 MB
Current GC threshold: 97.31 MB
CDS: on
 - commit_granule_bytes: 65536.
 - commit_granule_words: 8192.
 - virtual_space_node_default_size: 8388608.
 - enlarge_chunks_in_place: 1.
 - use_allocation_guard: 0.


Internal statistics:

num_allocs_failed_limit: 9.
num_arena_births: 1166.
num_arena_deaths: 14.
num_vsnodes_births: 2.
num_vsnodes_deaths: 0.
num_space_committed: 1038.
num_space_uncommitted: 0.
num_chunks_returned_to_freelist: 23.
num_chunks_taken_from_freelist: 4295.
num_chunk_merges: 12.
num_chunk_splits: 2587.
num_chunks_enlarged: 1393.
num_inconsistent_stats: 0.

CodeHeap 'non-profiled nmethods': size=120000Kb used=9481Kb max_used=9481Kb free=110519Kb
 bounds [0x0000023a4a3a0000, 0x0000023a4acf0000, 0x0000023a518d0000]
CodeHeap 'profiled nmethods': size=120000Kb used=26707Kb max_used=26707Kb free=93292Kb
 bounds [0x0000023a428d0000, 0x0000023a442f0000, 0x0000023a49e00000]
CodeHeap 'non-nmethods': size=5760Kb used=1460Kb max_used=1566Kb free=4300Kb
 bounds [0x0000023a49e00000, 0x0000023a4a070000, 0x0000023a4a3a0000]
 total_blobs=12339 nmethods=11576 adapters=668
 compilation: enabled
              stopped_count=0, restarted_count=0
 full_count=0

Compilation events (20 events):
Event: 31.051 Thread 0x0000023a53aa1c50 nmethod 12332 0x0000023a4acd6590 code [0x0000023a4acd6bc0, 0x0000023a4acd9cd8]
Event: 31.051 Thread 0x0000023a53abfa60 nmethod 12411 0x0000023a442b8590 code [0x0000023a442b8820, 0x0000023a442b9708]
Event: 31.051 Thread 0x0000023a53aa1c50 12334       4       org.eclipse.jdt.internal.compiler.parser.Scanner::resetTo (122 bytes)
Event: 31.052 Thread 0x0000023a53abfa60 12413 % !   3       org.eclipse.jdt.internal.compiler.parser.Scanner::jumpOverMethodBody @ 7 (2573 bytes)
Event: 31.053 Thread 0x0000023aa0992ef0 nmethod 12406 0x0000023a4acdbe10 code [0x0000023a4acdbfa0, 0x0000023a4acdc1f8]
Event: 31.053 Thread 0x0000023aa0992ef0 12412       4       org.eclipse.core.runtime.Path::equals (127 bytes)
Event: 31.054 Thread 0x0000023a53aa1c50 nmethod 12334 0x0000023a4acdc410 code [0x0000023a4acdc5c0, 0x0000023a4acdc808]
Event: 31.054 Thread 0x0000023a53aa1c50 12409       4       org.eclipse.jdt.internal.compiler.parser.Parser::pushOnExpressionStackLengthStack (54 bytes)
Event: 31.055 Thread 0x0000023a53aa1c50 nmethod 12409 0x0000023a4acdca10 code [0x0000023a4acdcba0, 0x0000023a4acdcca0]
Event: 31.056 Thread 0x0000023a53aa1c50 12414       4       java.util.ImmutableCollections$List12::size (16 bytes)
Event: 31.057 Thread 0x0000023a53aa1c50 nmethod 12414 0x0000023a4acdcd90 code [0x0000023a4acdcf20, 0x0000023a4acdcfc0]
Event: 31.057 Thread 0x0000023a53aa1c50 12333       4       jdk.internal.reflect.Reflection::verifyModuleAccess (24 bytes)
Event: 31.058 Thread 0x0000023aa0992ef0 nmethod 12412 0x0000023a4acdd090 code [0x0000023a4acdd240, 0x0000023a4acdd5e8]
Event: 31.063 Thread 0x0000023aa0992ef0 12416       4       org.eclipse.jdt.internal.compiler.parser.Parser::consumePostfixExpression (9 bytes)
Event: 31.064 Thread 0x0000023a53abfa60 nmethod 12413% 0x0000023a442b9c10 code [0x0000023a442ba5e0, 0x0000023a442c1578]
Event: 31.064 Thread 0x0000023a53abfa60 12415       3       org.eclipse.jdt.internal.compiler.parser.Parser::consumePushPosition (9 bytes)
Event: 31.064 Thread 0x0000023a53abfa60 nmethod 12415 0x0000023a442c5010 code [0x0000023a442c51c0, 0x0000023a442c5388]
Event: 31.065 Thread 0x0000023aa0992ef0 nmethod 12416 0x0000023a4acdd810 code [0x0000023a4acdd9c0, 0x0000023a4acddbb8]
Event: 31.065 Thread 0x0000023aa0992ef0 12417       4       org.eclipse.jdt.internal.compiler.parser.Scanner::consumeDigits (71 bytes)
Event: 31.066 Thread 0x0000023a53abfa60 12419   !   3       org.eclipse.jdt.internal.compiler.parser.Scanner::jumpOverMethodBody (2573 bytes)

GC Heap History (20 events):
Event: 30.067 GC heap before
{Heap before GC invocations=674 (full 3):
 PSYoungGen      total 1536K, used 1531K [0x00000000eab00000, 0x00000000eb100000, 0x0000000100000000)
  eden space 512K, 100% used [0x00000000eab00000,0x00000000eab80000,0x00000000eab80000)
  from space 1024K, 99% used [0x00000000eae00000,0x00000000eaefef70,0x00000000eaf00000)
  to   space 2560K, 0% used [0x00000000eab80000,0x00000000eab80000,0x00000000eae00000)
 ParOldGen       total 597504K, used 596508K [0x00000000c0000000, 0x00000000e4780000, 0x00000000eab00000)
  object space 597504K, 99% used [0x00000000c0000000,0x00000000e4687270,0x00000000e4780000)
 Metaspace       used 65011K, committed 66368K, reserved 1114112K
  class space    used 6588K, committed 7232K, reserved 1048576K
}
Event: 30.072 GC heap after
{Heap after GC invocations=674 (full 3):
 PSYoungGen      total 1536K, used 608K [0x00000000eab00000, 0x00000000eae80000, 0x0000000100000000)
  eden space 512K, 0% used [0x00000000eab00000,0x00000000eab00000,0x00000000eab80000)
  from space 1024K, 59% used [0x00000000eab80000,0x00000000eac18000,0x00000000eac80000)
  to   space 1536K, 0% used [0x00000000ead00000,0x00000000ead00000,0x00000000eae80000)
 ParOldGen       total 597504K, used 597484K [0x00000000c0000000, 0x00000000e4780000, 0x00000000eab00000)
  object space 597504K, 99% used [0x00000000c0000000,0x00000000e477b1a0,0x00000000e4780000)
 Metaspace       used 65011K, committed 66368K, reserved 1114112K
  class space    used 6588K, committed 7232K, reserved 1048576K
}
Event: 30.100 GC heap before
{Heap before GC invocations=675 (full 3):
 PSYoungGen      total 1536K, used 1120K [0x00000000eab00000, 0x00000000eae80000, 0x0000000100000000)
  eden space 512K, 100% used [0x00000000eab00000,0x00000000eab80000,0x00000000eab80000)
  from space 1024K, 59% used [0x00000000eab80000,0x00000000eac18000,0x00000000eac80000)
  to   space 1536K, 0% used [0x00000000ead00000,0x00000000ead00000,0x00000000eae80000)
 ParOldGen       total 597504K, used 597484K [0x00000000c0000000, 0x00000000e4780000, 0x00000000eab00000)
  object space 597504K, 99% used [0x00000000c0000000,0x00000000e477b1a0,0x00000000e4780000)
 Metaspace       used 65011K, committed 66368K, reserved 1114112K
  class space    used 6588K, committed 7232K, reserved 1048576K
}
Event: 30.103 GC heap after
{Heap after GC invocations=675 (full 3):
 PSYoungGen      total 1536K, used 544K [0x00000000eab00000, 0x00000000eae00000, 0x0000000100000000)
  eden space 512K, 0% used [0x00000000eab00000,0x00000000eab00000,0x00000000eab80000)
  from space 1024K, 53% used [0x00000000ead00000,0x00000000ead88000,0x00000000eae00000)
  to   space 1024K, 0% used [0x00000000eab80000,0x00000000eab80000,0x00000000eac80000)
 ParOldGen       total 598016K, used 597976K [0x00000000c0000000, 0x00000000e4800000, 0x00000000eab00000)
  object space 598016K, 99% used [0x00000000c0000000,0x00000000e47f6198,0x00000000e4800000)
 Metaspace       used 65011K, committed 66368K, reserved 1114112K
  class space    used 6588K, committed 7232K, reserved 1048576K
}
Event: 30.122 GC heap before
{Heap before GC invocations=676 (full 3):
 PSYoungGen      total 1536K, used 1056K [0x00000000eab00000, 0x00000000eae00000, 0x0000000100000000)
  eden space 512K, 100% used [0x00000000eab00000,0x00000000eab80000,0x00000000eab80000)
  from space 1024K, 53% used [0x00000000ead00000,0x00000000ead88000,0x00000000eae00000)
  to   space 1024K, 0% used [0x00000000eab80000,0x00000000eab80000,0x00000000eac80000)
 ParOldGen       total 598016K, used 597976K [0x00000000c0000000, 0x00000000e4800000, 0x00000000eab00000)
  object space 598016K, 99% used [0x00000000c0000000,0x00000000e47f6198,0x00000000e4800000)
 Metaspace       used 65011K, committed 66368K, reserved 1114112K
  class space    used 6588K, committed 7232K, reserved 1048576K
}
Event: 30.126 GC heap after
{Heap after GC invocations=676 (full 3):
 PSYoungGen      total 1536K, used 384K [0x00000000eab00000, 0x00000000ead80000, 0x0000000100000000)
  eden space 512K, 0% used [0x00000000eab00000,0x00000000eab00000,0x00000000eab80000)
  from space 1024K, 37% used [0x00000000eab80000,0x00000000eabe0000,0x00000000eac80000)
  to   space 512K, 0% used [0x00000000ead00000,0x00000000ead00000,0x00000000ead80000)
 ParOldGen       total 598528K, used 598384K [0x00000000c0000000, 0x00000000e4880000, 0x00000000eab00000)
  object space 598528K, 99% used [0x00000000c0000000,0x00000000e485c198,0x00000000e4880000)
 Metaspace       used 65011K, committed 66368K, reserved 1114112K
  class space    used 6588K, committed 7232K, reserved 1048576K
}
Event: 30.131 GC heap before
{Heap before GC invocations=677 (full 3):
 PSYoungGen      total 1536K, used 896K [0x00000000eab00000, 0x00000000ead80000, 0x0000000100000000)
  eden space 512K, 100% used [0x00000000eab00000,0x00000000eab80000,0x00000000eab80000)
  from space 1024K, 37% used [0x00000000eab80000,0x00000000eabe0000,0x00000000eac80000)
  to   space 512K, 0% used [0x00000000ead00000,0x00000000ead00000,0x00000000ead80000)
 ParOldGen       total 598528K, used 598384K [0x00000000c0000000, 0x00000000e4880000, 0x00000000eab00000)
  object space 598528K, 99% used [0x00000000c0000000,0x00000000e485c198,0x00000000e4880000)
 Metaspace       used 65011K, committed 66368K, reserved 1114112K
  class space    used 6588K, committed 7232K, reserved 1048576K
}
Event: 30.134 GC heap after
{Heap after GC invocations=677 (full 3):
 PSYoungGen      total 2048K, used 448K [0x00000000eab00000, 0x00000000ead80000, 0x0000000100000000)
  eden space 1536K, 0% used [0x00000000eab00000,0x00000000eab00000,0x00000000eac80000)
  from space 512K, 87% used [0x00000000ead00000,0x00000000ead70000,0x00000000ead80000)
  to   space 512K, 0% used [0x00000000eac80000,0x00000000eac80000,0x00000000ead00000)
 ParOldGen       total 599040K, used 598704K [0x00000000c0000000, 0x00000000e4900000, 0x00000000eab00000)
  object space 599040K, 99% used [0x00000000c0000000,0x00000000e48ac198,0x00000000e4900000)
 Metaspace       used 65011K, committed 66368K, reserved 1114112K
  class space    used 6588K, committed 7232K, reserved 1048576K
}
Event: 30.156 GC heap before
{Heap before GC invocations=678 (full 3):
 PSYoungGen      total 2048K, used 1984K [0x00000000eab00000, 0x00000000ead80000, 0x0000000100000000)
  eden space 1536K, 100% used [0x00000000eab00000,0x00000000eac80000,0x00000000eac80000)
  from space 512K, 87% used [0x00000000ead00000,0x00000000ead70000,0x00000000ead80000)
  to   space 512K, 0% used [0x00000000eac80000,0x00000000eac80000,0x00000000ead00000)
 ParOldGen       total 599040K, used 598704K [0x00000000c0000000, 0x00000000e4900000, 0x00000000eab00000)
  object space 599040K, 99% used [0x00000000c0000000,0x00000000e48ac198,0x00000000e4900000)
 Metaspace       used 65011K, committed 66368K, reserved 1114112K
  class space    used 6588K, committed 7232K, reserved 1048576K
}
Event: 30.160 GC heap after
{Heap after GC invocations=678 (full 3):
 PSYoungGen      total 2048K, used 512K [0x00000000eab00000, 0x00000000eaf80000, 0x0000000100000000)
  eden space 1536K, 0% used [0x00000000eab00000,0x00000000eab00000,0x00000000eac80000)
  from space 512K, 100% used [0x00000000eac80000,0x00000000ead00000,0x00000000ead00000)
  to   space 1536K, 0% used [0x00000000eae00000,0x00000000eae00000,0x00000000eaf80000)
 ParOldGen       total 599552K, used 599488K [0x00000000c0000000, 0x00000000e4980000, 0x00000000eab00000)
  object space 599552K, 99% used [0x00000000c0000000,0x00000000e4970198,0x00000000e4980000)
 Metaspace       used 65011K, committed 66368K, reserved 1114112K
  class space    used 6588K, committed 7232K, reserved 1048576K
}
Event: 30.252 GC heap before
{Heap before GC invocations=679 (full 3):
 PSYoungGen      total 2048K, used 2048K [0x00000000eab00000, 0x00000000eaf80000, 0x0000000100000000)
  eden space 1536K, 100% used [0x00000000eab00000,0x00000000eac80000,0x00000000eac80000)
  from space 512K, 100% used [0x00000000eac80000,0x00000000ead00000,0x00000000ead00000)
  to   space 1536K, 0% used [0x00000000eae00000,0x00000000eae00000,0x00000000eaf80000)
 ParOldGen       total 599552K, used 599488K [0x00000000c0000000, 0x00000000e4980000, 0x00000000eab00000)
  object space 599552K, 99% used [0x00000000c0000000,0x00000000e4970198,0x00000000e4980000)
 Metaspace       used 65011K, committed 66368K, reserved 1114112K
  class space    used 6588K, committed 7232K, reserved 1048576K
}
Event: 30.255 GC heap after
{Heap after GC invocations=679 (full 3):
 PSYoungGen      total 3072K, used 1088K [0x00000000eab00000, 0x00000000eaf80000, 0x0000000100000000)
  eden space 1536K, 0% used [0x00000000eab00000,0x00000000eab00000,0x00000000eac80000)
  from space 1536K, 70% used [0x00000000eae00000,0x00000000eaf10000,0x00000000eaf80000)
  to   space 1536K, 0% used [0x00000000eac80000,0x00000000eac80000,0x00000000eae00000)
 ParOldGen       total 600064K, used 600016K [0x00000000c0000000, 0x00000000e4a00000, 0x00000000eab00000)
  object space 600064K, 99% used [0x00000000c0000000,0x00000000e49f4198,0x00000000e4a00000)
 Metaspace       used 65011K, committed 66368K, reserved 1114112K
  class space    used 6588K, committed 7232K, reserved 1048576K
}
Event: 30.491 GC heap before
{Heap before GC invocations=680 (full 3):
 PSYoungGen      total 3072K, used 2624K [0x00000000eab00000, 0x00000000eaf80000, 0x0000000100000000)
  eden space 1536K, 100% used [0x00000000eab00000,0x00000000eac80000,0x00000000eac80000)
  from space 1536K, 70% used [0x00000000eae00000,0x00000000eaf10000,0x00000000eaf80000)
  to   space 1536K, 0% used [0x00000000eac80000,0x00000000eac80000,0x00000000eae00000)
 ParOldGen       total 600064K, used 600016K [0x00000000c0000000, 0x00000000e4a00000, 0x00000000eab00000)
  object space 600064K, 99% used [0x00000000c0000000,0x00000000e49f4198,0x00000000e4a00000)
 Metaspace       used 65011K, committed 66368K, reserved 1114112K
  class space    used 6588K, committed 7232K, reserved 1048576K
}
Event: 30.493 GC heap after
{Heap after GC invocations=680 (full 3):
 PSYoungGen      total 3072K, used 1312K [0x00000000eab00000, 0x00000000eaf80000, 0x0000000100000000)
  eden space 1536K, 0% used [0x00000000eab00000,0x00000000eab00000,0x00000000eac80000)
  from space 1536K, 85% used [0x00000000eac80000,0x00000000eadc8000,0x00000000eae00000)
  to   space 1536K, 0% used [0x00000000eae00000,0x00000000eae00000,0x00000000eaf80000)
 ParOldGen       total 601088K, used 600992K [0x00000000c0000000, 0x00000000e4b00000, 0x00000000eab00000)
  object space 601088K, 99% used [0x00000000c0000000,0x00000000e4ae8198,0x00000000e4b00000)
 Metaspace       used 65011K, committed 66368K, reserved 1114112K
  class space    used 6588K, committed 7232K, reserved 1048576K
}
Event: 30.531 GC heap before
{Heap before GC invocations=681 (full 3):
 PSYoungGen      total 3072K, used 2848K [0x00000000eab00000, 0x00000000eaf80000, 0x0000000100000000)
  eden space 1536K, 100% used [0x00000000eab00000,0x00000000eac80000,0x00000000eac80000)
  from space 1536K, 85% used [0x00000000eac80000,0x00000000eadc8000,0x00000000eae00000)
  to   space 1536K, 0% used [0x00000000eae00000,0x00000000eae00000,0x00000000eaf80000)
 ParOldGen       total 601088K, used 600992K [0x00000000c0000000, 0x00000000e4b00000, 0x00000000eab00000)
  object space 601088K, 99% used [0x00000000c0000000,0x00000000e4ae8198,0x00000000e4b00000)
 Metaspace       used 65011K, committed 66368K, reserved 1114112K
  class space    used 6588K, committed 7232K, reserved 1048576K
}
Event: 30.533 GC heap after
{Heap after GC invocations=681 (full 3):
 PSYoungGen      total 3072K, used 1408K [0x00000000eab00000, 0x00000000eaf80000, 0x0000000100000000)
  eden space 1536K, 0% used [0x00000000eab00000,0x00000000eab00000,0x00000000eac80000)
  from space 1536K, 91% used [0x00000000eae00000,0x00000000eaf60000,0x00000000eaf80000)
  to   space 1536K, 0% used [0x00000000eac80000,0x00000000eac80000,0x00000000eae00000)
 ParOldGen       total 602624K, used 602248K [0x00000000c0000000, 0x00000000e4c80000, 0x00000000eab00000)
  object space 602624K, 99% used [0x00000000c0000000,0x00000000e4c22198,0x00000000e4c80000)
 Metaspace       used 65011K, committed 66368K, reserved 1114112K
  class space    used 6588K, committed 7232K, reserved 1048576K
}
Event: 30.961 GC heap before
{Heap before GC invocations=682 (full 3):
 PSYoungGen      total 3072K, used 2944K [0x00000000eab00000, 0x00000000eaf80000, 0x0000000100000000)
  eden space 1536K, 100% used [0x00000000eab00000,0x00000000eac80000,0x00000000eac80000)
  from space 1536K, 91% used [0x00000000eae00000,0x00000000eaf60000,0x00000000eaf80000)
  to   space 1536K, 0% used [0x00000000eac80000,0x00000000eac80000,0x00000000eae00000)
 ParOldGen       total 602624K, used 602248K [0x00000000c0000000, 0x00000000e4c80000, 0x00000000eab00000)
  object space 602624K, 99% used [0x00000000c0000000,0x00000000e4c22198,0x00000000e4c80000)
 Metaspace       used 65036K, committed 66432K, reserved 1114112K
  class space    used 6588K, committed 7232K, reserved 1048576K
}
Event: 30.965 GC heap after
{Heap after GC invocations=682 (full 3):
 PSYoungGen      total 2560K, used 768K [0x00000000eab00000, 0x00000000eae80000, 0x0000000100000000)
  eden space 1536K, 0% used [0x00000000eab00000,0x00000000eab00000,0x00000000eac80000)
  from space 1024K, 75% used [0x00000000eac80000,0x00000000ead40000,0x00000000ead80000)
  to   space 1024K, 0% used [0x00000000ead80000,0x00000000ead80000,0x00000000eae80000)
 ParOldGen       total 603648K, used 603584K [0x00000000c0000000, 0x00000000e4d80000, 0x00000000eab00000)
  object space 603648K, 99% used [0x00000000c0000000,0x00000000e4d70198,0x00000000e4d80000)
 Metaspace       used 65036K, committed 66432K, reserved 1114112K
  class space    used 6588K, committed 7232K, reserved 1048576K
}
Event: 31.031 GC heap before
{Heap before GC invocations=683 (full 3):
 PSYoungGen      total 2560K, used 2304K [0x00000000eab00000, 0x00000000eae80000, 0x0000000100000000)
  eden space 1536K, 100% used [0x00000000eab00000,0x00000000eac80000,0x00000000eac80000)
  from space 1024K, 75% used [0x00000000eac80000,0x00000000ead40000,0x00000000ead80000)
  to   space 1024K, 0% used [0x00000000ead80000,0x00000000ead80000,0x00000000eae80000)
 ParOldGen       total 603648K, used 603584K [0x00000000c0000000, 0x00000000e4d80000, 0x00000000eab00000)
  object space 603648K, 99% used [0x00000000c0000000,0x00000000e4d70198,0x00000000e4d80000)
 Metaspace       used 65049K, committed 66432K, reserved 1114112K
  class space    used 6588K, committed 7232K, reserved 1048576K
}
Event: 31.034 GC heap after
{Heap after GC invocations=683 (full 3):
 PSYoungGen      total 2048K, used 224K [0x00000000eab00000, 0x00000000eae00000, 0x0000000100000000)
  eden space 1536K, 0% used [0x00000000eab00000,0x00000000eab00000,0x00000000eac80000)
  from space 512K, 43% used [0x00000000ead80000,0x00000000eadb8000,0x00000000eae00000)
  to   space 512K, 0% used [0x00000000ead00000,0x00000000ead00000,0x00000000ead80000)
 ParOldGen       total 604672K, used 604272K [0x00000000c0000000, 0x00000000e4e80000, 0x00000000eab00000)
  object space 604672K, 99% used [0x00000000c0000000,0x00000000e4e1c198,0x00000000e4e80000)
 Metaspace       used 65049K, committed 66432K, reserved 1114112K
  class space    used 6588K, committed 7232K, reserved 1048576K
}

Dll operation events (10 events):
Event: 0.015 Loaded shared library c:\Users\Asus\.vscode\extensions\redhat.java-1.41.1-win32-x64\jre\21.0.6-win32-x86_64\bin\java.dll
Event: 0.152 Loaded shared library c:\Users\Asus\.vscode\extensions\redhat.java-1.41.1-win32-x64\jre\21.0.6-win32-x86_64\bin\zip.dll
Event: 0.218 Loaded shared library C:\Users\Asus\.vscode\extensions\redhat.java-1.41.1-win32-x64\jre\21.0.6-win32-x86_64\bin\instrument.dll
Event: 0.249 Loaded shared library C:\Users\Asus\.vscode\extensions\redhat.java-1.41.1-win32-x64\jre\21.0.6-win32-x86_64\bin\net.dll
Event: 0.254 Loaded shared library C:\Users\Asus\.vscode\extensions\redhat.java-1.41.1-win32-x64\jre\21.0.6-win32-x86_64\bin\nio.dll
Event: 0.269 Loaded shared library C:\Users\Asus\.vscode\extensions\redhat.java-1.41.1-win32-x64\jre\21.0.6-win32-x86_64\bin\zip.dll
Event: 0.314 Loaded shared library C:\Users\Asus\.vscode\extensions\redhat.java-1.41.1-win32-x64\jre\21.0.6-win32-x86_64\bin\jimage.dll
Event: 0.515 Loaded shared library c:\Users\Asus\.vscode\extensions\redhat.java-1.41.1-win32-x64\jre\21.0.6-win32-x86_64\bin\verify.dll
Event: 2.221 Loaded shared library C:\Users\Asus\AppData\Roaming\Code\User\globalStorage\redhat.java\1.41.1\config_win\org.eclipse.equinox.launcher\org.eclipse.equinox.launcher.win32.win32.x86_64_1.2.1300.v20250331-1702\eclipse_11911.dll
Event: 4.165 Loaded shared library C:\Users\Asus\AppData\Local\Temp\jna-2050672\jna1342886108239730981.dll

Deoptimization events (20 events):
Event: 30.970 Thread 0x0000023a9c295070 Uncommon trap: trap_request=0xffffffc6 fr.pc=0x0000023a4abfc1b4 relative=0x00000000000015f4
Event: 30.970 Thread 0x0000023a9c295070 Uncommon trap: reason=bimorphic_or_optimized_type_check action=maybe_recompile pc=0x0000023a4abfc1b4 method=org.eclipse.jdt.internal.compiler.parser.Parser.consumeRule(I)V @ 5883 c2
Event: 30.970 Thread 0x0000023a9c295070 DEOPT PACKING pc=0x0000023a4abfc1b4 sp=0x0000006d2a7fe930
Event: 30.970 Thread 0x0000023a9c295070 DEOPT UNPACKING pc=0x0000023a49e56da2 sp=0x0000006d2a7fe8d0 mode 2
Event: 30.980 Thread 0x0000023a9c295070 Uncommon trap: trap_request=0xffffffbe fr.pc=0x0000023a4abf39a0 relative=0x0000000000001b00
Event: 30.980 Thread 0x0000023a9c295070 Uncommon trap: reason=profile_predicate action=maybe_recompile pc=0x0000023a4abf39a0 method=org.eclipse.jdt.internal.compiler.parser.Scanner.jumpOverMethodBody()V @ 891 c2
Event: 30.980 Thread 0x0000023a9c295070 DEOPT PACKING pc=0x0000023a4abf39a0 sp=0x0000006d2a7fe920
Event: 30.980 Thread 0x0000023a9c295070 DEOPT UNPACKING pc=0x0000023a49e56da2 sp=0x0000006d2a7fe8a0 mode 2
Event: 30.991 Thread 0x0000023a9c295070 Uncommon trap: trap_request=0xffffffbe fr.pc=0x0000023a4abf39a0 relative=0x0000000000001b00
Event: 30.991 Thread 0x0000023a9c295070 Uncommon trap: reason=profile_predicate action=maybe_recompile pc=0x0000023a4abf39a0 method=org.eclipse.jdt.internal.compiler.parser.Scanner.jumpOverMethodBody()V @ 891 c2
Event: 30.991 Thread 0x0000023a9c295070 DEOPT PACKING pc=0x0000023a4abf39a0 sp=0x0000006d2a7fe970
Event: 30.991 Thread 0x0000023a9c295070 DEOPT UNPACKING pc=0x0000023a49e56da2 sp=0x0000006d2a7fe8f0 mode 2
Event: 31.046 Thread 0x0000023a9c295070 Uncommon trap: trap_request=0xffffffbe fr.pc=0x0000023a4abf39a0 relative=0x0000000000001b00
Event: 31.046 Thread 0x0000023a9c295070 Uncommon trap: reason=profile_predicate action=maybe_recompile pc=0x0000023a4abf39a0 method=org.eclipse.jdt.internal.compiler.parser.Scanner.jumpOverMethodBody()V @ 891 c2
Event: 31.046 Thread 0x0000023a9c295070 DEOPT PACKING pc=0x0000023a4abf39a0 sp=0x0000006d2a7fe8c0
Event: 31.046 Thread 0x0000023a9c295070 DEOPT UNPACKING pc=0x0000023a49e56da2 sp=0x0000006d2a7fe840 mode 2
Event: 31.051 Thread 0x0000023a9c295070 Uncommon trap: trap_request=0xffffffbe fr.pc=0x0000023a4acd87d8 relative=0x0000000000001c18
Event: 31.051 Thread 0x0000023a9c295070 Uncommon trap: reason=profile_predicate action=maybe_recompile pc=0x0000023a4acd87d8 method=org.eclipse.jdt.internal.compiler.parser.Scanner.jumpOverMethodBody()V @ 891 c2
Event: 31.051 Thread 0x0000023a9c295070 DEOPT PACKING pc=0x0000023a4acd87d8 sp=0x0000006d2a7fe8e0
Event: 31.051 Thread 0x0000023a9c295070 DEOPT UNPACKING pc=0x0000023a49e56da2 sp=0x0000006d2a7fe840 mode 2

Classes loaded (20 events):
Event: 25.701 Loading class com/sun/crypto/provider/CipherBlockChaining
Event: 25.701 Loading class com/sun/crypto/provider/CipherBlockChaining done
Event: 25.701 Loading class javax/crypto/NullCipher
Event: 25.701 Loading class javax/crypto/NullCipher done
Event: 25.702 Loading class sun/security/util/ArrayUtil
Event: 25.702 Loading class sun/security/util/ArrayUtil done
Event: 25.756 Loading class java/util/zip/CheckedInputStream
Event: 25.756 Loading class java/util/zip/CheckedInputStream done
Event: 25.813 Loading class java/util/zip/GZIPInputStream$1
Event: 25.813 Loading class java/util/zip/GZIPInputStream$1 done
Event: 26.077 Loading class java/util/Spliterators$IntArraySpliterator
Event: 26.078 Loading class java/util/Spliterators$IntArraySpliterator done
Event: 26.078 Loading class java/util/stream/IntPipeline$Head
Event: 26.078 Loading class java/util/stream/IntPipeline$Head done
Event: 26.079 Loading class java/util/stream/IntPipeline$1
Event: 26.080 Loading class java/util/stream/IntPipeline$1 done
Event: 26.080 Loading class java/util/stream/IntPipeline$1$1
Event: 26.081 Loading class java/util/stream/Sink$ChainedInt
Event: 26.085 Loading class java/util/stream/Sink$ChainedInt done
Event: 26.085 Loading class java/util/stream/IntPipeline$1$1 done

Classes unloaded (7 events):
Event: 5.149 Thread 0x0000023a3f79e840 Unloading class 0x0000023a5519cc00 'java/lang/invoke/LambdaForm$MH+0x0000023a5519cc00'
Event: 5.149 Thread 0x0000023a3f79e840 Unloading class 0x0000023a5519c800 'java/lang/invoke/LambdaForm$MH+0x0000023a5519c800'
Event: 5.149 Thread 0x0000023a3f79e840 Unloading class 0x0000023a5519c400 'java/lang/invoke/LambdaForm$MH+0x0000023a5519c400'
Event: 5.149 Thread 0x0000023a3f79e840 Unloading class 0x0000023a5519c000 'java/lang/invoke/LambdaForm$MH+0x0000023a5519c000'
Event: 5.149 Thread 0x0000023a3f79e840 Unloading class 0x0000023a5519bc00 'java/lang/invoke/LambdaForm$BMH+0x0000023a5519bc00'
Event: 5.149 Thread 0x0000023a3f79e840 Unloading class 0x0000023a5519b800 'java/lang/invoke/LambdaForm$DMH+0x0000023a5519b800'
Event: 5.149 Thread 0x0000023a3f79e840 Unloading class 0x0000023a5519a400 'java/lang/invoke/LambdaForm$DMH+0x0000023a5519a400'

Classes redefined (0 events):
No events

Internal exceptions (20 events):
Event: 23.281 Thread 0x0000023a9c295700 Exception <a 'sun/nio/fs/WindowsException'{0x00000000eac019a8}> (0x00000000eac019a8) 
thrown [s\src\hotspot\share\prims\jni.cpp, line 520]
Event: 23.486 Thread 0x0000023a9c298b80 Exception <a 'java/lang/NoSuchMethodError'{0x00000000eacc72a8}: 'java.lang.Object java.lang.invoke.DirectMethodHandle$Holder.invokeSpecial(java.lang.Object, java.lang.Object, int, long)'> (0x00000000eacc72a8) 
thrown [s\src\hotspot\share\interpreter\linkResolver.cpp, line 773]
Event: 23.546 Thread 0x0000023a9c295700 Exception <a 'java/lang/NoSuchMethodError'{0x00000000eab7eb20}: 'java.lang.Object java.lang.invoke.DirectMethodHandle$Holder.invokeStatic(java.lang.Object, java.lang.Object, int, java.lang.Object)'> (0x00000000eab7eb20) 
thrown [s\src\hotspot\share\interpreter\linkResolver.cpp, line 773]
Event: 23.546 Thread 0x0000023a9c295700 Exception <a 'java/lang/NoSuchMethodError'{0x00000000eabaa088}: 'java.lang.Object java.lang.invoke.DirectMethodHandle$Holder.newInvokeSpecial(java.lang.Object, java.lang.Object, int)'> (0x00000000eabaa088) 
thrown [s\src\hotspot\share\interpreter\linkResolver.cpp, line 773]
Event: 23.602 Thread 0x0000023a9cdc8700 Exception <a 'java/lang/NoSuchMethodError'{0x00000000eabe0258}: 'int java.lang.invoke.Invokers$Holder.invokeExact_MT(java.lang.Object, java.lang.Object)'> (0x00000000eabe0258) 
thrown [s\src\hotspot\share\interpreter\linkResolver.cpp, line 773]
Event: 23.685 Thread 0x0000023a9cdc8700 Exception <a 'java/lang/IncompatibleClassChangeError'{0x00000000eab114f0}: Found class java.lang.Object, but interface was expected> (0x00000000eab114f0) 
thrown [s\src\hotspot\share\interpreter\linkResolver.cpp, line 840]
Event: 25.524 Thread 0x0000023a9c295070 Implicit null exception at 0x0000023a4ab71dcb to 0x0000023a4ab74858
Event: 25.585 Thread 0x0000023a9c295070 Exception <a 'sun/nio/fs/WindowsException'{0x00000000eb3641f8}> (0x00000000eb3641f8) 
thrown [s\src\hotspot\share\prims\jni.cpp, line 520]
Event: 25.613 Thread 0x0000023a9c2998a0 Exception <a 'sun/nio/fs/WindowsException'{0x00000000eab9af08}> (0x00000000eab9af08) 
thrown [s\src\hotspot\share\prims\jni.cpp, line 520]
Event: 25.618 Thread 0x0000023a9b268060 Exception <a 'java/lang/IncompatibleClassChangeError'{0x00000000eabd44a8}: Found class java.lang.Object, but interface was expected> (0x00000000eabd44a8) 
thrown [s\src\hotspot\share\interpreter\linkResolver.cpp, line 840]
Event: 25.632 Thread 0x0000023a9b268060 Exception <a 'java/lang/NoSuchMethodError'{0x00000000eac77c10}: 'java.lang.Object java.lang.invoke.DirectMethodHandle$Holder.newInvokeSpecial(java.lang.Object, java.lang.Object, java.lang.Object, java.lang.Object, java.lang.Object, java.lang.Object, java.lang.Object)'> (0x00000000eac77c10) 
thrown [s\src\hotspot\share\interpreter\linkResolver.cpp, line 773]
Event: 25.681 Thread 0x0000023a9b793830 Exception <a 'sun/nio/fs/WindowsException'{0x00000000eb066378}> (0x00000000eb066378) 
thrown [s\src\hotspot\share\prims\jni.cpp, line 520]
Event: 25.711 Thread 0x0000023a9b268060 Exception <a 'java/lang/ArrayIndexOutOfBoundsException'{0x00000000eb27c828}: Index 510 out of bounds for length 510> (0x00000000eb27c828) 
thrown [s\src\hotspot\share\interpreter\interpreterRuntime.cpp, line 439]
Event: 25.715 Thread 0x0000023a9b268060 Exception <a 'java/lang/ArrayIndexOutOfBoundsException'{0x00000000eb2884b8}: Index 510 out of bounds for length 510> (0x00000000eb2884b8) 
thrown [s\src\hotspot\share\interpreter\interpreterRuntime.cpp, line 439]
Event: 25.715 Thread 0x0000023a9b268060 Exception <a 'java/lang/ArrayIndexOutOfBoundsException'{0x00000000eb288ae0}: Index 510 out of bounds for length 510> (0x00000000eb288ae0) 
thrown [s\src\hotspot\share\interpreter\interpreterRuntime.cpp, line 439]
Event: 25.715 Thread 0x0000023a9b268060 Exception <a 'java/lang/ArrayIndexOutOfBoundsException'{0x00000000eb288e08}: Index 511 out of bounds for length 510> (0x00000000eb288e08) 
thrown [s\src\hotspot\share\interpreter\interpreterRuntime.cpp, line 439]
Event: 25.764 Thread 0x0000023a9b268060 Exception <a 'java/lang/ArrayIndexOutOfBoundsException'{0x00000000eab90888}: Index 510 out of bounds for length 510> (0x00000000eab90888) 
thrown [s\src\hotspot\share\interpreter\interpreterRuntime.cpp, line 439]
Event: 25.765 Thread 0x0000023a9b268060 Exception <a 'java/lang/ArrayIndexOutOfBoundsException'{0x00000000eacff538}: Index 510 out of bounds for length 510> (0x00000000eacff538) 
thrown [s\src\hotspot\share\interpreter\interpreterRuntime.cpp, line 439]
Event: 25.765 Thread 0x0000023a9b268060 Exception <a 'java/lang/ArrayIndexOutOfBoundsException'{0x00000000eacffb10}: Index 511 out of bounds for length 510> (0x00000000eacffb10) 
thrown [s\src\hotspot\share\interpreter\interpreterRuntime.cpp, line 439]
Event: 30.912 Thread 0x0000023a9c295070 Exception <a 'sun/nio/fs/WindowsException'{0x00000000eac16a40}> (0x00000000eac16a40) 
thrown [s\src\hotspot\share\prims\jni.cpp, line 520]

ZGC Phase Switch (0 events):
No events

VM Operations (20 events):
Event: 30.067 Executing VM operation: ParallelGCFailedAllocation (Allocation Failure)
Event: 30.072 Executing VM operation: ParallelGCFailedAllocation (Allocation Failure) done
Event: 30.100 Executing VM operation: ParallelGCFailedAllocation (Allocation Failure)
Event: 30.103 Executing VM operation: ParallelGCFailedAllocation (Allocation Failure) done
Event: 30.122 Executing VM operation: ParallelGCFailedAllocation (Allocation Failure)
Event: 30.126 Executing VM operation: ParallelGCFailedAllocation (Allocation Failure) done
Event: 30.131 Executing VM operation: ParallelGCFailedAllocation (Allocation Failure)
Event: 30.134 Executing VM operation: ParallelGCFailedAllocation (Allocation Failure) done
Event: 30.156 Executing VM operation: ParallelGCFailedAllocation (Allocation Failure)
Event: 30.160 Executing VM operation: ParallelGCFailedAllocation (Allocation Failure) done
Event: 30.252 Executing VM operation: ParallelGCFailedAllocation (Allocation Failure)
Event: 30.255 Executing VM operation: ParallelGCFailedAllocation (Allocation Failure) done
Event: 30.491 Executing VM operation: ParallelGCFailedAllocation (Allocation Failure)
Event: 30.493 Executing VM operation: ParallelGCFailedAllocation (Allocation Failure) done
Event: 30.531 Executing VM operation: ParallelGCFailedAllocation (Allocation Failure)
Event: 30.533 Executing VM operation: ParallelGCFailedAllocation (Allocation Failure) done
Event: 30.961 Executing VM operation: ParallelGCFailedAllocation (Allocation Failure)
Event: 30.965 Executing VM operation: ParallelGCFailedAllocation (Allocation Failure) done
Event: 31.031 Executing VM operation: ParallelGCFailedAllocation (Allocation Failure)
Event: 31.034 Executing VM operation: ParallelGCFailedAllocation (Allocation Failure) done

Memory protections (0 events):
No events

Nmethod flushes (20 events):
Event: 22.439 Thread 0x0000023a3f79e840 flushing  nmethod 0x0000023a43273110
Event: 22.439 Thread 0x0000023a3f79e840 flushing  nmethod 0x0000023a43273710
Event: 22.439 Thread 0x0000023a3f79e840 flushing  nmethod 0x0000023a43273f90
Event: 22.439 Thread 0x0000023a3f79e840 flushing  nmethod 0x0000023a4327f710
Event: 22.439 Thread 0x0000023a3f79e840 flushing  nmethod 0x0000023a43282210
Event: 22.439 Thread 0x0000023a3f79e840 flushing  nmethod 0x0000023a43287390
Event: 22.439 Thread 0x0000023a3f79e840 flushing  nmethod 0x0000023a43295090
Event: 22.439 Thread 0x0000023a3f79e840 flushing  nmethod 0x0000023a43296390
Event: 22.439 Thread 0x0000023a3f79e840 flushing  nmethod 0x0000023a43297c90
Event: 22.439 Thread 0x0000023a3f79e840 flushing  nmethod 0x0000023a4329de90
Event: 22.439 Thread 0x0000023a3f79e840 flushing  nmethod 0x0000023a4329ec90
Event: 22.439 Thread 0x0000023a3f79e840 flushing  nmethod 0x0000023a432aff10
Event: 22.439 Thread 0x0000023a3f79e840 flushing  nmethod 0x0000023a432b1d90
Event: 22.439 Thread 0x0000023a3f79e840 flushing  nmethod 0x0000023a432bad90
Event: 22.439 Thread 0x0000023a3f79e840 flushing  nmethod 0x0000023a432be590
Event: 22.439 Thread 0x0000023a3f79e840 flushing  nmethod 0x0000023a432f5190
Event: 22.439 Thread 0x0000023a3f79e840 flushing  nmethod 0x0000023a4330bc10
Event: 22.439 Thread 0x0000023a3f79e840 flushing  nmethod 0x0000023a4331be90
Event: 22.439 Thread 0x0000023a3f79e840 flushing  nmethod 0x0000023a4331ce10
Event: 22.439 Thread 0x0000023a3f79e840 flushing  nmethod 0x0000023a4331de90

Events (20 events):
Event: 20.419 Thread 0x0000023a9bdede20 Thread exited: 0x0000023a9bdede20
Event: 20.664 Thread 0x0000023a53abfa60 Thread added: 0x0000023a9bdede20
Event: 21.625 Thread 0x0000023a9bdede20 Thread added: 0x0000023aa0992ef0
Event: 22.015 Thread 0x0000023aa0992ef0 Thread exited: 0x0000023aa0992ef0
Event: 22.285 Thread 0x0000023a9bdede20 Thread added: 0x0000023aa0992ef0
Event: 23.047 Thread 0x0000023a9b268060 Thread added: 0x0000023a9cdc8700
Event: 23.049 Thread 0x0000023a9b268060 Thread added: 0x0000023a9cdc9ab0
Event: 23.112 Thread 0x0000023a9b268060 Thread added: 0x0000023a9cdc79e0
Event: 23.511 Thread 0x0000023a9cdc79e0 Thread added: 0x0000023a9cdcae60
Event: 25.595 Thread 0x0000023a9b268060 Thread added: 0x0000023a9cdcb4f0
Event: 25.596 Thread 0x0000023a9b268060 Thread added: 0x0000023a9cdc8070
Event: 25.597 Thread 0x0000023a9b268060 Thread added: 0x0000023a9cdcbb80
Event: 25.603 Thread 0x0000023a9cdc8700 Thread added: 0x0000023a9b793830
Event: 26.127 Thread 0x0000023a9b793830 Thread exited: 0x0000023a9b793830
Event: 27.637 Thread 0x0000023aa0992ef0 Thread exited: 0x0000023aa0992ef0
Event: 28.344 Thread 0x0000023a9bdede20 Thread exited: 0x0000023a9bdede20
Event: 29.152 Thread 0x0000023a53abfa60 Thread added: 0x0000023aa09935c0
Event: 30.032 Thread 0x0000023aa09935c0 Thread exited: 0x0000023aa09935c0
Event: 30.930 Thread 0x0000023a53abfa60 Thread added: 0x0000023aa0992ef0
Event: 30.954 Thread 0x0000023a53abfa60 Thread added: 0x0000023aa09935c0


Dynamic libraries:
0x00007ff76d9e0000 - 0x00007ff76d9ee000 	c:\Users\Asus\.vscode\extensions\redhat.java-1.41.1-win32-x64\jre\21.0.6-win32-x86_64\bin\java.exe
0x00007ffa47300000 - 0x00007ffa47563000 	C:\WINDOWS\SYSTEM32\ntdll.dll
0x00007ffa463d0000 - 0x00007ffa46498000 	C:\WINDOWS\System32\KERNEL32.DLL
0x00007ffa44c70000 - 0x00007ffa45022000 	C:\WINDOWS\System32\KERNELBASE.dll
0x00007ffa0a550000 - 0x00007ffa0a568000 	c:\Users\Asus\.vscode\extensions\redhat.java-1.41.1-win32-x64\jre\21.0.6-win32-x86_64\bin\jli.dll
0x00007ffa08530000 - 0x00007ffa0854e000 	c:\Users\Asus\.vscode\extensions\redhat.java-1.41.1-win32-x64\jre\21.0.6-win32-x86_64\bin\VCRUNTIME140.dll
0x00007ffa29d30000 - 0x00007ffa29fc0000 	C:\WINDOWS\WinSxS\amd64_microsoft.windows.common-controls_6595b64144ccf1df_6.0.26100.2454_none_3e0b68a2e331ad60\COMCTL32.dll
0x00007ffa45d00000 - 0x00007ffa45da9000 	C:\WINDOWS\System32\msvcrt.dll
0x00007ffa459b0000 - 0x00007ffa45b78000 	C:\WINDOWS\System32\USER32.dll
0x00007ffa44a40000 - 0x00007ffa44a67000 	C:\WINDOWS\System32\win32u.dll
0x00007ffa462c0000 - 0x00007ffa462ea000 	C:\WINDOWS\System32\GDI32.dll
0x00007ffa44910000 - 0x00007ffa44a3b000 	C:\WINDOWS\System32\gdi32full.dll
0x00007ffa44bc0000 - 0x00007ffa44c63000 	C:\WINDOWS\System32\msvcp_win.dll
0x00007ffa44a70000 - 0x00007ffa44bbb000 	C:\WINDOWS\System32\ucrtbase.dll
0x00007ffa45970000 - 0x00007ffa4599f000 	C:\WINDOWS\System32\IMM32.DLL
0x00007ffa3e880000 - 0x00007ffa3e88c000 	c:\Users\Asus\.vscode\extensions\redhat.java-1.41.1-win32-x64\jre\21.0.6-win32-x86_64\bin\vcruntime140_1.dll
0x00007ff9fcfa0000 - 0x00007ff9fd02d000 	c:\Users\Asus\.vscode\extensions\redhat.java-1.41.1-win32-x64\jre\21.0.6-win32-x86_64\bin\msvcp140.dll
0x00007ff9c0640000 - 0x00007ff9c13d0000 	c:\Users\Asus\.vscode\extensions\redhat.java-1.41.1-win32-x64\jre\21.0.6-win32-x86_64\bin\server\jvm.dll
0x00007ffa45610000 - 0x00007ffa456c4000 	C:\WINDOWS\System32\ADVAPI32.dll
0x00007ffa458c0000 - 0x00007ffa45966000 	C:\WINDOWS\System32\sechost.dll
0x00007ffa46bc0000 - 0x00007ffa46cd6000 	C:\WINDOWS\System32\RPCRT4.dll
0x00007ffa456d0000 - 0x00007ffa45744000 	C:\WINDOWS\System32\WS2_32.dll
0x00007ffa43ea0000 - 0x00007ffa43eee000 	C:\WINDOWS\SYSTEM32\POWRPROF.dll
0x00007ffa2daf0000 - 0x00007ffa2db26000 	C:\WINDOWS\SYSTEM32\WINMM.dll
0x00007ffa38160000 - 0x00007ffa3816b000 	C:\WINDOWS\SYSTEM32\VERSION.dll
0x00007ffa43e20000 - 0x00007ffa43e34000 	C:\WINDOWS\SYSTEM32\UMPDC.dll
0x00007ffa434b0000 - 0x00007ffa434ca000 	C:\WINDOWS\SYSTEM32\kernel.appcore.dll
0x00007ffa3b860000 - 0x00007ffa3b86a000 	c:\Users\Asus\.vscode\extensions\redhat.java-1.41.1-win32-x64\jre\21.0.6-win32-x86_64\bin\jimage.dll
0x00007ffa41e60000 - 0x00007ffa420a1000 	C:\WINDOWS\SYSTEM32\DBGHELP.DLL
0x00007ffa46ce0000 - 0x00007ffa4705e000 	C:\WINDOWS\System32\combase.dll
0x00007ffa47150000 - 0x00007ffa47226000 	C:\WINDOWS\System32\OLEAUT32.dll
0x00007ffa242a0000 - 0x00007ffa242d9000 	C:\WINDOWS\SYSTEM32\dbgcore.DLL
0x00007ffa45030000 - 0x00007ffa450c9000 	C:\WINDOWS\System32\bcryptPrimitives.dll
0x00007ffa3b720000 - 0x00007ffa3b72f000 	c:\Users\Asus\.vscode\extensions\redhat.java-1.41.1-win32-x64\jre\21.0.6-win32-x86_64\bin\instrument.dll
0x00007ffa08510000 - 0x00007ffa0852f000 	c:\Users\Asus\.vscode\extensions\redhat.java-1.41.1-win32-x64\jre\21.0.6-win32-x86_64\bin\java.dll
0x00007ffa464a0000 - 0x00007ffa46ba0000 	C:\WINDOWS\System32\SHELL32.dll
0x00007ffa42400000 - 0x00007ffa42c31000 	C:\WINDOWS\SYSTEM32\windows.storage.dll
0x00007ffa462f0000 - 0x00007ffa463ca000 	C:\WINDOWS\System32\SHCORE.dll
0x00007ffa45db0000 - 0x00007ffa45e0d000 	C:\WINDOWS\System32\shlwapi.dll
0x00007ffa445e0000 - 0x00007ffa4460e000 	C:\WINDOWS\SYSTEM32\profapi.dll
0x00007ffa04550000 - 0x00007ffa04568000 	c:\Users\Asus\.vscode\extensions\redhat.java-1.41.1-win32-x64\jre\21.0.6-win32-x86_64\bin\zip.dll
0x00007ffa3b450000 - 0x00007ffa3b460000 	C:\Users\Asus\.vscode\extensions\redhat.java-1.41.1-win32-x64\jre\21.0.6-win32-x86_64\bin\net.dll
0x00007ffa3eed0000 - 0x00007ffa3eff6000 	C:\WINDOWS\SYSTEM32\WINHTTP.dll
0x00007ffa43a80000 - 0x00007ffa43ae8000 	C:\WINDOWS\system32\mswsock.dll
0x00007ff9fd7d0000 - 0x00007ff9fd7e6000 	C:\Users\Asus\.vscode\extensions\redhat.java-1.41.1-win32-x64\jre\21.0.6-win32-x86_64\bin\nio.dll
0x00007ffa3a830000 - 0x00007ffa3a840000 	c:\Users\Asus\.vscode\extensions\redhat.java-1.41.1-win32-x64\jre\21.0.6-win32-x86_64\bin\verify.dll
0x00007ff9fc3d0000 - 0x00007ff9fc415000 	C:\Users\Asus\AppData\Roaming\Code\User\globalStorage\redhat.java\1.41.1\config_win\org.eclipse.equinox.launcher\org.eclipse.equinox.launcher.win32.win32.x86_64_1.2.1300.v20250331-1702\eclipse_11911.dll
0x00007ffa45f50000 - 0x00007ffa460e9000 	C:\WINDOWS\System32\ole32.dll
0x00007ffa43d20000 - 0x00007ffa43d3c000 	C:\WINDOWS\SYSTEM32\CRYPTSP.dll
0x00007ffa43470000 - 0x00007ffa434a8000 	C:\WINDOWS\system32\rsaenh.dll
0x00007ffa43b20000 - 0x00007ffa43b4b000 	C:\WINDOWS\SYSTEM32\USERENV.dll
0x00007ffa44000000 - 0x00007ffa44026000 	C:\WINDOWS\SYSTEM32\bcrypt.dll
0x00007ffa43da0000 - 0x00007ffa43dac000 	C:\WINDOWS\SYSTEM32\CRYPTBASE.dll
0x00007ffa43000000 - 0x00007ffa43032000 	C:\WINDOWS\SYSTEM32\IPHLPAPI.DLL
0x00007ffa458b0000 - 0x00007ffa458ba000 	C:\WINDOWS\System32\NSI.dll
0x00007ff9f94b0000 - 0x00007ff9f94f9000 	C:\Users\Asus\AppData\Local\Temp\jna-2050672\jna1342886108239730981.dll
0x00007ffa45160000 - 0x00007ffa45168000 	C:\WINDOWS\System32\PSAPI.DLL
0x00007ffa3fdf0000 - 0x00007ffa3fe0e000 	C:\WINDOWS\SYSTEM32\dhcpcsvc6.DLL
0x00007ffa3fdc0000 - 0x00007ffa3fde5000 	C:\WINDOWS\SYSTEM32\dhcpcsvc.DLL
0x00007ffa43630000 - 0x00007ffa43665000 	C:\WINDOWS\SYSTEM32\ntmarta.dll

dbghelp: loaded successfully - version: 4.0.5 - missing functions: none
symbol engine: initialized successfully - sym options: 0x614 - pdb path: .;c:\Users\Asus\.vscode\extensions\redhat.java-1.41.1-win32-x64\jre\21.0.6-win32-x86_64\bin;C:\WINDOWS\SYSTEM32;C:\WINDOWS\WinSxS\amd64_microsoft.windows.common-controls_6595b64144ccf1df_6.0.26100.2454_none_3e0b68a2e331ad60;c:\Users\Asus\.vscode\extensions\redhat.java-1.41.1-win32-x64\jre\21.0.6-win32-x86_64\bin\server;C:\Users\Asus\AppData\Roaming\Code\User\globalStorage\redhat.java\1.41.1\config_win\org.eclipse.equinox.launcher\org.eclipse.equinox.launcher.win32.win32.x86_64_1.2.1300.v20250331-1702;C:\Users\Asus\AppData\Local\Temp\jna-2050672

VM Arguments:
jvm_args: --add-modules=ALL-SYSTEM --add-opens=java.base/java.util=ALL-UNNAMED --add-opens=java.base/java.lang=ALL-UNNAMED --add-opens=java.base/sun.nio.fs=ALL-UNNAMED -Declipse.application=org.eclipse.jdt.ls.core.id1 -Dosgi.bundles.defaultStartLevel=4 -Declipse.product=org.eclipse.jdt.ls.core.product -Djava.import.generatesMetadataFilesAtProjectRoot=false -DDetectVMInstallationsJob.disabled=true -Dfile.encoding=utf8 -XX:+UseParallelGC -XX:GCTimeRatio=4 -XX:AdaptiveSizePolicyWeight=90 -Dsun.zip.disableMemoryMapping=true -Xmx1G -Xms100m -Xlog:disable -javaagent:c:\Users\Asus\.vscode\extensions\redhat.java-1.41.1-win32-x64\lombok\lombok-1.18.36.jar -XX:+HeapDumpOnOutOfMemoryError -XX:HeapDumpPath=c:\Users\Asus\AppData\Roaming\Code\User\workspaceStorage\6f0e533d9ff133c7631d155b4f25a028\redhat.java -Daether.dependencyCollector.impl=bf 
java_command: c:\Users\Asus\.vscode\extensions\redhat.java-1.41.1-win32-x64\server\plugins\org.eclipse.equinox.launcher_1.7.0.v20250331-1702.jar -configuration c:\Users\Asus\AppData\Roaming\Code\User\globalStorage\redhat.java\1.41.1\config_win -data c:\Users\Asus\AppData\Roaming\Code\User\workspaceStorage\6f0e533d9ff133c7631d155b4f25a028\redhat.java\jdt_ws --pipe=\\.\pipe\lsp-e8ae4a871ba9f8debfeab17be8639362-sock
java_class_path (initial): c:\Users\Asus\.vscode\extensions\redhat.java-1.41.1-win32-x64\server\plugins\org.eclipse.equinox.launcher_1.7.0.v20250331-1702.jar
Launcher Type: SUN_STANDARD

[Global flags]
    uintx AdaptiveSizePolicyWeight                 = 90                                        {product} {command line}
     intx CICompilerCount                          = 4                                         {product} {ergonomic}
    uintx GCTimeRatio                              = 4                                         {product} {command line}
     bool HeapDumpOnOutOfMemoryError               = true                                   {manageable} {command line}
    ccstr HeapDumpPath                             = c:\Users\Asus\AppData\Roaming\Code\User\workspaceStorage\6f0e533d9ff133c7631d155b4f25a028\redhat.java         {manageable} {command line}
   size_t InitialHeapSize                          = 104857600                                 {product} {command line}
   size_t MaxHeapSize                              = 1073741824                                {product} {command line}
   size_t MaxNewSize                               = 357564416                                 {product} {ergonomic}
   size_t MinHeapDeltaBytes                        = 524288                                    {product} {ergonomic}
   size_t MinHeapSize                              = 104857600                                 {product} {command line}
   size_t NewSize                                  = 34603008                                  {product} {ergonomic}
    uintx NonNMethodCodeHeapSize                   = 5839372                                {pd product} {ergonomic}
    uintx NonProfiledCodeHeapSize                  = 122909434                              {pd product} {ergonomic}
   size_t OldSize                                  = 70254592                                  {product} {ergonomic}
    uintx ProfiledCodeHeapSize                     = 122909434                              {pd product} {ergonomic}
    uintx ReservedCodeCacheSize                    = 251658240                              {pd product} {ergonomic}
     bool SegmentedCodeCache                       = true                                      {product} {ergonomic}
   size_t SoftMaxHeapSize                          = 1073741824                             {manageable} {ergonomic}
     bool UseCompressedOops                        = true                           {product lp64_product} {ergonomic}
     bool UseLargePagesIndividualAllocation        = false                                  {pd product} {ergonomic}
     bool UseParallelGC                            = true                                      {product} {command line}

Logging:
Log output configuration:
 #0: stdout all=off uptime,level,tags foldmultilines=false
 #1: stderr all=off uptime,level,tags foldmultilines=false

Environment Variables:
JAVA_HOME=C:\Users\Asus\AppData\Local\Programs\Eclipse Adoptium\jdk-17.0.6.10-hotspot\
PATH=C:\Python312\Scripts\;C:\Python312\;C:\Users\Asus\AppData\Local\Programs\Python\Python311\Scripts\;C:\WINDOWS;C:\WINDOWS\System32\Wbem;C:\WINDOWS\System32\WindowsPowerShell\v1.0\;C:\WINDOWS\System32\OpenSSH\;C:\MinGW\bin;C:\Program Files (x86)\Microsoft SQL Server\160\Tools\Binn\;C:\Program Files\Microsoft SQL Server\160\Tools\Binn\;C:\Program Files\Microsoft SQL Server\Client SDK\ODBC\170\Tools\Binn\;C:\Program Files\Microsoft SQL Server\160\DTS\Binn\;C:\Program Files\Azure Data Studio\bin;C:\Program Files\Git\cmd;C:\Users\Asus\AppData\Local\Programs\Python\Python311\Scripts;C:\Users\Asus\AppData\Local\Programs\Python\Python311\;C:\Users\Asus\AppData\Local\Programs\Python\Python311\Scripts;C:\Users\Asus\AppData\Local\Programs\Python\Python311\Scripts;C:\Users\Asus\AppData\Local\Programs\Python\Python311\;C:\;C:\ProgramData\chocolatey\bin;C:\Program Files\MongoDB\Server\8.0\bin;C:\Program Files\MongoDB\Server\8.0\bin;C:\Users\Asus\AppData\Local\Programs\Eclipse Adoptium\jdk-17.0.6.10-hotspot\bin;C:\Users\Asus\AppData\Local\Programs\Python\Python311\Scripts\;C:\Users\Asus\AppData\Local\Programs\Python\Python311\;C:\Users\Asus\AppData\Local\Microsoft\WindowsApps;C:\Program Files\JetBrains\PyCharm Community Edition 2022.3.2\bin;;C:\Program Files\Azure Data Studio\bin;C:\Users\Asus\AppData\Local\GitHubDesktop\bin;C:\Users\Asus\Downloads\apache-maven-4.0.0-rc-1-bin\apache-maven-4.0.0-rc-1;C:\Users\Asus\AppData\Roaming\npm;C:\Users\Asus\AppData\Roaming\Python\Python312\Scripts;C:\Users\Asus\Desktop\Microsoft VS Code\bin
USERNAME=Asus
OS=Windows_NT
PROCESSOR_IDENTIFIER=Intel64 Family 6 Model 140 Stepping 1, GenuineIntel
TMP=C:\Users\Asus\AppData\Local\Temp
TEMP=C:\Users\Asus\AppData\Local\Temp




Periodic native trim disabled

---------------  S Y S T E M  ---------------

OS:
 Windows 11 , 64 bit Build 26100 (10.0.26100.2454)
OS uptime: 3 days 21:59 hours

CPU: total 8 (initial active 8) (4 cores per cpu, 2 threads per core) family 6 model 140 stepping 1 microcode 0x86, cx8, cmov, fxsr, ht, mmx, 3dnowpref, sse, sse2, sse3, ssse3, sse4.1, sse4.2, popcnt, lzcnt, tsc, tscinvbit, avx, avx2, aes, erms, clmul, bmi1, bmi2, adx, avx512f, avx512dq, avx512cd, avx512bw, avx512vl, sha, fma, vzeroupper, avx512_vpopcntdq, avx512_vpclmulqdq, avx512_vaes, avx512_vnni, clflush, clflushopt, clwb, avx512_vbmi2, avx512_vbmi, rdtscp, rdpid, fsrm, gfni, avx512_bitalg, f16c, pku, cet_ibt, cet_ss, avx512_ifma
Processor Information for processor 0
  Max Mhz: 2419, Current Mhz: 2419, Mhz Limit: 2419
Processor Information for processor 1
  Max Mhz: 2419, Current Mhz: 2419, Mhz Limit: 2419
Processor Information for processor 2
  Max Mhz: 2419, Current Mhz: 2419, Mhz Limit: 2419
Processor Information for processor 3
  Max Mhz: 2419, Current Mhz: 2419, Mhz Limit: 2419
Processor Information for processor 4
  Max Mhz: 2419, Current Mhz: 2419, Mhz Limit: 2419
Processor Information for processor 5
  Max Mhz: 2419, Current Mhz: 1007, Mhz Limit: 2419
Processor Information for processor 6
  Max Mhz: 2419, Current Mhz: 2419, Mhz Limit: 2419
Processor Information for processor 7
  Max Mhz: 2419, Current Mhz: 2419, Mhz Limit: 2419

Memory: 4k page, system-wide physical 7886M (740M free)
TotalPageFile size 13843M (AvailPageFile size 4M)
current process WorkingSet (physical memory assigned to process): 971M, peak: 971M
current process commit charge ("private bytes"): 892M, peak: 893M

vm_info: OpenJDK 64-Bit Server VM (21.0.6+7-LTS) for windows-amd64 JRE (21.0.6+7-LTS), built on 2025-01-21T00:00:00Z by "admin" with MS VC++ 17.7 (VS2022)

END.
