#
# There is insufficient memory for the Java Runtime Environment to continue.
# Native memory allocation (malloc) failed to allocate 689936 bytes for Chunk::new
# Possible reasons:
#   The system is out of physical RAM or swap space
#   The process is running with CompressedOops enabled, and the Java Heap may be blocking the growth of the native heap
# Possible solutions:
#   Reduce memory load on the system
#   Increase physical memory or swap space
#   Check if swap backing store is full
#   Decrease Java heap size (-Xmx/-Xms)
#   Decrease number of Java threads
#   Decrease Java thread stack sizes (-Xss)
#   Set larger code cache with -XX:ReservedCodeCacheSize=
#   JVM is running with Unscaled Compressed Oops mode in which the Java heap is
#     placed in the first 4GB address space. The Java Heap base address is the
#     maximum limit for the native heap growth. Please use -XX:HeapBaseMinAddress
#     to set the Java Heap base and to place the Java Heap above 4GB virtual address.
# This output file may be truncated or incomplete.
#
#  Out of Memory Error (arena.cpp:191), pid=7644, tid=18332
#
# JRE version: OpenJDK Runtime Environment Temurin-17.0.10+7 (17.0.10+7) (build 17.0.10+7)
# Java VM: OpenJDK 64-Bit Server VM Temurin-17.0.10+7 (17.0.10+7, mixed mode, tiered, compressed oops, compressed class ptrs, parallel gc, windows-amd64)
# No core dump will be written. Minidumps are not enabled by default on client versions of Windows
#

---------------  S U M M A R Y ------------

Command Line: --add-modules=ALL-SYSTEM --add-opens=java.base/java.util=ALL-UNNAMED --add-opens=java.base/java.lang=ALL-UNNAMED --add-opens=java.base/sun.nio.fs=ALL-UNNAMED -Declipse.application=org.eclipse.jdt.ls.core.id1 -Dosgi.bundles.defaultStartLevel=4 -Declipse.product=org.eclipse.jdt.ls.core.product -Djava.import.generatesMetadataFilesAtProjectRoot=false -DDetectVMInstallationsJob.disabled=true -Dfile.encoding=utf8 -XX:+UseParallelGC -XX:GCTimeRatio=4 -XX:AdaptiveSizePolicyWeight=90 -Dsun.zip.disableMemoryMapping=true -Xmx1G -Xms100m -Xlog:disable -javaagent:c:\Users\Asus\.vscode\extensions\redhat.java-1.30.0-win32-x64\lombok\lombok-1.18.32.jar c:\Users\Asus\.vscode\extensions\redhat.java-1.30.0-win32-x64\server\plugins\org.eclipse.equinox.launcher_1.6.800.v20240330-1250.jar -configuration c:\Users\Asus\AppData\Roaming\Code\User\globalStorage\redhat.java\1.30.0\config_ss_win -data c:\Users\Asus\AppData\Roaming\Code\User\workspaceStorage\6f0e533d9ff133c7631d155b4f25a028\redhat.java\ss_ws --pipe=\\.\pipe\lsp-b815b6a52c3e69d72d7d8d009580ad1d-sock

Host: 11th Gen Intel(R) Core(TM) i5-1135G7 @ 2.40GHz, 8 cores, 7G,  Windows 11 , 64 bit Build 22621 (10.0.22621.3527)
Time: Wed May  8 16:58:54 2024 India Standard Time elapsed time: 3.080302 seconds (0d 0h 0m 3s)

---------------  T H R E A D  ---------------

Current thread (0x0000026723f72b40):  JavaThread "C2 CompilerThread0" daemon [_thread_in_native, id=18332, stack(0x000000ea9f100000,0x000000ea9f200000)]


Current CompileTask:
C2:   3080 1439       4       java.io.WinNTFileSystem::normalize (143 bytes)

Stack: [0x000000ea9f100000,0x000000ea9f200000]
Native frames: (J=compiled Java code, j=interpreted, Vv=VM code, C=native code)
V  [jvm.dll+0x67d2c9]
V  [jvm.dll+0x834afa]
V  [jvm.dll+0x8365be]
V  [jvm.dll+0x836c23]
V  [jvm.dll+0x2477ff]
V  [jvm.dll+0xac514]
V  [jvm.dll+0xacb5c]
V  [jvm.dll+0x3667d7]
V  [jvm.dll+0x330bfa]
V  [jvm.dll+0x33009a]
V  [jvm.dll+0x219ef1]
V  [jvm.dll+0x219311]
V  [jvm.dll+0x1a502d]
V  [jvm.dll+0x2290de]
V  [jvm.dll+0x2272ac]
V  [jvm.dll+0x7e9bb7]
V  [jvm.dll+0x7e3fba]
V  [jvm.dll+0x67c1b5]
C  [ucrtbase.dll+0x29333]
C  [KERNEL32.DLL+0x1257d]
C  [ntdll.dll+0x5aa48]


---------------  P R O C E S S  ---------------

Threads class SMR info:
_java_thread_list=0x0000026725a3fc10, length=15, elements={
0x000002670afb1eb0, 0x0000026723f34010, 0x000002671ee2b550, 0x0000026723f487e0,
0x0000026723f65be0, 0x0000026723f69160, 0x0000026723f6a1d0, 0x0000026723f72b40,
0x0000026723f74440, 0x0000026723f9d530, 0x00000267240849c0, 0x00000267250bba90,
0x00000267258a9850, 0x00000267251ddbf0, 0x00000267257afd30
}

Java Threads: ( => current thread )
  0x000002670afb1eb0 JavaThread "main" [_thread_in_Java, id=14860, stack(0x000000ea9e800000,0x000000ea9e900000)]
  0x0000026723f34010 JavaThread "Reference Handler" daemon [_thread_blocked, id=10528, stack(0x000000ea9eb00000,0x000000ea9ec00000)]
  0x000002671ee2b550 JavaThread "Finalizer" daemon [_thread_blocked, id=15328, stack(0x000000ea9ec00000,0x000000ea9ed00000)]
  0x0000026723f487e0 JavaThread "Signal Dispatcher" daemon [_thread_blocked, id=7728, stack(0x000000ea9ed00000,0x000000ea9ee00000)]
  0x0000026723f65be0 JavaThread "Attach Listener" daemon [_thread_blocked, id=2540, stack(0x000000ea9ee00000,0x000000ea9ef00000)]
  0x0000026723f69160 JavaThread "Service Thread" daemon [_thread_blocked, id=2536, stack(0x000000ea9ef00000,0x000000ea9f000000)]
  0x0000026723f6a1d0 JavaThread "Monitor Deflation Thread" daemon [_thread_blocked, id=17644, stack(0x000000ea9f000000,0x000000ea9f100000)]
=>0x0000026723f72b40 JavaThread "C2 CompilerThread0" daemon [_thread_in_native, id=18332, stack(0x000000ea9f100000,0x000000ea9f200000)]
  0x0000026723f74440 JavaThread "C1 CompilerThread0" daemon [_thread_in_native, id=22308, stack(0x000000ea9f200000,0x000000ea9f300000)]
  0x0000026723f9d530 JavaThread "Sweeper thread" daemon [_thread_blocked, id=20912, stack(0x000000ea9f300000,0x000000ea9f400000)]
  0x00000267240849c0 JavaThread "Common-Cleaner" daemon [_thread_blocked, id=19632, stack(0x000000ea9f400000,0x000000ea9f500000)]
  0x00000267250bba90 JavaThread "Notification Thread" daemon [_thread_blocked, id=19856, stack(0x000000ea9f600000,0x000000ea9f700000)]
  0x00000267258a9850 JavaThread "Active Thread: Equinox Container: 6f01d03e-89ff-4efe-b93a-283bcd729d5c" [_thread_blocked, id=3628, stack(0x000000ea9fe00000,0x000000ea9ff00000)]
  0x00000267251ddbf0 JavaThread "C2 CompilerThread1" daemon [_thread_in_native, id=14856, stack(0x000000ea9fd00000,0x000000ea9fe00000)]
  0x00000267257afd30 JavaThread "Framework Event Dispatcher: Equinox Container: 6f01d03e-89ff-4efe-b93a-283bcd729d5c" daemon [_thread_blocked, id=1248, stack(0x000000ea9ff00000,0x000000eaa0000000)]

Other Threads:
  0x000002670b04ebc0 VMThread "VM Thread" [stack: 0x000000ea9ea00000,0x000000ea9eb00000] [id=2804]
  0x00000267250bbf70 WatcherThread [stack: 0x000000ea9f700000,0x000000ea9f800000] [id=9476]
  0x000002670afc5a10 GCTaskThread "GC Thread#0" [stack: 0x000000ea9e900000,0x000000ea9ea00000] [id=23320]
  0x00000267252432f0 GCTaskThread "GC Thread#1" [stack: 0x000000ea9f500000,0x000000ea9f600000] [id=17704]
  0x00000267252435b0 GCTaskThread "GC Thread#2" [stack: 0x000000ea9f800000,0x000000ea9f900000] [id=8072]
  0x0000026725243870 GCTaskThread "GC Thread#3" [stack: 0x000000ea9f900000,0x000000ea9fa00000] [id=15476]
  0x0000026725243b30 GCTaskThread "GC Thread#4" [stack: 0x000000ea9fa00000,0x000000ea9fb00000] [id=8176]
  0x0000026725243df0 GCTaskThread "GC Thread#5" [stack: 0x000000ea9fb00000,0x000000ea9fc00000] [id=11144]
  0x00000267252440b0 GCTaskThread "GC Thread#6" [stack: 0x000000ea9fc00000,0x000000ea9fd00000] [id=2008]

Threads with active compile tasks:
C2 CompilerThread0     3104 1439       4       java.io.WinNTFileSystem::normalize (143 bytes)
C1 CompilerThread0     3104 1469   !   3       java.net.URLClassLoader$1::run (81 bytes)
C2 CompilerThread1     3104 1450       4       java.lang.StringLatin1::toLowerCase (186 bytes)

VM state: not at safepoint (normal execution)

VM Mutex/Monitor currently owned by a thread: None

Heap address: 0x00000000c0000000, size: 1024 MB, Compressed Oops mode: 32-bit

CDS archive(s) not mapped
Compressed class space mapped at: 0x0000000100000000-0x0000000140000000, reserved size: 1073741824
Narrow klass base: 0x0000000000000000, Narrow klass shift: 3, Narrow klass range: 0x140000000

GC Precious Log:
 CPUs: 8 total, 8 available
 Memory: 7886M
 Large Page Support: Disabled
 NUMA Support: Disabled
 Compressed Oops: Enabled (32-bit)
 Alignments: Space 512K, Generation 512K, Heap 2M
 Heap Min Capacity: 100M
 Heap Initial Capacity: 100M
 Heap Max Capacity: 1G
 Pre-touch: Disabled
 Parallel Workers: 8

Heap:
 PSYoungGen      total 29696K, used 23308K [0x00000000eab00000, 0x00000000ecc00000, 0x0000000100000000)
  eden space 25600K, 78% used [0x00000000eab00000,0x00000000ebeadf80,0x00000000ec400000)
  from space 4096K, 77% used [0x00000000ec400000,0x00000000ec715298,0x00000000ec800000)
  to   space 4096K, 0% used [0x00000000ec800000,0x00000000ec800000,0x00000000ecc00000)
 ParOldGen       total 68608K, used 16K [0x00000000c0000000, 0x00000000c4300000, 0x00000000eab00000)
  object space 68608K, 0% used [0x00000000c0000000,0x00000000c0004000,0x00000000c4300000)
 Metaspace       used 13857K, committed 14016K, reserved 1114112K
  class space    used 1372K, committed 1472K, reserved 1048576K

Card table byte_map: [0x000002670a960000,0x000002670ab70000] _byte_map_base: 0x000002670a360000

Marking Bits: (ParMarkBitMap*) 0x00007ffe9a6bd7d0
 Begin Bits: [0x000002671cc30000, 0x000002671dc30000)
 End Bits:   [0x000002671dc30000, 0x000002671ec30000)

Polling page: 0x000002670a750000

Metaspace:

Usage:
  Non-class:     12.19 MB used.
      Class:      1.34 MB used.
       Both:     13.54 MB used.

Virtual space:
  Non-class space:       64.00 MB reserved,      12.25 MB ( 19%) committed,  1 nodes.
      Class space:        1.00 GB reserved,       1.44 MB ( <1%) committed,  1 nodes.
             Both:        1.06 GB reserved,      13.69 MB (  1%) committed. 

Chunk freelists:
   Non-Class:  3.33 MB
       Class:  14.48 MB
        Both:  17.81 MB

MaxMetaspaceSize: unlimited
CompressedClassSpaceSize: 1.00 GB
Initial GC threshold: 21.00 MB
Current GC threshold: 21.00 MB
CDS: off
MetaspaceReclaimPolicy: balanced
 - commit_granule_bytes: 65536.
 - commit_granule_words: 8192.
 - virtual_space_node_default_size: 8388608.
 - enlarge_chunks_in_place: 1.
 - new_chunks_are_fully_committed: 0.
 - uncommit_free_chunks: 1.
 - use_allocation_guard: 0.
 - handle_deallocations: 1.


Internal statistics:

num_allocs_failed_limit: 0.
num_arena_births: 54.
num_arena_deaths: 0.
num_vsnodes_births: 2.
num_vsnodes_deaths: 0.
num_space_committed: 219.
num_space_uncommitted: 0.
num_chunks_returned_to_freelist: 0.
num_chunks_taken_from_freelist: 219.
num_chunk_merges: 0.
num_chunk_splits: 149.
num_chunks_enlarged: 120.
num_inconsistent_stats: 0.

CodeHeap 'non-profiled nmethods': size=120000Kb used=616Kb max_used=616Kb free=119383Kb
 bounds [0x0000026715700000, 0x0000026715970000, 0x000002671cc30000]
CodeHeap 'profiled nmethods': size=120000Kb used=2725Kb max_used=2725Kb free=117275Kb
 bounds [0x000002670dc30000, 0x000002670dee0000, 0x0000026715160000]
CodeHeap 'non-nmethods': size=5760Kb used=1166Kb max_used=1191Kb free=4593Kb
 bounds [0x0000026715160000, 0x00000267153d0000, 0x0000026715700000]
 total_blobs=1913 nmethods=1462 adapters=365
 compilation: enabled
              stopped_count=0, restarted_count=0
 full_count=0

Compilation events (20 events):
Event: 3.034 Thread 0x0000026723f72b40 1439       4       java.io.WinNTFileSystem::normalize (143 bytes)
Event: 3.035 Thread 0x0000026723f74440 nmethod 1438 0x000002670dec4a90 code [0x000002670dec4d20, 0x000002670dec5798]
Event: 3.035 Thread 0x0000026723f74440 1441       3       jdk.internal.ref.PhantomCleanable::clean (16 bytes)
Event: 3.035 Thread 0x0000026723f74440 nmethod 1441 0x000002670dec5b10 code [0x000002670dec5ce0, 0x000002670dec5fa8]
Event: 3.037 Thread 0x0000026723f74440 1442       3       org.eclipse.osgi.internal.framework.EquinoxConfiguration$ConfigValues::internalGet (24 bytes)
Event: 3.038 Thread 0x0000026723f74440 nmethod 1442 0x000002670dec6090 code [0x000002670dec6340, 0x000002670dec6f68]
Event: 3.042 Thread 0x0000026723f74440 1443       3       sun.nio.fs.WindowsPathParser::nextNonSlash (24 bytes)
Event: 3.043 Thread 0x0000026723f74440 nmethod 1443 0x000002670dec7390 code [0x000002670dec75a0, 0x000002670dec7cf8]
Event: 3.050 Thread 0x0000026723f74440 1444       3       java.util.Collections::emptyIterator (4 bytes)
Event: 3.050 Thread 0x0000026723f74440 nmethod 1444 0x000002670dec8010 code [0x000002670dec81a0, 0x000002670dec8298]
Event: 3.054 Thread 0x0000026723f74440 1445       3       java.io.File::isAbsolute (8 bytes)
Event: 3.054 Thread 0x0000026723f74440 nmethod 1445 0x000002670dec8310 code [0x000002670dec84c0, 0x000002670dec8628]
Event: 3.055 Thread 0x0000026723f74440 1447       3       java.net.URL::<init> (438 bytes)
Event: 3.062 Thread 0x0000026723f74440 nmethod 1447 0x000002670dec8710 code [0x000002670dec8ec0, 0x000002670deccca8]
Event: 3.068 Thread 0x0000026723f74440 1448       3       java.lang.String::getChars (54 bytes)
Event: 3.069 Thread 0x0000026723f74440 nmethod 1448 0x000002670dece290 code [0x000002670dece480, 0x000002670dece8f8]
Event: 3.069 Thread 0x0000026723f74440 1449       3       java.lang.StringLatin1::getChars (12 bytes)
Event: 3.069 Thread 0x0000026723f74440 nmethod 1449 0x000002670deceb10 code [0x000002670dececa0, 0x000002670decedc8]
Event: 3.073 Thread 0x0000026723f74440 1451       3       java.io.File::slashify (84 bytes)
Event: 3.074 Thread 0x0000026723f74440 nmethod 1451 0x000002670decee90 code [0x000002670decf1a0, 0x000002670ded0028]

GC Heap History (2 events):
Event: 1.887 GC heap before
{Heap before GC invocations=1 (full 0):
 PSYoungGen      total 29696K, used 25600K [0x00000000eab00000, 0x00000000ecc00000, 0x0000000100000000)
  eden space 25600K, 100% used [0x00000000eab00000,0x00000000ec400000,0x00000000ec400000)
  from space 4096K, 0% used [0x00000000ec800000,0x00000000ec800000,0x00000000ecc00000)
  to   space 4096K, 0% used [0x00000000ec400000,0x00000000ec400000,0x00000000ec800000)
 ParOldGen       total 68608K, used 0K [0x00000000c0000000, 0x00000000c4300000, 0x00000000eab00000)
  object space 68608K, 0% used [0x00000000c0000000,0x00000000c0000000,0x00000000c4300000)
 Metaspace       used 11006K, committed 11200K, reserved 1114112K
  class space    used 1096K, committed 1216K, reserved 1048576K
}
Event: 1.896 GC heap after
{Heap after GC invocations=1 (full 0):
 PSYoungGen      total 29696K, used 3156K [0x00000000eab00000, 0x00000000ecc00000, 0x0000000100000000)
  eden space 25600K, 0% used [0x00000000eab00000,0x00000000eab00000,0x00000000ec400000)
  from space 4096K, 77% used [0x00000000ec400000,0x00000000ec715298,0x00000000ec800000)
  to   space 4096K, 0% used [0x00000000ec800000,0x00000000ec800000,0x00000000ecc00000)
 ParOldGen       total 68608K, used 16K [0x00000000c0000000, 0x00000000c4300000, 0x00000000eab00000)
  object space 68608K, 0% used [0x00000000c0000000,0x00000000c0004000,0x00000000c4300000)
 Metaspace       used 11006K, committed 11200K, reserved 1114112K
  class space    used 1096K, committed 1216K, reserved 1048576K
}

Dll operation events (8 events):
Event: 0.015 Loaded shared library c:\Users\Asus\.vscode\extensions\redhat.java-1.30.0-win32-x64\jre\17.0.10-win32-x86_64\bin\java.dll
Event: 0.216 Loaded shared library c:\Users\Asus\.vscode\extensions\redhat.java-1.30.0-win32-x64\jre\17.0.10-win32-x86_64\bin\zip.dll
Event: 0.222 Loaded shared library C:\Users\Asus\.vscode\extensions\redhat.java-1.30.0-win32-x64\jre\17.0.10-win32-x86_64\bin\instrument.dll
Event: 0.249 Loaded shared library C:\Users\Asus\.vscode\extensions\redhat.java-1.30.0-win32-x64\jre\17.0.10-win32-x86_64\bin\net.dll
Event: 0.252 Loaded shared library C:\Users\Asus\.vscode\extensions\redhat.java-1.30.0-win32-x64\jre\17.0.10-win32-x86_64\bin\nio.dll
Event: 0.261 Loaded shared library C:\Users\Asus\.vscode\extensions\redhat.java-1.30.0-win32-x64\jre\17.0.10-win32-x86_64\bin\zip.dll
Event: 0.285 Loaded shared library C:\Users\Asus\.vscode\extensions\redhat.java-1.30.0-win32-x64\jre\17.0.10-win32-x86_64\bin\jimage.dll
Event: 0.363 Loaded shared library c:\Users\Asus\.vscode\extensions\redhat.java-1.30.0-win32-x64\jre\17.0.10-win32-x86_64\bin\verify.dll

Deoptimization events (20 events):
Event: 2.787 Thread 0x000002670afb1eb0 Uncommon trap: trap_request=0xffffffde fr.pc=0x000002671577ec00 relative=0x0000000000000980
Event: 2.787 Thread 0x000002670afb1eb0 Uncommon trap: reason=class_check action=maybe_recompile pc=0x000002671577ec00 method=java.util.HashMap.putVal(ILjava/lang/Object;Ljava/lang/Object;ZZ)Ljava/lang/Object; @ 253 c2
Event: 2.787 Thread 0x000002670afb1eb0 DEOPT PACKING pc=0x000002671577ec00 sp=0x000000ea9e8fd910
Event: 2.787 Thread 0x000002670afb1eb0 DEOPT UNPACKING pc=0x00000267151b9ea3 sp=0x000000ea9e8fd838 mode 2
Event: 2.788 Thread 0x000002670afb1eb0 Uncommon trap: trap_request=0xffffffde fr.pc=0x000002671570ea54 relative=0x0000000000000674
Event: 2.788 Thread 0x000002670afb1eb0 Uncommon trap: reason=class_check action=maybe_recompile pc=0x000002671570ea54 method=java.util.HashMap.putVal(ILjava/lang/Object;Ljava/lang/Object;ZZ)Ljava/lang/Object; @ 253 c2
Event: 2.788 Thread 0x000002670afb1eb0 DEOPT PACKING pc=0x000002671570ea54 sp=0x000000ea9e8fd890
Event: 2.788 Thread 0x000002670afb1eb0 DEOPT UNPACKING pc=0x00000267151b9ea3 sp=0x000000ea9e8fd830 mode 2
Event: 2.887 Thread 0x000002670afb1eb0 DEOPT PACKING pc=0x000002670dea4b80 sp=0x000000ea9e8fca20
Event: 2.887 Thread 0x000002670afb1eb0 DEOPT UNPACKING pc=0x00000267151ba9e3 sp=0x000000ea9e8fbe90 mode 0
Event: 2.901 Thread 0x000002670afb1eb0 Uncommon trap: trap_request=0xffffff45 fr.pc=0x00000267157952c0 relative=0x00000000000008a0
Event: 2.901 Thread 0x000002670afb1eb0 Uncommon trap: reason=unstable_if action=reinterpret pc=0x00000267157952c0 method=java.util.HashMap.putVal(ILjava/lang/Object;Ljava/lang/Object;ZZ)Ljava/lang/Object; @ 81 c2
Event: 2.901 Thread 0x000002670afb1eb0 DEOPT PACKING pc=0x00000267157952c0 sp=0x000000ea9e8fc5e0
Event: 2.901 Thread 0x000002670afb1eb0 DEOPT UNPACKING pc=0x00000267151b9ea3 sp=0x000000ea9e8fc560 mode 2
Event: 2.902 Thread 0x000002670afb1eb0 DEOPT PACKING pc=0x000002670dd515e1 sp=0x000000ea9e8fc370
Event: 2.902 Thread 0x000002670afb1eb0 DEOPT UNPACKING pc=0x00000267151ba9e3 sp=0x000000ea9e8fb7f8 mode 0
Event: 2.909 Thread 0x000002670afb1eb0 Uncommon trap: trap_request=0xffffff45 fr.pc=0x0000026715792e80 relative=0x00000000000008e0
Event: 2.909 Thread 0x000002670afb1eb0 Uncommon trap: reason=unstable_if action=reinterpret pc=0x0000026715792e80 method=java.util.HashMap.putVal(ILjava/lang/Object;Ljava/lang/Object;ZZ)Ljava/lang/Object; @ 81 c2
Event: 2.909 Thread 0x000002670afb1eb0 DEOPT PACKING pc=0x0000026715792e80 sp=0x000000ea9e8fc6b0
Event: 2.910 Thread 0x000002670afb1eb0 DEOPT UNPACKING pc=0x00000267151b9ea3 sp=0x000000ea9e8fc5c0 mode 2

Classes unloaded (0 events):
No events

Classes redefined (0 events):
No events

Internal exceptions (20 events):
Event: 0.844 Thread 0x000002670afb1eb0 Exception <a 'java/io/FileNotFoundException'{0x00000000eb87b160}> (0x00000000eb87b160) 
thrown [s\src\hotspot\share\prims\jni.cpp, line 516]
Event: 0.844 Thread 0x000002670afb1eb0 Exception <a 'java/io/FileNotFoundException'{0x00000000eb87be20}> (0x00000000eb87be20) 
thrown [s\src\hotspot\share\prims\jni.cpp, line 516]
Event: 0.854 Thread 0x000002670afb1eb0 Implicit null exception at 0x0000026715724af2 to 0x0000026715725068
Event: 0.859 Thread 0x000002670afb1eb0 Exception <a 'java/io/FileNotFoundException'{0x00000000eb8b66f8}> (0x00000000eb8b66f8) 
thrown [s\src\hotspot\share\prims\jni.cpp, line 516]
Event: 1.464 Thread 0x000002670afb1eb0 Exception <a 'java/lang/ClassNotFoundException'{0x00000000ec0bf8a8}: sun/net/www/protocol/c/Handler> (0x00000000ec0bf8a8) 
thrown [s\src\hotspot\share\classfile\systemDictionary.cpp, line 256]
Event: 1.465 Thread 0x000002670afb1eb0 Exception <a 'java/lang/ClassNotFoundException'{0x00000000ec0c0be8}: sun/net/www/protocol/c/Handler> (0x00000000ec0c0be8) 
thrown [s\src\hotspot\share\classfile\systemDictionary.cpp, line 256]
Event: 1.465 Thread 0x000002670afb1eb0 Exception <a 'java/lang/ClassNotFoundException'{0x00000000ec0c1d60}: sun/net/www/protocol/c/Handler> (0x00000000ec0c1d60) 
thrown [s\src\hotspot\share\classfile\systemDictionary.cpp, line 256]
Event: 1.535 Thread 0x000002670afb1eb0 Exception <a 'java/io/FileNotFoundException'{0x00000000ec0e52e8}> (0x00000000ec0e52e8) 
thrown [s\src\hotspot\share\prims\jni.cpp, line 516]
Event: 1.639 Thread 0x000002670afb1eb0 Implicit null exception at 0x0000026715747d3b to 0x0000026715748650
Event: 1.639 Thread 0x000002670afb1eb0 Implicit null exception at 0x0000026715756eec to 0x00000267157570c4
Event: 1.639 Thread 0x000002670afb1eb0 Implicit null exception at 0x000002671574b00e to 0x000002671574b248
Event: 1.639 Thread 0x000002670afb1eb0 Implicit null exception at 0x0000026715748f0f to 0x0000026715748f85
Event: 1.827 Thread 0x000002670afb1eb0 Exception <a 'java/lang/NoSuchMethodError'{0x00000000ec3ba238}: 'int java.lang.invoke.DirectMethodHandle$Holder.invokeStaticInit(java.lang.Object, java.lang.Object, java.lang.Object, java.lang.Object)'> (0x00000000ec3ba238) 
thrown [s\src\hotspot\share\interpreter\linkResolver.cpp, line 759]
Event: 1.846 Thread 0x000002670afb1eb0 Exception <a 'java/lang/NoSuchMethodError'{0x00000000ec3c48a8}: 'java.lang.Object java.lang.invoke.DirectMethodHandle$Holder.invokeInterface(java.lang.Object, java.lang.Object)'> (0x00000000ec3c48a8) 
thrown [s\src\hotspot\share\interpreter\linkResolver.cpp, line 759]
Event: 1.847 Thread 0x000002670afb1eb0 Exception <a 'java/lang/IncompatibleClassChangeError'{0x00000000ec3c80a0}: Found class java.lang.Object, but interface was expected> (0x00000000ec3c80a0) 
thrown [s\src\hotspot\share\interpreter\linkResolver.cpp, line 826]
Event: 1.852 Thread 0x000002670afb1eb0 Exception <a 'java/lang/NoSuchMethodError'{0x00000000ec3cc590}: 'void java.lang.invoke.DirectMethodHandle$Holder.invokeStatic(java.lang.Object, java.lang.Object)'> (0x00000000ec3cc590) 
thrown [s\src\hotspot\share\interpreter\linkResolver.cpp, line 759]
Event: 1.865 Thread 0x000002670afb1eb0 Exception <a 'java/lang/NoSuchMethodError'{0x00000000ec3cfd90}: 'void java.lang.invoke.DirectMethodHandle$Holder.invokeStaticInit(java.lang.Object, java.lang.Object)'> (0x00000000ec3cfd90) 
thrown [s\src\hotspot\share\interpreter\linkResolver.cpp, line 759]
Event: 1.875 Thread 0x000002670afb1eb0 Exception <a 'java/lang/NoSuchMethodError'{0x00000000ec3d73e0}: 'int java.lang.invoke.DirectMethodHandle$Holder.invokeStaticInit(java.lang.Object, java.lang.Object)'> (0x00000000ec3d73e0) 
thrown [s\src\hotspot\share\interpreter\linkResolver.cpp, line 759]
Event: 1.966 Thread 0x000002670afb1eb0 Exception <a 'java/lang/NoSuchMethodError'{0x00000000eac41ee8}: 'void java.lang.invoke.DirectMethodHandle$Holder.invokeSpecial(java.lang.Object, java.lang.Object, java.lang.Object)'> (0x00000000eac41ee8) 
thrown [s\src\hotspot\share\interpreter\linkResolver.cpp, line 759]
Event: 2.733 Thread 0x000002670afb1eb0 Exception <a 'java/lang/NoSuchMethodError'{0x00000000eb8f6808}: 'java.lang.Object java.lang.invoke.DirectMethodHandle$Holder.newInvokeSpecial(java.lang.Object, int, java.lang.Object)'> (0x00000000eb8f6808) 
thrown [s\src\hotspot\share\interpreter\linkResolver.cpp, line 759]

VM Operations (18 events):
Event: 0.188 Executing VM operation: HandshakeAllThreads
Event: 0.188 Executing VM operation: HandshakeAllThreads done
Event: 0.788 Executing VM operation: HandshakeAllThreads
Event: 0.788 Executing VM operation: HandshakeAllThreads done
Event: 0.827 Executing VM operation: HandshakeAllThreads
Event: 0.827 Executing VM operation: HandshakeAllThreads done
Event: 1.384 Executing VM operation: ICBufferFull
Event: 1.384 Executing VM operation: ICBufferFull done
Event: 1.887 Executing VM operation: ParallelGCFailedAllocation
Event: 1.896 Executing VM operation: ParallelGCFailedAllocation done
Event: 2.620 Executing VM operation: HandshakeAllThreads
Event: 2.620 Executing VM operation: HandshakeAllThreads done
Event: 2.620 Executing VM operation: HandshakeAllThreads
Event: 2.620 Executing VM operation: HandshakeAllThreads done
Event: 2.631 Executing VM operation: HandshakeAllThreads
Event: 2.631 Executing VM operation: HandshakeAllThreads done
Event: 2.724 Executing VM operation: HandshakeAllThreads
Event: 2.724 Executing VM operation: HandshakeAllThreads done

Events (20 events):
Event: 2.792 loading class java/net/ContentHandlerFactory done
Event: 2.817 loading class java/net/ContentHandler
Event: 2.818 loading class java/net/ContentHandler done
Event: 2.828 Thread 0x0000026725905520 Thread exited: 0x0000026725905520
Event: 2.869 loading class javax/xml/parsers/ParserConfigurationException
Event: 2.870 loading class javax/xml/parsers/ParserConfigurationException done
Event: 2.874 loading class java/security/KeyStoreException
Event: 2.875 loading class java/security/KeyStoreException done
Event: 2.936 loading class java/util/LinkedList$Node
Event: 2.936 loading class java/util/LinkedList$Node done
Event: 2.936 loading class java/util/LinkedList$ListItr
Event: 2.936 loading class java/util/LinkedList$ListItr done
Event: 2.999 loading class sun/nio/fs/WindowsChannelFactory
Event: 3.000 loading class sun/nio/fs/WindowsChannelFactory done
Event: 3.000 loading class sun/nio/fs/WindowsChannelFactory$1
Event: 3.000 loading class sun/nio/fs/WindowsChannelFactory$1 done
Event: 3.000 loading class sun/nio/fs/WindowsChannelFactory$Flags
Event: 3.000 loading class sun/nio/fs/WindowsChannelFactory$Flags done
Event: 3.001 loading class sun/nio/ch/FileChannelImpl$Closer
Event: 3.001 loading class sun/nio/ch/FileChannelImpl$Closer done


Dynamic libraries:
0x00007ff67b690000 - 0x00007ff67b69e000 	c:\Users\Asus\.vscode\extensions\redhat.java-1.30.0-win32-x64\jre\17.0.10-win32-x86_64\bin\java.exe
0x00007ffef53b0000 - 0x00007ffef55c7000 	C:\WINDOWS\SYSTEM32\ntdll.dll
0x00007ffef35b0000 - 0x00007ffef3674000 	C:\WINDOWS\System32\KERNEL32.DLL
0x00007ffef29b0000 - 0x00007ffef2d57000 	C:\WINDOWS\System32\KERNELBASE.dll
0x00007ffeec7c0000 - 0x00007ffeec857000 	C:\WINDOWS\SYSTEM32\apphelp.dll
0x00007ffef2820000 - 0x00007ffef2931000 	C:\WINDOWS\System32\ucrtbase.dll
0x00007ffeef450000 - 0x00007ffeef46b000 	c:\Users\Asus\.vscode\extensions\redhat.java-1.30.0-win32-x64\jre\17.0.10-win32-x86_64\bin\VCRUNTIME140.dll
0x00007ffee94c0000 - 0x00007ffee94d7000 	c:\Users\Asus\.vscode\extensions\redhat.java-1.30.0-win32-x64\jre\17.0.10-win32-x86_64\bin\jli.dll
0x00007ffef3170000 - 0x00007ffef331e000 	C:\WINDOWS\System32\USER32.dll
0x00007ffef2f70000 - 0x00007ffef2f96000 	C:\WINDOWS\System32\win32u.dll
0x00007ffef4550000 - 0x00007ffef4579000 	C:\WINDOWS\System32\GDI32.dll
0x00007ffef2700000 - 0x00007ffef2819000 	C:\WINDOWS\System32\gdi32full.dll
0x00007ffee8910000 - 0x00007ffee8ba3000 	C:\WINDOWS\WinSxS\amd64_microsoft.windows.common-controls_6595b64144ccf1df_6.0.22621.3527_none_270e469b73872a76\COMCTL32.dll
0x00007ffef2ed0000 - 0x00007ffef2f6a000 	C:\WINDOWS\System32\msvcp_win.dll
0x00007ffef4310000 - 0x00007ffef43b7000 	C:\WINDOWS\System32\msvcrt.dll
0x00007ffef4580000 - 0x00007ffef45b1000 	C:\WINDOWS\System32\IMM32.DLL
0x00007ffee94b0000 - 0x00007ffee94bc000 	c:\Users\Asus\.vscode\extensions\redhat.java-1.30.0-win32-x64\jre\17.0.10-win32-x86_64\bin\vcruntime140_1.dll
0x00007ffeca080000 - 0x00007ffeca10d000 	c:\Users\Asus\.vscode\extensions\redhat.java-1.30.0-win32-x64\jre\17.0.10-win32-x86_64\bin\msvcp140.dll
0x00007ffe99b20000 - 0x00007ffe9a782000 	c:\Users\Asus\.vscode\extensions\redhat.java-1.30.0-win32-x64\jre\17.0.10-win32-x86_64\bin\server\jvm.dll
0x00007ffef3ef0000 - 0x00007ffef3fa2000 	C:\WINDOWS\System32\ADVAPI32.dll
0x00007ffef34e0000 - 0x00007ffef3588000 	C:\WINDOWS\System32\sechost.dll
0x00007ffef26d0000 - 0x00007ffef26f8000 	C:\WINDOWS\System32\bcrypt.dll
0x00007ffef4ba0000 - 0x00007ffef4cb5000 	C:\WINDOWS\System32\RPCRT4.dll
0x00007ffef23e0000 - 0x00007ffef242d000 	C:\WINDOWS\SYSTEM32\POWRPROF.dll
0x00007ffee94a0000 - 0x00007ffee94a9000 	C:\WINDOWS\SYSTEM32\WSOCK32.dll
0x00007ffef4eb0000 - 0x00007ffef4f21000 	C:\WINDOWS\System32\WS2_32.dll
0x00007ffeecb90000 - 0x00007ffeecbc4000 	C:\WINDOWS\SYSTEM32\WINMM.dll
0x00007ffee9f00000 - 0x00007ffee9f0a000 	C:\WINDOWS\SYSTEM32\VERSION.dll
0x00007ffef2310000 - 0x00007ffef2323000 	C:\WINDOWS\SYSTEM32\UMPDC.dll
0x00007ffef1690000 - 0x00007ffef16a8000 	C:\WINDOWS\SYSTEM32\kernel.appcore.dll
0x00007ffee93c0000 - 0x00007ffee93ca000 	c:\Users\Asus\.vscode\extensions\redhat.java-1.30.0-win32-x64\jre\17.0.10-win32-x86_64\bin\jimage.dll
0x00007ffeeff10000 - 0x00007ffef0143000 	C:\WINDOWS\SYSTEM32\DBGHELP.DLL
0x00007ffef4f30000 - 0x00007ffef52b8000 	C:\WINDOWS\System32\combase.dll
0x00007ffef43c0000 - 0x00007ffef4497000 	C:\WINDOWS\System32\OLEAUT32.dll
0x00007ffeea260000 - 0x00007ffeea292000 	C:\WINDOWS\SYSTEM32\dbgcore.DLL
0x00007ffef2fa0000 - 0x00007ffef3019000 	C:\WINDOWS\System32\bcryptPrimitives.dll
0x00007ffee93b0000 - 0x00007ffee93be000 	c:\Users\Asus\.vscode\extensions\redhat.java-1.30.0-win32-x64\jre\17.0.10-win32-x86_64\bin\instrument.dll
0x00007ffee23f0000 - 0x00007ffee2415000 	c:\Users\Asus\.vscode\extensions\redhat.java-1.30.0-win32-x64\jre\17.0.10-win32-x86_64\bin\java.dll
0x00007ffee8f50000 - 0x00007ffee8f68000 	c:\Users\Asus\.vscode\extensions\redhat.java-1.30.0-win32-x64\jre\17.0.10-win32-x86_64\bin\zip.dll
0x00007ffef3690000 - 0x00007ffef3eec000 	C:\WINDOWS\System32\SHELL32.dll
0x00007ffef0610000 - 0x00007ffef0f06000 	C:\WINDOWS\SYSTEM32\windows.storage.dll
0x00007ffef04d0000 - 0x00007ffef060e000 	C:\WINDOWS\SYSTEM32\wintypes.dll
0x00007ffef41f0000 - 0x00007ffef42e5000 	C:\WINDOWS\System32\SHCORE.dll
0x00007ffef4a40000 - 0x00007ffef4a9e000 	C:\WINDOWS\System32\shlwapi.dll
0x00007ffef2600000 - 0x00007ffef2621000 	C:\WINDOWS\SYSTEM32\profapi.dll
0x00007ffee8e60000 - 0x00007ffee8e79000 	C:\Users\Asus\.vscode\extensions\redhat.java-1.30.0-win32-x64\jre\17.0.10-win32-x86_64\bin\net.dll
0x00007ffeedf50000 - 0x00007ffeee086000 	C:\WINDOWS\SYSTEM32\WINHTTP.dll
0x00007ffef1b60000 - 0x00007ffef1bc9000 	C:\WINDOWS\system32\mswsock.dll
0x00007ffee7770000 - 0x00007ffee7786000 	C:\Users\Asus\.vscode\extensions\redhat.java-1.30.0-win32-x64\jre\17.0.10-win32-x86_64\bin\nio.dll
0x00007ffee7740000 - 0x00007ffee7750000 	c:\Users\Asus\.vscode\extensions\redhat.java-1.30.0-win32-x64\jre\17.0.10-win32-x86_64\bin\verify.dll

dbghelp: loaded successfully - version: 4.0.5 - missing functions: none
symbol engine: initialized successfully - sym options: 0x614 - pdb path: .;c:\Users\Asus\.vscode\extensions\redhat.java-1.30.0-win32-x64\jre\17.0.10-win32-x86_64\bin;C:\WINDOWS\SYSTEM32;C:\WINDOWS\WinSxS\amd64_microsoft.windows.common-controls_6595b64144ccf1df_6.0.22621.3527_none_270e469b73872a76;c:\Users\Asus\.vscode\extensions\redhat.java-1.30.0-win32-x64\jre\17.0.10-win32-x86_64\bin\server

VM Arguments:
jvm_args: --add-modules=ALL-SYSTEM --add-opens=java.base/java.util=ALL-UNNAMED --add-opens=java.base/java.lang=ALL-UNNAMED --add-opens=java.base/sun.nio.fs=ALL-UNNAMED -Declipse.application=org.eclipse.jdt.ls.core.id1 -Dosgi.bundles.defaultStartLevel=4 -Declipse.product=org.eclipse.jdt.ls.core.product -Djava.import.generatesMetadataFilesAtProjectRoot=false -DDetectVMInstallationsJob.disabled=true -Dfile.encoding=utf8 -XX:+UseParallelGC -XX:GCTimeRatio=4 -XX:AdaptiveSizePolicyWeight=90 -Dsun.zip.disableMemoryMapping=true -Xmx1G -Xms100m -Xlog:disable -javaagent:c:\Users\Asus\.vscode\extensions\redhat.java-1.30.0-win32-x64\lombok\lombok-1.18.32.jar 
java_command: c:\Users\Asus\.vscode\extensions\redhat.java-1.30.0-win32-x64\server\plugins\org.eclipse.equinox.launcher_1.6.800.v20240330-1250.jar -configuration c:\Users\Asus\AppData\Roaming\Code\User\globalStorage\redhat.java\1.30.0\config_ss_win -data c:\Users\Asus\AppData\Roaming\Code\User\workspaceStorage\6f0e533d9ff133c7631d155b4f25a028\redhat.java\ss_ws --pipe=\\.\pipe\lsp-b815b6a52c3e69d72d7d8d009580ad1d-sock
java_class_path (initial): c:\Users\Asus\.vscode\extensions\redhat.java-1.30.0-win32-x64\server\plugins\org.eclipse.equinox.launcher_1.6.800.v20240330-1250.jar
Launcher Type: SUN_STANDARD

[Global flags]
    uintx AdaptiveSizePolicyWeight                 = 90                                        {product} {command line}
     intx CICompilerCount                          = 4                                         {product} {ergonomic}
    uintx GCTimeRatio                              = 4                                         {product} {command line}
   size_t InitialHeapSize                          = 104857600                                 {product} {command line}
   size_t MaxHeapSize                              = 1073741824                                {product} {command line}
   size_t MaxNewSize                               = 357564416                                 {product} {ergonomic}
   size_t MinHeapDeltaBytes                        = 524288                                    {product} {ergonomic}
   size_t MinHeapSize                              = 104857600                                 {product} {command line}
   size_t NewSize                                  = 34603008                                  {product} {ergonomic}
    uintx NonNMethodCodeHeapSize                   = 5839372                                {pd product} {ergonomic}
    uintx NonProfiledCodeHeapSize                  = 122909434                              {pd product} {ergonomic}
   size_t OldSize                                  = 70254592                                  {product} {ergonomic}
    uintx ProfiledCodeHeapSize                     = 122909434                              {pd product} {ergonomic}
    uintx ReservedCodeCacheSize                    = 251658240                              {pd product} {ergonomic}
     bool SegmentedCodeCache                       = true                                      {product} {ergonomic}
   size_t SoftMaxHeapSize                          = 1073741824                             {manageable} {ergonomic}
     bool UseCompressedClassPointers               = true                           {product lp64_product} {ergonomic}
     bool UseCompressedOops                        = true                           {product lp64_product} {ergonomic}
     bool UseLargePagesIndividualAllocation        = false                                  {pd product} {ergonomic}
     bool UseParallelGC                            = true                                      {product} {command line}

Logging:
Log output configuration:
 #0: stdout all=off uptime,level,tags
 #1: stderr all=off uptime,level,tags

Environment Variables:
JAVA_HOME=C:\Users\Asus\AppData\Local\Programs\Eclipse Adoptium\jdk-17.0.6.10-hotspot\
PATH=C:\WINDOWS\system32;C:\WINDOWS;C:\WINDOWS\System32\Wbem;C:\WINDOWS\System32\WindowsPowerShell\v1.0\;C:\WINDOWS\System32\OpenSSH\;C:\MinGW\bin;C:\Program Files (x86)\Microsoft SQL Server\160\Tools\Binn\;C:\Program Files\Microsoft SQL Server\160\Tools\Binn\;C:\Program Files\Microsoft SQL Server\Client SDK\ODBC\170\Tools\Binn\;C:\Program Files\Microsoft SQL Server\160\DTS\Binn\;C:\Program Files\Azure Data Studio\bin;C:\Program Files (x86)\Microsoft SQL Server\160\DTS\Binn\;C:\Program Files\Git\cmd;C:\Users\Asus\AppData\Local\Programs\Eclipse Adoptium\jdk-17.0.6.10-hotspot\bin;C:\Users\Asus\AppData\Local\Programs\Python\Python311\Scripts\;C:\Users\Asus\AppData\Local\Programs\Python\Python311\;C:\Users\Asus\AppData\Local\Microsoft\WindowsApps;;C:\Users\Asus\AppData\Local\Programs\Microsoft VS Code\bin;C:\Program Files\JetBrains\PyCharm Community Edition 2022.3.2\bin;;C:\Program Files\Azure Data Studio\bin
USERNAME=Asus
OS=Windows_NT
PROCESSOR_IDENTIFIER=Intel64 Family 6 Model 140 Stepping 1, GenuineIntel
TMP=C:\Users\Asus\AppData\Local\Temp
TEMP=C:\Users\Asus\AppData\Local\Temp



Periodic native trim disabled


---------------  S Y S T E M  ---------------

OS:
 Windows 11 , 64 bit Build 22621 (10.0.22621.3527)
OS uptime: 11 days 0:25 hours

CPU: total 8 (initial active 8) (4 cores per cpu, 2 threads per core) family 6 model 140 stepping 1 microcode 0x86, cx8, cmov, fxsr, ht, mmx, 3dnowpref, sse, sse2, sse3, ssse3, sse4.1, sse4.2, popcnt, lzcnt, tsc, tscinvbit, avx, avx2, aes, erms, clmul, bmi1, bmi2, adx, avx512f, avx512dq, avx512cd, avx512bw, avx512vl, sha, fma, vzeroupper, avx512_vpopcntdq, avx512_vpclmulqdq, avx512_vaes, avx512_vnni, clflush, clflushopt, clwb, avx512_vbmi2, avx512_vbmi
Processor Information for all 8 processors :
  Max Mhz: 2419, Current Mhz: 2419, Mhz Limit: 2419

Memory: 4k page, system-wide physical 7886M (823M free)
TotalPageFile size 12763M (AvailPageFile size 1M)
current process WorkingSet (physical memory assigned to process): 86M, peak: 86M
current process commit charge ("private bytes"): 206M, peak: 206M

vm_info: OpenJDK 64-Bit Server VM (17.0.10+7) for windows-amd64 JRE (17.0.10+7), built on Jan 16 2024 23:25:11 by "admin" with MS VC++ 16.10 / 16.11 (VS2019)

END.
