#
# There is insufficient memory for the Java Runtime Environment to continue.
# Native memory allocation (malloc) failed to allocate 1411360 bytes. Error detail: Chunk::new
# Possible reasons:
#   The system is out of physical RAM or swap space
#   This process is running with CompressedOops enabled, and the Java Heap may be blocking the growth of the native heap
# Possible solutions:
#   Reduce memory load on the system
#   Increase physical memory or swap space
#   Check if swap backing store is full
#   Decrease Java heap size (-Xmx/-Xms)
#   Decrease number of Java threads
#   Decrease Java thread stack sizes (-Xss)
#   Set larger code cache with -XX:ReservedCodeCacheSize=
#   JVM is running with Unscaled Compressed Oops mode in which the Java heap is
#     placed in the first 4GB address space. The Java Heap base address is the
#     maximum limit for the native heap growth. Please use -XX:HeapBaseMinAddress
#     to set the Java Heap base and to place the Java Heap above 4GB virtual address.
# This output file may be truncated or incomplete.
#
#  Out of Memory Error (arena.cpp:168), pid=4228, tid=8216
#
# JRE version: OpenJDK Runtime Environment Temurin-21.0.6+7 (21.0.6+7) (build 21.0.6+7-LTS)
# Java VM: OpenJDK 64-Bit Server VM Temurin-21.0.6+7 (21.0.6+7-LTS, mixed mode, sharing, tiered, compressed oops, compressed class ptrs, parallel gc, windows-amd64)
# No core dump will be written. Minidumps are not enabled by default on client versions of Windows
#

---------------  S U M M A R Y ------------

Command Line: --add-modules=ALL-SYSTEM --add-opens=java.base/java.util=ALL-UNNAMED --add-opens=java.base/java.lang=ALL-UNNAMED --add-opens=java.base/sun.nio.fs=ALL-UNNAMED -Declipse.application=org.eclipse.jdt.ls.core.id1 -Dosgi.bundles.defaultStartLevel=4 -Declipse.product=org.eclipse.jdt.ls.core.product -Djava.import.generatesMetadataFilesAtProjectRoot=false -DDetectVMInstallationsJob.disabled=true -Dfile.encoding=utf8 -XX:+UseParallelGC -XX:GCTimeRatio=4 -XX:AdaptiveSizePolicyWeight=90 -Dsun.zip.disableMemoryMapping=true -Xmx1G -Xms100m -Xlog:disable -javaagent:c:\Users\Asus\.vscode\extensions\redhat.java-1.41.0-win32-x64\lombok\lombok-1.18.36.jar -XX:+HeapDumpOnOutOfMemoryError -XX:HeapDumpPath=c:\Users\Asus\AppData\Roaming\Code\User\workspaceStorage\6f0e533d9ff133c7631d155b4f25a028\redhat.java -Daether.dependencyCollector.impl=bf c:\Users\Asus\.vscode\extensions\redhat.java-1.41.0-win32-x64\server\plugins\org.eclipse.equinox.launcher_1.6.1100.v20250306-0509.jar -configuration c:\Users\Asus\AppData\Roaming\Code\User\globalStorage\redhat.java\1.41.0\config_win -data c:\Users\Asus\AppData\Roaming\Code\User\workspaceStorage\6f0e533d9ff133c7631d155b4f25a028\redhat.java\jdt_ws --pipe=\\.\pipe\lsp-36165de7c679c1c2bd86c761c304f55f-sock

Host: 11th Gen Intel(R) Core(TM) i5-1135G7 @ 2.40GHz, 8 cores, 7G,  Windows 11 , 64 bit Build 26100 (10.0.26100.2454)
Time: Mon Mar 31 09:34:02 2025 India Standard Time elapsed time: 8.756356 seconds (0d 0h 0m 8s)

---------------  T H R E A D  ---------------

Current thread (0x0000013becf80810):  JavaThread "C2 CompilerThread2" daemon [_thread_in_native, id=8216, stack(0x0000002d38700000,0x0000002d38800000) (1024K)]


Current CompileTask:
C2:8756 7318       4       org.apache.felix.resolver.ResolverImpl::mergeCandidatePackages (436 bytes)

Stack: [0x0000002d38700000,0x0000002d38800000]
Native frames: (J=compiled Java code, j=interpreted, Vv=VM code, C=native code)
V  [jvm.dll+0x6cdee9]
V  [jvm.dll+0x8a83d1]
V  [jvm.dll+0x8aa8fe]
V  [jvm.dll+0x8aafe3]
V  [jvm.dll+0x27f706]
V  [jvm.dll+0xc500d]
V  [jvm.dll+0xc5543]
V  [jvm.dll+0x3b678c]
V  [jvm.dll+0x1e0009]
V  [jvm.dll+0x247b42]
V  [jvm.dll+0x246fcf]
V  [jvm.dll+0x1c75ee]
V  [jvm.dll+0x25685a]
V  [jvm.dll+0x254dfa]
V  [jvm.dll+0x3f0256]
V  [jvm.dll+0x851f8b]
V  [jvm.dll+0x6cc5ed]
C  [ucrtbase.dll+0x14ea0]
C  [KERNEL32.DLL+0x2e8d7]
C  [ntdll.dll+0xdfbcc]


---------------  P R O C E S S  ---------------

Threads class SMR info:
_java_thread_list=0x0000013beeca0eb0, length=51, elements={
0x0000013b9058c040, 0x0000013ba49483e0, 0x0000013b9064e2a0, 0x0000013ba494ba30,
0x0000013ba494c680, 0x0000013ba494f1e0, 0x0000013ba494fc30, 0x0000013ba4952a70,
0x0000013ba497e250, 0x0000013b905f9840, 0x0000013be77277c0, 0x0000013bec2a2170,
0x0000013bec241b60, 0x0000013bec4566a0, 0x0000013be7f19980, 0x0000013bec8565f0,
0x0000013becd02820, 0x0000013bec572240, 0x0000013bec4dcf20, 0x0000013bec4df680,
0x0000013bec4dd5b0, 0x0000013bec4de2d0, 0x0000013bec9e2930, 0x0000013bec4de960,
0x0000013becf80810, 0x0000013bec4ddc40, 0x0000013bec4e03a0, 0x0000013bec4deff0,
0x0000013bf10e8700, 0x0000013bf10e9420, 0x0000013bf10e7350, 0x0000013bf10e8d90,
0x0000013bf10e6cc0, 0x0000013bf10e79e0, 0x0000013bf10e5fa0, 0x0000013bf10e9ab0,
0x0000013bf10ea140, 0x0000013bf10ea7d0, 0x0000013bf10eae60, 0x0000013bf10e8070,
0x0000013bf10ecf30, 0x0000013bf10ec210, 0x0000013bf10ed5c0, 0x0000013bf10ebb80,
0x0000013bf0fb4960, 0x0000013bf0fb2890, 0x0000013bf0fb2f20, 0x0000013bf0fb35b0,
0x0000013bf0fb2200, 0x0000013bf0fb3c40, 0x0000013bf0fb42d0
}

Java Threads: ( => current thread )
  0x0000013b9058c040 JavaThread "main"                              [_thread_blocked, id=6744, stack(0x0000002d36500000,0x0000002d36600000) (1024K)]
  0x0000013ba49483e0 JavaThread "Reference Handler"          daemon [_thread_blocked, id=10224, stack(0x0000002d36900000,0x0000002d36a00000) (1024K)]
  0x0000013b9064e2a0 JavaThread "Finalizer"                  daemon [_thread_blocked, id=13876, stack(0x0000002d36a00000,0x0000002d36b00000) (1024K)]
  0x0000013ba494ba30 JavaThread "Signal Dispatcher"          daemon [_thread_blocked, id=9568, stack(0x0000002d36b00000,0x0000002d36c00000) (1024K)]
  0x0000013ba494c680 JavaThread "Attach Listener"            daemon [_thread_blocked, id=11672, stack(0x0000002d36c00000,0x0000002d36d00000) (1024K)]
  0x0000013ba494f1e0 JavaThread "Service Thread"             daemon [_thread_blocked, id=9460, stack(0x0000002d36d00000,0x0000002d36e00000) (1024K)]
  0x0000013ba494fc30 JavaThread "Monitor Deflation Thread"   daemon [_thread_blocked, id=15852, stack(0x0000002d36e00000,0x0000002d36f00000) (1024K)]
  0x0000013ba4952a70 JavaThread "C2 CompilerThread0"         daemon [_thread_in_native, id=19416, stack(0x0000002d36f00000,0x0000002d37000000) (1024K)]
  0x0000013ba497e250 JavaThread "C1 CompilerThread0"         daemon [_thread_in_native, id=7236, stack(0x0000002d37000000,0x0000002d37100000) (1024K)]
  0x0000013b905f9840 JavaThread "Common-Cleaner"             daemon [_thread_blocked, id=10664, stack(0x0000002d37100000,0x0000002d37200000) (1024K)]
  0x0000013be77277c0 JavaThread "Notification Thread"        daemon [_thread_blocked, id=10784, stack(0x0000002d37300000,0x0000002d37400000) (1024K)]
  0x0000013bec2a2170 JavaThread "Active Thread: Equinox Container: bfad6ca1-12d7-4af9-b406-f9f77d883ec3"        [_thread_blocked, id=2532, stack(0x0000002d37b00000,0x0000002d37c00000) (1024K)]
  0x0000013bec241b60 JavaThread "Refresh Thread: Equinox Container: bfad6ca1-12d7-4af9-b406-f9f77d883ec3" daemon [_thread_blocked, id=11584, stack(0x0000002d37c00000,0x0000002d37d00000) (1024K)]
  0x0000013bec4566a0 JavaThread "Framework Event Dispatcher: Equinox Container: bfad6ca1-12d7-4af9-b406-f9f77d883ec3" daemon [_thread_blocked, id=18740, stack(0x0000002d37d00000,0x0000002d37e00000) (1024K)]
  0x0000013be7f19980 JavaThread "Start Level: Equinox Container: bfad6ca1-12d7-4af9-b406-f9f77d883ec3" daemon [_thread_blocked, id=5200, stack(0x0000002d37e00000,0x0000002d37f00000) (1024K)]
  0x0000013bec8565f0 JavaThread "Bundle File Closer"         daemon [_thread_blocked, id=12060, stack(0x0000002d38000000,0x0000002d38100000) (1024K)]
  0x0000013becd02820 JavaThread "SCR Component Actor"        daemon [_thread_blocked, id=2496, stack(0x0000002d38100000,0x0000002d38200000) (1024K)]
  0x0000013bec572240 JavaThread "SCR Component Registry"     daemon [_thread_blocked, id=8440, stack(0x0000002d38200000,0x0000002d38300000) (1024K)]
  0x0000013bec4dcf20 JavaThread "Worker-JM"                         [_thread_blocked, id=11156, stack(0x0000002d37400000,0x0000002d37500000) (1024K)]
  0x0000013bec4df680 JavaThread "JNA Cleaner"                daemon [_thread_blocked, id=1920, stack(0x0000002d37200000,0x0000002d37300000) (1024K)]
  0x0000013bec4dd5b0 JavaThread "Worker-0"                          [_thread_blocked, id=6160, stack(0x0000002d38300000,0x0000002d38400000) (1024K)]
  0x0000013bec4de2d0 JavaThread "Worker-1"                          [_thread_blocked, id=15184, stack(0x0000002d38400000,0x0000002d38500000) (1024K)]
  0x0000013bec9e2930 JavaThread "C2 CompilerThread1"         daemon [_thread_in_native, id=19112, stack(0x0000002d38500000,0x0000002d38600000) (1024K)]
  0x0000013bec4de960 JavaThread "Worker-2"                          [_thread_blocked, id=8, stack(0x0000002d38600000,0x0000002d38700000) (1024K)]
=>0x0000013becf80810 JavaThread "C2 CompilerThread2"         daemon [_thread_in_native, id=8216, stack(0x0000002d38700000,0x0000002d38800000) (1024K)]
  0x0000013bec4ddc40 JavaThread "Worker-3"                          [_thread_blocked, id=9832, stack(0x0000002d38800000,0x0000002d38900000) (1024K)]
  0x0000013bec4e03a0 JavaThread "Java indexing"              daemon [_thread_in_Java, id=14024, stack(0x0000002d38900000,0x0000002d38a00000) (1024K)]
  0x0000013bec4deff0 JavaThread "Worker-4: Building"                [_thread_in_Java, id=2280, stack(0x0000002d38a00000,0x0000002d38b00000) (1024K)]
  0x0000013bf10e8700 JavaThread "Worker-5: Java indexing... "        [_thread_blocked, id=1804, stack(0x0000002d38d00000,0x0000002d38e00000) (1024K)]
  0x0000013bf10e9420 JavaThread "Thread-2"                   daemon [_thread_in_native, id=2604, stack(0x0000002d38e00000,0x0000002d38f00000) (1024K)]
  0x0000013bf10e7350 JavaThread "Thread-3"                   daemon [_thread_in_native, id=19036, stack(0x0000002d38f00000,0x0000002d39000000) (1024K)]
  0x0000013bf10e8d90 JavaThread "Thread-4"                   daemon [_thread_in_native, id=18484, stack(0x0000002d39000000,0x0000002d39100000) (1024K)]
  0x0000013bf10e6cc0 JavaThread "Thread-5"                   daemon [_thread_in_native, id=1992, stack(0x0000002d39100000,0x0000002d39200000) (1024K)]
  0x0000013bf10e79e0 JavaThread "Thread-6"                   daemon [_thread_in_native, id=16960, stack(0x0000002d39200000,0x0000002d39300000) (1024K)]
  0x0000013bf10e5fa0 JavaThread "Thread-7"                   daemon [_thread_in_native, id=11924, stack(0x0000002d39300000,0x0000002d39400000) (1024K)]
  0x0000013bf10e9ab0 JavaThread "Thread-8"                   daemon [_thread_in_native, id=14092, stack(0x0000002d39400000,0x0000002d39500000) (1024K)]
  0x0000013bf10ea140 JavaThread "Thread-9"                   daemon [_thread_in_native, id=4272, stack(0x0000002d39500000,0x0000002d39600000) (1024K)]
  0x0000013bf10ea7d0 JavaThread "Thread-10"                  daemon [_thread_in_native, id=5204, stack(0x0000002d39600000,0x0000002d39700000) (1024K)]
  0x0000013bf10eae60 JavaThread "Worker-6"                          [_thread_blocked, id=16624, stack(0x0000002d39700000,0x0000002d39800000) (1024K)]
  0x0000013bf10e8070 JavaThread "pool-2-thread-1"                   [_thread_blocked, id=18220, stack(0x0000002d39800000,0x0000002d39900000) (1024K)]
  0x0000013bf10ecf30 JavaThread "Worker-7"                          [_thread_blocked, id=19028, stack(0x0000002d39900000,0x0000002d39a00000) (1024K)]
  0x0000013bf10ec210 JavaThread "WorkspaceEventsHandler"            [_thread_blocked, id=9116, stack(0x0000002d39a00000,0x0000002d39b00000) (1024K)]
  0x0000013bf10ed5c0 JavaThread "pool-1-thread-1"                   [_thread_in_vm, id=9000, stack(0x0000002d39b00000,0x0000002d39c00000) (1024K)]
  0x0000013bf10ebb80 JavaThread "Equinox resolver thread - Equinox Container: bfad6ca1-12d7-4af9-b406-f9f77d883ec3" daemon [_thread_blocked, id=10376, stack(0x0000002d39c00000,0x0000002d39d00000) (1024K)]
  0x0000013bf0fb4960 JavaThread "Equinox resolver thread - Equinox Container: bfad6ca1-12d7-4af9-b406-f9f77d883ec3" daemon [_thread_blocked, id=11964, stack(0x0000002d39d00000,0x0000002d39e00000) (1024K)]
  0x0000013bf0fb2890 JavaThread "Equinox resolver thread - Equinox Container: bfad6ca1-12d7-4af9-b406-f9f77d883ec3" daemon [_thread_blocked, id=15328, stack(0x0000002d39e00000,0x0000002d39f00000) (1024K)]
  0x0000013bf0fb2f20 JavaThread "Equinox resolver thread - Equinox Container: bfad6ca1-12d7-4af9-b406-f9f77d883ec3" daemon [_thread_blocked, id=17416, stack(0x0000002d39f00000,0x0000002d3a000000) (1024K)]
  0x0000013bf0fb35b0 JavaThread "Equinox resolver thread - Equinox Container: bfad6ca1-12d7-4af9-b406-f9f77d883ec3" daemon [_thread_blocked, id=14156, stack(0x0000002d3a000000,0x0000002d3a100000) (1024K)]
  0x0000013bf0fb2200 JavaThread "Equinox resolver thread - Equinox Container: bfad6ca1-12d7-4af9-b406-f9f77d883ec3" daemon [_thread_blocked, id=520, stack(0x0000002d3a100000,0x0000002d3a200000) (1024K)]
  0x0000013bf0fb3c40 JavaThread "Equinox resolver thread - Equinox Container: bfad6ca1-12d7-4af9-b406-f9f77d883ec3" daemon [_thread_blocked, id=7060, stack(0x0000002d3a200000,0x0000002d3a300000) (1024K)]
  0x0000013bf0fb42d0 JavaThread "Equinox resolver thread - Equinox Container: bfad6ca1-12d7-4af9-b406-f9f77d883ec3" daemon [_thread_blocked, id=19060, stack(0x0000002d3a300000,0x0000002d3a400000) (1024K)]
Total: 51

Other Threads:
  0x0000013b9062eb50 VMThread "VM Thread"                           [id=10008, stack(0x0000002d36800000,0x0000002d36900000) (1024K)]
  0x0000013b905f7fa0 WatcherThread "VM Periodic Task Thread"        [id=15424, stack(0x0000002d36700000,0x0000002d36800000) (1024K)]
  0x0000013b905a9540 WorkerThread "GC Thread#0"                     [id=5856, stack(0x0000002d36600000,0x0000002d36700000) (1024K)]
  0x0000013be7e0fac0 WorkerThread "GC Thread#1"                     [id=4948, stack(0x0000002d37500000,0x0000002d37600000) (1024K)]
  0x0000013be7e192f0 WorkerThread "GC Thread#2"                     [id=4396, stack(0x0000002d37600000,0x0000002d37700000) (1024K)]
  0x0000013be7e19690 WorkerThread "GC Thread#3"                     [id=2608, stack(0x0000002d37700000,0x0000002d37800000) (1024K)]
  0x0000013be7aafc10 WorkerThread "GC Thread#4"                     [id=364, stack(0x0000002d37800000,0x0000002d37900000) (1024K)]
  0x0000013be7aaffb0 WorkerThread "GC Thread#5"                     [id=12184, stack(0x0000002d37900000,0x0000002d37a00000) (1024K)]
  0x0000013be7ab0350 WorkerThread "GC Thread#6"                     [id=2240, stack(0x0000002d37a00000,0x0000002d37b00000) (1024K)]
  0x0000013bec2bcdf0 WorkerThread "GC Thread#7"                     [id=9140, stack(0x0000002d37f00000,0x0000002d38000000) (1024K)]
Total: 10

Threads with active compile tasks:
C2 CompilerThread0  8815 7568       4       org.eclipse.jdt.internal.compiler.util.CharDeduplication::sharedCopyOfRange (190 bytes)
C1 CompilerThread0  8815 7563  s    3       org.eclipse.jdt.internal.compiler.classfmt.MethodInfo::readCodeAttribute (122 bytes)
C2 CompilerThread2  8815 7318       4       org.apache.felix.resolver.ResolverImpl::mergeCandidatePackages (436 bytes)
Total: 3

VM state: not at safepoint (normal execution)

VM Mutex/Monitor currently owned by a thread: None

Heap address: 0x00000000c0000000, size: 1024 MB, Compressed Oops mode: 32-bit

CDS archive(s) mapped at: [0x0000013ba5000000-0x0000013ba5ba0000-0x0000013ba5ba0000), size 12189696, SharedBaseAddress: 0x0000013ba5000000, ArchiveRelocationMode: 1.
Compressed class space mapped at: 0x0000013ba6000000-0x0000013be6000000, reserved size: 1073741824
Narrow klass base: 0x0000013ba5000000, Narrow klass shift: 0, Narrow klass range: 0x100000000

GC Precious Log:
 CardTable entry size: 512
 CPUs: 8 total, 8 available
 Memory: 7886M
 Large Page Support: Disabled
 NUMA Support: Disabled
 Compressed Oops: Enabled (32-bit)
 Alignments: Space 512K, Generation 512K, Heap 2M
 Heap Min Capacity: 100M
 Heap Initial Capacity: 100M
 Heap Max Capacity: 1G
 Pre-touch: Disabled
 Parallel Workers: 8

Heap:
 PSYoungGen      total 20480K, used 2189K [0x00000000eab00000, 0x00000000ec580000, 0x0000000100000000)
  eden space 19456K, 6% used [0x00000000eab00000,0x00000000eac49730,0x00000000ebe00000)
  from space 1024K, 85% used [0x00000000ebf00000,0x00000000ebfd9f58,0x00000000ec000000)
  to   space 2560K, 0% used [0x00000000ec300000,0x00000000ec300000,0x00000000ec580000)
 ParOldGen       total 68608K, used 42409K [0x00000000c0000000, 0x00000000c4300000, 0x00000000eab00000)
  object space 68608K, 61% used [0x00000000c0000000,0x00000000c296a7c8,0x00000000c4300000)
 Metaspace       used 50695K, committed 51904K, reserved 1114112K
  class space    used 5350K, committed 5824K, reserved 1048576K

Card table byte_map: [0x0000013b8ff30000,0x0000013b90140000] _byte_map_base: 0x0000013b8f930000

Marking Bits: (ParMarkBitMap*) 0x00007ffd22d63260
 Begin Bits: [0x0000013ba2780000, 0x0000013ba3780000)
 End Bits:   [0x0000013ba3780000, 0x0000013ba4780000)

Polling page: 0x0000013b8e4f0000

Metaspace:

Usage:
  Non-class:     44.28 MB used.
      Class:      5.23 MB used.
       Both:     49.51 MB used.

Virtual space:
  Non-class space:       64.00 MB reserved,      45.00 MB ( 70%) committed,  1 nodes.
      Class space:        1.00 GB reserved,       5.69 MB ( <1%) committed,  1 nodes.
             Both:        1.06 GB reserved,      50.69 MB (  5%) committed. 

Chunk freelists:
   Non-Class:  2.27 MB
       Class:  10.31 MB
        Both:  12.58 MB

MaxMetaspaceSize: unlimited
CompressedClassSpaceSize: 1.00 GB
Initial GC threshold: 21.00 MB
Current GC threshold: 58.38 MB
CDS: on
 - commit_granule_bytes: 65536.
 - commit_granule_words: 8192.
 - virtual_space_node_default_size: 8388608.
 - enlarge_chunks_in_place: 1.
 - use_allocation_guard: 0.


Internal statistics:

num_allocs_failed_limit: 6.
num_arena_births: 858.
num_arena_deaths: 22.
num_vsnodes_births: 2.
num_vsnodes_deaths: 0.
num_space_committed: 811.
num_space_uncommitted: 0.
num_chunks_returned_to_freelist: 31.
num_chunks_taken_from_freelist: 3123.
num_chunk_merges: 14.
num_chunk_splits: 1880.
num_chunks_enlarged: 1015.
num_inconsistent_stats: 0.

CodeHeap 'non-profiled nmethods': size=120000Kb used=3854Kb max_used=3854Kb free=116145Kb
 bounds [0x0000013b9b250000, 0x0000013b9b620000, 0x0000013ba2780000]
CodeHeap 'profiled nmethods': size=120000Kb used=13977Kb max_used=13977Kb free=106023Kb
 bounds [0x0000013b93780000, 0x0000013b94530000, 0x0000013b9acb0000]
CodeHeap 'non-nmethods': size=5760Kb used=1417Kb max_used=1458Kb free=4342Kb
 bounds [0x0000013b9acb0000, 0x0000013b9af20000, 0x0000013b9b250000]
 total_blobs=7686 nmethods=6974 adapters=618
 compilation: enabled
              stopped_count=0, restarted_count=0
 full_count=0

Compilation events (20 events):
Event: 8.717 Thread 0x0000013ba497e250 7511       1       jdk.internal.jimage.ImageReader$Resource::isResource (2 bytes)
Event: 8.717 Thread 0x0000013ba497e250 nmethod 7511 0x0000013b9b60aa90 code [0x0000013b9b60ac20, 0x0000013b9b60ace8]
Event: 8.717 Thread 0x0000013ba497e250 7512       1       jdk.internal.jimage.ImageReader$Resource::getLocation (5 bytes)
Event: 8.717 Thread 0x0000013ba497e250 nmethod 7512 0x0000013b9b60ad90 code [0x0000013b9b60af20, 0x0000013b9b60afe8]
Event: 8.717 Thread 0x0000013ba4952a70 nmethod 7474 0x0000013b9b60b090 code [0x0000013b9b60b220, 0x0000013b9b60b540]
Event: 8.718 Thread 0x0000013ba4952a70 7467       4       org.eclipse.osgi.internal.container.NamespaceList$Builder$1::next (25 bytes)
Event: 8.720 Thread 0x0000013ba497e250 7518       3       org.eclipse.osgi.internal.framework.BundleContextImpl::getBundle (5 bytes)
Event: 8.720 Thread 0x0000013ba497e250 nmethod 7518 0x0000013b94505510 code [0x0000013b945056a0, 0x0000013b945057d8]
Event: 8.721 Thread 0x0000013ba497e250 7519       1       java.util.Calendar::getZone (5 bytes)
Event: 8.721 Thread 0x0000013ba497e250 nmethod 7519 0x0000013b9b60b690 code [0x0000013b9b60b820, 0x0000013b9b60b8e8]
Event: 8.725 Thread 0x0000013bec9e2930 nmethod 7515 0x0000013b9b60b990 code [0x0000013b9b60bb60, 0x0000013b9b60bfa0]
Event: 8.726 Thread 0x0000013bec9e2930 7517       4       org.eclipse.jdt.internal.core.index.MemoryIndex::addIndexEntry (118 bytes)
Event: 8.738 Thread 0x0000013ba4952a70 nmethod 7467 0x0000013b9b60c310 code [0x0000013b9b60c500, 0x0000013b9b60c9b8]
Event: 8.739 Thread 0x0000013ba4952a70 7476       4       java.util.Calendar::internalSet (8 bytes)
Event: 8.740 Thread 0x0000013ba4952a70 nmethod 7476 0x0000013b9b60ce10 code [0x0000013b9b60cfa0, 0x0000013b9b60d078]
Event: 8.740 Thread 0x0000013ba4952a70 7520       4       java.util.ArrayDeque::isEmpty (17 bytes)
Event: 8.741 Thread 0x0000013ba497e250 7522       3       org.eclipse.jdt.internal.core.search.matching.ConstructorPattern::createIndexKey (33 bytes)
Event: 8.741 Thread 0x0000013ba4952a70 nmethod 7520 0x0000013b9b60d190 code [0x0000013b9b60d320, 0x0000013b9b60d3b8]
Event: 8.741 Thread 0x0000013ba4952a70 7521       4       jdk.internal.org.objectweb.asm.SymbolTable::put (150 bytes)
Event: 8.743 Thread 0x0000013ba497e250 nmethod 7522 0x0000013b94505890 code [0x0000013b94505aa0, 0x0000013b94505f10]

GC Heap History (20 events):
Event: 7.039 GC heap before
{Heap before GC invocations=19 (full 2):
 PSYoungGen      total 23040K, used 23040K [0x00000000eab00000, 0x00000000ec780000, 0x0000000100000000)
  eden space 22016K, 100% used [0x00000000eab00000,0x00000000ec080000,0x00000000ec080000)
  from space 1024K, 100% used [0x00000000ec600000,0x00000000ec700000,0x00000000ec700000)
  to   space 3584K, 0% used [0x00000000ec080000,0x00000000ec080000,0x00000000ec400000)
 ParOldGen       total 68608K, used 20759K [0x00000000c0000000, 0x00000000c4300000, 0x00000000eab00000)
  object space 68608K, 30% used [0x00000000c0000000,0x00000000c1445ed8,0x00000000c4300000)
 Metaspace       used 44145K, committed 45376K, reserved 1114112K
  class space    used 4588K, committed 5120K, reserved 1048576K
}
Event: 7.042 GC heap after
{Heap after GC invocations=19 (full 2):
 PSYoungGen      total 25088K, used 2912K [0x00000000eab00000, 0x00000000ec680000, 0x0000000100000000)
  eden space 22016K, 0% used [0x00000000eab00000,0x00000000eab00000,0x00000000ec080000)
  from space 3072K, 94% used [0x00000000ec080000,0x00000000ec358030,0x00000000ec380000)
  to   space 3072K, 0% used [0x00000000ec380000,0x00000000ec380000,0x00000000ec680000)
 ParOldGen       total 68608K, used 21773K [0x00000000c0000000, 0x00000000c4300000, 0x00000000eab00000)
  object space 68608K, 31% used [0x00000000c0000000,0x00000000c15437a8,0x00000000c4300000)
 Metaspace       used 44145K, committed 45376K, reserved 1114112K
  class space    used 4588K, committed 5120K, reserved 1048576K
}
Event: 7.138 GC heap before
{Heap before GC invocations=20 (full 2):
 PSYoungGen      total 25088K, used 24928K [0x00000000eab00000, 0x00000000ec680000, 0x0000000100000000)
  eden space 22016K, 100% used [0x00000000eab00000,0x00000000ec080000,0x00000000ec080000)
  from space 3072K, 94% used [0x00000000ec080000,0x00000000ec358030,0x00000000ec380000)
  to   space 3072K, 0% used [0x00000000ec380000,0x00000000ec380000,0x00000000ec680000)
 ParOldGen       total 68608K, used 21776K [0x00000000c0000000, 0x00000000c4300000, 0x00000000eab00000)
  object space 68608K, 31% used [0x00000000c0000000,0x00000000c15441c8,0x00000000c4300000)
 Metaspace       used 44665K, committed 45888K, reserved 1114112K
  class space    used 4649K, committed 5184K, reserved 1048576K
}
Event: 7.141 GC heap after
{Heap after GC invocations=20 (full 2):
 PSYoungGen      total 24576K, used 2304K [0x00000000eab00000, 0x00000000ec600000, 0x0000000100000000)
  eden space 22016K, 0% used [0x00000000eab00000,0x00000000eab00000,0x00000000ec080000)
  from space 2560K, 90% used [0x00000000ec380000,0x00000000ec5c0010,0x00000000ec600000)
  to   space 2560K, 0% used [0x00000000ec100000,0x00000000ec100000,0x00000000ec380000)
 ParOldGen       total 68608K, used 24598K [0x00000000c0000000, 0x00000000c4300000, 0x00000000eab00000)
  object space 68608K, 35% used [0x00000000c0000000,0x00000000c1805bf8,0x00000000c4300000)
 Metaspace       used 44665K, committed 45888K, reserved 1114112K
  class space    used 4649K, committed 5184K, reserved 1048576K
}
Event: 7.261 GC heap before
{Heap before GC invocations=21 (full 2):
 PSYoungGen      total 24576K, used 24320K [0x00000000eab00000, 0x00000000ec600000, 0x0000000100000000)
  eden space 22016K, 100% used [0x00000000eab00000,0x00000000ec080000,0x00000000ec080000)
  from space 2560K, 90% used [0x00000000ec380000,0x00000000ec5c0010,0x00000000ec600000)
  to   space 2560K, 0% used [0x00000000ec100000,0x00000000ec100000,0x00000000ec380000)
 ParOldGen       total 68608K, used 24598K [0x00000000c0000000, 0x00000000c4300000, 0x00000000eab00000)
  object space 68608K, 35% used [0x00000000c0000000,0x00000000c1805bf8,0x00000000c4300000)
 Metaspace       used 45969K, committed 47168K, reserved 1114112K
  class space    used 4818K, committed 5312K, reserved 1048576K
}
Event: 7.267 GC heap after
{Heap after GC invocations=21 (full 2):
 PSYoungGen      total 24576K, used 2097K [0x00000000eab00000, 0x00000000ec580000, 0x0000000100000000)
  eden space 22016K, 0% used [0x00000000eab00000,0x00000000eab00000,0x00000000ec080000)
  from space 2560K, 81% used [0x00000000ec100000,0x00000000ec30c410,0x00000000ec380000)
  to   space 2048K, 0% used [0x00000000ec380000,0x00000000ec380000,0x00000000ec580000)
 ParOldGen       total 68608K, used 26819K [0x00000000c0000000, 0x00000000c4300000, 0x00000000eab00000)
  object space 68608K, 39% used [0x00000000c0000000,0x00000000c1a30c18,0x00000000c4300000)
 Metaspace       used 45969K, committed 47168K, reserved 1114112K
  class space    used 4818K, committed 5312K, reserved 1048576K
}
Event: 7.359 GC heap before
{Heap before GC invocations=22 (full 2):
 PSYoungGen      total 24576K, used 24113K [0x00000000eab00000, 0x00000000ec580000, 0x0000000100000000)
  eden space 22016K, 100% used [0x00000000eab00000,0x00000000ec080000,0x00000000ec080000)
  from space 2560K, 81% used [0x00000000ec100000,0x00000000ec30c410,0x00000000ec380000)
  to   space 2048K, 0% used [0x00000000ec380000,0x00000000ec380000,0x00000000ec580000)
 ParOldGen       total 68608K, used 26819K [0x00000000c0000000, 0x00000000c4300000, 0x00000000eab00000)
  object space 68608K, 39% used [0x00000000c0000000,0x00000000c1a30c18,0x00000000c4300000)
 Metaspace       used 46289K, committed 47488K, reserved 1114112K
  class space    used 4864K, committed 5376K, reserved 1048576K
}
Event: 7.364 GC heap after
{Heap after GC invocations=22 (full 2):
 PSYoungGen      total 22016K, used 2018K [0x00000000eab00000, 0x00000000eca80000, 0x0000000100000000)
  eden space 19968K, 0% used [0x00000000eab00000,0x00000000eab00000,0x00000000ebe80000)
  from space 2048K, 98% used [0x00000000ec380000,0x00000000ec578810,0x00000000ec580000)
  to   space 5120K, 0% used [0x00000000ebe80000,0x00000000ebe80000,0x00000000ec380000)
 ParOldGen       total 68608K, used 29222K [0x00000000c0000000, 0x00000000c4300000, 0x00000000eab00000)
  object space 68608K, 42% used [0x00000000c0000000,0x00000000c1c898f8,0x00000000c4300000)
 Metaspace       used 46289K, committed 47488K, reserved 1114112K
  class space    used 4864K, committed 5376K, reserved 1048576K
}
Event: 7.439 GC heap before
{Heap before GC invocations=23 (full 2):
 PSYoungGen      total 22016K, used 21986K [0x00000000eab00000, 0x00000000eca80000, 0x0000000100000000)
  eden space 19968K, 100% used [0x00000000eab00000,0x00000000ebe80000,0x00000000ebe80000)
  from space 2048K, 98% used [0x00000000ec380000,0x00000000ec578810,0x00000000ec580000)
  to   space 5120K, 0% used [0x00000000ebe80000,0x00000000ebe80000,0x00000000ec380000)
 ParOldGen       total 68608K, used 29222K [0x00000000c0000000, 0x00000000c4300000, 0x00000000eab00000)
  object space 68608K, 42% used [0x00000000c0000000,0x00000000c1c898f8,0x00000000c4300000)
 Metaspace       used 46568K, committed 47744K, reserved 1114112K
  class space    used 4901K, committed 5440K, reserved 1048576K
}
Event: 7.444 GC heap after
{Heap after GC invocations=23 (full 2):
 PSYoungGen      total 22528K, used 2116K [0x00000000eab00000, 0x00000000ec480000, 0x0000000100000000)
  eden space 19968K, 0% used [0x00000000eab00000,0x00000000eab00000,0x00000000ebe80000)
  from space 2560K, 82% used [0x00000000ebe80000,0x00000000ec091000,0x00000000ec100000)
  to   space 3072K, 0% used [0x00000000ec180000,0x00000000ec180000,0x00000000ec480000)
 ParOldGen       total 68608K, used 31148K [0x00000000c0000000, 0x00000000c4300000, 0x00000000eab00000)
  object space 68608K, 45% used [0x00000000c0000000,0x00000000c1e6b2b8,0x00000000c4300000)
 Metaspace       used 46568K, committed 47744K, reserved 1114112K
  class space    used 4901K, committed 5440K, reserved 1048576K
}
Event: 7.531 GC heap before
{Heap before GC invocations=24 (full 2):
 PSYoungGen      total 22528K, used 22084K [0x00000000eab00000, 0x00000000ec480000, 0x0000000100000000)
  eden space 19968K, 100% used [0x00000000eab00000,0x00000000ebe80000,0x00000000ebe80000)
  from space 2560K, 82% used [0x00000000ebe80000,0x00000000ec091000,0x00000000ec100000)
  to   space 3072K, 0% used [0x00000000ec180000,0x00000000ec180000,0x00000000ec480000)
 ParOldGen       total 68608K, used 31148K [0x00000000c0000000, 0x00000000c4300000, 0x00000000eab00000)
  object space 68608K, 45% used [0x00000000c0000000,0x00000000c1e6b2b8,0x00000000c4300000)
 Metaspace       used 47011K, committed 48192K, reserved 1114112K
  class space    used 4969K, committed 5504K, reserved 1048576K
}
Event: 7.544 GC heap after
{Heap after GC invocations=24 (full 2):
 PSYoungGen      total 22016K, used 2016K [0x00000000eab00000, 0x00000000ec380000, 0x0000000100000000)
  eden space 19968K, 0% used [0x00000000eab00000,0x00000000eab00000,0x00000000ebe80000)
  from space 2048K, 98% used [0x00000000ec180000,0x00000000ec378000,0x00000000ec380000)
  to   space 2560K, 0% used [0x00000000ebe80000,0x00000000ebe80000,0x00000000ec100000)
 ParOldGen       total 68608K, used 33130K [0x00000000c0000000, 0x00000000c4300000, 0x00000000eab00000)
  object space 68608K, 48% used [0x00000000c0000000,0x00000000c205a8e0,0x00000000c4300000)
 Metaspace       used 47011K, committed 48192K, reserved 1114112K
  class space    used 4969K, committed 5504K, reserved 1048576K
}
Event: 7.631 GC heap before
{Heap before GC invocations=25 (full 2):
 PSYoungGen      total 22016K, used 21984K [0x00000000eab00000, 0x00000000ec380000, 0x0000000100000000)
  eden space 19968K, 100% used [0x00000000eab00000,0x00000000ebe80000,0x00000000ebe80000)
  from space 2048K, 98% used [0x00000000ec180000,0x00000000ec378000,0x00000000ec380000)
  to   space 2560K, 0% used [0x00000000ebe80000,0x00000000ebe80000,0x00000000ec100000)
 ParOldGen       total 68608K, used 33130K [0x00000000c0000000, 0x00000000c4300000, 0x00000000eab00000)
  object space 68608K, 48% used [0x00000000c0000000,0x00000000c205a8e0,0x00000000c4300000)
 Metaspace       used 47488K, committed 48768K, reserved 1114112K
  class space    used 5028K, committed 5568K, reserved 1048576K
}
Event: 7.636 GC heap after
{Heap after GC invocations=25 (full 2):
 PSYoungGen      total 22528K, used 2040K [0x00000000eab00000, 0x00000000ec380000, 0x0000000100000000)
  eden space 19968K, 0% used [0x00000000eab00000,0x00000000eab00000,0x00000000ebe80000)
  from space 2560K, 79% used [0x00000000ebe80000,0x00000000ec07e210,0x00000000ec100000)
  to   space 2560K, 0% used [0x00000000ec100000,0x00000000ec100000,0x00000000ec380000)
 ParOldGen       total 68608K, used 34978K [0x00000000c0000000, 0x00000000c4300000, 0x00000000eab00000)
  object space 68608K, 50% used [0x00000000c0000000,0x00000000c22288e0,0x00000000c4300000)
 Metaspace       used 47488K, committed 48768K, reserved 1114112K
  class space    used 5028K, committed 5568K, reserved 1048576K
}
Event: 7.769 GC heap before
{Heap before GC invocations=26 (full 2):
 PSYoungGen      total 22528K, used 22008K [0x00000000eab00000, 0x00000000ec380000, 0x0000000100000000)
  eden space 19968K, 100% used [0x00000000eab00000,0x00000000ebe80000,0x00000000ebe80000)
  from space 2560K, 79% used [0x00000000ebe80000,0x00000000ec07e210,0x00000000ec100000)
  to   space 2560K, 0% used [0x00000000ec100000,0x00000000ec100000,0x00000000ec380000)
 ParOldGen       total 68608K, used 34978K [0x00000000c0000000, 0x00000000c4300000, 0x00000000eab00000)
  object space 68608K, 50% used [0x00000000c0000000,0x00000000c22288e0,0x00000000c4300000)
 Metaspace       used 48284K, committed 49536K, reserved 1114112K
  class space    used 5107K, committed 5632K, reserved 1048576K
}
Event: 7.773 GC heap after
{Heap after GC invocations=26 (full 2):
 PSYoungGen      total 22016K, used 2526K [0x00000000eab00000, 0x00000000ec480000, 0x0000000100000000)
  eden space 19456K, 0% used [0x00000000eab00000,0x00000000eab00000,0x00000000ebe00000)
  from space 2560K, 98% used [0x00000000ec100000,0x00000000ec377a50,0x00000000ec380000)
  to   space 3072K, 0% used [0x00000000ebe00000,0x00000000ebe00000,0x00000000ec100000)
 ParOldGen       total 68608K, used 36874K [0x00000000c0000000, 0x00000000c4300000, 0x00000000eab00000)
  object space 68608K, 53% used [0x00000000c0000000,0x00000000c2402af0,0x00000000c4300000)
 Metaspace       used 48284K, committed 49536K, reserved 1114112K
  class space    used 5107K, committed 5632K, reserved 1048576K
}
Event: 8.200 GC heap before
{Heap before GC invocations=27 (full 2):
 PSYoungGen      total 22016K, used 21982K [0x00000000eab00000, 0x00000000ec480000, 0x0000000100000000)
  eden space 19456K, 100% used [0x00000000eab00000,0x00000000ebe00000,0x00000000ebe00000)
  from space 2560K, 98% used [0x00000000ec100000,0x00000000ec377a50,0x00000000ec380000)
  to   space 3072K, 0% used [0x00000000ebe00000,0x00000000ebe00000,0x00000000ec100000)
 ParOldGen       total 68608K, used 36874K [0x00000000c0000000, 0x00000000c4300000, 0x00000000eab00000)
  object space 68608K, 53% used [0x00000000c0000000,0x00000000c2402af0,0x00000000c4300000)
 Metaspace       used 50090K, committed 51328K, reserved 1114112K
  class space    used 5300K, committed 5824K, reserved 1048576K
}
Event: 8.213 GC heap after
{Heap after GC invocations=27 (full 2):
 PSYoungGen      total 22528K, used 3066K [0x00000000eab00000, 0x00000000ecc00000, 0x0000000100000000)
  eden space 19456K, 0% used [0x00000000eab00000,0x00000000eab00000,0x00000000ebe00000)
  from space 3072K, 99% used [0x00000000ebe00000,0x00000000ec0fe980,0x00000000ec100000)
  to   space 7168K, 0% used [0x00000000ec500000,0x00000000ec500000,0x00000000ecc00000)
 ParOldGen       total 68608K, used 40178K [0x00000000c0000000, 0x00000000c4300000, 0x00000000eab00000)
  object space 68608K, 58% used [0x00000000c0000000,0x00000000c273cb28,0x00000000c4300000)
 Metaspace       used 50090K, committed 51328K, reserved 1114112K
  class space    used 5300K, committed 5824K, reserved 1048576K
}
Event: 8.504 GC heap before
{Heap before GC invocations=28 (full 2):
 PSYoungGen      total 22528K, used 22522K [0x00000000eab00000, 0x00000000ecc00000, 0x0000000100000000)
  eden space 19456K, 100% used [0x00000000eab00000,0x00000000ebe00000,0x00000000ebe00000)
  from space 3072K, 99% used [0x00000000ebe00000,0x00000000ec0fe980,0x00000000ec100000)
  to   space 7168K, 0% used [0x00000000ec500000,0x00000000ec500000,0x00000000ecc00000)
 ParOldGen       total 68608K, used 40178K [0x00000000c0000000, 0x00000000c4300000, 0x00000000eab00000)
  object space 68608K, 58% used [0x00000000c0000000,0x00000000c273cb28,0x00000000c4300000)
 Metaspace       used 50253K, committed 51520K, reserved 1114112K
  class space    used 5311K, committed 5824K, reserved 1048576K
}
Event: 8.512 GC heap after
{Heap after GC invocations=28 (full 2):
 PSYoungGen      total 24576K, used 5095K [0x00000000eab00000, 0x00000000eca00000, 0x0000000100000000)
  eden space 19456K, 0% used [0x00000000eab00000,0x00000000eab00000,0x00000000ebe00000)
  from space 5120K, 99% used [0x00000000ec500000,0x00000000ec9f9f20,0x00000000eca00000)
  to   space 5632K, 0% used [0x00000000ebf00000,0x00000000ebf00000,0x00000000ec480000)
 ParOldGen       total 68608K, used 41444K [0x00000000c0000000, 0x00000000c4300000, 0x00000000eab00000)
  object space 68608K, 60% used [0x00000000c0000000,0x00000000c2879150,0x00000000c4300000)
 Metaspace       used 50253K, committed 51520K, reserved 1114112K
  class space    used 5311K, committed 5824K, reserved 1048576K
}

Dll operation events (12 events):
Event: 0.016 Loaded shared library c:\Users\Asus\.vscode\extensions\redhat.java-1.41.0-win32-x64\jre\21.0.6-win32-x86_64\bin\java.dll
Event: 0.177 Loaded shared library c:\Users\Asus\.vscode\extensions\redhat.java-1.41.0-win32-x64\jre\21.0.6-win32-x86_64\bin\zip.dll
Event: 0.223 Loaded shared library C:\Users\Asus\.vscode\extensions\redhat.java-1.41.0-win32-x64\jre\21.0.6-win32-x86_64\bin\instrument.dll
Event: 0.230 Loaded shared library C:\Users\Asus\.vscode\extensions\redhat.java-1.41.0-win32-x64\jre\21.0.6-win32-x86_64\bin\net.dll
Event: 0.233 Loaded shared library C:\Users\Asus\.vscode\extensions\redhat.java-1.41.0-win32-x64\jre\21.0.6-win32-x86_64\bin\nio.dll
Event: 0.237 Loaded shared library C:\Users\Asus\.vscode\extensions\redhat.java-1.41.0-win32-x64\jre\21.0.6-win32-x86_64\bin\zip.dll
Event: 0.288 Loaded shared library C:\Users\Asus\.vscode\extensions\redhat.java-1.41.0-win32-x64\jre\21.0.6-win32-x86_64\bin\jimage.dll
Event: 0.404 Loaded shared library c:\Users\Asus\.vscode\extensions\redhat.java-1.41.0-win32-x64\jre\21.0.6-win32-x86_64\bin\verify.dll
Event: 1.934 Loaded shared library C:\Users\Asus\AppData\Roaming\Code\User\globalStorage\redhat.java\1.41.0\config_win\org.eclipse.equinox.launcher\org.eclipse.equinox.launcher.win32.win32.x86_64_1.2.1300.v20250325-0811\eclipse_11911.dll
Event: 3.434 Loaded shared library C:\Users\Asus\AppData\Local\Temp\jna-2050672\jna8131259376214219660.dll
Event: 6.824 Loaded shared library C:\Users\Asus\.vscode\extensions\redhat.java-1.41.0-win32-x64\jre\21.0.6-win32-x86_64\bin\sunmscapi.dll
Event: 6.910 Loaded shared library C:\Users\Asus\.vscode\extensions\redhat.java-1.41.0-win32-x64\jre\21.0.6-win32-x86_64\bin\extnet.dll

Deoptimization events (20 events):
Event: 8.534 Thread 0x0000013bf10ed5c0 DEOPT UNPACKING pc=0x0000013b9ad06da2 sp=0x0000002d39bfdaf8 mode 2
Event: 8.534 Thread 0x0000013bf10ed5c0 Uncommon trap: trap_request=0xffffff45 fr.pc=0x0000013b9b5d9408 relative=0x0000000000000068
Event: 8.534 Thread 0x0000013bf10ed5c0 Uncommon trap: reason=unstable_if action=reinterpret pc=0x0000013b9b5d9408 method=java.util.concurrent.locks.AbstractQueuedSynchronizer.apparentlyFirstQueuedIsExclusive()Z @ 6 c2
Event: 8.534 Thread 0x0000013bf10ed5c0 DEOPT PACKING pc=0x0000013b9b5d9408 sp=0x0000002d39bfdb70
Event: 8.534 Thread 0x0000013bf10ed5c0 DEOPT UNPACKING pc=0x0000013b9ad06da2 sp=0x0000002d39bfdb00 mode 2
Event: 8.535 Thread 0x0000013bec4deff0 DEOPT UNPACKING pc=0x0000013b9ad06da2 sp=0x0000002d38afc968 mode 2
Event: 8.560 Thread 0x0000013bf10ed5c0 DEOPT PACKING pc=0x0000013b94473995 sp=0x0000002d39bfccb0
Event: 8.560 Thread 0x0000013bf10ed5c0 DEOPT UNPACKING pc=0x0000013b9ad078e2 sp=0x0000002d39bfc198 mode 0
Event: 8.584 Thread 0x0000013bf0fb42d0 DEOPT PACKING pc=0x0000013b94473995 sp=0x0000002d3a3fe9e0
Event: 8.584 Thread 0x0000013bf0fb42d0 DEOPT UNPACKING pc=0x0000013b9ad078e2 sp=0x0000002d3a3fdec8 mode 0
Event: 8.627 Thread 0x0000013be7f19980 DEOPT PACKING pc=0x0000013b94473995 sp=0x0000002d37efd8d0
Event: 8.627 Thread 0x0000013be7f19980 DEOPT UNPACKING pc=0x0000013b9ad078e2 sp=0x0000002d37efcdb8 mode 0
Event: 8.639 Thread 0x0000013bf0fb42d0 DEOPT PACKING pc=0x0000013b94473a02 sp=0x0000002d3a3fe9e0
Event: 8.639 Thread 0x0000013bf0fb42d0 DEOPT UNPACKING pc=0x0000013b9ad078e2 sp=0x0000002d3a3fdec8 mode 0
Event: 8.648 Thread 0x0000013bf0fb35b0 DEOPT PACKING pc=0x0000013b94473995 sp=0x0000002d3a0fe910
Event: 8.648 Thread 0x0000013bf0fb35b0 DEOPT UNPACKING pc=0x0000013b9ad078e2 sp=0x0000002d3a0fddf8 mode 0
Event: 8.655 Thread 0x0000013bf0fb2f20 DEOPT PACKING pc=0x0000013b94473a02 sp=0x0000002d39ffe720
Event: 8.655 Thread 0x0000013bf0fb2f20 DEOPT UNPACKING pc=0x0000013b9ad078e2 sp=0x0000002d39ffdc08 mode 0
Event: 8.667 Thread 0x0000013bf0fb2f20 DEOPT PACKING pc=0x0000013b94473995 sp=0x0000002d39ffe720
Event: 8.668 Thread 0x0000013bf0fb2f20 DEOPT UNPACKING pc=0x0000013b9ad078e2 sp=0x0000002d39ffdc08 mode 0

Classes loaded (20 events):
Event: 7.818 Loading class java/util/stream/MatchOps$MatchKind
Event: 7.819 Loading class java/util/stream/MatchOps$MatchKind done
Event: 7.819 Loading class java/util/stream/MatchOps
Event: 7.819 Loading class java/util/stream/MatchOps done
Event: 7.819 Loading class java/util/stream/MatchOps$MatchOp
Event: 7.819 Loading class java/util/stream/MatchOps$MatchOp done
Event: 7.819 Loading class java/util/stream/MatchOps$BooleanTerminalSink
Event: 7.819 Loading class java/util/stream/MatchOps$BooleanTerminalSink done
Event: 7.820 Loading class java/util/stream/MatchOps$1MatchSink
Event: 7.820 Loading class java/util/stream/MatchOps$1MatchSink done
Event: 7.893 Loading class java/util/concurrent/CompletableFuture$AltResult
Event: 7.894 Loading class java/util/concurrent/CompletableFuture$AltResult done
Event: 7.894 Loading class java/util/concurrent/CompletableFuture$Completion
Event: 7.904 Loading class java/util/concurrent/CompletableFuture$AsynchronousCompletionTask
Event: 7.927 Loading class java/util/concurrent/CompletableFuture$AsynchronousCompletionTask done
Event: 7.931 Loading class java/util/concurrent/CompletableFuture$Completion done
Event: 7.997 Loading class jdk/internal/math/FormattedFPDecimal
Event: 7.998 Loading class jdk/internal/math/FormattedFPDecimal done
Event: 8.079 Loading class java/util/concurrent/ThreadPoolExecutor$CallerRunsPolicy
Event: 8.079 Loading class java/util/concurrent/ThreadPoolExecutor$CallerRunsPolicy done

Classes unloaded (11 events):
Event: 4.162 Thread 0x0000013b9062eb50 Unloading class 0x0000013ba619d400 'java/lang/invoke/LambdaForm$MH+0x0000013ba619d400'
Event: 4.162 Thread 0x0000013b9062eb50 Unloading class 0x0000013ba619d000 'java/lang/invoke/LambdaForm$MH+0x0000013ba619d000'
Event: 4.162 Thread 0x0000013b9062eb50 Unloading class 0x0000013ba619cc00 'java/lang/invoke/LambdaForm$MH+0x0000013ba619cc00'
Event: 4.162 Thread 0x0000013b9062eb50 Unloading class 0x0000013ba619c800 'java/lang/invoke/LambdaForm$MH+0x0000013ba619c800'
Event: 4.162 Thread 0x0000013b9062eb50 Unloading class 0x0000013ba619c400 'java/lang/invoke/LambdaForm$BMH+0x0000013ba619c400'
Event: 4.162 Thread 0x0000013b9062eb50 Unloading class 0x0000013ba619c000 'java/lang/invoke/LambdaForm$DMH+0x0000013ba619c000'
Event: 4.162 Thread 0x0000013b9062eb50 Unloading class 0x0000013ba619ac00 'java/lang/invoke/LambdaForm$DMH+0x0000013ba619ac00'
Event: 6.335 Thread 0x0000013b9062eb50 Unloading class 0x0000013ba62ef400 'java/lang/invoke/LambdaForm$MH+0x0000013ba62ef400'
Event: 6.335 Thread 0x0000013b9062eb50 Unloading class 0x0000013ba62eec00 'java/lang/invoke/LambdaForm$MH+0x0000013ba62eec00'
Event: 6.335 Thread 0x0000013b9062eb50 Unloading class 0x0000013ba62ee800 'java/lang/invoke/LambdaForm$DMH+0x0000013ba62ee800'
Event: 6.335 Thread 0x0000013b9062eb50 Unloading class 0x0000013ba62ea000 'java/lang/invoke/LambdaForm$MH+0x0000013ba62ea000'

Classes redefined (0 events):
No events

Internal exceptions (20 events):
Event: 7.197 Thread 0x0000013bec4de960 Exception <a 'java/lang/NoSuchMethodError'{0x00000000eb301738}: 'java.lang.Object java.lang.invoke.DirectMethodHandle$Holder.newInvokeSpecial(java.lang.Object, java.lang.Object, java.lang.Object, int)'> (0x00000000eb301738) 
thrown [s\src\hotspot\share\interpreter\linkResolver.cpp, line 773]
Event: 7.198 Thread 0x0000013bec4de960 Exception <a 'java/lang/NoSuchMethodError'{0x00000000eb3056a0}: 'java.lang.Object java.lang.invoke.DirectMethodHandle$Holder.invokeSpecial(java.lang.Object, java.lang.Object, java.lang.Object, java.lang.Object, int)'> (0x00000000eb3056a0) 
thrown [s\src\hotspot\share\interpreter\linkResolver.cpp, line 773]
Event: 7.198 Thread 0x0000013bec4de960 Exception <a 'java/lang/NoSuchMethodError'{0x00000000eb308df8}: 'java.lang.Object java.lang.invoke.Invokers$Holder.linkToTargetMethod(java.lang.Object, java.lang.Object, int, java.lang.Object)'> (0x00000000eb308df8) 
thrown [s\src\hotspot\share\interpreter\linkResolver.cpp, line 773]
Event: 7.210 Thread 0x0000013bec4dd5b0 Implicit null exception at 0x0000013b9b386d7e to 0x0000013b9b386fe0
Event: 7.210 Thread 0x0000013bec4dd5b0 Implicit null exception at 0x0000013b9b2f9a9c to 0x0000013b9b2fa960
Event: 7.212 Thread 0x0000013bec4dd5b0 Exception <a 'java/lang/NoSuchMethodError'{0x00000000eb44a6b0}: 'java.lang.Object java.lang.invoke.Invokers$Holder.invokeExact_MT(java.lang.Object, int, java.lang.Object)'> (0x00000000eb44a6b0) 
thrown [s\src\hotspot\share\interpreter\linkResolver.cpp, line 773]
Event: 7.588 Thread 0x0000013bec4dd5b0 Exception <a 'java/lang/NoClassDefFoundError'{0x00000000eb124ac0}: com/google/inject/servlet/ServletModuleTargetVisitor> (0x00000000eb124ac0) 
thrown [s\src\hotspot\share\classfile\systemDictionary.cpp, line 301]
Event: 7.749 Thread 0x0000013bec4de960 Exception <a 'sun/nio/fs/WindowsException'{0x00000000eba77018}> (0x00000000eba77018) 
thrown [s\src\hotspot\share\prims\jni.cpp, line 520]
Event: 7.749 Thread 0x0000013bec4de960 Exception <a 'sun/nio/fs/WindowsException'{0x00000000eba77ab8}> (0x00000000eba77ab8) 
thrown [s\src\hotspot\share\prims\jni.cpp, line 520]
Event: 7.752 Thread 0x0000013bec4de960 Exception <a 'java/io/FileNotFoundException'{0x00000000eba94088}> (0x00000000eba94088) 
thrown [s\src\hotspot\share\prims\jni.cpp, line 520]
Event: 7.753 Thread 0x0000013bec4de960 Exception <a 'java/io/FileNotFoundException'{0x00000000eba95080}> (0x00000000eba95080) 
thrown [s\src\hotspot\share\prims\jni.cpp, line 520]
Event: 7.753 Thread 0x0000013bec4de960 Exception <a 'java/io/FileNotFoundException'{0x00000000eba96268}> (0x00000000eba96268) 
thrown [s\src\hotspot\share\prims\jni.cpp, line 520]
Event: 7.876 Thread 0x0000013bf10ed5c0 Exception <a 'java/io/FileNotFoundException'{0x00000000eb592bf8}> (0x00000000eb592bf8) 
thrown [s\src\hotspot\share\prims\jni.cpp, line 520]
Event: 7.945 Thread 0x0000013bec4deff0 Exception <a 'java/lang/NoSuchMethodError'{0x00000000eb7e7db0}: 'int java.lang.invoke.DirectMethodHandle$Holder.invokeSpecialIFC(java.lang.Object, java.lang.Object, java.lang.Object, java.lang.Object)'> (0x00000000eb7e7db0) 
thrown [s\src\hotspot\share\interpreter\linkResolver.cpp, line 773]
Event: 8.145 Thread 0x0000013bec4deff0 Exception <a 'java/lang/NoSuchMethodError'{0x00000000ebb14f18}: 'int java.lang.invoke.DirectMethodHandle$Holder.invokeStatic(java.lang.Object)'> (0x00000000ebb14f18) 
thrown [s\src\hotspot\share\interpreter\linkResolver.cpp, line 773]
Event: 8.703 Thread 0x0000013bec4deff0 Exception <a 'java/io/FileNotFoundException'{0x00000000ebb18c78}> (0x00000000ebb18c78) 
thrown [s\src\hotspot\share\prims\jni.cpp, line 520]
Event: 8.704 Thread 0x0000013bec4deff0 Exception <a 'java/io/FileNotFoundException'{0x00000000ebb19c68}> (0x00000000ebb19c68) 
thrown [s\src\hotspot\share\prims\jni.cpp, line 520]
Event: 8.705 Thread 0x0000013bec4deff0 Exception <a 'java/io/FileNotFoundException'{0x00000000ebb1b3f8}> (0x00000000ebb1b3f8) 
thrown [s\src\hotspot\share\prims\jni.cpp, line 520]
Event: 8.705 Thread 0x0000013bec4deff0 Exception <a 'java/io/FileNotFoundException'{0x00000000ebb23d90}> (0x00000000ebb23d90) 
thrown [s\src\hotspot\share\prims\jni.cpp, line 520]
Event: 8.706 Thread 0x0000013bec4deff0 Exception <a 'java/io/FileNotFoundException'{0x00000000ebb24da0}> (0x00000000ebb24da0) 
thrown [s\src\hotspot\share\prims\jni.cpp, line 520]

ZGC Phase Switch (0 events):
No events

VM Operations (20 events):
Event: 7.631 Executing VM operation: ParallelGCFailedAllocation (Allocation Failure)
Event: 7.636 Executing VM operation: ParallelGCFailedAllocation (Allocation Failure) done
Event: 7.682 Executing VM operation: HandshakeAllThreads (Deoptimize)
Event: 7.682 Executing VM operation: HandshakeAllThreads (Deoptimize) done
Event: 7.684 Executing VM operation: HandshakeAllThreads (Deoptimize)
Event: 7.684 Executing VM operation: HandshakeAllThreads (Deoptimize) done
Event: 7.764 Executing VM operation: HandshakeAllThreads (Deoptimize)
Event: 7.764 Executing VM operation: HandshakeAllThreads (Deoptimize) done
Event: 7.769 Executing VM operation: ParallelGCFailedAllocation (Allocation Failure)
Event: 7.773 Executing VM operation: ParallelGCFailedAllocation (Allocation Failure) done
Event: 7.866 Executing VM operation: HandshakeAllThreads (Deoptimize)
Event: 7.866 Executing VM operation: HandshakeAllThreads (Deoptimize) done
Event: 8.135 Executing VM operation: HandshakeAllThreads (Deoptimize)
Event: 8.154 Executing VM operation: HandshakeAllThreads (Deoptimize) done
Event: 8.165 Executing VM operation: HandshakeAllThreads (Deoptimize)
Event: 8.188 Executing VM operation: HandshakeAllThreads (Deoptimize) done
Event: 8.199 Executing VM operation: ParallelGCFailedAllocation (Allocation Failure)
Event: 8.213 Executing VM operation: ParallelGCFailedAllocation (Allocation Failure) done
Event: 8.500 Executing VM operation: ParallelGCFailedAllocation (Allocation Failure)
Event: 8.512 Executing VM operation: ParallelGCFailedAllocation (Allocation Failure) done

Memory protections (0 events):
No events

Nmethod flushes (20 events):
Event: 6.347 Thread 0x0000013b9062eb50 flushing  nmethod 0x0000013b93e24510
Event: 6.347 Thread 0x0000013b9062eb50 flushing  nmethod 0x0000013b93e25710
Event: 6.347 Thread 0x0000013b9062eb50 flushing  nmethod 0x0000013b93e26390
Event: 6.347 Thread 0x0000013b9062eb50 flushing  nmethod 0x0000013b93e26b10
Event: 6.347 Thread 0x0000013b9062eb50 flushing  nmethod 0x0000013b93e28490
Event: 6.347 Thread 0x0000013b9062eb50 flushing  nmethod 0x0000013b93e28d90
Event: 6.347 Thread 0x0000013b9062eb50 flushing  nmethod 0x0000013b93e2a290
Event: 6.347 Thread 0x0000013b9062eb50 flushing  nmethod 0x0000013b93e2a710
Event: 6.347 Thread 0x0000013b9062eb50 flushing  nmethod 0x0000013b93e2b190
Event: 6.347 Thread 0x0000013b9062eb50 flushing  nmethod 0x0000013b93e34190
Event: 6.347 Thread 0x0000013b9062eb50 flushing  nmethod 0x0000013b93e34d10
Event: 6.347 Thread 0x0000013b9062eb50 flushing  nmethod 0x0000013b93e35410
Event: 6.347 Thread 0x0000013b9062eb50 flushing  nmethod 0x0000013b93e38710
Event: 6.347 Thread 0x0000013b9062eb50 flushing  nmethod 0x0000013b93e3d290
Event: 6.347 Thread 0x0000013b9062eb50 flushing  nmethod 0x0000013b93e5a890
Event: 6.347 Thread 0x0000013b9062eb50 flushing  nmethod 0x0000013b93e5c090
Event: 6.347 Thread 0x0000013b9062eb50 flushing  nmethod 0x0000013b93e69690
Event: 6.347 Thread 0x0000013b9062eb50 flushing  nmethod 0x0000013b93eb6890
Event: 6.347 Thread 0x0000013b9062eb50 flushing  nmethod 0x0000013b93ebb190
Event: 6.347 Thread 0x0000013b9062eb50 flushing  nmethod 0x0000013b93edf010

Events (20 events):
Event: 6.384 Thread 0x0000013b9058c040 Thread added: 0x0000013bf10e8d90
Event: 6.384 Thread 0x0000013b9058c040 Thread added: 0x0000013bf10e6cc0
Event: 6.384 Thread 0x0000013b9058c040 Thread added: 0x0000013bf10e79e0
Event: 6.385 Thread 0x0000013b9058c040 Thread added: 0x0000013bf10e5fa0
Event: 6.385 Thread 0x0000013b9058c040 Thread added: 0x0000013bf10e9ab0
Event: 6.385 Thread 0x0000013b9058c040 Thread added: 0x0000013bf10ea140
Event: 6.385 Thread 0x0000013b9058c040 Thread added: 0x0000013bf10ea7d0
Event: 6.393 Thread 0x0000013bf10e8700 Thread added: 0x0000013bf10eae60
Event: 6.414 Thread 0x0000013b9058c040 Thread added: 0x0000013bf10e8070
Event: 6.433 Thread 0x0000013bf10eae60 Thread added: 0x0000013bf10ecf30
Event: 6.818 Thread 0x0000013b9058c040 Thread added: 0x0000013bf10ec210
Event: 6.818 Thread 0x0000013b9058c040 Thread added: 0x0000013bf10ed5c0
Event: 8.079 Thread 0x0000013be7f19980 Thread added: 0x0000013bf10ebb80
Event: 8.082 Thread 0x0000013bf10ed5c0 Thread added: 0x0000013bf0fb4960
Event: 8.088 Thread 0x0000013bf10ebb80 Thread added: 0x0000013bf0fb2890
Event: 8.088 Thread 0x0000013bf10ebb80 Thread added: 0x0000013bf0fb2f20
Event: 8.088 Thread 0x0000013bf10ebb80 Thread added: 0x0000013bf0fb35b0
Event: 8.088 Thread 0x0000013bf10ebb80 Thread added: 0x0000013bf0fb2200
Event: 8.088 Thread 0x0000013bf10ebb80 Thread added: 0x0000013bf0fb3c40
Event: 8.117 Thread 0x0000013bf0fb4960 Thread added: 0x0000013bf0fb42d0


Dynamic libraries:
0x00007ff632180000 - 0x00007ff63218e000 	c:\Users\Asus\.vscode\extensions\redhat.java-1.41.0-win32-x64\jre\21.0.6-win32-x86_64\bin\java.exe
0x00007ffd6c4e0000 - 0x00007ffd6c743000 	C:\WINDOWS\SYSTEM32\ntdll.dll
0x00007ffd6bfc0000 - 0x00007ffd6c088000 	C:\WINDOWS\System32\KERNEL32.DLL
0x00007ffd69ec0000 - 0x00007ffd6a272000 	C:\WINDOWS\System32\KERNELBASE.dll
0x00007ffd69ac0000 - 0x00007ffd69c0b000 	C:\WINDOWS\System32\ucrtbase.dll
0x00007ffd637d0000 - 0x00007ffd637e8000 	c:\Users\Asus\.vscode\extensions\redhat.java-1.41.0-win32-x64\jre\21.0.6-win32-x86_64\bin\jli.dll
0x00007ffd6a520000 - 0x00007ffd6a6e8000 	C:\WINDOWS\System32\USER32.dll
0x00007ffd69960000 - 0x00007ffd69987000 	C:\WINDOWS\System32\win32u.dll
0x00007ffd6b270000 - 0x00007ffd6b29a000 	C:\WINDOWS\System32\GDI32.dll
0x00007ffd69d90000 - 0x00007ffd69ebb000 	C:\WINDOWS\System32\gdi32full.dll
0x00007ffd698b0000 - 0x00007ffd69953000 	C:\WINDOWS\System32\msvcp_win.dll
0x00007ffd61340000 - 0x00007ffd6135e000 	c:\Users\Asus\.vscode\extensions\redhat.java-1.41.0-win32-x64\jre\21.0.6-win32-x86_64\bin\VCRUNTIME140.dll
0x00007ffd4f290000 - 0x00007ffd4f520000 	C:\WINDOWS\WinSxS\amd64_microsoft.windows.common-controls_6595b64144ccf1df_6.0.26100.2454_none_3e0b68a2e331ad60\COMCTL32.dll
0x00007ffd6b0d0000 - 0x00007ffd6b179000 	C:\WINDOWS\System32\msvcrt.dll
0x00007ffd6b9c0000 - 0x00007ffd6b9ef000 	C:\WINDOWS\System32\IMM32.DLL
0x00007ffd63620000 - 0x00007ffd6362c000 	c:\Users\Asus\.vscode\extensions\redhat.java-1.41.0-win32-x64\jre\21.0.6-win32-x86_64\bin\vcruntime140_1.dll
0x00007ffd3afa0000 - 0x00007ffd3b02d000 	c:\Users\Asus\.vscode\extensions\redhat.java-1.41.0-win32-x64\jre\21.0.6-win32-x86_64\bin\msvcp140.dll
0x00007ffd220b0000 - 0x00007ffd22e40000 	c:\Users\Asus\.vscode\extensions\redhat.java-1.41.0-win32-x64\jre\21.0.6-win32-x86_64\bin\server\jvm.dll
0x00007ffd6b180000 - 0x00007ffd6b234000 	C:\WINDOWS\System32\ADVAPI32.dll
0x00007ffd6a470000 - 0x00007ffd6a516000 	C:\WINDOWS\System32\sechost.dll
0x00007ffd6c380000 - 0x00007ffd6c496000 	C:\WINDOWS\System32\RPCRT4.dll
0x00007ffd6a6f0000 - 0x00007ffd6a764000 	C:\WINDOWS\System32\WS2_32.dll
0x00007ffd52df0000 - 0x00007ffd52e26000 	C:\WINDOWS\SYSTEM32\WINMM.dll
0x00007ffd586f0000 - 0x00007ffd586fb000 	C:\WINDOWS\SYSTEM32\VERSION.dll
0x00007ffd692b0000 - 0x00007ffd692fe000 	C:\WINDOWS\SYSTEM32\POWRPROF.dll
0x00007ffd69160000 - 0x00007ffd69174000 	C:\WINDOWS\SYSTEM32\UMPDC.dll
0x00007ffd686f0000 - 0x00007ffd6870a000 	C:\WINDOWS\SYSTEM32\kernel.appcore.dll
0x00007ffd60f70000 - 0x00007ffd60f7a000 	c:\Users\Asus\.vscode\extensions\redhat.java-1.41.0-win32-x64\jre\21.0.6-win32-x86_64\bin\jimage.dll
0x00007ffd67040000 - 0x00007ffd67281000 	C:\WINDOWS\SYSTEM32\DBGHELP.DLL
0x00007ffd6ba50000 - 0x00007ffd6bdce000 	C:\WINDOWS\System32\combase.dll
0x00007ffd6be40000 - 0x00007ffd6bf16000 	C:\WINDOWS\System32\OLEAUT32.dll
0x00007ffd49ba0000 - 0x00007ffd49bd9000 	C:\WINDOWS\SYSTEM32\dbgcore.DLL
0x00007ffd69990000 - 0x00007ffd69a29000 	C:\WINDOWS\System32\bcryptPrimitives.dll
0x00007ffd60f60000 - 0x00007ffd60f6f000 	c:\Users\Asus\.vscode\extensions\redhat.java-1.41.0-win32-x64\jre\21.0.6-win32-x86_64\bin\instrument.dll
0x00007ffd60f40000 - 0x00007ffd60f5f000 	c:\Users\Asus\.vscode\extensions\redhat.java-1.41.0-win32-x64\jre\21.0.6-win32-x86_64\bin\java.dll
0x00007ffd6a9c0000 - 0x00007ffd6b0c0000 	C:\WINDOWS\System32\SHELL32.dll
0x00007ffd675e0000 - 0x00007ffd67e11000 	C:\WINDOWS\SYSTEM32\windows.storage.dll
0x00007ffd6c0b0000 - 0x00007ffd6c18a000 	C:\WINDOWS\System32\SHCORE.dll
0x00007ffd6a340000 - 0x00007ffd6a39d000 	C:\WINDOWS\System32\shlwapi.dll
0x00007ffd697c0000 - 0x00007ffd697ee000 	C:\WINDOWS\SYSTEM32\profapi.dll
0x00007ffd4f590000 - 0x00007ffd4f5a8000 	c:\Users\Asus\.vscode\extensions\redhat.java-1.41.0-win32-x64\jre\21.0.6-win32-x86_64\bin\zip.dll
0x00007ffd60f30000 - 0x00007ffd60f40000 	C:\Users\Asus\.vscode\extensions\redhat.java-1.41.0-win32-x64\jre\21.0.6-win32-x86_64\bin\net.dll
0x00007ffd64190000 - 0x00007ffd642b6000 	C:\WINDOWS\SYSTEM32\WINHTTP.dll
0x00007ffd68bf0000 - 0x00007ffd68c58000 	C:\WINDOWS\system32\mswsock.dll
0x00007ffd548d0000 - 0x00007ffd548e6000 	C:\Users\Asus\.vscode\extensions\redhat.java-1.41.0-win32-x64\jre\21.0.6-win32-x86_64\bin\nio.dll
0x00007ffd60ee0000 - 0x00007ffd60ef0000 	c:\Users\Asus\.vscode\extensions\redhat.java-1.41.0-win32-x64\jre\21.0.6-win32-x86_64\bin\verify.dll
0x00007ffd48830000 - 0x00007ffd48875000 	C:\Users\Asus\AppData\Roaming\Code\User\globalStorage\redhat.java\1.41.0\config_win\org.eclipse.equinox.launcher\org.eclipse.equinox.launcher.win32.win32.x86_64_1.2.1300.v20250325-0811\eclipse_11911.dll
0x00007ffd6b820000 - 0x00007ffd6b9b9000 	C:\WINDOWS\System32\ole32.dll
0x00007ffd68f00000 - 0x00007ffd68f1c000 	C:\WINDOWS\SYSTEM32\CRYPTSP.dll
0x00007ffd68650000 - 0x00007ffd68688000 	C:\WINDOWS\system32\rsaenh.dll
0x00007ffd68c90000 - 0x00007ffd68cbb000 	C:\WINDOWS\SYSTEM32\USERENV.dll
0x00007ffd69180000 - 0x00007ffd691a6000 	C:\WINDOWS\SYSTEM32\bcrypt.dll
0x00007ffd69060000 - 0x00007ffd6906c000 	C:\WINDOWS\SYSTEM32\CRYPTBASE.dll
0x00007ffd68270000 - 0x00007ffd682a2000 	C:\WINDOWS\SYSTEM32\IPHLPAPI.DLL
0x00007ffd6a460000 - 0x00007ffd6a46a000 	C:\WINDOWS\System32\NSI.dll
0x00007ffd31860000 - 0x00007ffd318a9000 	C:\Users\Asus\AppData\Local\Temp\jna-2050672\jna8131259376214219660.dll
0x00007ffd6c0a0000 - 0x00007ffd6c0a8000 	C:\WINDOWS\System32\PSAPI.DLL
0x00007ffd650b0000 - 0x00007ffd650ce000 	C:\WINDOWS\SYSTEM32\dhcpcsvc6.DLL
0x00007ffd65080000 - 0x00007ffd650a5000 	C:\WINDOWS\SYSTEM32\dhcpcsvc.DLL
0x00007ffd60e80000 - 0x00007ffd60e8e000 	C:\Users\Asus\.vscode\extensions\redhat.java-1.41.0-win32-x64\jre\21.0.6-win32-x86_64\bin\sunmscapi.dll
0x00007ffd69c10000 - 0x00007ffd69d86000 	C:\WINDOWS\System32\CRYPT32.dll
0x00007ffd69120000 - 0x00007ffd69150000 	C:\WINDOWS\SYSTEM32\ncrypt.dll
0x00007ffd690b0000 - 0x00007ffd690ef000 	C:\WINDOWS\SYSTEM32\NTASN1.dll
0x00007ffd682b0000 - 0x00007ffd683d5000 	C:\WINDOWS\SYSTEM32\DNSAPI.dll
0x00007ffd61650000 - 0x00007ffd6165b000 	C:\Windows\System32\rasadhlp.dll
0x00007ffd60e10000 - 0x00007ffd60e19000 	C:\Users\Asus\.vscode\extensions\redhat.java-1.41.0-win32-x64\jre\21.0.6-win32-x86_64\bin\extnet.dll

dbghelp: loaded successfully - version: 4.0.5 - missing functions: none
symbol engine: initialized successfully - sym options: 0x614 - pdb path: .;c:\Users\Asus\.vscode\extensions\redhat.java-1.41.0-win32-x64\jre\21.0.6-win32-x86_64\bin;C:\WINDOWS\SYSTEM32;C:\WINDOWS\WinSxS\amd64_microsoft.windows.common-controls_6595b64144ccf1df_6.0.26100.2454_none_3e0b68a2e331ad60;c:\Users\Asus\.vscode\extensions\redhat.java-1.41.0-win32-x64\jre\21.0.6-win32-x86_64\bin\server;C:\Users\Asus\AppData\Roaming\Code\User\globalStorage\redhat.java\1.41.0\config_win\org.eclipse.equinox.launcher\org.eclipse.equinox.launcher.win32.win32.x86_64_1.2.1300.v20250325-0811;C:\Users\Asus\AppData\Local\Temp\jna-2050672

VM Arguments:
jvm_args: --add-modules=ALL-SYSTEM --add-opens=java.base/java.util=ALL-UNNAMED --add-opens=java.base/java.lang=ALL-UNNAMED --add-opens=java.base/sun.nio.fs=ALL-UNNAMED -Declipse.application=org.eclipse.jdt.ls.core.id1 -Dosgi.bundles.defaultStartLevel=4 -Declipse.product=org.eclipse.jdt.ls.core.product -Djava.import.generatesMetadataFilesAtProjectRoot=false -DDetectVMInstallationsJob.disabled=true -Dfile.encoding=utf8 -XX:+UseParallelGC -XX:GCTimeRatio=4 -XX:AdaptiveSizePolicyWeight=90 -Dsun.zip.disableMemoryMapping=true -Xmx1G -Xms100m -Xlog:disable -javaagent:c:\Users\Asus\.vscode\extensions\redhat.java-1.41.0-win32-x64\lombok\lombok-1.18.36.jar -XX:+HeapDumpOnOutOfMemoryError -XX:HeapDumpPath=c:\Users\Asus\AppData\Roaming\Code\User\workspaceStorage\6f0e533d9ff133c7631d155b4f25a028\redhat.java -Daether.dependencyCollector.impl=bf 
java_command: c:\Users\Asus\.vscode\extensions\redhat.java-1.41.0-win32-x64\server\plugins\org.eclipse.equinox.launcher_1.6.1100.v20250306-0509.jar -configuration c:\Users\Asus\AppData\Roaming\Code\User\globalStorage\redhat.java\1.41.0\config_win -data c:\Users\Asus\AppData\Roaming\Code\User\workspaceStorage\6f0e533d9ff133c7631d155b4f25a028\redhat.java\jdt_ws --pipe=\\.\pipe\lsp-36165de7c679c1c2bd86c761c304f55f-sock
java_class_path (initial): c:\Users\Asus\.vscode\extensions\redhat.java-1.41.0-win32-x64\server\plugins\org.eclipse.equinox.launcher_1.6.1100.v20250306-0509.jar
Launcher Type: SUN_STANDARD

[Global flags]
    uintx AdaptiveSizePolicyWeight                 = 90                                        {product} {command line}
     intx CICompilerCount                          = 4                                         {product} {ergonomic}
    uintx GCTimeRatio                              = 4                                         {product} {command line}
     bool HeapDumpOnOutOfMemoryError               = true                                   {manageable} {command line}
    ccstr HeapDumpPath                             = c:\Users\Asus\AppData\Roaming\Code\User\workspaceStorage\6f0e533d9ff133c7631d155b4f25a028\redhat.java         {manageable} {command line}
   size_t InitialHeapSize                          = 104857600                                 {product} {command line}
   size_t MaxHeapSize                              = 1073741824                                {product} {command line}
   size_t MaxNewSize                               = 357564416                                 {product} {ergonomic}
   size_t MinHeapDeltaBytes                        = 524288                                    {product} {ergonomic}
   size_t MinHeapSize                              = 104857600                                 {product} {command line}
   size_t NewSize                                  = 34603008                                  {product} {ergonomic}
    uintx NonNMethodCodeHeapSize                   = 5839372                                {pd product} {ergonomic}
    uintx NonProfiledCodeHeapSize                  = 122909434                              {pd product} {ergonomic}
   size_t OldSize                                  = 70254592                                  {product} {ergonomic}
    uintx ProfiledCodeHeapSize                     = 122909434                              {pd product} {ergonomic}
    uintx ReservedCodeCacheSize                    = 251658240                              {pd product} {ergonomic}
     bool SegmentedCodeCache                       = true                                      {product} {ergonomic}
   size_t SoftMaxHeapSize                          = 1073741824                             {manageable} {ergonomic}
     bool UseCompressedOops                        = true                           {product lp64_product} {ergonomic}
     bool UseLargePagesIndividualAllocation        = false                                  {pd product} {ergonomic}
     bool UseParallelGC                            = true                                      {product} {command line}

Logging:
Log output configuration:
 #0: stdout all=off uptime,level,tags foldmultilines=false
 #1: stderr all=off uptime,level,tags foldmultilines=false

Environment Variables:
JAVA_HOME=C:\Users\Asus\AppData\Local\Programs\Eclipse Adoptium\jdk-17.0.6.10-hotspot\
PATH=C:\Python312\Scripts\;C:\Python312\;C:\Users\Asus\AppData\Local\Programs\Python\Python311\Scripts\;C:\WINDOWS;C:\WINDOWS\System32\Wbem;C:\WINDOWS\System32\WindowsPowerShell\v1.0\;C:\WINDOWS\System32\OpenSSH\;C:\MinGW\bin;C:\Program Files (x86)\Microsoft SQL Server\160\Tools\Binn\;C:\Program Files\Microsoft SQL Server\160\Tools\Binn\;C:\Program Files\Microsoft SQL Server\Client SDK\ODBC\170\Tools\Binn\;C:\Program Files\Microsoft SQL Server\160\DTS\Binn\;C:\Program Files\Azure Data Studio\bin;C:\Program Files\Git\cmd;C:\Users\Asus\AppData\Local\Programs\Python\Python311\Scripts;C:\Users\Asus\AppData\Local\Programs\Python\Python311\;C:\Users\Asus\AppData\Local\Programs\Python\Python311\Scripts;C:\Users\Asus\AppData\Local\Programs\Python\Python311\Scripts;C:\Users\Asus\AppData\Local\Programs\Python\Python311\;C:\;C:\ProgramData\chocolatey\bin;C:\Program Files\MongoDB\Server\8.0\bin;C:\Program Files\MongoDB\Server\8.0\bin;C:\Users\Asus\AppData\Local\Programs\Eclipse Adoptium\jdk-17.0.6.10-hotspot\bin;C:\Users\Asus\AppData\Local\Programs\Python\Python311\Scripts\;C:\Users\Asus\AppData\Local\Programs\Python\Python311\;C:\Users\Asus\AppData\Local\Microsoft\WindowsApps;C:\Program Files\JetBrains\PyCharm Community Edition 2022.3.2\bin;;C:\Program Files\Azure Data Studio\bin;C:\Users\Asus\AppData\Local\GitHubDesktop\bin;C:\Users\Asus\Downloads\apache-maven-4.0.0-rc-1-bin\apache-maven-4.0.0-rc-1;C:\Users\Asus\AppData\Roaming\npm;C:\Users\Asus\AppData\Roaming\Python\Python312\Scripts;C:\Users\Asus\Desktop\Microsoft VS Code\bin
USERNAME=Asus
OS=Windows_NT
PROCESSOR_IDENTIFIER=Intel64 Family 6 Model 140 Stepping 1, GenuineIntel
TMP=C:\Users\Asus\AppData\Local\Temp
TEMP=C:\Users\Asus\AppData\Local\Temp




Periodic native trim disabled

---------------  S Y S T E M  ---------------

OS:
 Windows 11 , 64 bit Build 26100 (10.0.26100.2454)
OS uptime: 0 days 0:16 hours

CPU: total 8 (initial active 8) (4 cores per cpu, 2 threads per core) family 6 model 140 stepping 1 microcode 0x86, cx8, cmov, fxsr, ht, mmx, 3dnowpref, sse, sse2, sse3, ssse3, sse4.1, sse4.2, popcnt, lzcnt, tsc, tscinvbit, avx, avx2, aes, erms, clmul, bmi1, bmi2, adx, avx512f, avx512dq, avx512cd, avx512bw, avx512vl, sha, fma, vzeroupper, avx512_vpopcntdq, avx512_vpclmulqdq, avx512_vaes, avx512_vnni, clflush, clflushopt, clwb, avx512_vbmi2, avx512_vbmi, rdtscp, rdpid, fsrm, gfni, avx512_bitalg, f16c, pku, cet_ibt, cet_ss, avx512_ifma
Processor Information for the first 8 processors :
  Max Mhz: 2419, Current Mhz: 1007, Mhz Limit: 2419

Memory: 4k page, system-wide physical 7886M (770M free)
TotalPageFile size 11287M (AvailPageFile size 12M)
current process WorkingSet (physical memory assigned to process): 267M, peak: 272M
current process commit charge ("private bytes"): 331M, peak: 336M

vm_info: OpenJDK 64-Bit Server VM (21.0.6+7-LTS) for windows-amd64 JRE (21.0.6+7-LTS), built on 2025-01-21T00:00:00Z by "admin" with MS VC++ 17.7 (VS2022)

END.
