#
# There is insufficient memory for the Java Runtime Environment to continue.
# Native memory allocation (malloc) failed to allocate 1514256 bytes. Error detail: Chunk::new
# Possible reasons:
#   The system is out of physical RAM or swap space
#   This process is running with CompressedOops enabled, and the Java Heap may be blocking the growth of the native heap
# Possible solutions:
#   Reduce memory load on the system
#   Increase physical memory or swap space
#   Check if swap backing store is full
#   Decrease Java heap size (-Xmx/-Xms)
#   Decrease number of Java threads
#   Decrease Java thread stack sizes (-Xss)
#   Set larger code cache with -XX:ReservedCodeCacheSize=
#   JVM is running with Unscaled Compressed Oops mode in which the Java heap is
#     placed in the first 4GB address space. The Java Heap base address is the
#     maximum limit for the native heap growth. Please use -XX:HeapBaseMinAddress
#     to set the Java Heap base and to place the Java Heap above 4GB virtual address.
# This output file may be truncated or incomplete.
#
#  Out of Memory Error (arena.cpp:168), pid=16448, tid=4892
#
# JRE version: OpenJDK Runtime Environment Temurin-21.0.8+9 (21.0.8+9) (build 21.0.8+9-LTS)
# Java VM: OpenJDK 64-Bit Server VM Temurin-21.0.8+9 (21.0.8+9-LTS, mixed mode, sharing, tiered, compressed oops, compressed class ptrs, parallel gc, windows-amd64)
# No core dump will be written. Minidumps are not enabled by default on client versions of Windows
#

---------------  S U M M A R Y ------------

Command Line: --add-modules=ALL-SYSTEM --add-opens=java.base/java.util=ALL-UNNAMED --add-opens=java.base/java.lang=ALL-UNNAMED --add-opens=java.base/sun.nio.fs=ALL-UNNAMED -Declipse.application=org.eclipse.jdt.ls.core.id1 -Dosgi.bundles.defaultStartLevel=4 -Declipse.product=org.eclipse.jdt.ls.core.product -Djava.import.generatesMetadataFilesAtProjectRoot=false -DDetectVMInstallationsJob.disabled=true -Dfile.encoding=utf8 -XX:+UseParallelGC -XX:GCTimeRatio=4 -XX:AdaptiveSizePolicyWeight=90 -Dsun.zip.disableMemoryMapping=true -Xmx2G -Xms100m -Xlog:disable -javaagent:c:\Users\Asus\.vscode\extensions\redhat.java-1.44.0-win32-x64\lombok\lombok-1.18.39-4050.jar c:\Users\Asus\.vscode\extensions\redhat.java-1.44.0-win32-x64\server\plugins\org.eclipse.equinox.launcher_1.7.0.v20250519-0528.jar -configuration c:\Users\Asus\AppData\Roaming\Code\User\globalStorage\redhat.java\1.44.0\config_ss_win -data c:\Users\Asus\AppData\Roaming\Code\User\workspaceStorage\6f0e533d9ff133c7631d155b4f25a028\redhat.java\ss_ws --pipe=\\.\pipe\lsp-67dedaef03a6644d2326915c4c903fe7-sock

Host: 11th Gen Intel(R) Core(TM) i5-1135G7 @ 2.40GHz, 8 cores, 7G,  Windows 11 , 64 bit Build 26100 (10.0.26100.2454)
Time: Tue Aug 19 14:44:34 2025 India Standard Time elapsed time: 10.116206 seconds (0d 0h 0m 10s)

---------------  T H R E A D  ---------------

Current thread (0x000002076eea1230):  JavaThread "C2 CompilerThread2" daemon [_thread_in_native, id=4892, stack(0x000000c650c00000,0x000000c650d00000) (1024K)]


Current CompileTask:
C2:10116 2609       4       java.lang.invoke.MethodType::makeImpl (109 bytes)

Stack: [0x000000c650c00000,0x000000c650d00000]
Native frames: (J=compiled Java code, j=interpreted, Vv=VM code, C=native code)
V  [jvm.dll+0x6d2449]
V  [jvm.dll+0x8ae341]
V  [jvm.dll+0x8b08be]
V  [jvm.dll+0x8b0fa3]
V  [jvm.dll+0x280c96]
V  [jvm.dll+0xc581d]
V  [jvm.dll+0xc5d53]
V  [jvm.dll+0x3b9162]
V  [jvm.dll+0x385315]
V  [jvm.dll+0x38477a]
V  [jvm.dll+0x248ed0]
V  [jvm.dll+0x2484af]
V  [jvm.dll+0x1c89ee]
V  [jvm.dll+0x257d4d]
V  [jvm.dll+0x2562ea]
V  [jvm.dll+0x3f2d16]
V  [jvm.dll+0x857e6b]
V  [jvm.dll+0x6d0b0d]
C  [ucrtbase.dll+0x14ea0]
C  [KERNEL32.DLL+0x2e8d7]
C  [ntdll.dll+0xdfbcc]


---------------  P R O C E S S  ---------------

Threads class SMR info:
_java_thread_list=0x000002077322e860, length=22, elements={
0x00000207567acda0, 0x000002076d20e9d0, 0x000002076d210a40, 0x000002076d21cab0,
0x000002076d21d140, 0x000002076d21eb80, 0x000002076d21f210, 0x000002076d22d420,
0x000002076d239160, 0x000002076d21e4f0, 0x000002076d21d7d0, 0x000002076d21de60,
0x000002076d21c420, 0x000002076d21bd90, 0x0000020773316c10, 0x0000020773316580,
0x0000020773802090, 0x000002076eea1230, 0x00000207733151d0, 0x00000207733144b0,
0x0000020773315ef0, 0x00000207733172a0
}

Java Threads: ( => current thread )
  0x00000207567acda0 JavaThread "main"                              [_thread_blocked, id=15080, stack(0x000000c64f100000,0x000000c64f200000) (1024K)]
  0x000002076d20e9d0 JavaThread "Reference Handler"          daemon [_thread_blocked, id=6432, stack(0x000000c64f500000,0x000000c64f600000) (1024K)]
  0x000002076d210a40 JavaThread "Finalizer"                  daemon [_thread_blocked, id=15576, stack(0x000000c64f600000,0x000000c64f700000) (1024K)]
  0x000002076d21cab0 JavaThread "Signal Dispatcher"          daemon [_thread_blocked, id=3096, stack(0x000000c64f700000,0x000000c64f800000) (1024K)]
  0x000002076d21d140 JavaThread "Attach Listener"            daemon [_thread_blocked, id=17728, stack(0x000000c64f800000,0x000000c64f900000) (1024K)]
  0x000002076d21eb80 JavaThread "Service Thread"             daemon [_thread_blocked, id=15468, stack(0x000000c64f900000,0x000000c64fa00000) (1024K)]
  0x000002076d21f210 JavaThread "Monitor Deflation Thread"   daemon [_thread_blocked, id=11892, stack(0x000000c64fa00000,0x000000c64fb00000) (1024K)]
  0x000002076d22d420 JavaThread "C2 CompilerThread0"         daemon [_thread_blocked, id=16692, stack(0x000000c64fb00000,0x000000c64fc00000) (1024K)]
  0x000002076d239160 JavaThread "C1 CompilerThread0"         daemon [_thread_in_native, id=11404, stack(0x000000c64fc00000,0x000000c64fd00000) (1024K)]
  0x000002076d21e4f0 JavaThread "Common-Cleaner"             daemon [_thread_blocked, id=12016, stack(0x000000c64fd00000,0x000000c64fe00000) (1024K)]
  0x000002076d21d7d0 JavaThread "Notification Thread"        daemon [_thread_blocked, id=22220, stack(0x000000c64ff00000,0x000000c650000000) (1024K)]
  0x000002076d21de60 JavaThread "Active Thread: Equinox Container: 407e0554-0c56-4b4e-8274-787a5ade7645"        [_thread_blocked, id=15988, stack(0x000000c650700000,0x000000c650800000) (1024K)]
  0x000002076d21c420 JavaThread "Framework Event Dispatcher: Equinox Container: 407e0554-0c56-4b4e-8274-787a5ade7645" daemon [_thread_blocked, id=16120, stack(0x000000c64fe00000,0x000000c64ff00000) (1024K)]
  0x000002076d21bd90 JavaThread "Start Level: Equinox Container: 407e0554-0c56-4b4e-8274-787a5ade7645" daemon [_thread_in_native, id=17888, stack(0x000000c650000000,0x000000c650100000) (1024K)]
  0x0000020773316c10 JavaThread "SCR Component Actor"        daemon [_thread_blocked, id=7288, stack(0x000000c650900000,0x000000c650a00000) (1024K)]
  0x0000020773316580 JavaThread "SCR Component Registry"     daemon [_thread_blocked, id=3532, stack(0x000000c650a00000,0x000000c650b00000) (1024K)]
  0x0000020773802090 JavaThread "C2 CompilerThread1"         daemon [_thread_blocked, id=22984, stack(0x000000c650b00000,0x000000c650c00000) (1024K)]
=>0x000002076eea1230 JavaThread "C2 CompilerThread2"         daemon [_thread_in_native, id=4892, stack(0x000000c650c00000,0x000000c650d00000) (1024K)]
  0x00000207733151d0 JavaThread "Worker-JM"                         [_thread_blocked, id=15460, stack(0x000000c650d00000,0x000000c650e00000) (1024K)]
  0x00000207733144b0 JavaThread "JNA Cleaner"                daemon [_thread_blocked, id=10916, stack(0x000000c650e00000,0x000000c650f00000) (1024K)]
  0x0000020773315ef0 JavaThread "Worker-0"                          [_thread_blocked, id=16708, stack(0x000000c650f00000,0x000000c651000000) (1024K)]
  0x00000207733172a0 JavaThread "Worker-1"                          [_thread_blocked, id=18796, stack(0x000000c651000000,0x000000c651100000) (1024K)]
Total: 22

Other Threads:
  0x000002075686e990 VMThread "VM Thread"                           [id=14792, stack(0x000000c64f400000,0x000000c64f500000) (1024K)]
  0x000002076d12c7e0 WatcherThread "VM Periodic Task Thread"        [id=20308, stack(0x000000c64f300000,0x000000c64f400000) (1024K)]
  0x00000207567cc320 WorkerThread "GC Thread#0"                     [id=8052, stack(0x000000c64f200000,0x000000c64f300000) (1024K)]
  0x000002077390b990 WorkerThread "GC Thread#1"                     [id=9692, stack(0x000000c650100000,0x000000c650200000) (1024K)]
  0x000002077334d170 WorkerThread "GC Thread#2"                     [id=16740, stack(0x000000c650200000,0x000000c650300000) (1024K)]
  0x000002077334d510 WorkerThread "GC Thread#3"                     [id=15368, stack(0x000000c650300000,0x000000c650400000) (1024K)]
  0x000002077334d8b0 WorkerThread "GC Thread#4"                     [id=2576, stack(0x000000c650400000,0x000000c650500000) (1024K)]
  0x00000207733d4dc0 WorkerThread "GC Thread#5"                     [id=9880, stack(0x000000c650500000,0x000000c650600000) (1024K)]
  0x00000207733d5500 WorkerThread "GC Thread#6"                     [id=8840, stack(0x000000c650600000,0x000000c650700000) (1024K)]
  0x00000207733d58a0 WorkerThread "GC Thread#7"                     [id=16200, stack(0x000000c650800000,0x000000c650900000) (1024K)]
Total: 10

Threads with active compile tasks:
C1 CompilerThread0  10140 2697       1       lombok.patcher.scripts.AddFieldScript::access$0 (5 bytes)
C2 CompilerThread2  10140 2609       4       java.lang.invoke.MethodType::makeImpl (109 bytes)
Total: 2

VM state: not at safepoint (normal execution)

VM Mutex/Monitor currently owned by a thread: None

Heap address: 0x0000000080000000, size: 2048 MB, Compressed Oops mode: 32-bit

CDS archive(s) mapped at: [0x0000020700000000-0x0000020700ba0000-0x0000020700ba0000), size 12189696, SharedBaseAddress: 0x0000020700000000, ArchiveRelocationMode: 1.
Compressed class space mapped at: 0x0000020701000000-0x0000020741000000, reserved size: 1073741824
Narrow klass base: 0x0000020700000000, Narrow klass shift: 0, Narrow klass range: 0x100000000

GC Precious Log:
 CardTable entry size: 512
 CPUs: 8 total, 8 available
 Memory: 7886M
 Large Page Support: Disabled
 NUMA Support: Disabled
 Compressed Oops: Enabled (32-bit)
 Alignments: Space 512K, Generation 512K, Heap 2M
 Heap Min Capacity: 100M
 Heap Initial Capacity: 100M
 Heap Max Capacity: 2G
 Pre-touch: Disabled
 Parallel Workers: 8

Heap:
 PSYoungGen      total 29696K, used 19053K [0x00000000d5580000, 0x00000000d7680000, 0x0000000100000000)
  eden space 25600K, 58% used [0x00000000d5580000,0x00000000d641cf80,0x00000000d6e80000)
  from space 4096K, 99% used [0x00000000d7280000,0x00000000d767e6a0,0x00000000d7680000)
  to   space 4096K, 0% used [0x00000000d6e80000,0x00000000d6e80000,0x00000000d7280000)
 ParOldGen       total 68608K, used 4805K [0x0000000080000000, 0x0000000084300000, 0x00000000d5580000)
  object space 68608K, 7% used [0x0000000080000000,0x00000000804b16d0,0x0000000084300000)
 Metaspace       used 18026K, committed 18752K, reserved 1114112K
  class space    used 1839K, committed 2176K, reserved 1048576K

Card table byte_map: [0x0000020756150000,0x0000020756560000] _byte_map_base: 0x0000020755d50000

Marking Bits: (ParMarkBitMap*) 0x00007ffda349a340
 Begin Bits: [0x0000020768c50000, 0x000002076ac50000)
 End Bits:   [0x000002076ac50000, 0x000002076cc50000)

Polling page: 0x0000020755f20000

Metaspace:

Usage:
  Non-class:     15.81 MB used.
      Class:      1.80 MB used.
       Both:     17.60 MB used.

Virtual space:
  Non-class space:       64.00 MB reserved,      16.19 MB ( 25%) committed,  1 nodes.
      Class space:        1.00 GB reserved,       2.12 MB ( <1%) committed,  1 nodes.
             Both:        1.06 GB reserved,      18.31 MB (  2%) committed. 

Chunk freelists:
   Non-Class:  15.34 MB
       Class:  13.73 MB
        Both:  29.07 MB

MaxMetaspaceSize: unlimited
CompressedClassSpaceSize: 1.00 GB
Initial GC threshold: 21.00 MB
Current GC threshold: 21.00 MB
CDS: on
 - commit_granule_bytes: 65536.
 - commit_granule_words: 8192.
 - virtual_space_node_default_size: 8388608.
 - enlarge_chunks_in_place: 1.
 - use_allocation_guard: 0.


Internal statistics:

num_allocs_failed_limit: 0.
num_arena_births: 500.
num_arena_deaths: 0.
num_vsnodes_births: 2.
num_vsnodes_deaths: 0.
num_space_committed: 293.
num_space_uncommitted: 0.
num_chunks_returned_to_freelist: 0.
num_chunks_taken_from_freelist: 1174.
num_chunk_merges: 0.
num_chunk_splits: 747.
num_chunks_enlarged: 479.
num_inconsistent_stats: 0.

CodeHeap 'non-profiled nmethods': size=120000Kb used=1147Kb max_used=1147Kb free=118852Kb
 bounds [0x0000020761470000, 0x00000207616e0000, 0x00000207689a0000]
CodeHeap 'profiled nmethods': size=120000Kb used=5213Kb max_used=5213Kb free=114787Kb
 bounds [0x00000207599a0000, 0x0000020759ec0000, 0x0000020760ed0000]
CodeHeap 'non-nmethods': size=5760Kb used=1285Kb max_used=1315Kb free=4474Kb
 bounds [0x0000020760ed0000, 0x0000020761140000, 0x0000020761470000]
CodeCache: size=245760Kb, used=7645Kb, max_used=7675Kb, free=238113Kb
 total_blobs=3243, nmethods=2694, adapters=455, full_count=0
Compilation: enabled, stopped_count=0, restarted_count=0

Compilation events (20 events):
Event: 9.091 Thread 0x000002076d239160 nmethod 2685 0x0000020759ead110 code [0x0000020759ead380, 0x0000020759eadf30]
Event: 9.091 Thread 0x000002076d239160 2686       3       org.lombokweb.asm.SymbolTable::addConstantFieldref (10 bytes)
Event: 9.091 Thread 0x000002076d239160 nmethod 2686 0x0000020759eae390 code [0x0000020759eae540, 0x0000020759eae698]
Event: 9.091 Thread 0x000002076d239160 2687       3       org.lombokweb.asm.MethodWriter::visitVarInsn (302 bytes)
Event: 9.092 Thread 0x000002076d239160 nmethod 2687 0x0000020759eae790 code [0x0000020759eaea00, 0x0000020759eaf388]
Event: 9.092 Thread 0x0000020773802090 nmethod 2683 0x000002076158e090 code [0x000002076158e260, 0x000002076158e628]
Event: 9.095 Thread 0x000002076d239160 2688       3       org.lombokweb.asm.Type::hashCode (68 bytes)
Event: 9.096 Thread 0x000002076d239160 nmethod 2688 0x0000020759eaf610 code [0x0000020759eaf820, 0x0000020759eaff10]
Event: 9.096 Thread 0x000002076d239160 2689       3       org.lombokweb.asm.MethodVisitor::visitLabel (16 bytes)
Event: 9.096 Thread 0x000002076d239160 nmethod 2689 0x0000020759eb0210 code [0x0000020759eb03c0, 0x0000020759eb05c8]
Event: 9.096 Thread 0x000002076d239160 2690       3       org.lombokweb.asm.Label::accept (69 bytes)
Event: 9.096 Thread 0x000002076d239160 nmethod 2690 0x0000020759eb0690 code [0x0000020759eb0880, 0x0000020759eb0db8]
Event: 9.114 Thread 0x000002076d239160 2691       3       java.io.BufferedInputStream::getBufIfOpen (61 bytes)
Event: 9.114 Thread 0x000002076d239160 nmethod 2691 0x0000020759eb0f90 code [0x0000020759eb1160, 0x0000020759eb14e8]
Event: 9.859 Thread 0x000002076d239160 2692       3       java.util.concurrent.TimeUnit::toNanos (45 bytes)
Event: 9.859 Thread 0x000002076d239160 nmethod 2692 0x0000020759eb1610 code [0x0000020759eb17c0, 0x0000020759eb1a10]
Event: 9.975 Thread 0x000002076d239160 2693       3       java.util.concurrent.Semaphore$NonfairSync::tryAcquireShared (6 bytes)
Event: 9.976 Thread 0x000002076d239160 nmethod 2693 0x0000020759eb1a90 code [0x0000020759eb1c40, 0x0000020759eb1d78]
Event: 9.976 Thread 0x000002076d239160 2694       3       java.util.concurrent.Semaphore$Sync::nonfairTryAcquireShared (27 bytes)
Event: 9.976 Thread 0x000002076d239160 nmethod 2694 0x0000020759eb1e10 code [0x0000020759eb1fc0, 0x0000020759eb2210]

GC Heap History (8 events):
Event: 0.983 GC heap before
{Heap before GC invocations=1 (full 0):
 PSYoungGen      total 29696K, used 25600K [0x00000000d5580000, 0x00000000d7680000, 0x0000000100000000)
  eden space 25600K, 100% used [0x00000000d5580000,0x00000000d6e80000,0x00000000d6e80000)
  from space 4096K, 0% used [0x00000000d7280000,0x00000000d7280000,0x00000000d7680000)
  to   space 4096K, 0% used [0x00000000d6e80000,0x00000000d6e80000,0x00000000d7280000)
 ParOldGen       total 68608K, used 0K [0x0000000080000000, 0x0000000084300000, 0x00000000d5580000)
  object space 68608K, 0% used [0x0000000080000000,0x0000000080000000,0x0000000084300000)
 Metaspace       used 4318K, committed 4608K, reserved 1114112K
  class space    used 471K, committed 576K, reserved 1048576K
}
Event: 0.990 GC heap after
{Heap after GC invocations=1 (full 0):
 PSYoungGen      total 29696K, used 3343K [0x00000000d5580000, 0x00000000d7680000, 0x0000000100000000)
  eden space 25600K, 0% used [0x00000000d5580000,0x00000000d5580000,0x00000000d6e80000)
  from space 4096K, 81% used [0x00000000d6e80000,0x00000000d71c3e68,0x00000000d7280000)
  to   space 4096K, 0% used [0x00000000d7280000,0x00000000d7280000,0x00000000d7680000)
 ParOldGen       total 68608K, used 16K [0x0000000080000000, 0x0000000084300000, 0x00000000d5580000)
  object space 68608K, 0% used [0x0000000080000000,0x0000000080004000,0x0000000084300000)
 Metaspace       used 4318K, committed 4608K, reserved 1114112K
  class space    used 471K, committed 576K, reserved 1048576K
}
Event: 8.061 GC heap before
{Heap before GC invocations=2 (full 0):
 PSYoungGen      total 29696K, used 28943K [0x00000000d5580000, 0x00000000d7680000, 0x0000000100000000)
  eden space 25600K, 100% used [0x00000000d5580000,0x00000000d6e80000,0x00000000d6e80000)
  from space 4096K, 81% used [0x00000000d6e80000,0x00000000d71c3e68,0x00000000d7280000)
  to   space 4096K, 0% used [0x00000000d7280000,0x00000000d7280000,0x00000000d7680000)
 ParOldGen       total 68608K, used 16K [0x0000000080000000, 0x0000000084300000, 0x00000000d5580000)
  object space 68608K, 0% used [0x0000000080000000,0x0000000080004000,0x0000000084300000)
 Metaspace       used 8184K, committed 8448K, reserved 1114112K
  class space    used 871K, committed 1024K, reserved 1048576K
}
Event: 8.065 GC heap after
{Heap after GC invocations=2 (full 0):
 PSYoungGen      total 29696K, used 4092K [0x00000000d5580000, 0x00000000d7680000, 0x0000000100000000)
  eden space 25600K, 0% used [0x00000000d5580000,0x00000000d5580000,0x00000000d6e80000)
  from space 4096K, 99% used [0x00000000d7280000,0x00000000d767f398,0x00000000d7680000)
  to   space 4096K, 0% used [0x00000000d6e80000,0x00000000d6e80000,0x00000000d7280000)
 ParOldGen       total 68608K, used 906K [0x0000000080000000, 0x0000000084300000, 0x00000000d5580000)
  object space 68608K, 1% used [0x0000000080000000,0x00000000800e2830,0x0000000084300000)
 Metaspace       used 8184K, committed 8448K, reserved 1114112K
  class space    used 871K, committed 1024K, reserved 1048576K
}
Event: 8.521 GC heap before
{Heap before GC invocations=3 (full 0):
 PSYoungGen      total 29696K, used 29640K [0x00000000d5580000, 0x00000000d7680000, 0x0000000100000000)
  eden space 25600K, 99% used [0x00000000d5580000,0x00000000d6e72f30,0x00000000d6e80000)
  from space 4096K, 99% used [0x00000000d7280000,0x00000000d767f398,0x00000000d7680000)
  to   space 4096K, 0% used [0x00000000d6e80000,0x00000000d6e80000,0x00000000d7280000)
 ParOldGen       total 68608K, used 906K [0x0000000080000000, 0x0000000084300000, 0x00000000d5580000)
  object space 68608K, 1% used [0x0000000080000000,0x00000000800e2830,0x0000000084300000)
 Metaspace       used 12980K, committed 13504K, reserved 1114112K
  class space    used 1374K, committed 1600K, reserved 1048576K
}
Event: 8.525 GC heap after
{Heap after GC invocations=3 (full 0):
 PSYoungGen      total 29696K, used 4085K [0x00000000d5580000, 0x00000000d7680000, 0x0000000100000000)
  eden space 25600K, 0% used [0x00000000d5580000,0x00000000d5580000,0x00000000d6e80000)
  from space 4096K, 99% used [0x00000000d6e80000,0x00000000d727d438,0x00000000d7280000)
  to   space 4096K, 0% used [0x00000000d7280000,0x00000000d7280000,0x00000000d7680000)
 ParOldGen       total 68608K, used 2701K [0x0000000080000000, 0x0000000084300000, 0x00000000d5580000)
  object space 68608K, 3% used [0x0000000080000000,0x00000000802a3468,0x0000000084300000)
 Metaspace       used 12980K, committed 13504K, reserved 1114112K
  class space    used 1374K, committed 1600K, reserved 1048576K
}
Event: 9.043 GC heap before
{Heap before GC invocations=4 (full 0):
 PSYoungGen      total 29696K, used 29685K [0x00000000d5580000, 0x00000000d7680000, 0x0000000100000000)
  eden space 25600K, 100% used [0x00000000d5580000,0x00000000d6e80000,0x00000000d6e80000)
  from space 4096K, 99% used [0x00000000d6e80000,0x00000000d727d438,0x00000000d7280000)
  to   space 4096K, 0% used [0x00000000d7280000,0x00000000d7280000,0x00000000d7680000)
 ParOldGen       total 68608K, used 2701K [0x0000000080000000, 0x0000000084300000, 0x00000000d5580000)
  object space 68608K, 3% used [0x0000000080000000,0x00000000802a3468,0x0000000084300000)
 Metaspace       used 16987K, committed 17664K, reserved 1114112K
  class space    used 1788K, committed 2112K, reserved 1048576K
}
Event: 9.046 GC heap after
{Heap after GC invocations=4 (full 0):
 PSYoungGen      total 29696K, used 4089K [0x00000000d5580000, 0x00000000d7680000, 0x0000000100000000)
  eden space 25600K, 0% used [0x00000000d5580000,0x00000000d5580000,0x00000000d6e80000)
  from space 4096K, 99% used [0x00000000d7280000,0x00000000d767e6a0,0x00000000d7680000)
  to   space 4096K, 0% used [0x00000000d6e80000,0x00000000d6e80000,0x00000000d7280000)
 ParOldGen       total 68608K, used 4805K [0x0000000080000000, 0x0000000084300000, 0x00000000d5580000)
  object space 68608K, 7% used [0x0000000080000000,0x00000000804b16d0,0x0000000084300000)
 Metaspace       used 16987K, committed 17664K, reserved 1114112K
  class space    used 1788K, committed 2112K, reserved 1048576K
}

Dll operation events (10 events):
Event: 0.039 Loaded shared library c:\Users\Asus\.vscode\extensions\redhat.java-1.44.0-win32-x64\jre\21.0.8-win32-x86_64\bin\java.dll
Event: 0.127 Loaded shared library c:\Users\Asus\.vscode\extensions\redhat.java-1.44.0-win32-x64\jre\21.0.8-win32-x86_64\bin\zip.dll
Event: 0.157 Loaded shared library C:\Users\Asus\.vscode\extensions\redhat.java-1.44.0-win32-x64\jre\21.0.8-win32-x86_64\bin\instrument.dll
Event: 0.165 Loaded shared library C:\Users\Asus\.vscode\extensions\redhat.java-1.44.0-win32-x64\jre\21.0.8-win32-x86_64\bin\net.dll
Event: 0.169 Loaded shared library C:\Users\Asus\.vscode\extensions\redhat.java-1.44.0-win32-x64\jre\21.0.8-win32-x86_64\bin\nio.dll
Event: 0.173 Loaded shared library C:\Users\Asus\.vscode\extensions\redhat.java-1.44.0-win32-x64\jre\21.0.8-win32-x86_64\bin\zip.dll
Event: 0.213 Loaded shared library C:\Users\Asus\.vscode\extensions\redhat.java-1.44.0-win32-x64\jre\21.0.8-win32-x86_64\bin\jimage.dll
Event: 0.327 Loaded shared library c:\Users\Asus\.vscode\extensions\redhat.java-1.44.0-win32-x64\jre\21.0.8-win32-x86_64\bin\verify.dll
Event: 8.114 Loaded shared library C:\Users\Asus\AppData\Roaming\Code\User\globalStorage\redhat.java\1.44.0\config_ss_win\org.eclipse.equinox.launcher\org.eclipse.equinox.launcher.win32.win32.x86_64_1.2.1400.v20250730-1736\eclipse_11913.dll
Event: 8.887 Loaded shared library C:\Users\Asus\AppData\Local\Temp\jna-2050672\jna17880470075550031995.dll

Deoptimization events (20 events):
Event: 9.012 Thread 0x000002076d21bd90 Uncommon trap: trap_request=0xffffffde fr.pc=0x0000020761562314 relative=0x00000000000003b4
Event: 9.012 Thread 0x000002076d21bd90 Uncommon trap: reason=class_check action=maybe_recompile pc=0x0000020761562314 method=java.util.regex.Pattern$BmpCharPropertyGreedy.match(Ljava/util/regex/Matcher;ILjava/lang/CharSequence;)Z @ 70 c2
Event: 9.012 Thread 0x000002076d21bd90 DEOPT PACKING pc=0x0000020761562314 sp=0x000000c6500ef4e0
Event: 9.012 Thread 0x000002076d21bd90 DEOPT UNPACKING pc=0x0000020760f26da2 sp=0x000000c6500ef488 mode 2
Event: 9.012 Thread 0x000002076d21bd90 Uncommon trap: trap_request=0xffffffde fr.pc=0x0000020761562314 relative=0x00000000000003b4
Event: 9.012 Thread 0x000002076d21bd90 Uncommon trap: reason=class_check action=maybe_recompile pc=0x0000020761562314 method=java.util.regex.Pattern$BmpCharPropertyGreedy.match(Ljava/util/regex/Matcher;ILjava/lang/CharSequence;)Z @ 70 c2
Event: 9.012 Thread 0x000002076d21bd90 DEOPT PACKING pc=0x0000020761562314 sp=0x000000c6500ef330
Event: 9.012 Thread 0x000002076d21bd90 DEOPT UNPACKING pc=0x0000020760f26da2 sp=0x000000c6500ef2d8 mode 2
Event: 9.012 Thread 0x000002076d21bd90 Uncommon trap: trap_request=0xffffffde fr.pc=0x0000020761562314 relative=0x00000000000003b4
Event: 9.012 Thread 0x000002076d21bd90 Uncommon trap: reason=class_check action=maybe_recompile pc=0x0000020761562314 method=java.util.regex.Pattern$BmpCharPropertyGreedy.match(Ljava/util/regex/Matcher;ILjava/lang/CharSequence;)Z @ 70 c2
Event: 9.012 Thread 0x000002076d21bd90 DEOPT PACKING pc=0x0000020761562314 sp=0x000000c6500ef4f0
Event: 9.013 Thread 0x000002076d21bd90 DEOPT UNPACKING pc=0x0000020760f26da2 sp=0x000000c6500ef498 mode 2
Event: 9.013 Thread 0x000002076d21bd90 Uncommon trap: trap_request=0xffffffde fr.pc=0x0000020761562314 relative=0x00000000000003b4
Event: 9.013 Thread 0x000002076d21bd90 Uncommon trap: reason=class_check action=maybe_recompile pc=0x0000020761562314 method=java.util.regex.Pattern$BmpCharPropertyGreedy.match(Ljava/util/regex/Matcher;ILjava/lang/CharSequence;)Z @ 70 c2
Event: 9.013 Thread 0x000002076d21bd90 DEOPT PACKING pc=0x0000020761562314 sp=0x000000c6500ef340
Event: 9.013 Thread 0x000002076d21bd90 DEOPT UNPACKING pc=0x0000020760f26da2 sp=0x000000c6500ef2e8 mode 2
Event: 9.060 Thread 0x000002076d21bd90 Uncommon trap: trap_request=0xffffff45 fr.pc=0x00000207615865c8 relative=0x00000000000007c8
Event: 9.060 Thread 0x000002076d21bd90 Uncommon trap: reason=unstable_if action=reinterpret pc=0x00000207615865c8 method=org.lombokweb.asm.ClassReader.readUTF8(I[C)Ljava/lang/String; @ 11 c2
Event: 9.060 Thread 0x000002076d21bd90 DEOPT PACKING pc=0x00000207615865c8 sp=0x000000c6500ef480
Event: 9.060 Thread 0x000002076d21bd90 DEOPT UNPACKING pc=0x0000020760f26da2 sp=0x000000c6500ef468 mode 2

Classes loaded (20 events):
Event: 9.021 Loading class java/io/StringReader
Event: 9.021 Loading class java/io/StringReader done
Event: 9.024 Loading class java/util/zip/GZIPInputStream
Event: 9.024 Loading class java/util/zip/GZIPInputStream done
Event: 9.029 Loading class java/net/SocketTimeoutException
Event: 9.029 Loading class java/io/InterruptedIOException
Event: 9.029 Loading class java/io/InterruptedIOException done
Event: 9.029 Loading class java/net/SocketTimeoutException done
Event: 9.029 Loading class java/net/SocketException
Event: 9.029 Loading class java/net/SocketException done
Event: 9.029 Loading class java/net/UnknownHostException
Event: 9.029 Loading class java/net/UnknownHostException done
Event: 9.029 Loading class java/net/ProtocolException
Event: 9.029 Loading class java/net/ProtocolException done
Event: 9.042 Loading class java/lang/ThreadLocal$SuppliedThreadLocal
Event: 9.042 Loading class java/lang/ThreadLocal$SuppliedThreadLocal done
Event: 9.053 Loading class java/io/FileWriter
Event: 9.053 Loading class java/io/FileWriter done
Event: 9.054 Loading class java/lang/NegativeArraySizeException
Event: 9.054 Loading class java/lang/NegativeArraySizeException done

Classes unloaded (0 events):
No events

Classes redefined (0 events):
No events

Internal exceptions (20 events):
Event: 8.901 Thread 0x000002076d21bd90 Exception <a 'java/lang/NoSuchMethodError'{0x00000000d64175a0}: 'void java.lang.invoke.DirectMethodHandle$Holder.invokeSpecial(java.lang.Object, java.lang.Object, java.lang.Object, int)'> (0x00000000d64175a0) 
thrown [s\src\hotspot\share\interpreter\linkResolver.cpp, line 773]
Event: 8.902 Thread 0x000002076d21bd90 Exception <a 'java/lang/NoSuchMethodError'{0x00000000d641af30}: 'void java.lang.invoke.DelegatingMethodHandle$Holder.reinvoke_L(java.lang.Object, java.lang.Object, int)'> (0x00000000d641af30) 
thrown [s\src\hotspot\share\interpreter\linkResolver.cpp, line 773]
Event: 8.902 Thread 0x000002076d21bd90 Exception <a 'java/lang/NoSuchMethodError'{0x00000000d6421c18}: 'int java.lang.invoke.Invokers$Holder.invokeExact_MT(java.lang.Object, java.lang.Object, java.lang.Object)'> (0x00000000d6421c18) 
thrown [s\src\hotspot\share\interpreter\linkResolver.cpp, line 773]
Event: 8.914 Thread 0x000002076d21bd90 Exception <a 'java/lang/NoSuchMethodError'{0x00000000d6532b08}: 'void java.lang.invoke.Invokers$Holder.invokeExact_MT(java.lang.Object, java.lang.Object, int, java.lang.Object)'> (0x00000000d6532b08) 
thrown [s\src\hotspot\share\interpreter\linkResolver.cpp, line 773]
Event: 8.941 Thread 0x000002076d21bd90 Exception <a 'java/lang/NoSuchMethodError'{0x00000000d662e2d8}: 'java.lang.Object java.lang.invoke.DirectMethodHandle$Holder.invokeSpecial(java.lang.Object, java.lang.Object, java.lang.Object, long, java.lang.Object)'> (0x00000000d662e2d8) 
thrown [s\src\hotspot\share\interpreter\linkResolver.cpp, line 773]
Event: 8.942 Thread 0x000002076d21bd90 Exception <a 'java/lang/NoSuchMethodError'{0x00000000d6635b20}: 'java.lang.Object java.lang.invoke.DirectMethodHandle$Holder.newInvokeSpecial(java.lang.Object, java.lang.Object, java.lang.Object, long)'> (0x00000000d6635b20) 
thrown [s\src\hotspot\share\interpreter\linkResolver.cpp, line 773]
Event: 8.942 Thread 0x000002076d21bd90 Exception <a 'java/lang/NoSuchMethodError'{0x00000000d6639f10}: 'java.lang.Object java.lang.invoke.DirectMethodHandle$Holder.invokeSpecial(java.lang.Object, java.lang.Object, java.lang.Object, java.lang.Object, long)'> (0x00000000d6639f10) 
thrown [s\src\hotspot\share\interpreter\linkResolver.cpp, line 773]
Event: 8.942 Thread 0x000002076d21bd90 Exception <a 'java/lang/NoSuchMethodError'{0x00000000d663db30}: 'java.lang.Object java.lang.invoke.Invokers$Holder.linkToTargetMethod(java.lang.Object, java.lang.Object, long, java.lang.Object)'> (0x00000000d663db30) 
thrown [s\src\hotspot\share\interpreter\linkResolver.cpp, line 773]
Event: 8.950 Thread 0x000002076d21bd90 Exception <a 'java/lang/NoSuchMethodError'{0x00000000d66b01b8}: 'int java.lang.invoke.DirectMethodHandle$Holder.invokeStaticInit(java.lang.Object, java.lang.Object, java.lang.Object)'> (0x00000000d66b01b8) 
thrown [s\src\hotspot\share\interpreter\linkResolver.cpp, line 773]
Event: 8.955 Thread 0x000002076d21bd90 Exception <a 'java/lang/IncompatibleClassChangeError'{0x00000000d6732cb0}: Found class java.lang.Object, but interface was expected> (0x00000000d6732cb0) 
thrown [s\src\hotspot\share\interpreter\linkResolver.cpp, line 840]
Event: 8.961 Thread 0x000002076d21bd90 Exception <a 'java/lang/NoSuchMethodError'{0x00000000d67520c0}: 'java.lang.Object java.lang.invoke.DirectMethodHandle$Holder.invokeSpecial(java.lang.Object, java.lang.Object, java.lang.Object, int, java.lang.Object, java.lang.Object)'> (0x00000000d67520c0) 
thrown [s\src\hotspot\share\interpreter\linkResolver.cpp, line 773]
Event: 8.962 Thread 0x000002076d21bd90 Exception <a 'java/lang/NoSuchMethodError'{0x00000000d6759b98}: 'java.lang.Object java.lang.invoke.DirectMethodHandle$Holder.newInvokeSpecial(java.lang.Object, java.lang.Object, java.lang.Object, int, java.lang.Object)'> (0x00000000d6759b98) 
thrown [s\src\hotspot\share\interpreter\linkResolver.cpp, line 773]
Event: 8.962 Thread 0x000002076d21bd90 Exception <a 'java/lang/NoSuchMethodError'{0x00000000d675db58}: 'java.lang.Object java.lang.invoke.DirectMethodHandle$Holder.invokeSpecial(java.lang.Object, java.lang.Object, java.lang.Object, java.lang.Object, int, java.lang.Object)'> (0x00000000d675db58) 
thrown [s\src\hotspot\share\interpreter\linkResolver.cpp, line 773]
Event: 8.962 Thread 0x000002076d21bd90 Exception <a 'java/lang/NoSuchMethodError'{0x00000000d6761698}: 'java.lang.Object java.lang.invoke.Invokers$Holder.linkToTargetMethod(java.lang.Object, java.lang.Object, int, java.lang.Object, java.lang.Object)'> (0x00000000d6761698) 
thrown [s\src\hotspot\share\interpreter\linkResolver.cpp, line 773]
Event: 8.962 Thread 0x0000020773315ef0 Exception <a 'java/lang/NoSuchMethodError'{0x00000000d66824b0}: 'java.lang.Object java.lang.invoke.DirectMethodHandle$Holder.invokeSpecial(java.lang.Object, java.lang.Object, int, java.lang.Object, java.lang.Object)'> (0x00000000d66824b0) 
thrown [s\src\hotspot\share\interpreter\linkResolver.cpp, line 773]
Event: 8.963 Thread 0x0000020773315ef0 Exception <a 'java/lang/NoSuchMethodError'{0x00000000d66891e8}: 'java.lang.Object java.lang.invoke.DirectMethodHandle$Holder.newInvokeSpecial(java.lang.Object, java.lang.Object, int, java.lang.Object)'> (0x00000000d66891e8) 
thrown [s\src\hotspot\share\interpreter\linkResolver.cpp, line 773]
Event: 8.963 Thread 0x0000020773315ef0 Exception <a 'java/lang/NoSuchMethodError'{0x00000000d668cb08}: 'java.lang.Object java.lang.invoke.DirectMethodHandle$Holder.invokeSpecial(java.lang.Object, java.lang.Object, java.lang.Object, int, java.lang.Object)'> (0x00000000d668cb08) 
thrown [s\src\hotspot\share\interpreter\linkResolver.cpp, line 773]
Event: 8.972 Thread 0x000002076d21bd90 Exception <a 'java/lang/NoSuchMethodError'{0x00000000d6881b80}: 'void java.lang.invoke.DirectMethodHandle$Holder.invokeSpecial(java.lang.Object, java.lang.Object, java.lang.Object, java.lang.Object, java.lang.Object)'> (0x00000000d6881b80) 
thrown [s\src\hotspot\share\interpreter\linkResolver.cpp, line 773]
Event: 9.001 Thread 0x000002076d21bd90 Exception <a 'java/lang/NoSuchMethodError'{0x00000000d6aa2e80}: 'double java.lang.invoke.DirectMethodHandle$Holder.invokeStatic(java.lang.Object, java.lang.Object)'> (0x00000000d6aa2e80) 
thrown [s\src\hotspot\share\interpreter\linkResolver.cpp, line 773]
Event: 9.002 Thread 0x000002076d21bd90 Exception <a 'java/lang/NoSuchMethodError'{0x00000000d6aa6540}: 'double java.lang.invoke.DirectMethodHandle$Holder.invokeStaticInit(java.lang.Object, java.lang.Object)'> (0x00000000d6aa6540) 
thrown [s\src\hotspot\share\interpreter\linkResolver.cpp, line 773]

ZGC Phase Switch (0 events):
No events

VM Operations (20 events):
Event: 8.061 Executing VM operation: ParallelGCFailedAllocation (Allocation Failure)
Event: 8.065 Executing VM operation: ParallelGCFailedAllocation (Allocation Failure) done
Event: 8.166 Executing VM operation: HandshakeAllThreads (Deoptimize)
Event: 8.166 Executing VM operation: HandshakeAllThreads (Deoptimize) done
Event: 8.416 Executing VM operation: HandshakeAllThreads (Deoptimize)
Event: 8.417 Executing VM operation: HandshakeAllThreads (Deoptimize) done
Event: 8.521 Executing VM operation: ParallelGCFailedAllocation (Allocation Failure)
Event: 8.525 Executing VM operation: ParallelGCFailedAllocation (Allocation Failure) done
Event: 8.574 Executing VM operation: HandshakeAllThreads (Deoptimize)
Event: 8.574 Executing VM operation: HandshakeAllThreads (Deoptimize) done
Event: 8.578 Executing VM operation: HandshakeAllThreads (Deoptimize)
Event: 8.578 Executing VM operation: HandshakeAllThreads (Deoptimize) done
Event: 8.589 Executing VM operation: HandshakeAllThreads (Deoptimize)
Event: 8.589 Executing VM operation: HandshakeAllThreads (Deoptimize) done
Event: 8.891 Executing VM operation: HandshakeAllThreads (Deoptimize)
Event: 8.892 Executing VM operation: HandshakeAllThreads (Deoptimize) done
Event: 9.043 Executing VM operation: ParallelGCFailedAllocation (Allocation Failure)
Event: 9.046 Executing VM operation: ParallelGCFailedAllocation (Allocation Failure) done
Event: 10.046 Executing VM operation: Cleanup
Event: 10.046 Executing VM operation: Cleanup done

Memory protections (0 events):
No events

Nmethod flushes (0 events):
No events

Events (20 events):
Event: 0.095 Thread 0x00000207567acda0 Thread added: 0x000002076d21f210
Event: 0.095 Thread 0x00000207567acda0 Thread added: 0x000002076d22d420
Event: 0.096 Thread 0x00000207567acda0 Thread added: 0x000002076d239160
Event: 0.117 Thread 0x00000207567acda0 Thread added: 0x000002076d21e4f0
Event: 0.321 Thread 0x000002076d22d420 Thread added: 0x000002076ed5c490
Event: 0.426 Thread 0x00000207567acda0 Thread added: 0x000002076d21d7d0
Event: 0.622 Thread 0x000002076d239160 Thread added: 0x000002076eeb9810
Event: 1.355 Thread 0x00000207567acda0 Thread added: 0x000002076d21de60
Event: 1.613 Thread 0x000002076eeb9810 Thread exited: 0x000002076eeb9810
Event: 1.613 Thread 0x000002076ed5c490 Thread exited: 0x000002076ed5c490
Event: 8.031 Thread 0x00000207567acda0 Thread added: 0x000002076d21c420
Event: 8.035 Thread 0x00000207567acda0 Thread added: 0x000002076d21bd90
Event: 8.071 Thread 0x000002076d21bd90 Thread added: 0x0000020773316c10
Event: 8.158 Thread 0x000002076d21bd90 Thread added: 0x0000020773316580
Event: 8.243 Thread 0x000002076d239160 Thread added: 0x0000020773802090
Event: 8.243 Thread 0x000002076d239160 Thread added: 0x000002076eea1230
Event: 8.441 Thread 0x000002076d21bd90 Thread added: 0x00000207733151d0
Event: 8.906 Thread 0x000002076d21bd90 Thread added: 0x00000207733144b0
Event: 8.945 Thread 0x000002076d21bd90 Thread added: 0x0000020773315ef0
Event: 8.963 Thread 0x000002076d21bd90 Thread added: 0x00000207733172a0


Dynamic libraries:
0x00007ff62d350000 - 0x00007ff62d35e000 	c:\Users\Asus\.vscode\extensions\redhat.java-1.44.0-win32-x64\jre\21.0.8-win32-x86_64\bin\java.exe
0x00007ffe33c00000 - 0x00007ffe33e63000 	C:\WINDOWS\SYSTEM32\ntdll.dll
0x00007ffe32000000 - 0x00007ffe320c8000 	C:\WINDOWS\System32\KERNEL32.DLL
0x00007ffe31490000 - 0x00007ffe31842000 	C:\WINDOWS\System32\KERNELBASE.dll
0x00007ffe31290000 - 0x00007ffe313db000 	C:\WINDOWS\System32\ucrtbase.dll
0x00007ffe107b0000 - 0x00007ffe107ce000 	c:\Users\Asus\.vscode\extensions\redhat.java-1.44.0-win32-x64\jre\21.0.8-win32-x86_64\bin\VCRUNTIME140.dll
0x00007ffe16a00000 - 0x00007ffe16a18000 	c:\Users\Asus\.vscode\extensions\redhat.java-1.44.0-win32-x64\jre\21.0.8-win32-x86_64\bin\jli.dll
0x00007ffe32a50000 - 0x00007ffe32c18000 	C:\WINDOWS\System32\USER32.dll
0x00007ffe30fd0000 - 0x00007ffe30ff7000 	C:\WINDOWS\System32\win32u.dll
0x00007ffe18c60000 - 0x00007ffe18ef0000 	C:\WINDOWS\WinSxS\amd64_microsoft.windows.common-controls_6595b64144ccf1df_6.0.26100.2454_none_3e0b68a2e331ad60\COMCTL32.dll
0x00007ffe31d40000 - 0x00007ffe31d6a000 	C:\WINDOWS\System32\GDI32.dll
0x00007ffe31c90000 - 0x00007ffe31d39000 	C:\WINDOWS\System32\msvcrt.dll
0x00007ffe310a0000 - 0x00007ffe311cb000 	C:\WINDOWS\System32\gdi32full.dll
0x00007ffe313e0000 - 0x00007ffe31483000 	C:\WINDOWS\System32\msvcp_win.dll
0x00007ffe328b0000 - 0x00007ffe328df000 	C:\WINDOWS\System32\IMM32.DLL
0x00007ffe27bb0000 - 0x00007ffe27bbc000 	c:\Users\Asus\.vscode\extensions\redhat.java-1.44.0-win32-x64\jre\21.0.8-win32-x86_64\bin\vcruntime140_1.dll
0x00007ffdea430000 - 0x00007ffdea4bd000 	c:\Users\Asus\.vscode\extensions\redhat.java-1.44.0-win32-x64\jre\21.0.8-win32-x86_64\bin\msvcp140.dll
0x00007ffda27e0000 - 0x00007ffda3577000 	c:\Users\Asus\.vscode\extensions\redhat.java-1.44.0-win32-x64\jre\21.0.8-win32-x86_64\bin\server\jvm.dll
0x00007ffe31bc0000 - 0x00007ffe31c74000 	C:\WINDOWS\System32\ADVAPI32.dll
0x00007ffe32c20000 - 0x00007ffe32cc6000 	C:\WINDOWS\System32\sechost.dll
0x00007ffe32170000 - 0x00007ffe32286000 	C:\WINDOWS\System32\RPCRT4.dll
0x00007ffe31b40000 - 0x00007ffe31bb4000 	C:\WINDOWS\System32\WS2_32.dll
0x00007ffe30ca0000 - 0x00007ffe30cee000 	C:\WINDOWS\SYSTEM32\POWRPROF.dll
0x00007ffe1d0a0000 - 0x00007ffe1d0d6000 	C:\WINDOWS\SYSTEM32\WINMM.dll
0x00007ffe27090000 - 0x00007ffe2709b000 	C:\WINDOWS\SYSTEM32\VERSION.dll
0x00007ffe30bb0000 - 0x00007ffe30bc4000 	C:\WINDOWS\SYSTEM32\UMPDC.dll
0x00007ffe2fe10000 - 0x00007ffe2fe2a000 	C:\WINDOWS\SYSTEM32\kernel.appcore.dll
0x00007ffe1cd90000 - 0x00007ffe1cd9a000 	c:\Users\Asus\.vscode\extensions\redhat.java-1.44.0-win32-x64\jre\21.0.8-win32-x86_64\bin\jimage.dll
0x00007ffe2e760000 - 0x00007ffe2e9a1000 	C:\WINDOWS\SYSTEM32\DBGHELP.DLL
0x00007ffe334f0000 - 0x00007ffe3386e000 	C:\WINDOWS\System32\combase.dll
0x00007ffe31a60000 - 0x00007ffe31b36000 	C:\WINDOWS\System32\OLEAUT32.dll
0x00007ffe13dc0000 - 0x00007ffe13df9000 	C:\WINDOWS\SYSTEM32\dbgcore.DLL
0x00007ffe31000000 - 0x00007ffe31099000 	C:\WINDOWS\System32\bcryptPrimitives.dll
0x00007ffe1cc50000 - 0x00007ffe1cc5f000 	c:\Users\Asus\.vscode\extensions\redhat.java-1.44.0-win32-x64\jre\21.0.8-win32-x86_64\bin\instrument.dll
0x00007ffe0bae0000 - 0x00007ffe0baff000 	c:\Users\Asus\.vscode\extensions\redhat.java-1.44.0-win32-x64\jre\21.0.8-win32-x86_64\bin\java.dll
0x00007ffe32d60000 - 0x00007ffe33460000 	C:\WINDOWS\System32\SHELL32.dll
0x00007ffe2ed00000 - 0x00007ffe2f531000 	C:\WINDOWS\SYSTEM32\windows.storage.dll
0x00007ffe327d0000 - 0x00007ffe328aa000 	C:\WINDOWS\System32\SHCORE.dll
0x00007ffe32770000 - 0x00007ffe327cd000 	C:\WINDOWS\System32\shlwapi.dll
0x00007ffe30ee0000 - 0x00007ffe30f0e000 	C:\WINDOWS\SYSTEM32\profapi.dll
0x00007ffe0b2c0000 - 0x00007ffe0b2d8000 	c:\Users\Asus\.vscode\extensions\redhat.java-1.44.0-win32-x64\jre\21.0.8-win32-x86_64\bin\zip.dll
0x00007ffe1c750000 - 0x00007ffe1c760000 	C:\Users\Asus\.vscode\extensions\redhat.java-1.44.0-win32-x64\jre\21.0.8-win32-x86_64\bin\net.dll
0x00007ffe2b330000 - 0x00007ffe2b456000 	C:\WINDOWS\SYSTEM32\WINHTTP.dll
0x00007ffe30310000 - 0x00007ffe30378000 	C:\WINDOWS\system32\mswsock.dll
0x00007ffe10220000 - 0x00007ffe10236000 	C:\Users\Asus\.vscode\extensions\redhat.java-1.44.0-win32-x64\jre\21.0.8-win32-x86_64\bin\nio.dll
0x00007ffe18020000 - 0x00007ffe18030000 	c:\Users\Asus\.vscode\extensions\redhat.java-1.44.0-win32-x64\jre\21.0.8-win32-x86_64\bin\verify.dll
0x00007ffe0af80000 - 0x00007ffe0afc5000 	C:\Users\Asus\AppData\Roaming\Code\User\globalStorage\redhat.java\1.44.0\config_ss_win\org.eclipse.equinox.launcher\org.eclipse.equinox.launcher.win32.win32.x86_64_1.2.1400.v20250730-1736\eclipse_11913.dll
0x00007ffe33930000 - 0x00007ffe33ac9000 	C:\WINDOWS\System32\ole32.dll
0x00007ffe305b0000 - 0x00007ffe305cc000 	C:\WINDOWS\SYSTEM32\CRYPTSP.dll
0x00007ffe2fd70000 - 0x00007ffe2fda8000 	C:\WINDOWS\system32\rsaenh.dll
0x00007ffe303b0000 - 0x00007ffe303db000 	C:\WINDOWS\SYSTEM32\USERENV.dll
0x00007ffe30860000 - 0x00007ffe30886000 	C:\WINDOWS\SYSTEM32\bcrypt.dll
0x00007ffe305d0000 - 0x00007ffe305dc000 	C:\WINDOWS\SYSTEM32\CRYPTBASE.dll
0x00007ffe2f990000 - 0x00007ffe2f9c2000 	C:\WINDOWS\SYSTEM32\IPHLPAPI.DLL
0x00007ffe31d70000 - 0x00007ffe31d7a000 	C:\WINDOWS\System32\NSI.dll
0x00007ffe09ac0000 - 0x00007ffe09b09000 	C:\Users\Asus\AppData\Local\Temp\jna-2050672\jna17880470075550031995.dll
0x00007ffe31c80000 - 0x00007ffe31c88000 	C:\WINDOWS\System32\PSAPI.DLL

JVMTI agents:
c:\Users\Asus\.vscode\extensions\redhat.java-1.44.0-win32-x64\lombok\lombok-1.18.39-4050.jar path:c:\Users\Asus\.vscode\extensions\redhat.java-1.44.0-win32-x64\jre\21.0.8-win32-x86_64\bin\instrument.dll, loaded, initialized, instrumentlib options:none

dbghelp: loaded successfully - version: 4.0.5 - missing functions: none
symbol engine: initialized successfully - sym options: 0x614 - pdb path: .;c:\Users\Asus\.vscode\extensions\redhat.java-1.44.0-win32-x64\jre\21.0.8-win32-x86_64\bin;C:\WINDOWS\SYSTEM32;C:\WINDOWS\WinSxS\amd64_microsoft.windows.common-controls_6595b64144ccf1df_6.0.26100.2454_none_3e0b68a2e331ad60;c:\Users\Asus\.vscode\extensions\redhat.java-1.44.0-win32-x64\jre\21.0.8-win32-x86_64\bin\server;C:\Users\Asus\AppData\Roaming\Code\User\globalStorage\redhat.java\1.44.0\config_ss_win\org.eclipse.equinox.launcher\org.eclipse.equinox.launcher.win32.win32.x86_64_1.2.1400.v20250730-1736;C:\Users\Asus\AppData\Local\Temp\jna-2050672

VM Arguments:
jvm_args: --add-modules=ALL-SYSTEM --add-opens=java.base/java.util=ALL-UNNAMED --add-opens=java.base/java.lang=ALL-UNNAMED --add-opens=java.base/sun.nio.fs=ALL-UNNAMED -Declipse.application=org.eclipse.jdt.ls.core.id1 -Dosgi.bundles.defaultStartLevel=4 -Declipse.product=org.eclipse.jdt.ls.core.product -Djava.import.generatesMetadataFilesAtProjectRoot=false -DDetectVMInstallationsJob.disabled=true -Dfile.encoding=utf8 -XX:+UseParallelGC -XX:GCTimeRatio=4 -XX:AdaptiveSizePolicyWeight=90 -Dsun.zip.disableMemoryMapping=true -Xmx2G -Xms100m -Xlog:disable -javaagent:c:\Users\Asus\.vscode\extensions\redhat.java-1.44.0-win32-x64\lombok\lombok-1.18.39-4050.jar 
java_command: c:\Users\Asus\.vscode\extensions\redhat.java-1.44.0-win32-x64\server\plugins\org.eclipse.equinox.launcher_1.7.0.v20250519-0528.jar -configuration c:\Users\Asus\AppData\Roaming\Code\User\globalStorage\redhat.java\1.44.0\config_ss_win -data c:\Users\Asus\AppData\Roaming\Code\User\workspaceStorage\6f0e533d9ff133c7631d155b4f25a028\redhat.java\ss_ws --pipe=\\.\pipe\lsp-67dedaef03a6644d2326915c4c903fe7-sock
java_class_path (initial): c:\Users\Asus\.vscode\extensions\redhat.java-1.44.0-win32-x64\server\plugins\org.eclipse.equinox.launcher_1.7.0.v20250519-0528.jar
Launcher Type: SUN_STANDARD

[Global flags]
    uintx AdaptiveSizePolicyWeight                 = 90                                        {product} {command line}
     intx CICompilerCount                          = 4                                         {product} {ergonomic}
    uintx GCTimeRatio                              = 4                                         {product} {command line}
   size_t InitialHeapSize                          = 104857600                                 {product} {command line}
   size_t MaxHeapSize                              = 2147483648                                {product} {command line}
   size_t MaxNewSize                               = 715653120                                 {product} {ergonomic}
   size_t MinHeapDeltaBytes                        = 524288                                    {product} {ergonomic}
   size_t MinHeapSize                              = 104857600                                 {product} {command line}
   size_t NewSize                                  = 34603008                                  {product} {ergonomic}
    uintx NonNMethodCodeHeapSize                   = 5839372                                {pd product} {ergonomic}
    uintx NonProfiledCodeHeapSize                  = 122909434                              {pd product} {ergonomic}
   size_t OldSize                                  = 70254592                                  {product} {ergonomic}
    uintx ProfiledCodeHeapSize                     = 122909434                              {pd product} {ergonomic}
    uintx ReservedCodeCacheSize                    = 251658240                              {pd product} {ergonomic}
     bool SegmentedCodeCache                       = true                                      {product} {ergonomic}
   size_t SoftMaxHeapSize                          = 2147483648                             {manageable} {ergonomic}
     bool UseCompressedOops                        = true                           {product lp64_product} {ergonomic}
     bool UseLargePagesIndividualAllocation        = false                                  {pd product} {ergonomic}
     bool UseParallelGC                            = true                                      {product} {command line}

Logging:
Log output configuration:
 #0: stdout all=off uptime,level,tags foldmultilines=false
 #1: stderr all=off uptime,level,tags foldmultilines=false

Environment Variables:
JAVA_HOME=C:\Users\Asus\AppData\Local\Programs\Eclipse Adoptium\jdk-17.0.6.10-hotspot\
PATH=C:\Python312\Scripts\;C:\Python312\;C:\Users\Asus\AppData\Local\Programs\Python\Python311\Scripts\;C:\WINDOWS;C:\WINDOWS\System32\Wbem;C:\WINDOWS\System32\WindowsPowerShell\v1.0\;C:\WINDOWS\System32\OpenSSH\;C:\MinGW\bin;C:\Program Files (x86)\Microsoft SQL Server\160\Tools\Binn\;C:\Program Files\Microsoft SQL Server\160\Tools\Binn\;C:\Program Files\Microsoft SQL Server\Client SDK\ODBC\170\Tools\Binn\;C:\Program Files\Microsoft SQL Server\160\DTS\Binn\;C:\Program Files\Git\cmd;C:\Users\Asus\AppData\Local\Programs\Python\Python311\Scripts;C:\Users\Asus\AppData\Local\Programs\Python\Python311\;C:\Users\Asus\AppData\Local\Programs\Python\Python311\Scripts;C:\Users\Asus\AppData\Local\Programs\Python\Python311\Scripts;C:\Users\Asus\AppData\Local\Programs\Python\Python311\;C:\;C:\ProgramData\chocolatey\bin;C:\Program Files\MongoDB\Server\8.0\bin;C:\Program Files\MongoDB\Server\8.0\bin;C:\Windows\System32;C:\Windows\System32\Wbem;C:\Windows;C:\JARS\jdk-19.0.2\bin;c:\Users\Asus\AppData\Local\Programs\Trae\bin;C:\Users\Asus\AppData\Local\Programs\Eclipse Adoptium\jdk-17.0.6.10-hotspot\bin;C:\Users\Asus\AppData\Local\Programs\Python\Python311\Scripts\;C:\Users\Asus\AppData\Local\Programs\Python\Python311\;C:\Users\Asus\AppData\Local\Microsoft\WindowsApps;C:\Program Files\JetBrains\PyCharm Community Edition 2022.3.2\bin;;C:\Program Files\Azure Data Studio\bin;C:\Users\Asus\AppData\Local\GitHubDesktop\bin;C:\Users\Asus\Downloads\apache-maven-4.0.0-rc-1-bin\apache-maven-4.0.0-rc-1;C:\Users\Asus\AppData\Roaming\npm;C:\Users\Asus\AppData\Roaming\Python\Python312\Scripts;C:\Users\Asus\Desktop\Microsoft VS Code\bin
USERNAME=Asus
OS=Windows_NT
PROCESSOR_IDENTIFIER=Intel64 Family 6 Model 140 Stepping 1, GenuineIntel
TMP=C:\Users\Asus\AppData\Local\Temp
TEMP=C:\Users\Asus\AppData\Local\Temp




Periodic native trim disabled

---------------  S Y S T E M  ---------------

OS:
 Windows 11 , 64 bit Build 26100 (10.0.26100.2454)
OS uptime: 1 days 2:24 hours

CPU: total 8 (initial active 8) (4 cores per cpu, 2 threads per core) family 6 model 140 stepping 1 microcode 0x86, cx8, cmov, fxsr, ht, mmx, 3dnowpref, sse, sse2, sse3, ssse3, sse4.1, sse4.2, popcnt, lzcnt, tsc, tscinvbit, avx, avx2, aes, erms, clmul, bmi1, bmi2, adx, avx512f, avx512dq, avx512cd, avx512bw, avx512vl, sha, fma, vzeroupper, avx512_vpopcntdq, avx512_vpclmulqdq, avx512_vaes, avx512_vnni, clflush, clflushopt, clwb, avx512_vbmi2, avx512_vbmi, rdtscp, rdpid, fsrm, gfni, avx512_bitalg, f16c, pku, cet_ibt, cet_ss, avx512_ifma
Processor Information for the first 8 processors :
  Max Mhz: 2419, Current Mhz: 2419, Mhz Limit: 2419

Memory: 4k page, system-wide physical 7886M (701M free)
TotalPageFile size 16078M (AvailPageFile size 5M)
current process WorkingSet (physical memory assigned to process): 129M, peak: 129M
current process commit charge ("private bytes"): 269M, peak: 270M

vm_info: OpenJDK 64-Bit Server VM (21.0.8+9-LTS) for windows-amd64 JRE (21.0.8+9-LTS), built on 2025-07-15T00:00:00Z by "admin" with MS VC++ 17.7 (VS2022)

END.
