#
# There is insufficient memory for the Java Runtime Environment to continue.
# Native memory allocation (malloc) failed to allocate 2164992 bytes. Error detail: Chunk::new
# Possible reasons:
#   The system is out of physical RAM or swap space
#   This process is running with CompressedOops enabled, and the Java Heap may be blocking the growth of the native heap
# Possible solutions:
#   Reduce memory load on the system
#   Increase physical memory or swap space
#   Check if swap backing store is full
#   Decrease Java heap size (-Xmx/-Xms)
#   Decrease number of Java threads
#   Decrease Java thread stack sizes (-Xss)
#   Set larger code cache with -XX:ReservedCodeCacheSize=
#   JVM is running with Unscaled Compressed Oops mode in which the Java heap is
#     placed in the first 4GB address space. The Java Heap base address is the
#     maximum limit for the native heap growth. Please use -XX:HeapBaseMinAddress
#     to set the Java Heap base and to place the Java Heap above 4GB virtual address.
# This output file may be truncated or incomplete.
#
#  Out of Memory Error (arena.cpp:168), pid=9664, tid=14204
#
# JRE version: OpenJDK Runtime Environment Temurin-21.0.6+7 (21.0.6+7) (build 21.0.6+7-LTS)
# Java VM: OpenJDK 64-Bit Server VM Temurin-21.0.6+7 (21.0.6+7-LTS, mixed mode, sharing, tiered, compressed oops, compressed class ptrs, parallel gc, windows-amd64)
# No core dump will be written. Minidumps are not enabled by default on client versions of Windows
#

---------------  S U M M A R Y ------------

Command Line: --add-modules=ALL-SYSTEM --add-opens=java.base/java.util=ALL-UNNAMED --add-opens=java.base/java.lang=ALL-UNNAMED --add-opens=java.base/sun.nio.fs=ALL-UNNAMED -Declipse.application=org.eclipse.jdt.ls.core.id1 -Dosgi.bundles.defaultStartLevel=4 -Declipse.product=org.eclipse.jdt.ls.core.product -Djava.import.generatesMetadataFilesAtProjectRoot=false -DDetectVMInstallationsJob.disabled=true -Dfile.encoding=utf8 -XX:+UseParallelGC -XX:GCTimeRatio=4 -XX:AdaptiveSizePolicyWeight=90 -Dsun.zip.disableMemoryMapping=true -Xmx1G -Xms100m -Xlog:disable -javaagent:c:\Users\Asus\.vscode\extensions\redhat.java-1.41.0-win32-x64\lombok\lombok-1.18.36.jar c:\Users\Asus\.vscode\extensions\redhat.java-1.41.0-win32-x64\server\plugins\org.eclipse.equinox.launcher_1.6.1100.v20250306-0509.jar -configuration c:\Users\Asus\AppData\Roaming\Code\User\globalStorage\redhat.java\1.41.0\config_ss_win -data c:\Users\Asus\AppData\Roaming\Code\User\workspaceStorage\6f0e533d9ff133c7631d155b4f25a028\redhat.java\ss_ws --pipe=\\.\pipe\lsp-b067c27567b1223dd14e0a2fd31a591e-sock

Host: 11th Gen Intel(R) Core(TM) i5-1135G7 @ 2.40GHz, 8 cores, 7G,  Windows 11 , 64 bit Build 26100 (10.0.26100.2454)
Time: Mon Mar 31 09:34:02 2025 India Standard Time elapsed time: 8.772880 seconds (0d 0h 0m 8s)

---------------  T H R E A D  ---------------

Current thread (0x00000283ecda4a20):  JavaThread "C2 CompilerThread1" daemon [_thread_in_native, id=14204, stack(0x000000a4ce800000,0x000000a4ce900000) (1024K)]


Current CompileTask:
C2:8772 4936 %     4       org.lombokweb.asm.ClassReader::readCode @ 1738 (5117 bytes)

Stack: [0x000000a4ce800000,0x000000a4ce900000]
Native frames: (J=compiled Java code, j=interpreted, Vv=VM code, C=native code)
V  [jvm.dll+0x6cdee9]
V  [jvm.dll+0x8a83d1]
V  [jvm.dll+0x8aa8fe]
V  [jvm.dll+0x8aafe3]
V  [jvm.dll+0x27f706]
V  [jvm.dll+0xc500d]
V  [jvm.dll+0xc5543]
V  [jvm.dll+0x3b678c]
V  [jvm.dll+0x1dfe13]
V  [jvm.dll+0x247b42]
V  [jvm.dll+0x246fcf]
V  [jvm.dll+0x1c75ee]
V  [jvm.dll+0x25685a]
V  [jvm.dll+0x254dfa]
V  [jvm.dll+0x3f0256]
V  [jvm.dll+0x851f8b]
V  [jvm.dll+0x6cc5ed]
C  [ucrtbase.dll+0x14ea0]
C  [KERNEL32.DLL+0x2e8d7]
C  [ntdll.dll+0xdfbcc]


---------------  P R O C E S S  ---------------

Threads class SMR info:
_java_thread_list=0x00000283eca745d0, length=36, elements={
0x0000028395b2ceb0, 0x00000283a9edcac0, 0x00000283a9ee1fb0, 0x00000283a9ee5890,
0x00000283a9ee8570, 0x00000283a9ee8fc0, 0x00000283a9ee9a10, 0x00000283a9eea840,
0x00000283a9f1d970, 0x00000283eca6b530, 0x00000283ecc7b9b0, 0x00000283f15d3170,
0x00000283f1410590, 0x00000283f1b48550, 0x00000283f14284b0, 0x00000283f1a6de20,
0x00000283ecb92720, 0x00000283f1a0e1e0, 0x00000283f1d3fa50, 0x00000283f1d3e6a0,
0x00000283f1d3ed30, 0x00000283f1d3f3c0, 0x00000283f1bfd850, 0x00000283f1bfffb0,
0x00000283f1c00640, 0x00000283f1c00cd0, 0x00000283f1c01360, 0x00000283f1bfe570,
0x00000283f1bfec00, 0x00000283f1bff290, 0x00000283f1bfdee0, 0x00000283f1c019f0,
0x00000283f1c02080, 0x00000283f1c02710, 0x00000283ecda4a20, 0x00000283f1496020
}

Java Threads: ( => current thread )
  0x0000028395b2ceb0 JavaThread "main"                              [_thread_blocked, id=14544, stack(0x000000a4cc900000,0x000000a4cca00000) (1024K)]
  0x00000283a9edcac0 JavaThread "Reference Handler"          daemon [_thread_blocked, id=7468, stack(0x000000a4ccd00000,0x000000a4cce00000) (1024K)]
  0x00000283a9ee1fb0 JavaThread "Finalizer"                  daemon [_thread_blocked, id=15188, stack(0x000000a4cce00000,0x000000a4ccf00000) (1024K)]
  0x00000283a9ee5890 JavaThread "Signal Dispatcher"          daemon [_thread_blocked, id=11148, stack(0x000000a4ccf00000,0x000000a4cd000000) (1024K)]
  0x00000283a9ee8570 JavaThread "Attach Listener"            daemon [_thread_blocked, id=18312, stack(0x000000a4cd000000,0x000000a4cd100000) (1024K)]
  0x00000283a9ee8fc0 JavaThread "Service Thread"             daemon [_thread_blocked, id=17448, stack(0x000000a4cd100000,0x000000a4cd200000) (1024K)]
  0x00000283a9ee9a10 JavaThread "Monitor Deflation Thread"   daemon [_thread_blocked, id=372, stack(0x000000a4cd200000,0x000000a4cd300000) (1024K)]
  0x00000283a9eea840 JavaThread "C2 CompilerThread0"         daemon [_thread_in_native, id=13296, stack(0x000000a4cd300000,0x000000a4cd400000) (1024K)]
  0x00000283a9f1d970 JavaThread "C1 CompilerThread0"         daemon [_thread_blocked, id=3456, stack(0x000000a4cd400000,0x000000a4cd500000) (1024K)]
  0x00000283eca6b530 JavaThread "Common-Cleaner"             daemon [_thread_blocked, id=18672, stack(0x000000a4cd500000,0x000000a4cd600000) (1024K)]
  0x00000283ecc7b9b0 JavaThread "Notification Thread"        daemon [_thread_blocked, id=1608, stack(0x000000a4cd700000,0x000000a4cd800000) (1024K)]
  0x00000283f15d3170 JavaThread "Active Thread: Equinox Container: 86838aa8-5afd-43f8-be1a-87974f880302"        [_thread_blocked, id=14892, stack(0x000000a4cdf00000,0x000000a4ce000000) (1024K)]
  0x00000283f1410590 JavaThread "Framework Event Dispatcher: Equinox Container: 86838aa8-5afd-43f8-be1a-87974f880302" daemon [_thread_blocked, id=18708, stack(0x000000a4ce000000,0x000000a4ce100000) (1024K)]
  0x00000283f1b48550 JavaThread "Start Level: Equinox Container: 86838aa8-5afd-43f8-be1a-87974f880302" daemon [_thread_blocked, id=18668, stack(0x000000a4ce100000,0x000000a4ce200000) (1024K)]
  0x00000283f14284b0 JavaThread "SCR Component Actor"        daemon [_thread_blocked, id=9692, stack(0x000000a4ce200000,0x000000a4ce300000) (1024K)]
  0x00000283f1a6de20 JavaThread "Worker-JM"                         [_thread_blocked, id=18380, stack(0x000000a4ce500000,0x000000a4ce600000) (1024K)]
  0x00000283ecb92720 JavaThread "JNA Cleaner"                daemon [_thread_blocked, id=2612, stack(0x000000a4cd600000,0x000000a4cd700000) (1024K)]
  0x00000283f1a0e1e0 JavaThread "Worker-0"                          [_thread_blocked, id=18976, stack(0x000000a4ce400000,0x000000a4ce500000) (1024K)]
  0x00000283f1d3fa50 JavaThread "Worker-1"                          [_thread_blocked, id=17800, stack(0x000000a4ce600000,0x000000a4ce700000) (1024K)]
  0x00000283f1d3e6a0 JavaThread "Worker-2"                          [_thread_blocked, id=17664, stack(0x000000a4ce700000,0x000000a4ce800000) (1024K)]
  0x00000283f1d3ed30 JavaThread "Thread-2"                   daemon [_thread_in_native, id=16832, stack(0x000000a4ceb00000,0x000000a4cec00000) (1024K)]
  0x00000283f1d3f3c0 JavaThread "Thread-3"                   daemon [_thread_in_native, id=5240, stack(0x000000a4cec00000,0x000000a4ced00000) (1024K)]
  0x00000283f1bfd850 JavaThread "Thread-4"                   daemon [_thread_in_native, id=6756, stack(0x000000a4ced00000,0x000000a4cee00000) (1024K)]
  0x00000283f1bfffb0 JavaThread "Thread-5"                   daemon [_thread_in_native, id=10800, stack(0x000000a4cee00000,0x000000a4cef00000) (1024K)]
  0x00000283f1c00640 JavaThread "Thread-6"                   daemon [_thread_in_native, id=19224, stack(0x000000a4cef00000,0x000000a4cf000000) (1024K)]
  0x00000283f1c00cd0 JavaThread "Thread-7"                   daemon [_thread_in_native, id=15044, stack(0x000000a4cf000000,0x000000a4cf100000) (1024K)]
  0x00000283f1c01360 JavaThread "Thread-8"                   daemon [_thread_in_native, id=5504, stack(0x000000a4cf100000,0x000000a4cf200000) (1024K)]
  0x00000283f1bfe570 JavaThread "Thread-9"                   daemon [_thread_in_native, id=5896, stack(0x000000a4cf200000,0x000000a4cf300000) (1024K)]
  0x00000283f1bfec00 JavaThread "Thread-10"                  daemon [_thread_in_native, id=6228, stack(0x000000a4cf300000,0x000000a4cf400000) (1024K)]
  0x00000283f1bff290 JavaThread "pool-2-thread-1"                   [_thread_blocked, id=19180, stack(0x000000a4cf400000,0x000000a4cf500000) (1024K)]
  0x00000283f1bfdee0 JavaThread "WorkspaceEventsHandler"            [_thread_blocked, id=17980, stack(0x000000a4cf500000,0x000000a4cf600000) (1024K)]
  0x00000283f1c019f0 JavaThread "pool-1-thread-1"                   [_thread_in_vm, id=13156, stack(0x000000a4cf600000,0x000000a4cf700000) (1024K)]
  0x00000283f1c02080 JavaThread "ForkJoinPool.commonPool-worker-1" daemon [_thread_blocked, id=9088, stack(0x000000a4cf700000,0x000000a4cf800000) (1024K)]
  0x00000283f1c02710 JavaThread "ForkJoinPool.commonPool-worker-2" daemon [_thread_blocked, id=17840, stack(0x000000a4cf800000,0x000000a4cf900000) (1024K)]
=>0x00000283ecda4a20 JavaThread "C2 CompilerThread1"         daemon [_thread_in_native, id=14204, stack(0x000000a4ce800000,0x000000a4ce900000) (1024K)]
  0x00000283f1496020 JavaThread "C2 CompilerThread2"         daemon [_thread_in_native, id=7092, stack(0x000000a4cf900000,0x000000a4cfa00000) (1024K)]
Total: 36

Other Threads:
  0x00000283a9ec2b90 VMThread "VM Thread"                           [id=11768, stack(0x000000a4ccc00000,0x000000a4ccd00000) (1024K)]
  0x0000028395b97d10 WatcherThread "VM Periodic Task Thread"        [id=4796, stack(0x000000a4ccb00000,0x000000a4ccc00000) (1024K)]
  0x0000028395b4a2b0 WorkerThread "GC Thread#0"                     [id=2020, stack(0x000000a4cca00000,0x000000a4ccb00000) (1024K)]
  0x00000283f16c5150 WorkerThread "GC Thread#1"                     [id=2680, stack(0x000000a4cd800000,0x000000a4cd900000) (1024K)]
  0x00000283f1024120 WorkerThread "GC Thread#2"                     [id=2948, stack(0x000000a4cd900000,0x000000a4cda00000) (1024K)]
  0x00000283f10244c0 WorkerThread "GC Thread#3"                     [id=8284, stack(0x000000a4cda00000,0x000000a4cdb00000) (1024K)]
  0x00000283f1024860 WorkerThread "GC Thread#4"                     [id=4968, stack(0x000000a4cdb00000,0x000000a4cdc00000) (1024K)]
  0x00000283f1024c00 WorkerThread "GC Thread#5"                     [id=8360, stack(0x000000a4cdc00000,0x000000a4cdd00000) (1024K)]
  0x00000283f1024fa0 WorkerThread "GC Thread#6"                     [id=18388, stack(0x000000a4cdd00000,0x000000a4cde00000) (1024K)]
  0x00000283f1687940 WorkerThread "GC Thread#7"                     [id=9936, stack(0x000000a4ce300000,0x000000a4ce400000) (1024K)]
Total: 10

Threads with active compile tasks:
C2 CompilerThread0  8835 4942       4       org.lombokweb.asm.ClassReader::readMethod (1070 bytes)
C2 CompilerThread1  8835 4936 %     4       org.lombokweb.asm.ClassReader::readCode @ 1738 (5117 bytes)
C2 CompilerThread2  8835 4911 %     4       org.lombokweb.asm.SymbolTable::<init> @ 98 (536 bytes)
Total: 3

VM state: not at safepoint (normal execution)

VM Mutex/Monitor currently owned by a thread: None

Heap address: 0x00000000c0000000, size: 1024 MB, Compressed Oops mode: 32-bit

CDS archive(s) mapped at: [0x00000283aa000000-0x00000283aaba0000-0x00000283aaba0000), size 12189696, SharedBaseAddress: 0x00000283aa000000, ArchiveRelocationMode: 1.
Compressed class space mapped at: 0x00000283ab000000-0x00000283eb000000, reserved size: 1073741824
Narrow klass base: 0x00000283aa000000, Narrow klass shift: 0, Narrow klass range: 0x100000000

GC Precious Log:
 CardTable entry size: 512
 CPUs: 8 total, 8 available
 Memory: 7886M
 Large Page Support: Disabled
 NUMA Support: Disabled
 Compressed Oops: Enabled (32-bit)
 Alignments: Space 512K, Generation 512K, Heap 2M
 Heap Min Capacity: 100M
 Heap Initial Capacity: 100M
 Heap Max Capacity: 1G
 Pre-touch: Disabled
 Parallel Workers: 8

Heap:
 PSYoungGen      total 21504K, used 14921K [0x00000000eab00000, 0x00000000ec380000, 0x0000000100000000)
  eden space 20992K, 68% used [0x00000000eab00000,0x00000000eb9155f8,0x00000000ebf80000)
  from space 512K, 97% used [0x00000000ec100000,0x00000000ec17ce08,0x00000000ec180000)
  to   space 2048K, 0% used [0x00000000ec180000,0x00000000ec180000,0x00000000ec380000)
 ParOldGen       total 68608K, used 28826K [0x00000000c0000000, 0x00000000c4300000, 0x00000000eab00000)
  object space 68608K, 42% used [0x00000000c0000000,0x00000000c1c26870,0x00000000c4300000)
 Metaspace       used 35958K, committed 36800K, reserved 1114112K
  class space    used 3546K, committed 3904K, reserved 1048576K

Card table byte_map: [0x00000283954d0000,0x00000283956e0000] _byte_map_base: 0x0000028394ed0000

Marking Bits: (ParMarkBitMap*) 0x00007ffd22d63260
 Begin Bits: [0x00000283a7d20000, 0x00000283a8d20000)
 End Bits:   [0x00000283a8d20000, 0x00000283a9d20000)

Polling page: 0x0000028395260000

Metaspace:

Usage:
  Non-class:     31.65 MB used.
      Class:      3.46 MB used.
       Both:     35.12 MB used.

Virtual space:
  Non-class space:       64.00 MB reserved,      32.12 MB ( 50%) committed,  1 nodes.
      Class space:        1.00 GB reserved,       3.81 MB ( <1%) committed,  1 nodes.
             Both:        1.06 GB reserved,      35.94 MB (  3%) committed. 

Chunk freelists:
   Non-Class:  15.56 MB
       Class:  12.20 MB
        Both:  27.76 MB

MaxMetaspaceSize: unlimited
CompressedClassSpaceSize: 1.00 GB
Initial GC threshold: 21.00 MB
Current GC threshold: 58.38 MB
CDS: on
 - commit_granule_bytes: 65536.
 - commit_granule_words: 8192.
 - virtual_space_node_default_size: 8388608.
 - enlarge_chunks_in_place: 1.
 - use_allocation_guard: 0.


Internal statistics:

num_allocs_failed_limit: 6.
num_arena_births: 722.
num_arena_deaths: 40.
num_vsnodes_births: 2.
num_vsnodes_deaths: 0.
num_space_committed: 575.
num_space_uncommitted: 0.
num_chunks_returned_to_freelist: 55.
num_chunks_taken_from_freelist: 2218.
num_chunk_merges: 18.
num_chunk_splits: 1398.
num_chunks_enlarged: 869.
num_inconsistent_stats: 0.

CodeHeap 'non-profiled nmethods': size=120000Kb used=2762Kb max_used=2920Kb free=117237Kb
 bounds [0x00000283a07f0000, 0x00000283a0ad0000, 0x00000283a7d20000]
CodeHeap 'profiled nmethods': size=120000Kb used=9152Kb max_used=9878Kb free=110848Kb
 bounds [0x0000028398d20000, 0x00000283996d0000, 0x00000283a0250000]
CodeHeap 'non-nmethods': size=5760Kb used=1381Kb max_used=1430Kb free=4378Kb
 bounds [0x00000283a0250000, 0x00000283a04c0000, 0x00000283a07f0000]
 total_blobs=5224 nmethods=4550 adapters=580
 compilation: enabled
              stopped_count=0, restarted_count=0
 full_count=0

Compilation events (20 events):
Event: 8.336 Thread 0x00000283a9f1d970 4956       3       org.lombokweb.asm.MethodWriter::visitMaxs (60 bytes)
Event: 8.337 Thread 0x00000283a9f1d970 nmethod 4956 0x0000028398d47e10 code [0x0000028398d47fe0, 0x0000028398d48298]
Event: 8.337 Thread 0x00000283a9f1d970 4957       3       org.lombokweb.asm.MethodWriter::visitEnd (1 bytes)
Event: 8.337 Thread 0x00000283a9f1d970 nmethod 4957 0x000002839907d490 code [0x000002839907d620, 0x000002839907d728]
Event: 8.339 Thread 0x00000283a9f1d970 4958       3       lombok.patcher.MethodLogistics::loadOpcodeFor (145 bytes)
Event: 8.342 Thread 0x00000283a9f1d970 nmethod 4958 0x0000028398d2a590 code [0x0000028398d2a840, 0x0000028398d2b4b8]
Event: 8.346 Thread 0x00000283a9f1d970 4960       3       lombok.patcher.MethodLogistics::generateLoadOpcodeForParam (37 bytes)
Event: 8.347 Thread 0x00000283a9f1d970 nmethod 4960 0x0000028398dda810 code [0x0000028398ddaa00, 0x0000028398ddafb8]
Event: 8.348 Thread 0x00000283a9f1d970 4961       2       lombok.patcher.PatchScript$MethodPatcher::visitMethod (158 bytes)
Event: 8.349 Thread 0x00000283a9f1d970 nmethod 4961 0x0000028398f4a090 code [0x0000028398f4a320, 0x0000028398f4a9a0]
Event: 8.366 Thread 0x00000283a9f1d970 4962       3       org.lombokweb.asm.Handler::putExceptionTable (63 bytes)
Event: 8.367 Thread 0x00000283a9f1d970 nmethod 4962 0x0000028398fca910 code [0x0000028398fcab20, 0x0000028398fcaf60]
Event: 8.368 Thread 0x00000283a9eea840 nmethod 4953 0x00000283a081ea90 code [0x00000283a081ecc0, 0x00000283a081f918]
Event: 8.368 Thread 0x00000283a9eea840 4942       4       org.lombokweb.asm.ClassReader::readMethod (1070 bytes)
Event: 8.573 Thread 0x00000283a9f1d970 4963       3       org.lombokweb.asm.MethodWriter::visitIntInsn (113 bytes)
Event: 8.574 Thread 0x00000283a9f1d970 nmethod 4963 0x0000028398e28510 code [0x0000028398e28700, 0x0000028398e28b50]
Event: 8.618 Thread 0x00000283a9f1d970 4964       3       org.lombokweb.asm.MethodVisitor::visitIntInsn (17 bytes)
Event: 8.619 Thread 0x00000283a9f1d970 nmethod 4964 0x0000028398de0190 code [0x0000028398de0340, 0x0000028398de0548]
Event: 8.621 Thread 0x00000283a9f1d970 4965       3       org.lombokweb.asm.MethodWriter::visitLdcInsn (215 bytes)
Event: 8.623 Thread 0x00000283a9f1d970 nmethod 4965 0x0000028398d4be90 code [0x0000028398d4c120, 0x0000028398d4cc20]

GC Heap History (20 events):
Event: 5.782 GC heap before
{Heap before GC invocations=12 (full 1):
 PSYoungGen      total 25600K, used 25523K [0x00000000eab00000, 0x00000000eca00000, 0x0000000100000000)
  eden space 22528K, 100% used [0x00000000eab00000,0x00000000ec100000,0x00000000ec100000)
  from space 3072K, 97% used [0x00000000ec700000,0x00000000ec9ecf58,0x00000000eca00000)
  to   space 4096K, 0% used [0x00000000ec200000,0x00000000ec200000,0x00000000ec600000)
 ParOldGen       total 68608K, used 13386K [0x00000000c0000000, 0x00000000c4300000, 0x00000000eab00000)
  object space 68608K, 19% used [0x00000000c0000000,0x00000000c0d129f8,0x00000000c4300000)
 Metaspace       used 32068K, committed 32960K, reserved 1114112K
  class space    used 3125K, committed 3520K, reserved 1048576K
}
Event: 5.788 GC heap after
{Heap after GC invocations=12 (full 1):
 PSYoungGen      total 25088K, used 2769K [0x00000000eab00000, 0x00000000ec780000, 0x0000000100000000)
  eden space 22016K, 0% used [0x00000000eab00000,0x00000000eab00000,0x00000000ec080000)
  from space 3072K, 90% used [0x00000000ec200000,0x00000000ec4b4460,0x00000000ec500000)
  to   space 2560K, 0% used [0x00000000ec500000,0x00000000ec500000,0x00000000ec780000)
 ParOldGen       total 68608K, used 16194K [0x00000000c0000000, 0x00000000c4300000, 0x00000000eab00000)
  object space 68608K, 23% used [0x00000000c0000000,0x00000000c0fd0958,0x00000000c4300000)
 Metaspace       used 32068K, committed 32960K, reserved 1114112K
  class space    used 3125K, committed 3520K, reserved 1048576K
}
Event: 5.885 GC heap before
{Heap before GC invocations=13 (full 1):
 PSYoungGen      total 25088K, used 24785K [0x00000000eab00000, 0x00000000ec780000, 0x0000000100000000)
  eden space 22016K, 100% used [0x00000000eab00000,0x00000000ec080000,0x00000000ec080000)
  from space 3072K, 90% used [0x00000000ec200000,0x00000000ec4b4460,0x00000000ec500000)
  to   space 2560K, 0% used [0x00000000ec500000,0x00000000ec500000,0x00000000ec780000)
 ParOldGen       total 68608K, used 16194K [0x00000000c0000000, 0x00000000c4300000, 0x00000000eab00000)
  object space 68608K, 23% used [0x00000000c0000000,0x00000000c0fd0958,0x00000000c4300000)
 Metaspace       used 32105K, committed 32960K, reserved 1114112K
  class space    used 3126K, committed 3520K, reserved 1048576K
}
Event: 5.889 GC heap after
{Heap after GC invocations=13 (full 1):
 PSYoungGen      total 23552K, used 2530K [0x00000000eab00000, 0x00000000ecb80000, 0x0000000100000000)
  eden space 20992K, 0% used [0x00000000eab00000,0x00000000eab00000,0x00000000ebf80000)
  from space 2560K, 98% used [0x00000000ec500000,0x00000000ec778810,0x00000000ec780000)
  to   space 5632K, 0% used [0x00000000ebf80000,0x00000000ebf80000,0x00000000ec500000)
 ParOldGen       total 68608K, used 18784K [0x00000000c0000000, 0x00000000c4300000, 0x00000000eab00000)
  object space 68608K, 27% used [0x00000000c0000000,0x00000000c1258348,0x00000000c4300000)
 Metaspace       used 32105K, committed 32960K, reserved 1114112K
  class space    used 3126K, committed 3520K, reserved 1048576K
}
Event: 5.998 GC heap before
{Heap before GC invocations=14 (full 1):
 PSYoungGen      total 23552K, used 23521K [0x00000000eab00000, 0x00000000ecb80000, 0x0000000100000000)
  eden space 20992K, 99% used [0x00000000eab00000,0x00000000ebf7ffa8,0x00000000ebf80000)
  from space 2560K, 98% used [0x00000000ec500000,0x00000000ec778810,0x00000000ec780000)
  to   space 5632K, 0% used [0x00000000ebf80000,0x00000000ebf80000,0x00000000ec500000)
 ParOldGen       total 68608K, used 18784K [0x00000000c0000000, 0x00000000c4300000, 0x00000000eab00000)
  object space 68608K, 27% used [0x00000000c0000000,0x00000000c1258348,0x00000000c4300000)
 Metaspace       used 32132K, committed 33024K, reserved 1114112K
  class space    used 3127K, committed 3520K, reserved 1048576K
}
Event: 6.004 GC heap after
{Heap after GC invocations=14 (full 1):
 PSYoungGen      total 23552K, used 2276K [0x00000000eab00000, 0x00000000ec680000, 0x0000000100000000)
  eden space 20992K, 0% used [0x00000000eab00000,0x00000000eab00000,0x00000000ebf80000)
  from space 2560K, 88% used [0x00000000ebf80000,0x00000000ec1b9000,0x00000000ec200000)
  to   space 3584K, 0% used [0x00000000ec300000,0x00000000ec300000,0x00000000ec680000)
 ParOldGen       total 68608K, used 21208K [0x00000000c0000000, 0x00000000c4300000, 0x00000000eab00000)
  object space 68608K, 30% used [0x00000000c0000000,0x00000000c14b6358,0x00000000c4300000)
 Metaspace       used 32132K, committed 33024K, reserved 1114112K
  class space    used 3127K, committed 3520K, reserved 1048576K
}
Event: 6.084 GC heap before
{Heap before GC invocations=15 (full 1):
 PSYoungGen      total 23552K, used 23268K [0x00000000eab00000, 0x00000000ec680000, 0x0000000100000000)
  eden space 20992K, 100% used [0x00000000eab00000,0x00000000ebf80000,0x00000000ebf80000)
  from space 2560K, 88% used [0x00000000ebf80000,0x00000000ec1b9000,0x00000000ec200000)
  to   space 3584K, 0% used [0x00000000ec300000,0x00000000ec300000,0x00000000ec680000)
 ParOldGen       total 68608K, used 21208K [0x00000000c0000000, 0x00000000c4300000, 0x00000000eab00000)
  object space 68608K, 30% used [0x00000000c0000000,0x00000000c14b6358,0x00000000c4300000)
 Metaspace       used 32181K, committed 33088K, reserved 1114112K
  class space    used 3127K, committed 3520K, reserved 1048576K
}
Event: 6.089 GC heap after
{Heap after GC invocations=15 (full 1):
 PSYoungGen      total 23552K, used 2496K [0x00000000eab00000, 0x00000000ec580000, 0x0000000100000000)
  eden space 20992K, 0% used [0x00000000eab00000,0x00000000eab00000,0x00000000ebf80000)
  from space 2560K, 97% used [0x00000000ec300000,0x00000000ec570010,0x00000000ec580000)
  to   space 3072K, 0% used [0x00000000ebf80000,0x00000000ebf80000,0x00000000ec280000)
 ParOldGen       total 68608K, used 23353K [0x00000000c0000000, 0x00000000c4300000, 0x00000000eab00000)
  object space 68608K, 34% used [0x00000000c0000000,0x00000000c16ce458,0x00000000c4300000)
 Metaspace       used 32181K, committed 33088K, reserved 1114112K
  class space    used 3127K, committed 3520K, reserved 1048576K
}
Event: 6.176 GC heap before
{Heap before GC invocations=16 (full 1):
 PSYoungGen      total 23552K, used 23488K [0x00000000eab00000, 0x00000000ec580000, 0x0000000100000000)
  eden space 20992K, 100% used [0x00000000eab00000,0x00000000ebf80000,0x00000000ebf80000)
  from space 2560K, 97% used [0x00000000ec300000,0x00000000ec570010,0x00000000ec580000)
  to   space 3072K, 0% used [0x00000000ebf80000,0x00000000ebf80000,0x00000000ec280000)
 ParOldGen       total 68608K, used 23353K [0x00000000c0000000, 0x00000000c4300000, 0x00000000eab00000)
  object space 68608K, 34% used [0x00000000c0000000,0x00000000c16ce458,0x00000000c4300000)
 Metaspace       used 32268K, committed 33152K, reserved 1114112K
  class space    used 3127K, committed 3520K, reserved 1048576K
}
Event: 6.181 GC heap after
{Heap after GC invocations=16 (full 1):
 PSYoungGen      total 23552K, used 2136K [0x00000000eab00000, 0x00000000ec480000, 0x0000000100000000)
  eden space 20992K, 0% used [0x00000000eab00000,0x00000000eab00000,0x00000000ebf80000)
  from space 2560K, 83% used [0x00000000ebf80000,0x00000000ec196200,0x00000000ec200000)
  to   space 2560K, 0% used [0x00000000ec200000,0x00000000ec200000,0x00000000ec480000)
 ParOldGen       total 68608K, used 25737K [0x00000000c0000000, 0x00000000c4300000, 0x00000000eab00000)
  object space 68608K, 37% used [0x00000000c0000000,0x00000000c1922468,0x00000000c4300000)
 Metaspace       used 32268K, committed 33152K, reserved 1114112K
  class space    used 3127K, committed 3520K, reserved 1048576K
}
Event: 7.072 GC heap before
{Heap before GC invocations=17 (full 1):
 PSYoungGen      total 23552K, used 23080K [0x00000000eab00000, 0x00000000ec480000, 0x0000000100000000)
  eden space 20992K, 99% used [0x00000000eab00000,0x00000000ebf73f90,0x00000000ebf80000)
  from space 2560K, 83% used [0x00000000ebf80000,0x00000000ec196200,0x00000000ec200000)
  to   space 2560K, 0% used [0x00000000ec200000,0x00000000ec200000,0x00000000ec480000)
 ParOldGen       total 68608K, used 25737K [0x00000000c0000000, 0x00000000c4300000, 0x00000000eab00000)
  object space 68608K, 37% used [0x00000000c0000000,0x00000000c1922468,0x00000000c4300000)
 Metaspace       used 34084K, committed 34944K, reserved 1114112K
  class space    used 3356K, committed 3712K, reserved 1048576K
}
Event: 7.077 GC heap after
{Heap after GC invocations=17 (full 1):
 PSYoungGen      total 22528K, used 1396K [0x00000000eab00000, 0x00000000ec380000, 0x0000000100000000)
  eden space 20992K, 0% used [0x00000000eab00000,0x00000000eab00000,0x00000000ebf80000)
  from space 1536K, 90% used [0x00000000ec200000,0x00000000ec35d3c8,0x00000000ec380000)
  to   space 2048K, 0% used [0x00000000ebf80000,0x00000000ebf80000,0x00000000ec180000)
 ParOldGen       total 68608K, used 27793K [0x00000000c0000000, 0x00000000c4300000, 0x00000000eab00000)
  object space 68608K, 40% used [0x00000000c0000000,0x00000000c1b24668,0x00000000c4300000)
 Metaspace       used 34084K, committed 34944K, reserved 1114112K
  class space    used 3356K, committed 3712K, reserved 1048576K
}
Event: 7.706 GC heap before
{Heap before GC invocations=18 (full 1):
 PSYoungGen      total 22528K, used 22371K [0x00000000eab00000, 0x00000000ec380000, 0x0000000100000000)
  eden space 20992K, 99% used [0x00000000eab00000,0x00000000ebf7ba98,0x00000000ebf80000)
  from space 1536K, 90% used [0x00000000ec200000,0x00000000ec35d3c8,0x00000000ec380000)
  to   space 2048K, 0% used [0x00000000ebf80000,0x00000000ebf80000,0x00000000ec180000)
 ParOldGen       total 68608K, used 27793K [0x00000000c0000000, 0x00000000c4300000, 0x00000000eab00000)
  object space 68608K, 40% used [0x00000000c0000000,0x00000000c1b24668,0x00000000c4300000)
 Metaspace       used 34963K, committed 35840K, reserved 1114112K
  class space    used 3467K, committed 3840K, reserved 1048576K
}
Event: 7.708 GC heap after
{Heap after GC invocations=18 (full 1):
 PSYoungGen      total 23040K, used 468K [0x00000000eab00000, 0x00000000ec280000, 0x0000000100000000)
  eden space 20992K, 0% used [0x00000000eab00000,0x00000000eab00000,0x00000000ebf80000)
  from space 2048K, 22% used [0x00000000ebf80000,0x00000000ebff52d0,0x00000000ec180000)
  to   space 1024K, 0% used [0x00000000ec180000,0x00000000ec180000,0x00000000ec280000)
 ParOldGen       total 68608K, used 29073K [0x00000000c0000000, 0x00000000c4300000, 0x00000000eab00000)
  object space 68608K, 42% used [0x00000000c0000000,0x00000000c1c644f0,0x00000000c4300000)
 Metaspace       used 34963K, committed 35840K, reserved 1114112K
  class space    used 3467K, committed 3840K, reserved 1048576K
}
Event: 7.711 GC heap before
{Heap before GC invocations=19 (full 1):
 PSYoungGen      total 23040K, used 738K [0x00000000eab00000, 0x00000000ec280000, 0x0000000100000000)
  eden space 20992K, 1% used [0x00000000eab00000,0x00000000eab435f0,0x00000000ebf80000)
  from space 2048K, 22% used [0x00000000ebf80000,0x00000000ebff52d0,0x00000000ec180000)
  to   space 1024K, 0% used [0x00000000ec180000,0x00000000ec180000,0x00000000ec280000)
 ParOldGen       total 68608K, used 29073K [0x00000000c0000000, 0x00000000c4300000, 0x00000000eab00000)
  object space 68608K, 42% used [0x00000000c0000000,0x00000000c1c644f0,0x00000000c4300000)
 Metaspace       used 35001K, committed 35840K, reserved 1114112K
  class space    used 3467K, committed 3840K, reserved 1048576K
}
Event: 7.712 GC heap after
{Heap after GC invocations=19 (full 1):
 PSYoungGen      total 21504K, used 224K [0x00000000eab00000, 0x00000000ec200000, 0x0000000100000000)
  eden space 20992K, 0% used [0x00000000eab00000,0x00000000eab00000,0x00000000ebf80000)
  from space 512K, 43% used [0x00000000ec180000,0x00000000ec1b8010,0x00000000ec200000)
  to   space 512K, 0% used [0x00000000ec100000,0x00000000ec100000,0x00000000ec180000)
 ParOldGen       total 68608K, used 29345K [0x00000000c0000000, 0x00000000c4300000, 0x00000000eab00000)
  object space 68608K, 42% used [0x00000000c0000000,0x00000000c1ca84f0,0x00000000c4300000)
 Metaspace       used 35001K, committed 35840K, reserved 1114112K
  class space    used 3467K, committed 3840K, reserved 1048576K
}
Event: 7.712 GC heap before
{Heap before GC invocations=20 (full 2):
 PSYoungGen      total 21504K, used 224K [0x00000000eab00000, 0x00000000ec200000, 0x0000000100000000)
  eden space 20992K, 0% used [0x00000000eab00000,0x00000000eab00000,0x00000000ebf80000)
  from space 512K, 43% used [0x00000000ec180000,0x00000000ec1b8010,0x00000000ec200000)
  to   space 512K, 0% used [0x00000000ec100000,0x00000000ec100000,0x00000000ec180000)
 ParOldGen       total 68608K, used 29345K [0x00000000c0000000, 0x00000000c4300000, 0x00000000eab00000)
  object space 68608K, 42% used [0x00000000c0000000,0x00000000c1ca84f0,0x00000000c4300000)
 Metaspace       used 35001K, committed 35840K, reserved 1114112K
  class space    used 3467K, committed 3840K, reserved 1048576K
}
Event: 7.774 GC heap after
{Heap after GC invocations=20 (full 2):
 PSYoungGen      total 21504K, used 0K [0x00000000eab00000, 0x00000000ec200000, 0x0000000100000000)
  eden space 20992K, 0% used [0x00000000eab00000,0x00000000eab00000,0x00000000ebf80000)
  from space 512K, 0% used [0x00000000ec180000,0x00000000ec180000,0x00000000ec200000)
  to   space 512K, 0% used [0x00000000ec100000,0x00000000ec100000,0x00000000ec180000)
 ParOldGen       total 68608K, used 27856K [0x00000000c0000000, 0x00000000c4300000, 0x00000000eab00000)
  object space 68608K, 40% used [0x00000000c0000000,0x00000000c1b34020,0x00000000c4300000)
 Metaspace       used 34978K, committed 35840K, reserved 1114112K
  class space    used 3461K, committed 3840K, reserved 1048576K
}
Event: 8.119 GC heap before
{Heap before GC invocations=21 (full 2):
 PSYoungGen      total 21504K, used 20992K [0x00000000eab00000, 0x00000000ec200000, 0x0000000100000000)
  eden space 20992K, 100% used [0x00000000eab00000,0x00000000ebf80000,0x00000000ebf80000)
  from space 512K, 0% used [0x00000000ec180000,0x00000000ec180000,0x00000000ec200000)
  to   space 512K, 0% used [0x00000000ec100000,0x00000000ec100000,0x00000000ec180000)
 ParOldGen       total 68608K, used 27856K [0x00000000c0000000, 0x00000000c4300000, 0x00000000eab00000)
  object space 68608K, 40% used [0x00000000c0000000,0x00000000c1b34020,0x00000000c4300000)
 Metaspace       used 35944K, committed 36800K, reserved 1114112K
  class space    used 3546K, committed 3904K, reserved 1048576K
}
Event: 8.121 GC heap after
{Heap after GC invocations=21 (full 2):
 PSYoungGen      total 21504K, used 499K [0x00000000eab00000, 0x00000000ec380000, 0x0000000100000000)
  eden space 20992K, 0% used [0x00000000eab00000,0x00000000eab00000,0x00000000ebf80000)
  from space 512K, 97% used [0x00000000ec100000,0x00000000ec17ce08,0x00000000ec180000)
  to   space 2048K, 0% used [0x00000000ec180000,0x00000000ec180000,0x00000000ec380000)
 ParOldGen       total 68608K, used 28826K [0x00000000c0000000, 0x00000000c4300000, 0x00000000eab00000)
  object space 68608K, 42% used [0x00000000c0000000,0x00000000c1c26870,0x00000000c4300000)
 Metaspace       used 35944K, committed 36800K, reserved 1114112K
  class space    used 3546K, committed 3904K, reserved 1048576K
}

Dll operation events (10 events):
Event: 0.011 Loaded shared library c:\Users\Asus\.vscode\extensions\redhat.java-1.41.0-win32-x64\jre\21.0.6-win32-x86_64\bin\java.dll
Event: 0.127 Loaded shared library c:\Users\Asus\.vscode\extensions\redhat.java-1.41.0-win32-x64\jre\21.0.6-win32-x86_64\bin\zip.dll
Event: 0.178 Loaded shared library C:\Users\Asus\.vscode\extensions\redhat.java-1.41.0-win32-x64\jre\21.0.6-win32-x86_64\bin\instrument.dll
Event: 0.190 Loaded shared library C:\Users\Asus\.vscode\extensions\redhat.java-1.41.0-win32-x64\jre\21.0.6-win32-x86_64\bin\net.dll
Event: 0.195 Loaded shared library C:\Users\Asus\.vscode\extensions\redhat.java-1.41.0-win32-x64\jre\21.0.6-win32-x86_64\bin\nio.dll
Event: 0.200 Loaded shared library C:\Users\Asus\.vscode\extensions\redhat.java-1.41.0-win32-x64\jre\21.0.6-win32-x86_64\bin\zip.dll
Event: 0.255 Loaded shared library C:\Users\Asus\.vscode\extensions\redhat.java-1.41.0-win32-x64\jre\21.0.6-win32-x86_64\bin\jimage.dll
Event: 0.393 Loaded shared library c:\Users\Asus\.vscode\extensions\redhat.java-1.41.0-win32-x64\jre\21.0.6-win32-x86_64\bin\verify.dll
Event: 1.950 Loaded shared library C:\Users\Asus\AppData\Roaming\Code\User\globalStorage\redhat.java\1.41.0\config_ss_win\org.eclipse.equinox.launcher\org.eclipse.equinox.launcher.win32.win32.x86_64_1.2.1300.v20250325-0811\eclipse_11911.dll
Event: 3.119 Loaded shared library C:\Users\Asus\AppData\Local\Temp\jna-2050672\jna4903991782038619555.dll

Deoptimization events (20 events):
Event: 8.209 Thread 0x00000283f1c019f0 Uncommon trap: trap_request=0xffffff6e fr.pc=0x00000283a0800c5c relative=0x000000000000091c
Event: 8.209 Thread 0x00000283f1c019f0 Uncommon trap: reason=loop_limit_check action=maybe_recompile pc=0x00000283a0800c5c method=java.util.regex.Pattern$StartS.match(Ljava/util/regex/Matcher;ILjava/lang/CharSequence;)Z @ 34 c2
Event: 8.209 Thread 0x00000283f1c019f0 DEOPT PACKING pc=0x00000283a0800c5c sp=0x000000a4cf6f9560
Event: 8.209 Thread 0x00000283f1c019f0 DEOPT UNPACKING pc=0x00000283a02a6da2 sp=0x000000a4cf6f94e0 mode 2
Event: 8.336 Thread 0x00000283f1c019f0 Uncommon trap: trap_request=0xffffffc6 fr.pc=0x00000283a08bf2a8 relative=0x0000000000001128
Event: 8.336 Thread 0x00000283f1c019f0 Uncommon trap: reason=bimorphic_or_optimized_type_check action=maybe_recompile pc=0x00000283a08bf2a8 method=lombok.patcher.PatchScript$MethodPatcher.visitMethod(ILjava/lang/String;Ljava/lang/String;Ljava/lang/String;[Ljava/lang/String;)Lorg/lombokweb/asm/
Event: 8.336 Thread 0x00000283f1c019f0 DEOPT PACKING pc=0x00000283a08bf2a8 sp=0x000000a4cf6f9830
Event: 8.336 Thread 0x00000283f1c019f0 DEOPT UNPACKING pc=0x00000283a02a6da2 sp=0x000000a4cf6f9800 mode 2
Event: 8.336 Thread 0x00000283f1c019f0 Uncommon trap: trap_request=0xffffffc6 fr.pc=0x00000283a08bf2a8 relative=0x0000000000001128
Event: 8.336 Thread 0x00000283f1c019f0 Uncommon trap: reason=bimorphic_or_optimized_type_check action=maybe_recompile pc=0x00000283a08bf2a8 method=lombok.patcher.PatchScript$MethodPatcher.visitMethod(ILjava/lang/String;Ljava/lang/String;Ljava/lang/String;[Ljava/lang/String;)Lorg/lombokweb/asm/
Event: 8.336 Thread 0x00000283f1c019f0 DEOPT PACKING pc=0x00000283a08bf2a8 sp=0x000000a4cf6f9830
Event: 8.336 Thread 0x00000283f1c019f0 DEOPT UNPACKING pc=0x00000283a02a6da2 sp=0x000000a4cf6f9800 mode 2
Event: 8.336 Thread 0x00000283f1c019f0 Uncommon trap: trap_request=0xffffffc6 fr.pc=0x00000283a08bf2a8 relative=0x0000000000001128
Event: 8.336 Thread 0x00000283f1c019f0 Uncommon trap: reason=bimorphic_or_optimized_type_check action=maybe_recompile pc=0x00000283a08bf2a8 method=lombok.patcher.PatchScript$MethodPatcher.visitMethod(ILjava/lang/String;Ljava/lang/String;Ljava/lang/String;[Ljava/lang/String;)Lorg/lombokweb/asm/
Event: 8.336 Thread 0x00000283f1c019f0 DEOPT PACKING pc=0x00000283a08bf2a8 sp=0x000000a4cf6f9830
Event: 8.336 Thread 0x00000283f1c019f0 DEOPT UNPACKING pc=0x00000283a02a6da2 sp=0x000000a4cf6f9800 mode 2
Event: 8.337 Thread 0x00000283f1c019f0 Uncommon trap: trap_request=0xffffffc6 fr.pc=0x00000283a08bf2a8 relative=0x0000000000001128
Event: 8.337 Thread 0x00000283f1c019f0 Uncommon trap: reason=bimorphic_or_optimized_type_check action=maybe_recompile pc=0x00000283a08bf2a8 method=lombok.patcher.PatchScript$MethodPatcher.visitMethod(ILjava/lang/String;Ljava/lang/String;Ljava/lang/String;[Ljava/lang/String;)Lorg/lombokweb/asm/
Event: 8.337 Thread 0x00000283f1c019f0 DEOPT PACKING pc=0x00000283a08bf2a8 sp=0x000000a4cf6f9830
Event: 8.337 Thread 0x00000283f1c019f0 DEOPT UNPACKING pc=0x00000283a02a6da2 sp=0x000000a4cf6f9800 mode 2

Classes loaded (20 events):
Event: 5.695 Loading class java/lang/invoke/MethodHandleImpl$CountingWrapper
Event: 5.695 Loading class java/lang/invoke/MethodHandleImpl$CountingWrapper done
Event: 5.706 Loading class java/util/AbstractList$ListItr
Event: 5.706 Loading class java/util/AbstractList$ListItr done
Event: 5.716 Loading class java/nio/channels/Channels$ReadableByteChannelImpl
Event: 5.717 Loading class java/nio/channels/Channels$ReadableByteChannelImpl done
Event: 5.718 Loading class java/nio/channels/NonWritableChannelException
Event: 5.718 Loading class java/nio/channels/NonWritableChannelException done
Event: 6.050 Loading class java/lang/invoke/MethodHandleImpl$CountingWrapper$1
Event: 6.050 Loading class java/lang/invoke/MethodHandleImpl$CountingWrapper$1 done
Event: 6.214 Loading class sun/reflect/misc/ReflectUtil
Event: 6.214 Loading class sun/reflect/misc/ReflectUtil done
Event: 6.460 Loading class java/lang/ExceptionInInitializerError
Event: 6.460 Loading class java/lang/ExceptionInInitializerError done
Event: 7.391 Loading class java/util/Vector$1
Event: 7.392 Loading class java/util/Vector$1 done
Event: 7.885 Loading class java/util/regex/Pattern$Caret
Event: 7.885 Loading class java/util/regex/Pattern$Caret done
Event: 7.944 Loading class java/util/regex/Pattern$LazyLoop
Event: 7.945 Loading class java/util/regex/Pattern$LazyLoop done

Classes unloaded (20 events):
Event: 3.574 Thread 0x00000283a9ec2b90 Unloading class 0x00000283ab17c000 'java/lang/invoke/LambdaForm$MH+0x00000283ab17c000'
Event: 3.574 Thread 0x00000283a9ec2b90 Unloading class 0x00000283ab17bc00 'java/lang/invoke/LambdaForm$MH+0x00000283ab17bc00'
Event: 3.574 Thread 0x00000283a9ec2b90 Unloading class 0x00000283ab17b800 'java/lang/invoke/LambdaForm$MH+0x00000283ab17b800'
Event: 3.574 Thread 0x00000283a9ec2b90 Unloading class 0x00000283ab17b400 'java/lang/invoke/LambdaForm$MH+0x00000283ab17b400'
Event: 3.574 Thread 0x00000283a9ec2b90 Unloading class 0x00000283ab17b000 'java/lang/invoke/LambdaForm$BMH+0x00000283ab17b000'
Event: 3.574 Thread 0x00000283a9ec2b90 Unloading class 0x00000283ab17ac00 'java/lang/invoke/LambdaForm$DMH+0x00000283ab17ac00'
Event: 3.574 Thread 0x00000283a9ec2b90 Unloading class 0x00000283ab179800 'java/lang/invoke/LambdaForm$DMH+0x00000283ab179800'
Event: 7.725 Thread 0x00000283a9ec2b90 Unloading class 0x00000283ab350c00 'java/lang/invoke/LambdaForm$MH+0x00000283ab350c00'
Event: 7.725 Thread 0x00000283a9ec2b90 Unloading class 0x00000283ab34c000 'java/lang/invoke/LambdaForm$MH+0x00000283ab34c000'
Event: 7.725 Thread 0x00000283a9ec2b90 Unloading class 0x00000283ab34b800 'java/lang/invoke/LambdaForm$MH+0x00000283ab34b800'
Event: 7.725 Thread 0x00000283a9ec2b90 Unloading class 0x00000283ab34b400 'java/lang/invoke/LambdaForm$MH+0x00000283ab34b400'
Event: 7.725 Thread 0x00000283a9ec2b90 Unloading class 0x00000283ab34b000 'java/lang/invoke/LambdaForm$MH+0x00000283ab34b000'
Event: 7.725 Thread 0x00000283a9ec2b90 Unloading class 0x00000283ab34a800 'java/lang/invoke/LambdaForm$MH+0x00000283ab34a800'
Event: 7.725 Thread 0x00000283a9ec2b90 Unloading class 0x00000283ab349c00 'java/lang/invoke/LambdaForm$MH+0x00000283ab349c00'
Event: 7.725 Thread 0x00000283a9ec2b90 Unloading class 0x00000283ab349800 'java/lang/invoke/LambdaForm$MH+0x00000283ab349800'
Event: 7.725 Thread 0x00000283a9ec2b90 Unloading class 0x00000283ab349400 'java/lang/invoke/LambdaForm$MH+0x00000283ab349400'
Event: 7.725 Thread 0x00000283a9ec2b90 Unloading class 0x00000283ab349000 'java/lang/invoke/LambdaForm$MH+0x00000283ab349000'
Event: 7.725 Thread 0x00000283a9ec2b90 Unloading class 0x00000283ab348c00 'java/lang/invoke/LambdaForm$MH+0x00000283ab348c00'
Event: 7.725 Thread 0x00000283a9ec2b90 Unloading class 0x00000283ab348400 'java/lang/invoke/LambdaForm$MH+0x00000283ab348400'
Event: 7.725 Thread 0x00000283a9ec2b90 Unloading class 0x00000283ab345800 'java/lang/invoke/LambdaForm$DMH+0x00000283ab345800'

Classes redefined (0 events):
No events

Internal exceptions (20 events):
Event: 5.182 Thread 0x00000283f1c019f0 Exception <a 'java/lang/IncompatibleClassChangeError'{0x00000000eb14e708}: Found class java.lang.Object, but interface was expected> (0x00000000eb14e708) 
thrown [s\src\hotspot\share\interpreter\linkResolver.cpp, line 840]
Event: 5.229 Thread 0x00000283f1c019f0 Exception <a 'java/lang/IncompatibleClassChangeError'{0x00000000eb1e4e20}: Found class java.lang.Object, but interface was expected> (0x00000000eb1e4e20) 
thrown [s\src\hotspot\share\interpreter\linkResolver.cpp, line 840]
Event: 5.381 Thread 0x00000283f1c02080 Implicit null exception at 0x00000283a097caf7 to 0x00000283a097cd68
Event: 5.382 Thread 0x00000283f1c02080 Exception <a 'java/lang/NoSuchMethodError'{0x00000000eb665de0}: 'java.lang.Object java.lang.invoke.DelegatingMethodHandle$Holder.reinvoke_L(java.lang.Object, int, long, java.lang.Object, java.lang.Object, int, java.lang.Object)'> (0x00000000eb665de0) 
thrown [s\src\hotspot\share\interpreter\linkResolver.cpp, line 773]
Event: 5.531 Thread 0x00000283f1c02080 Exception <a 'java/lang/NoSuchMethodError'{0x00000000ebc11f78}: 'java.lang.Object java.lang.invoke.DirectMethodHandle$Holder.invokeStaticInit(java.lang.Object, java.lang.Object, java.lang.Object, java.lang.Object, java.lang.Object, java.lang.Object, java.lang.Object)'> (0x00000000ebc11f78) 
thrown [s\src\hotspot\share\interpreter\linkResolver.cpp, line 773]
Event: 5.531 Thread 0x00000283f1c02710 Exception <a 'java/lang/NoSuchMethodError'{0x00000000ebbf2dd0}: 'java.lang.Object java.lang.invoke.DirectMethodHandle$Holder.invokeStaticInit(java.lang.Object, java.lang.Object, java.lang.Object, java.lang.Object, java.lang.Object, java.lang.Object, java.lang.Object)'> (0x00000000ebbf2dd0) 
thrown [s\src\hotspot\share\interpreter\linkResolver.cpp, line 773]
Event: 5.533 Thread 0x00000283f1c02710 Exception <a 'java/lang/NoSuchMethodError'{0x00000000ebbf70a8}: 'java.lang.Object java.lang.invoke.Invokers$Holder.invoke_MT(java.lang.Object, java.lang.Object, java.lang.Object, java.lang.Object, java.lang.Object, java.lang.Object, java.lang.Object, java.lang.Object, java.lang.Object, java.lang.Object)'> (0x00000000ebbf70a8) 
thrown [s\src\hotspot\share\interpreter\linkResolver.cpp, line 773]
Event: 5.533 Thread 0x00000283f1c02080 Exception <a 'java/lang/NoSuchMethodError'{0x00000000ebc16c18}: 'java.lang.Object java.lang.invoke.Invokers$Holder.invoke_MT(java.lang.Object, java.lang.Object, java.lang.Object, java.lang.Object, java.lang.Object, java.lang.Object, java.lang.Object, java.lang.Object, java.lang.Object, java.lang.Object)'> (0x00000000ebc16c18) 
thrown [s\src\hotspot\share\interpreter\linkResolver.cpp, line 773]
Event: 5.552 Thread 0x00000283f1c02710 Exception <a 'java/lang/NoSuchMethodError'{0x00000000ebc96d78}: 'int java.lang.invoke.DirectMethodHandle$Holder.invokeVirtual(java.lang.Object, java.lang.Object, java.lang.Object)'> (0x00000000ebc96d78) 
thrown [s\src\hotspot\share\interpreter\linkResolver.cpp, line 773]
Event: 5.553 Thread 0x00000283f1c02710 Exception <a 'java/lang/NoSuchMethodError'{0x00000000ebc9b120}: 'int java.lang.invoke.DirectMethodHandle$Holder.invokeStaticInit(java.lang.Object, int, int)'> (0x00000000ebc9b120) 
thrown [s\src\hotspot\share\interpreter\linkResolver.cpp, line 773]
Event: 5.554 Thread 0x00000283f1c02710 Exception <a 'java/lang/NoSuchMethodError'{0x00000000ebca2d08}: 'int java.lang.invoke.DirectMethodHandle$Holder.invokeStaticInit(java.lang.Object, long, long)'> (0x00000000ebca2d08) 
thrown [s\src\hotspot\share\interpreter\linkResolver.cpp, line 773]
Event: 5.555 Thread 0x00000283f1c02710 Exception <a 'java/lang/NoSuchMethodError'{0x00000000ebca9a50}: 'int java.lang.invoke.DirectMethodHandle$Holder.invokeStaticInit(java.lang.Object, float, float)'> (0x00000000ebca9a50) 
thrown [s\src\hotspot\share\interpreter\linkResolver.cpp, line 773]
Event: 5.556 Thread 0x00000283f1c02710 Exception <a 'java/lang/NoSuchMethodError'{0x00000000ebcb09e0}: 'int java.lang.invoke.DirectMethodHandle$Holder.invokeStaticInit(java.lang.Object, double, double)'> (0x00000000ebcb09e0) 
thrown [s\src\hotspot\share\interpreter\linkResolver.cpp, line 773]
Event: 5.556 Thread 0x00000283f1c02710 Exception <a 'java/lang/NoSuchMethodError'{0x00000000ebcb5230}: 'int java.lang.invoke.DirectMethodHandle$Holder.invokeStatic(java.lang.Object, long)'> (0x00000000ebcb5230) 
thrown [s\src\hotspot\share\interpreter\linkResolver.cpp, line 773]
Event: 5.561 Thread 0x00000283f1c02080 Exception <a 'java/lang/NoSuchMethodError'{0x00000000ebc85768}: 'int java.lang.invoke.Invokers$Holder.linkToTargetMethod(java.lang.Object, java.lang.Object)'> (0x00000000ebc85768) 
thrown [s\src\hotspot\share\interpreter\linkResolver.cpp, line 773]
Event: 5.693 Thread 0x00000283f1c02710 Exception <a 'java/lang/NoSuchMethodError'{0x00000000ebd4ee60}: 'int java.lang.invoke.DirectMethodHandle$Holder.invokeSpecial(java.lang.Object, java.lang.Object, java.lang.Object, java.lang.Object)'> (0x00000000ebd4ee60) 
thrown [s\src\hotspot\share\interpreter\linkResolver.cpp, line 773]
Event: 5.694 Thread 0x00000283f1c02710 Exception <a 'java/lang/NoSuchMethodError'{0x00000000ebd82a18}: 'java.lang.Object java.lang.invoke.DirectMethodHandle$Holder.invokeStatic(java.lang.Object, int, java.lang.Object, java.lang.Object)'> (0x00000000ebd82a18) 
thrown [s\src\hotspot\share\interpreter\linkResolver.cpp, line 773]
Event: 5.695 Thread 0x00000283f1c02710 Exception <a 'java/lang/NoSuchMethodError'{0x00000000ebd864c8}: 'java.lang.Object java.lang.invoke.DelegatingMethodHandle$Holder.delegate(java.lang.Object, int, java.lang.Object, java.lang.Object)'> (0x00000000ebd864c8) 
thrown [s\src\hotspot\share\interpreter\linkResolver.cpp, line 773]
Event: 5.697 Thread 0x00000283f1c02710 Exception <a 'java/lang/NoSuchMethodError'{0x00000000ebd9c010}: 'int java.lang.invoke.Invokers$Holder.linkToTargetMethod(java.lang.Object, java.lang.Object, java.lang.Object)'> (0x00000000ebd9c010) 
thrown [s\src\hotspot\share\interpreter\linkResolver.cpp, line 773]
Event: 7.811 Thread 0x00000283f1c019f0 Implicit null exception at 0x00000283a0ab389d to 0x00000283a0ab438c

ZGC Phase Switch (0 events):
No events

VM Operations (20 events):
Event: 5.976 Executing VM operation: ParallelGCFailedAllocation (Allocation Failure)
Event: 6.004 Executing VM operation: ParallelGCFailedAllocation (Allocation Failure) done
Event: 6.084 Executing VM operation: ParallelGCFailedAllocation (Allocation Failure)
Event: 6.089 Executing VM operation: ParallelGCFailedAllocation (Allocation Failure) done
Event: 6.173 Executing VM operation: ParallelGCFailedAllocation (Allocation Failure)
Event: 6.181 Executing VM operation: ParallelGCFailedAllocation (Allocation Failure) done
Event: 6.211 Executing VM operation: HandshakeAllThreads (Deoptimize)
Event: 6.211 Executing VM operation: HandshakeAllThreads (Deoptimize) done
Event: 6.213 Executing VM operation: HandshakeAllThreads (Deoptimize)
Event: 6.213 Executing VM operation: HandshakeAllThreads (Deoptimize) done
Event: 6.884 Executing VM operation: HandshakeAllThreads (Deoptimize)
Event: 6.884 Executing VM operation: HandshakeAllThreads (Deoptimize) done
Event: 7.072 Executing VM operation: ParallelGCFailedAllocation (Allocation Failure)
Event: 7.077 Executing VM operation: ParallelGCFailedAllocation (Allocation Failure) done
Event: 7.706 Executing VM operation: ParallelGCFailedAllocation (Allocation Failure)
Event: 7.708 Executing VM operation: ParallelGCFailedAllocation (Allocation Failure) done
Event: 7.711 Executing VM operation: CollectForMetadataAllocation (Metadata GC Threshold)
Event: 7.774 Executing VM operation: CollectForMetadataAllocation (Metadata GC Threshold) done
Event: 8.119 Executing VM operation: ParallelGCFailedAllocation (Allocation Failure)
Event: 8.121 Executing VM operation: ParallelGCFailedAllocation (Allocation Failure) done

Memory protections (0 events):
No events

Nmethod flushes (20 events):
Event: 7.737 Thread 0x00000283a9ec2b90 flushing  nmethod 0x000002839913f510
Event: 7.737 Thread 0x00000283a9ec2b90 flushing  nmethod 0x0000028399140310
Event: 7.737 Thread 0x00000283a9ec2b90 flushing  nmethod 0x0000028399179b10
Event: 7.737 Thread 0x00000283a9ec2b90 flushing  nmethod 0x0000028399179f10
Event: 7.737 Thread 0x00000283a9ec2b90 flushing  nmethod 0x000002839917a910
Event: 7.737 Thread 0x00000283a9ec2b90 flushing  nmethod 0x000002839917f510
Event: 7.737 Thread 0x00000283a9ec2b90 flushing  nmethod 0x0000028399192110
Event: 7.737 Thread 0x00000283a9ec2b90 flushing  nmethod 0x0000028399194f90
Event: 7.737 Thread 0x00000283a9ec2b90 flushing  nmethod 0x0000028399199490
Event: 7.737 Thread 0x00000283a9ec2b90 flushing  nmethod 0x000002839919c910
Event: 7.737 Thread 0x00000283a9ec2b90 flushing  nmethod 0x000002839919e410
Event: 7.737 Thread 0x00000283a9ec2b90 flushing  nmethod 0x00000283991cd490
Event: 7.737 Thread 0x00000283a9ec2b90 flushing  nmethod 0x00000283991d0190
Event: 7.737 Thread 0x00000283a9ec2b90 flushing  nmethod 0x00000283991d1a90
Event: 7.737 Thread 0x00000283a9ec2b90 flushing  nmethod 0x000002839920b310
Event: 7.737 Thread 0x00000283a9ec2b90 flushing  nmethod 0x000002839920ec10
Event: 7.737 Thread 0x00000283a9ec2b90 flushing  nmethod 0x0000028399222290
Event: 7.737 Thread 0x00000283a9ec2b90 flushing  nmethod 0x0000028399224c90
Event: 7.737 Thread 0x00000283a9ec2b90 flushing  nmethod 0x0000028399228190
Event: 7.737 Thread 0x00000283a9ec2b90 flushing  nmethod 0x000002839923f690

Events (20 events):
Event: 4.577 Thread 0x0000028395b2ceb0 Thread added: 0x00000283f1d3ed30
Event: 4.578 Thread 0x0000028395b2ceb0 Thread added: 0x00000283f1d3f3c0
Event: 4.578 Thread 0x0000028395b2ceb0 Thread added: 0x00000283f1bfd850
Event: 4.578 Thread 0x0000028395b2ceb0 Thread added: 0x00000283f1bfffb0
Event: 4.578 Thread 0x0000028395b2ceb0 Thread added: 0x00000283f1c00640
Event: 4.578 Thread 0x0000028395b2ceb0 Thread added: 0x00000283f1c00cd0
Event: 4.578 Thread 0x0000028395b2ceb0 Thread added: 0x00000283f1c01360
Event: 4.578 Thread 0x0000028395b2ceb0 Thread added: 0x00000283f1bfe570
Event: 4.578 Thread 0x0000028395b2ceb0 Thread added: 0x00000283f1bfec00
Event: 4.601 Thread 0x0000028395b2ceb0 Thread added: 0x00000283f1bff290
Event: 4.829 Thread 0x0000028395b2ceb0 Thread added: 0x00000283f1bfdee0
Event: 4.829 Thread 0x0000028395b2ceb0 Thread added: 0x00000283f1c019f0
Event: 5.235 Thread 0x00000283f1c019f0 Thread added: 0x00000283f1c02080
Event: 5.238 Thread 0x00000283f1c019f0 Thread added: 0x00000283f1c02710
Event: 5.426 Thread 0x00000283a9f1d970 Thread added: 0x00000283f419cc30
Event: 7.106 Thread 0x00000283f419cc30 Thread exited: 0x00000283f419cc30
Event: 7.109 Thread 0x00000283f4727380 Thread exited: 0x00000283f4727380
Event: 8.058 Thread 0x00000283a9f1d970 Thread added: 0x00000283ecda4a20
Event: 8.058 Thread 0x00000283a9f1d970 Thread added: 0x00000283f1496020
Event: 8.257 Thread 0x00000283f15f01d0 Thread exited: 0x00000283f15f01d0


Dynamic libraries:
0x00007ff632180000 - 0x00007ff63218e000 	c:\Users\Asus\.vscode\extensions\redhat.java-1.41.0-win32-x64\jre\21.0.6-win32-x86_64\bin\java.exe
0x00007ffd6c4e0000 - 0x00007ffd6c743000 	C:\WINDOWS\SYSTEM32\ntdll.dll
0x00007ffd6bfc0000 - 0x00007ffd6c088000 	C:\WINDOWS\System32\KERNEL32.DLL
0x00007ffd69ec0000 - 0x00007ffd6a272000 	C:\WINDOWS\System32\KERNELBASE.dll
0x00007ffd69ac0000 - 0x00007ffd69c0b000 	C:\WINDOWS\System32\ucrtbase.dll
0x00007ffd637d0000 - 0x00007ffd637e8000 	c:\Users\Asus\.vscode\extensions\redhat.java-1.41.0-win32-x64\jre\21.0.6-win32-x86_64\bin\jli.dll
0x00007ffd61340000 - 0x00007ffd6135e000 	c:\Users\Asus\.vscode\extensions\redhat.java-1.41.0-win32-x64\jre\21.0.6-win32-x86_64\bin\VCRUNTIME140.dll
0x00007ffd6a520000 - 0x00007ffd6a6e8000 	C:\WINDOWS\System32\USER32.dll
0x00007ffd69960000 - 0x00007ffd69987000 	C:\WINDOWS\System32\win32u.dll
0x00007ffd4f290000 - 0x00007ffd4f520000 	C:\WINDOWS\WinSxS\amd64_microsoft.windows.common-controls_6595b64144ccf1df_6.0.26100.2454_none_3e0b68a2e331ad60\COMCTL32.dll
0x00007ffd6b270000 - 0x00007ffd6b29a000 	C:\WINDOWS\System32\GDI32.dll
0x00007ffd6b0d0000 - 0x00007ffd6b179000 	C:\WINDOWS\System32\msvcrt.dll
0x00007ffd69d90000 - 0x00007ffd69ebb000 	C:\WINDOWS\System32\gdi32full.dll
0x00007ffd698b0000 - 0x00007ffd69953000 	C:\WINDOWS\System32\msvcp_win.dll
0x00007ffd6b9c0000 - 0x00007ffd6b9ef000 	C:\WINDOWS\System32\IMM32.DLL
0x00007ffd63620000 - 0x00007ffd6362c000 	c:\Users\Asus\.vscode\extensions\redhat.java-1.41.0-win32-x64\jre\21.0.6-win32-x86_64\bin\vcruntime140_1.dll
0x00007ffd3afa0000 - 0x00007ffd3b02d000 	c:\Users\Asus\.vscode\extensions\redhat.java-1.41.0-win32-x64\jre\21.0.6-win32-x86_64\bin\msvcp140.dll
0x00007ffd220b0000 - 0x00007ffd22e40000 	c:\Users\Asus\.vscode\extensions\redhat.java-1.41.0-win32-x64\jre\21.0.6-win32-x86_64\bin\server\jvm.dll
0x00007ffd6b180000 - 0x00007ffd6b234000 	C:\WINDOWS\System32\ADVAPI32.dll
0x00007ffd6a470000 - 0x00007ffd6a516000 	C:\WINDOWS\System32\sechost.dll
0x00007ffd6c380000 - 0x00007ffd6c496000 	C:\WINDOWS\System32\RPCRT4.dll
0x00007ffd6a6f0000 - 0x00007ffd6a764000 	C:\WINDOWS\System32\WS2_32.dll
0x00007ffd692b0000 - 0x00007ffd692fe000 	C:\WINDOWS\SYSTEM32\POWRPROF.dll
0x00007ffd52df0000 - 0x00007ffd52e26000 	C:\WINDOWS\SYSTEM32\WINMM.dll
0x00007ffd586f0000 - 0x00007ffd586fb000 	C:\WINDOWS\SYSTEM32\VERSION.dll
0x00007ffd69160000 - 0x00007ffd69174000 	C:\WINDOWS\SYSTEM32\UMPDC.dll
0x00007ffd686f0000 - 0x00007ffd6870a000 	C:\WINDOWS\SYSTEM32\kernel.appcore.dll
0x00007ffd60f70000 - 0x00007ffd60f7a000 	c:\Users\Asus\.vscode\extensions\redhat.java-1.41.0-win32-x64\jre\21.0.6-win32-x86_64\bin\jimage.dll
0x00007ffd67040000 - 0x00007ffd67281000 	C:\WINDOWS\SYSTEM32\DBGHELP.DLL
0x00007ffd6ba50000 - 0x00007ffd6bdce000 	C:\WINDOWS\System32\combase.dll
0x00007ffd6be40000 - 0x00007ffd6bf16000 	C:\WINDOWS\System32\OLEAUT32.dll
0x00007ffd49ba0000 - 0x00007ffd49bd9000 	C:\WINDOWS\SYSTEM32\dbgcore.DLL
0x00007ffd69990000 - 0x00007ffd69a29000 	C:\WINDOWS\System32\bcryptPrimitives.dll
0x00007ffd60f60000 - 0x00007ffd60f6f000 	c:\Users\Asus\.vscode\extensions\redhat.java-1.41.0-win32-x64\jre\21.0.6-win32-x86_64\bin\instrument.dll
0x00007ffd60f40000 - 0x00007ffd60f5f000 	c:\Users\Asus\.vscode\extensions\redhat.java-1.41.0-win32-x64\jre\21.0.6-win32-x86_64\bin\java.dll
0x00007ffd6a9c0000 - 0x00007ffd6b0c0000 	C:\WINDOWS\System32\SHELL32.dll
0x00007ffd675e0000 - 0x00007ffd67e11000 	C:\WINDOWS\SYSTEM32\windows.storage.dll
0x00007ffd6c0b0000 - 0x00007ffd6c18a000 	C:\WINDOWS\System32\SHCORE.dll
0x00007ffd6a340000 - 0x00007ffd6a39d000 	C:\WINDOWS\System32\shlwapi.dll
0x00007ffd697c0000 - 0x00007ffd697ee000 	C:\WINDOWS\SYSTEM32\profapi.dll
0x00007ffd4f590000 - 0x00007ffd4f5a8000 	c:\Users\Asus\.vscode\extensions\redhat.java-1.41.0-win32-x64\jre\21.0.6-win32-x86_64\bin\zip.dll
0x00007ffd60f30000 - 0x00007ffd60f40000 	C:\Users\Asus\.vscode\extensions\redhat.java-1.41.0-win32-x64\jre\21.0.6-win32-x86_64\bin\net.dll
0x00007ffd64190000 - 0x00007ffd642b6000 	C:\WINDOWS\SYSTEM32\WINHTTP.dll
0x00007ffd68bf0000 - 0x00007ffd68c58000 	C:\WINDOWS\system32\mswsock.dll
0x00007ffd548d0000 - 0x00007ffd548e6000 	C:\Users\Asus\.vscode\extensions\redhat.java-1.41.0-win32-x64\jre\21.0.6-win32-x86_64\bin\nio.dll
0x00007ffd60ee0000 - 0x00007ffd60ef0000 	c:\Users\Asus\.vscode\extensions\redhat.java-1.41.0-win32-x64\jre\21.0.6-win32-x86_64\bin\verify.dll
0x00007ffd54880000 - 0x00007ffd548c5000 	C:\Users\Asus\AppData\Roaming\Code\User\globalStorage\redhat.java\1.41.0\config_ss_win\org.eclipse.equinox.launcher\org.eclipse.equinox.launcher.win32.win32.x86_64_1.2.1300.v20250325-0811\eclipse_11911.dll
0x00007ffd6b820000 - 0x00007ffd6b9b9000 	C:\WINDOWS\System32\ole32.dll
0x00007ffd68f00000 - 0x00007ffd68f1c000 	C:\WINDOWS\SYSTEM32\CRYPTSP.dll
0x00007ffd68650000 - 0x00007ffd68688000 	C:\WINDOWS\system32\rsaenh.dll
0x00007ffd68c90000 - 0x00007ffd68cbb000 	C:\WINDOWS\SYSTEM32\USERENV.dll
0x00007ffd69180000 - 0x00007ffd691a6000 	C:\WINDOWS\SYSTEM32\bcrypt.dll
0x00007ffd69060000 - 0x00007ffd6906c000 	C:\WINDOWS\SYSTEM32\CRYPTBASE.dll
0x00007ffd68270000 - 0x00007ffd682a2000 	C:\WINDOWS\SYSTEM32\IPHLPAPI.DLL
0x00007ffd6a460000 - 0x00007ffd6a46a000 	C:\WINDOWS\System32\NSI.dll
0x00007ffd32ec0000 - 0x00007ffd32f09000 	C:\Users\Asus\AppData\Local\Temp\jna-2050672\jna4903991782038619555.dll
0x00007ffd6c0a0000 - 0x00007ffd6c0a8000 	C:\WINDOWS\System32\PSAPI.DLL
0x00007ffd650b0000 - 0x00007ffd650ce000 	C:\WINDOWS\SYSTEM32\dhcpcsvc6.DLL
0x00007ffd65080000 - 0x00007ffd650a5000 	C:\WINDOWS\SYSTEM32\dhcpcsvc.DLL

dbghelp: loaded successfully - version: 4.0.5 - missing functions: none
symbol engine: initialized successfully - sym options: 0x614 - pdb path: .;c:\Users\Asus\.vscode\extensions\redhat.java-1.41.0-win32-x64\jre\21.0.6-win32-x86_64\bin;C:\WINDOWS\SYSTEM32;C:\WINDOWS\WinSxS\amd64_microsoft.windows.common-controls_6595b64144ccf1df_6.0.26100.2454_none_3e0b68a2e331ad60;c:\Users\Asus\.vscode\extensions\redhat.java-1.41.0-win32-x64\jre\21.0.6-win32-x86_64\bin\server;C:\Users\Asus\AppData\Roaming\Code\User\globalStorage\redhat.java\1.41.0\config_ss_win\org.eclipse.equinox.launcher\org.eclipse.equinox.launcher.win32.win32.x86_64_1.2.1300.v20250325-0811;C:\Users\Asus\AppData\Local\Temp\jna-2050672

VM Arguments:
jvm_args: --add-modules=ALL-SYSTEM --add-opens=java.base/java.util=ALL-UNNAMED --add-opens=java.base/java.lang=ALL-UNNAMED --add-opens=java.base/sun.nio.fs=ALL-UNNAMED -Declipse.application=org.eclipse.jdt.ls.core.id1 -Dosgi.bundles.defaultStartLevel=4 -Declipse.product=org.eclipse.jdt.ls.core.product -Djava.import.generatesMetadataFilesAtProjectRoot=false -DDetectVMInstallationsJob.disabled=true -Dfile.encoding=utf8 -XX:+UseParallelGC -XX:GCTimeRatio=4 -XX:AdaptiveSizePolicyWeight=90 -Dsun.zip.disableMemoryMapping=true -Xmx1G -Xms100m -Xlog:disable -javaagent:c:\Users\Asus\.vscode\extensions\redhat.java-1.41.0-win32-x64\lombok\lombok-1.18.36.jar 
java_command: c:\Users\Asus\.vscode\extensions\redhat.java-1.41.0-win32-x64\server\plugins\org.eclipse.equinox.launcher_1.6.1100.v20250306-0509.jar -configuration c:\Users\Asus\AppData\Roaming\Code\User\globalStorage\redhat.java\1.41.0\config_ss_win -data c:\Users\Asus\AppData\Roaming\Code\User\workspaceStorage\6f0e533d9ff133c7631d155b4f25a028\redhat.java\ss_ws --pipe=\\.\pipe\lsp-b067c27567b1223dd14e0a2fd31a591e-sock
java_class_path (initial): c:\Users\Asus\.vscode\extensions\redhat.java-1.41.0-win32-x64\server\plugins\org.eclipse.equinox.launcher_1.6.1100.v20250306-0509.jar
Launcher Type: SUN_STANDARD

[Global flags]
    uintx AdaptiveSizePolicyWeight                 = 90                                        {product} {command line}
     intx CICompilerCount                          = 4                                         {product} {ergonomic}
    uintx GCTimeRatio                              = 4                                         {product} {command line}
   size_t InitialHeapSize                          = 104857600                                 {product} {command line}
   size_t MaxHeapSize                              = 1073741824                                {product} {command line}
   size_t MaxNewSize                               = 357564416                                 {product} {ergonomic}
   size_t MinHeapDeltaBytes                        = 524288                                    {product} {ergonomic}
   size_t MinHeapSize                              = 104857600                                 {product} {command line}
   size_t NewSize                                  = 34603008                                  {product} {ergonomic}
    uintx NonNMethodCodeHeapSize                   = 5839372                                {pd product} {ergonomic}
    uintx NonProfiledCodeHeapSize                  = 122909434                              {pd product} {ergonomic}
   size_t OldSize                                  = 70254592                                  {product} {ergonomic}
    uintx ProfiledCodeHeapSize                     = 122909434                              {pd product} {ergonomic}
    uintx ReservedCodeCacheSize                    = 251658240                              {pd product} {ergonomic}
     bool SegmentedCodeCache                       = true                                      {product} {ergonomic}
   size_t SoftMaxHeapSize                          = 1073741824                             {manageable} {ergonomic}
     bool UseCompressedOops                        = true                           {product lp64_product} {ergonomic}
     bool UseLargePagesIndividualAllocation        = false                                  {pd product} {ergonomic}
     bool UseParallelGC                            = true                                      {product} {command line}

Logging:
Log output configuration:
 #0: stdout all=off uptime,level,tags foldmultilines=false
 #1: stderr all=off uptime,level,tags foldmultilines=false

Environment Variables:
JAVA_HOME=C:\Users\Asus\AppData\Local\Programs\Eclipse Adoptium\jdk-17.0.6.10-hotspot\
PATH=C:\Python312\Scripts\;C:\Python312\;C:\Users\Asus\AppData\Local\Programs\Python\Python311\Scripts\;C:\WINDOWS;C:\WINDOWS\System32\Wbem;C:\WINDOWS\System32\WindowsPowerShell\v1.0\;C:\WINDOWS\System32\OpenSSH\;C:\MinGW\bin;C:\Program Files (x86)\Microsoft SQL Server\160\Tools\Binn\;C:\Program Files\Microsoft SQL Server\160\Tools\Binn\;C:\Program Files\Microsoft SQL Server\Client SDK\ODBC\170\Tools\Binn\;C:\Program Files\Microsoft SQL Server\160\DTS\Binn\;C:\Program Files\Azure Data Studio\bin;C:\Program Files\Git\cmd;C:\Users\Asus\AppData\Local\Programs\Python\Python311\Scripts;C:\Users\Asus\AppData\Local\Programs\Python\Python311\;C:\Users\Asus\AppData\Local\Programs\Python\Python311\Scripts;C:\Users\Asus\AppData\Local\Programs\Python\Python311\Scripts;C:\Users\Asus\AppData\Local\Programs\Python\Python311\;C:\;C:\ProgramData\chocolatey\bin;C:\Program Files\MongoDB\Server\8.0\bin;C:\Program Files\MongoDB\Server\8.0\bin;C:\Users\Asus\AppData\Local\Programs\Eclipse Adoptium\jdk-17.0.6.10-hotspot\bin;C:\Users\Asus\AppData\Local\Programs\Python\Python311\Scripts\;C:\Users\Asus\AppData\Local\Programs\Python\Python311\;C:\Users\Asus\AppData\Local\Microsoft\WindowsApps;C:\Program Files\JetBrains\PyCharm Community Edition 2022.3.2\bin;;C:\Program Files\Azure Data Studio\bin;C:\Users\Asus\AppData\Local\GitHubDesktop\bin;C:\Users\Asus\Downloads\apache-maven-4.0.0-rc-1-bin\apache-maven-4.0.0-rc-1;C:\Users\Asus\AppData\Roaming\npm;C:\Users\Asus\AppData\Roaming\Python\Python312\Scripts;C:\Users\Asus\Desktop\Microsoft VS Code\bin
USERNAME=Asus
OS=Windows_NT
PROCESSOR_IDENTIFIER=Intel64 Family 6 Model 140 Stepping 1, GenuineIntel
TMP=C:\Users\Asus\AppData\Local\Temp
TEMP=C:\Users\Asus\AppData\Local\Temp




Periodic native trim disabled

---------------  S Y S T E M  ---------------

OS:
 Windows 11 , 64 bit Build 26100 (10.0.26100.2454)
OS uptime: 0 days 0:16 hours

CPU: total 8 (initial active 8) (4 cores per cpu, 2 threads per core) family 6 model 140 stepping 1 microcode 0x86, cx8, cmov, fxsr, ht, mmx, 3dnowpref, sse, sse2, sse3, ssse3, sse4.1, sse4.2, popcnt, lzcnt, tsc, tscinvbit, avx, avx2, aes, erms, clmul, bmi1, bmi2, adx, avx512f, avx512dq, avx512cd, avx512bw, avx512vl, sha, fma, vzeroupper, avx512_vpopcntdq, avx512_vpclmulqdq, avx512_vaes, avx512_vnni, clflush, clflushopt, clwb, avx512_vbmi2, avx512_vbmi, rdtscp, rdpid, fsrm, gfni, avx512_bitalg, f16c, pku, cet_ibt, cet_ss, avx512_ifma
Processor Information for processor 0
  Max Mhz: 2419, Current Mhz: 1007, Mhz Limit: 2419
Processor Information for processor 1
  Max Mhz: 2419, Current Mhz: 1007, Mhz Limit: 2419
Processor Information for processor 2
  Max Mhz: 2419, Current Mhz: 1007, Mhz Limit: 2419
Processor Information for processor 3
  Max Mhz: 2419, Current Mhz: 1007, Mhz Limit: 2419
Processor Information for processor 4
  Max Mhz: 2419, Current Mhz: 1007, Mhz Limit: 2419
Processor Information for processor 5
  Max Mhz: 2419, Current Mhz: 1007, Mhz Limit: 2419
Processor Information for processor 6
  Max Mhz: 2419, Current Mhz: 2419, Mhz Limit: 2419
Processor Information for processor 7
  Max Mhz: 2419, Current Mhz: 1007, Mhz Limit: 2419

Memory: 4k page, system-wide physical 7886M (769M free)
TotalPageFile size 11287M (AvailPageFile size 5M)
current process WorkingSet (physical memory assigned to process): 218M, peak: 224M
current process commit charge ("private bytes"): 298M, peak: 303M

vm_info: OpenJDK 64-Bit Server VM (21.0.6+7-LTS) for windows-amd64 JRE (21.0.6+7-LTS), built on 2025-01-21T00:00:00Z by "admin" with MS VC++ 17.7 (VS2022)

END.
