#
# There is insufficient memory for the Java Runtime Environment to continue.
# Native memory allocation (malloc) failed to allocate 1504976 bytes. Error detail: Chunk::new
# Possible reasons:
#   The system is out of physical RAM or swap space
#   This process is running with CompressedOops enabled, and the Java Heap may be blocking the growth of the native heap
# Possible solutions:
#   Reduce memory load on the system
#   Increase physical memory or swap space
#   Check if swap backing store is full
#   Decrease Java heap size (-Xmx/-Xms)
#   Decrease number of Java threads
#   Decrease Java thread stack sizes (-Xss)
#   Set larger code cache with -XX:ReservedCodeCacheSize=
#   JVM is running with Unscaled Compressed Oops mode in which the Java heap is
#     placed in the first 4GB address space. The Java Heap base address is the
#     maximum limit for the native heap growth. Please use -XX:HeapBaseMinAddress
#     to set the Java Heap base and to place the Java Heap above 4GB virtual address.
# This output file may be truncated or incomplete.
#
#  Out of Memory Error (arena.cpp:168), pid=4912, tid=18932
#
# JRE version: OpenJDK Runtime Environment Temurin-21.0.6+7 (21.0.6+7) (build 21.0.6+7-LTS)
# Java VM: OpenJDK 64-Bit Server VM Temurin-21.0.6+7 (21.0.6+7-LTS, mixed mode, sharing, tiered, compressed oops, compressed class ptrs, parallel gc, windows-amd64)
# No core dump will be written. Minidumps are not enabled by default on client versions of Windows
#

---------------  S U M M A R Y ------------

Command Line: --add-modules=ALL-SYSTEM --add-opens=java.base/java.util=ALL-UNNAMED --add-opens=java.base/java.lang=ALL-UNNAMED --add-opens=java.base/sun.nio.fs=ALL-UNNAMED -Declipse.application=org.eclipse.jdt.ls.core.id1 -Dosgi.bundles.defaultStartLevel=4 -Declipse.product=org.eclipse.jdt.ls.core.product -Djava.import.generatesMetadataFilesAtProjectRoot=false -DDetectVMInstallationsJob.disabled=true -Dfile.encoding=utf8 -XX:+UseParallelGC -XX:GCTimeRatio=4 -XX:AdaptiveSizePolicyWeight=90 -Dsun.zip.disableMemoryMapping=true -Xmx1G -Xms100m -Xlog:disable -javaagent:c:\Users\Asus\.vscode\extensions\redhat.java-1.41.0-win32-x64\lombok\lombok-1.18.36.jar c:\Users\Asus\.vscode\extensions\redhat.java-1.41.0-win32-x64\server\plugins\org.eclipse.equinox.launcher_1.6.1100.v20250306-0509.jar -configuration c:\Users\Asus\AppData\Roaming\Code\User\globalStorage\redhat.java\1.41.0\config_ss_win -data c:\Users\Asus\AppData\Roaming\Code\User\workspaceStorage\6f0e533d9ff133c7631d155b4f25a028\redhat.java\ss_ws --pipe=\\.\pipe\lsp-b15172b58b22e890d38990d901fa0b27-sock

Host: 11th Gen Intel(R) Core(TM) i5-1135G7 @ 2.40GHz, 8 cores, 7G,  Windows 11 , 64 bit Build 26100 (10.0.26100.2454)
Time: Mon Mar 31 09:34:21 2025 India Standard Time elapsed time: 4.531701 seconds (0d 0h 0m 4s)

---------------  T H R E A D  ---------------

Current thread (0x000001271f35b280):  JavaThread "C2 CompilerThread0" daemon [_thread_in_native, id=18932, stack(0x0000002594300000,0x0000002594400000) (1024K)]


Current CompileTask:
C2:4531 2774       4       org.lombokweb.asm.ClassReader::readMethod (1070 bytes)

Stack: [0x0000002594300000,0x0000002594400000]
Native frames: (J=compiled Java code, j=interpreted, Vv=VM code, C=native code)
V  [jvm.dll+0x6cdee9]
V  [jvm.dll+0x8a83d1]
V  [jvm.dll+0x8aa8fe]
V  [jvm.dll+0x8aafe3]
V  [jvm.dll+0x27f706]
V  [jvm.dll+0xc500d]
V  [jvm.dll+0xc5543]
V  [jvm.dll+0x3b6752]
V  [jvm.dll+0x382935]
V  [jvm.dll+0x381d9a]
V  [jvm.dll+0x2479f0]
V  [jvm.dll+0x246fcf]
V  [jvm.dll+0x1c75ee]
V  [jvm.dll+0x25685a]
V  [jvm.dll+0x254dfa]
V  [jvm.dll+0x3f0256]
V  [jvm.dll+0x851f8b]
V  [jvm.dll+0x6cc5ed]
C  [ucrtbase.dll+0x14ea0]
C  [KERNEL32.DLL+0x2e8d7]
C  [ntdll.dll+0xdfbcc]


---------------  P R O C E S S  ---------------

Threads class SMR info:
_java_thread_list=0x0000012767105e90, length=22, elements={
0x000001270af9eb10, 0x000001270b05a130, 0x000001270b05e4c0, 0x000001271f3544f0,
0x000001271f357050, 0x000001271f357aa0, 0x000001271f3584f0, 0x000001271f35b280,
0x000001271f37e230, 0x00000127660df6b0, 0x00000127662c32f0, 0x00000127669f72e0,
0x0000012766965f40, 0x0000012766b3dad0, 0x0000012766ee77d0, 0x0000012766ee6800,
0x0000012766c215d0, 0x000001276714bf60, 0x000001276714eb70, 0x00000127671c2f60,
0x00000127678061a0, 0x0000012767415ba0
}

Java Threads: ( => current thread )
  0x000001270af9eb10 JavaThread "main"                              [_thread_blocked, id=6524, stack(0x0000002593900000,0x0000002593a00000) (1024K)]
  0x000001270b05a130 JavaThread "Reference Handler"          daemon [_thread_blocked, id=6208, stack(0x0000002593d00000,0x0000002593e00000) (1024K)]
  0x000001270b05e4c0 JavaThread "Finalizer"                  daemon [_thread_blocked, id=18808, stack(0x0000002593e00000,0x0000002593f00000) (1024K)]
  0x000001271f3544f0 JavaThread "Signal Dispatcher"          daemon [_thread_blocked, id=9008, stack(0x0000002593f00000,0x0000002594000000) (1024K)]
  0x000001271f357050 JavaThread "Attach Listener"            daemon [_thread_blocked, id=19188, stack(0x0000002594000000,0x0000002594100000) (1024K)]
  0x000001271f357aa0 JavaThread "Service Thread"             daemon [_thread_blocked, id=9528, stack(0x0000002594100000,0x0000002594200000) (1024K)]
  0x000001271f3584f0 JavaThread "Monitor Deflation Thread"   daemon [_thread_blocked, id=8312, stack(0x0000002594200000,0x0000002594300000) (1024K)]
=>0x000001271f35b280 JavaThread "C2 CompilerThread0"         daemon [_thread_in_native, id=18932, stack(0x0000002594300000,0x0000002594400000) (1024K)]
  0x000001271f37e230 JavaThread "C1 CompilerThread0"         daemon [_thread_blocked, id=12044, stack(0x0000002594400000,0x0000002594500000) (1024K)]
  0x00000127660df6b0 JavaThread "Common-Cleaner"             daemon [_thread_blocked, id=19056, stack(0x0000002594500000,0x0000002594600000) (1024K)]
  0x00000127662c32f0 JavaThread "Notification Thread"        daemon [_thread_blocked, id=18816, stack(0x0000002594700000,0x0000002594800000) (1024K)]
  0x00000127669f72e0 JavaThread "Active Thread: Equinox Container: 3985a51d-71eb-4656-bfed-f184624ce975"        [_thread_blocked, id=4492, stack(0x0000002594f00000,0x0000002595000000) (1024K)]
  0x0000012766965f40 JavaThread "Framework Event Dispatcher: Equinox Container: 3985a51d-71eb-4656-bfed-f184624ce975" daemon [_thread_blocked, id=18924, stack(0x0000002595000000,0x0000002595100000) (1024K)]
  0x0000012766b3dad0 JavaThread "Start Level: Equinox Container: 3985a51d-71eb-4656-bfed-f184624ce975" daemon [_thread_in_native, id=1448, stack(0x0000002595100000,0x0000002595200000) (1024K)]
  0x0000012766ee77d0 JavaThread "SCR Component Actor"        daemon [_thread_blocked, id=12868, stack(0x0000002595200000,0x0000002595300000) (1024K)]
  0x0000012766ee6800 JavaThread "SCR Component Registry"     daemon [_thread_blocked, id=12616, stack(0x0000002594800000,0x0000002594900000) (1024K)]
  0x0000012766c215d0 JavaThread "Worker-JM"                         [_thread_blocked, id=500, stack(0x0000002595500000,0x0000002595600000) (1024K)]
  0x000001276714bf60 JavaThread "JNA Cleaner"                daemon [_thread_blocked, id=19304, stack(0x0000002595400000,0x0000002595500000) (1024K)]
  0x000001276714eb70 JavaThread "Worker-0"                          [_thread_blocked, id=18616, stack(0x0000002595600000,0x0000002595700000) (1024K)]
  0x00000127671c2f60 JavaThread "Worker-1"                          [_thread_blocked, id=12468, stack(0x0000002595700000,0x0000002595800000) (1024K)]
  0x00000127678061a0 JavaThread "C2 CompilerThread1"         daemon [_thread_in_native, id=4744, stack(0x0000002595300000,0x0000002595400000) (1024K)]
  0x0000012767415ba0 JavaThread "C2 CompilerThread2"         daemon [_thread_in_native, id=8724, stack(0x0000002595800000,0x0000002595900000) (1024K)]
Total: 22

Other Threads:
  0x0000012708bb4640 VMThread "VM Thread"                           [id=17496, stack(0x0000002593c00000,0x0000002593d00000) (1024K)]
  0x000001270b00a730 WatcherThread "VM Periodic Task Thread"        [id=15192, stack(0x0000002593b00000,0x0000002593c00000) (1024K)]
  0x0000012708bb54c0 WorkerThread "GC Thread#0"                     [id=19288, stack(0x0000002593a00000,0x0000002593b00000) (1024K)]
  0x0000012708bb4d80 WorkerThread "GC Thread#1"                     [id=1736, stack(0x0000002594900000,0x0000002594a00000) (1024K)]
  0x0000012708bb49e0 WorkerThread "GC Thread#2"                     [id=1560, stack(0x0000002594a00000,0x0000002594b00000) (1024K)]
  0x0000012708bb5120 WorkerThread "GC Thread#3"                     [id=9156, stack(0x0000002594b00000,0x0000002594c00000) (1024K)]
  0x00000127668fb7d0 WorkerThread "GC Thread#4"                     [id=11468, stack(0x0000002594c00000,0x0000002594d00000) (1024K)]
  0x00000127668fcd90 WorkerThread "GC Thread#5"                     [id=1552, stack(0x0000002594d00000,0x0000002594e00000) (1024K)]
  0x00000127668fdc10 WorkerThread "GC Thread#6"                     [id=5724, stack(0x0000002594e00000,0x0000002594f00000) (1024K)]
  0x00000127668fdfb0 WorkerThread "GC Thread#7"                     [id=16084, stack(0x0000002594600000,0x0000002594700000) (1024K)]
Total: 10

Threads with active compile tasks:
C2 CompilerThread0  4552 2774       4       org.lombokweb.asm.ClassReader::readMethod (1070 bytes)
C2 CompilerThread1  4552 2776       4       lombok.patcher.PatchScript$MethodPatcher::visitMethod (158 bytes)
C2 CompilerThread2  4552 2775       4       org.lombokweb.asm.ClassWriter::visitMethod (57 bytes)
Total: 3

VM state: not at safepoint (normal execution)

VM Mutex/Monitor currently owned by a thread: None

Heap address: 0x00000000c0000000, size: 1024 MB, Compressed Oops mode: 32-bit

CDS archive(s) mapped at: [0x0000012720000000-0x0000012720ba0000-0x0000012720ba0000), size 12189696, SharedBaseAddress: 0x0000012720000000, ArchiveRelocationMode: 1.
Compressed class space mapped at: 0x0000012721000000-0x0000012761000000, reserved size: 1073741824
Narrow klass base: 0x0000012720000000, Narrow klass shift: 0, Narrow klass range: 0x100000000

GC Precious Log:
 CardTable entry size: 512
 CPUs: 8 total, 8 available
 Memory: 7886M
 Large Page Support: Disabled
 NUMA Support: Disabled
 Compressed Oops: Enabled (32-bit)
 Alignments: Space 512K, Generation 512K, Heap 2M
 Heap Min Capacity: 100M
 Heap Initial Capacity: 100M
 Heap Max Capacity: 1G
 Pre-touch: Disabled
 Parallel Workers: 8

Heap:
 PSYoungGen      total 29696K, used 18134K [0x00000000eab00000, 0x00000000ecd00000, 0x0000000100000000)
  eden space 25088K, 72% used [0x00000000eab00000,0x00000000ebcb5b08,0x00000000ec380000)
  from space 4608K, 0% used [0x00000000ec880000,0x00000000ec880000,0x00000000ecd00000)
  to   space 4608K, 0% used [0x00000000ec400000,0x00000000ec400000,0x00000000ec880000)
 ParOldGen       total 68608K, used 9001K [0x00000000c0000000, 0x00000000c4300000, 0x00000000eab00000)
  object space 68608K, 13% used [0x00000000c0000000,0x00000000c08ca4f8,0x00000000c4300000)
 Metaspace       used 21823K, committed 22400K, reserved 1114112K
  class space    used 2025K, committed 2304K, reserved 1048576K

Card table byte_map: [0x000001270a940000,0x000001270ab50000] _byte_map_base: 0x000001270a340000

Marking Bits: (ParMarkBitMap*) 0x00007ffd22d63260
 Begin Bits: [0x000001271d190000, 0x000001271e190000)
 End Bits:   [0x000001271e190000, 0x000001271f190000)

Polling page: 0x0000012708d80000

Metaspace:

Usage:
  Non-class:     19.33 MB used.
      Class:      1.98 MB used.
       Both:     21.31 MB used.

Virtual space:
  Non-class space:       64.00 MB reserved,      19.62 MB ( 31%) committed,  1 nodes.
      Class space:        1.00 GB reserved,       2.25 MB ( <1%) committed,  1 nodes.
             Both:        1.06 GB reserved,      21.88 MB (  2%) committed. 

Chunk freelists:
   Non-Class:  12.25 MB
       Class:  13.80 MB
        Both:  26.05 MB

MaxMetaspaceSize: unlimited
CompressedClassSpaceSize: 1.00 GB
Initial GC threshold: 21.00 MB
Current GC threshold: 35.00 MB
CDS: on
 - commit_granule_bytes: 65536.
 - commit_granule_words: 8192.
 - virtual_space_node_default_size: 8388608.
 - enlarge_chunks_in_place: 1.
 - use_allocation_guard: 0.


Internal statistics:

num_allocs_failed_limit: 3.
num_arena_births: 498.
num_arena_deaths: 14.
num_vsnodes_births: 2.
num_vsnodes_deaths: 0.
num_space_committed: 350.
num_space_uncommitted: 0.
num_chunks_returned_to_freelist: 17.
num_chunks_taken_from_freelist: 1338.
num_chunk_merges: 9.
num_chunk_splits: 869.
num_chunks_enlarged: 545.
num_inconsistent_stats: 0.

CodeHeap 'non-profiled nmethods': size=120000Kb used=1219Kb max_used=1219Kb free=118780Kb
 bounds [0x0000012715c60000, 0x0000012715ed0000, 0x000001271d190000]
CodeHeap 'profiled nmethods': size=120000Kb used=5591Kb max_used=5591Kb free=114408Kb
 bounds [0x000001270e190000, 0x000001270e710000, 0x00000127156c0000]
CodeHeap 'non-nmethods': size=5760Kb used=1325Kb max_used=1340Kb free=4434Kb
 bounds [0x00000127156c0000, 0x0000012715930000, 0x0000012715c60000]
 total_blobs=3431 nmethods=2830 adapters=507
 compilation: enabled
              stopped_count=0, restarted_count=0
 full_count=0

Compilation events (20 events):
Event: 4.484 Thread 0x000001271f37e230 nmethod 2825 0x000001270e6fc710 code [0x000001270e6fc8c0, 0x000001270e6fcad0]
Event: 4.490 Thread 0x0000012767415ba0 nmethod 2806 0x0000012715d8f210 code [0x0000012715d8f3e0, 0x0000012715d8fc08]
Event: 4.490 Thread 0x0000012767415ba0 2819       4       org.lombokweb.asm.ClassReader::readShort (27 bytes)
Event: 4.491 Thread 0x0000012767415ba0 nmethod 2819 0x0000012715d90010 code [0x0000012715d901a0, 0x0000012715d902b0]
Event: 4.492 Thread 0x0000012767415ba0 2809       4       lombok.launch.PackageShader::readValue (21 bytes)
Event: 4.492 Thread 0x0000012767415ba0 nmethod 2809 0x0000012715d90390 code [0x0000012715d90520, 0x0000012715d90600]
Event: 4.492 Thread 0x0000012767415ba0 2807       4       lombok.launch.ClassFileMetaData::readValue (27 bytes)
Event: 4.493 Thread 0x0000012767415ba0 nmethod 2807 0x0000012715d90710 code [0x0000012715d908a0, 0x0000012715d909a8]
Event: 4.493 Thread 0x0000012767415ba0 2770       4       org.lombokweb.asm.MethodVisitor::<init> (79 bytes)
Event: 4.494 Thread 0x0000012767415ba0 nmethod 2770 0x0000012715d90a90 code [0x0000012715d90c20, 0x0000012715d90cf0]
Event: 4.494 Thread 0x0000012767415ba0 2775       4       org.lombokweb.asm.ClassWriter::visitMethod (57 bytes)
Event: 4.509 Thread 0x000001271f37e230 2827       3       jdk.internal.loader.BuiltinClassLoader$2::run (5 bytes)
Event: 4.510 Thread 0x000001271f37e230 nmethod 2827 0x000001270e6fcb90 code [0x000001270e6fcd40, 0x000001270e6fce98]
Event: 4.510 Thread 0x000001271f37e230 2828   !   3       jdk.internal.loader.BuiltinClassLoader$2::run (114 bytes)
Event: 4.510 Thread 0x000001271f37e230 nmethod 2828 0x000001270e6fcf90 code [0x000001270e6fd240, 0x000001270e6fe040]
Event: 4.514 Thread 0x000001271f37e230 2829 %     3       lombok.launch.PackageShader::apply @ 154 (252 bytes)
Event: 4.516 Thread 0x000001271f37e230 nmethod 2829% 0x000001270e6fe510 code [0x000001270e6fe7a0, 0x000001270e6ff7f8]
Event: 4.530 Thread 0x000001271f37e230 2830       3       org.eclipse.osgi.internal.hookregistry.ClassLoaderHook::preFindLocalResource (1 bytes)
Event: 4.530 Thread 0x000001271f37e230 nmethod 2830 0x000001270e700010 code [0x000001270e7001a0, 0x000001270e7002a8]
Event: 4.530 Thread 0x000001271f37e230 2831       3       org.eclipse.osgi.internal.hookregistry.ClassLoaderHook::postFindLocalResource (1 bytes)

GC Heap History (14 events):
Event: 1.385 GC heap before
{Heap before GC invocations=1 (full 0):
 PSYoungGen      total 29696K, used 25600K [0x00000000eab00000, 0x00000000ecc00000, 0x0000000100000000)
  eden space 25600K, 100% used [0x00000000eab00000,0x00000000ec400000,0x00000000ec400000)
  from space 4096K, 0% used [0x00000000ec800000,0x00000000ec800000,0x00000000ecc00000)
  to   space 4096K, 0% used [0x00000000ec400000,0x00000000ec400000,0x00000000ec800000)
 ParOldGen       total 68608K, used 0K [0x00000000c0000000, 0x00000000c4300000, 0x00000000eab00000)
  object space 68608K, 0% used [0x00000000c0000000,0x00000000c0000000,0x00000000c4300000)
 Metaspace       used 4365K, committed 4608K, reserved 1114112K
  class space    used 439K, committed 512K, reserved 1048576K
}
Event: 1.394 GC heap after
{Heap after GC invocations=1 (full 0):
 PSYoungGen      total 29696K, used 3173K [0x00000000eab00000, 0x00000000ecc00000, 0x0000000100000000)
  eden space 25600K, 0% used [0x00000000eab00000,0x00000000eab00000,0x00000000ec400000)
  from space 4096K, 77% used [0x00000000ec400000,0x00000000ec7197f0,0x00000000ec800000)
  to   space 4096K, 0% used [0x00000000ec800000,0x00000000ec800000,0x00000000ecc00000)
 ParOldGen       total 68608K, used 16K [0x00000000c0000000, 0x00000000c4300000, 0x00000000eab00000)
  object space 68608K, 0% used [0x00000000c0000000,0x00000000c0004000,0x00000000c4300000)
 Metaspace       used 4365K, committed 4608K, reserved 1114112K
  class space    used 439K, committed 512K, reserved 1048576K
}
Event: 2.490 GC heap before
{Heap before GC invocations=2 (full 0):
 PSYoungGen      total 29696K, used 28773K [0x00000000eab00000, 0x00000000ecc00000, 0x0000000100000000)
  eden space 25600K, 100% used [0x00000000eab00000,0x00000000ec400000,0x00000000ec400000)
  from space 4096K, 77% used [0x00000000ec400000,0x00000000ec7197f0,0x00000000ec800000)
  to   space 4096K, 0% used [0x00000000ec800000,0x00000000ec800000,0x00000000ecc00000)
 ParOldGen       total 68608K, used 16K [0x00000000c0000000, 0x00000000c4300000, 0x00000000eab00000)
  object space 68608K, 0% used [0x00000000c0000000,0x00000000c0004000,0x00000000c4300000)
 Metaspace       used 8247K, committed 8512K, reserved 1114112K
  class space    used 817K, committed 960K, reserved 1048576K
}
Event: 2.498 GC heap after
{Heap after GC invocations=2 (full 0):
 PSYoungGen      total 29696K, used 4075K [0x00000000eab00000, 0x00000000ecc00000, 0x0000000100000000)
  eden space 25600K, 0% used [0x00000000eab00000,0x00000000eab00000,0x00000000ec400000)
  from space 4096K, 99% used [0x00000000ec800000,0x00000000ecbfafc0,0x00000000ecc00000)
  to   space 4096K, 0% used [0x00000000ec400000,0x00000000ec400000,0x00000000ec800000)
 ParOldGen       total 68608K, used 874K [0x00000000c0000000, 0x00000000c4300000, 0x00000000eab00000)
  object space 68608K, 1% used [0x00000000c0000000,0x00000000c00da9d0,0x00000000c4300000)
 Metaspace       used 8247K, committed 8512K, reserved 1114112K
  class space    used 817K, committed 960K, reserved 1048576K
}
Event: 3.375 GC heap before
{Heap before GC invocations=3 (full 0):
 PSYoungGen      total 29696K, used 29675K [0x00000000eab00000, 0x00000000ecc00000, 0x0000000100000000)
  eden space 25600K, 100% used [0x00000000eab00000,0x00000000ec400000,0x00000000ec400000)
  from space 4096K, 99% used [0x00000000ec800000,0x00000000ecbfafc0,0x00000000ecc00000)
  to   space 4096K, 0% used [0x00000000ec400000,0x00000000ec400000,0x00000000ec800000)
 ParOldGen       total 68608K, used 874K [0x00000000c0000000, 0x00000000c4300000, 0x00000000eab00000)
  object space 68608K, 1% used [0x00000000c0000000,0x00000000c00da9d0,0x00000000c4300000)
 Metaspace       used 12986K, committed 13504K, reserved 1114112K
  class space    used 1307K, committed 1536K, reserved 1048576K
}
Event: 3.380 GC heap after
{Heap after GC invocations=3 (full 0):
 PSYoungGen      total 29696K, used 4067K [0x00000000eab00000, 0x00000000ecc00000, 0x0000000100000000)
  eden space 25600K, 0% used [0x00000000eab00000,0x00000000eab00000,0x00000000ec400000)
  from space 4096K, 99% used [0x00000000ec400000,0x00000000ec7f8e98,0x00000000ec800000)
  to   space 4096K, 0% used [0x00000000ec800000,0x00000000ec800000,0x00000000ecc00000)
 ParOldGen       total 68608K, used 2797K [0x00000000c0000000, 0x00000000c4300000, 0x00000000eab00000)
  object space 68608K, 4% used [0x00000000c0000000,0x00000000c02bb628,0x00000000c4300000)
 Metaspace       used 12986K, committed 13504K, reserved 1114112K
  class space    used 1307K, committed 1536K, reserved 1048576K
}
Event: 4.036 GC heap before
{Heap before GC invocations=4 (full 0):
 PSYoungGen      total 29696K, used 29509K [0x00000000eab00000, 0x00000000ecc00000, 0x0000000100000000)
  eden space 25600K, 99% used [0x00000000eab00000,0x00000000ec3d86b0,0x00000000ec400000)
  from space 4096K, 99% used [0x00000000ec400000,0x00000000ec7f8e98,0x00000000ec800000)
  to   space 4096K, 0% used [0x00000000ec800000,0x00000000ec800000,0x00000000ecc00000)
 ParOldGen       total 68608K, used 2797K [0x00000000c0000000, 0x00000000c4300000, 0x00000000eab00000)
  object space 68608K, 4% used [0x00000000c0000000,0x00000000c02bb628,0x00000000c4300000)
 Metaspace       used 16964K, committed 17600K, reserved 1114112K
  class space    used 1697K, committed 1984K, reserved 1048576K
}
Event: 4.043 GC heap after
{Heap after GC invocations=4 (full 0):
 PSYoungGen      total 29696K, used 4066K [0x00000000eab00000, 0x00000000ecc00000, 0x0000000100000000)
  eden space 25600K, 0% used [0x00000000eab00000,0x00000000eab00000,0x00000000ec400000)
  from space 4096K, 99% used [0x00000000ec800000,0x00000000ecbf8810,0x00000000ecc00000)
  to   space 4096K, 0% used [0x00000000ec400000,0x00000000ec400000,0x00000000ec800000)
 ParOldGen       total 68608K, used 5067K [0x00000000c0000000, 0x00000000c4300000, 0x00000000eab00000)
  object space 68608K, 7% used [0x00000000c0000000,0x00000000c04f2f50,0x00000000c4300000)
 Metaspace       used 16964K, committed 17600K, reserved 1114112K
  class space    used 1697K, committed 1984K, reserved 1048576K
}
Event: 4.265 GC heap before
{Heap before GC invocations=5 (full 0):
 PSYoungGen      total 29696K, used 29666K [0x00000000eab00000, 0x00000000ecc00000, 0x0000000100000000)
  eden space 25600K, 100% used [0x00000000eab00000,0x00000000ec400000,0x00000000ec400000)
  from space 4096K, 99% used [0x00000000ec800000,0x00000000ecbf8810,0x00000000ecc00000)
  to   space 4096K, 0% used [0x00000000ec400000,0x00000000ec400000,0x00000000ec800000)
 ParOldGen       total 68608K, used 5067K [0x00000000c0000000, 0x00000000c4300000, 0x00000000eab00000)
  object space 68608K, 7% used [0x00000000c0000000,0x00000000c04f2f50,0x00000000c4300000)
 Metaspace       used 20097K, committed 20736K, reserved 1114112K
  class space    used 1906K, committed 2176K, reserved 1048576K
}
Event: 4.270 GC heap after
{Heap after GC invocations=5 (full 0):
 PSYoungGen      total 29184K, used 4089K [0x00000000eab00000, 0x00000000ecd80000, 0x0000000100000000)
  eden space 25088K, 0% used [0x00000000eab00000,0x00000000eab00000,0x00000000ec380000)
  from space 4096K, 99% used [0x00000000ec400000,0x00000000ec7fe650,0x00000000ec800000)
  to   space 5120K, 0% used [0x00000000ec880000,0x00000000ec880000,0x00000000ecd80000)
 ParOldGen       total 68608K, used 5243K [0x00000000c0000000, 0x00000000c4300000, 0x00000000eab00000)
  object space 68608K, 7% used [0x00000000c0000000,0x00000000c051ef60,0x00000000c4300000)
 Metaspace       used 20097K, committed 20736K, reserved 1114112K
  class space    used 1906K, committed 2176K, reserved 1048576K
}
Event: 4.316 GC heap before
{Heap before GC invocations=6 (full 0):
 PSYoungGen      total 29184K, used 11254K [0x00000000eab00000, 0x00000000ecd80000, 0x0000000100000000)
  eden space 25088K, 28% used [0x00000000eab00000,0x00000000eb1ff2d0,0x00000000ec380000)
  from space 4096K, 99% used [0x00000000ec400000,0x00000000ec7fe650,0x00000000ec800000)
  to   space 5120K, 0% used [0x00000000ec880000,0x00000000ec880000,0x00000000ecd80000)
 ParOldGen       total 68608K, used 5243K [0x00000000c0000000, 0x00000000c4300000, 0x00000000eab00000)
  object space 68608K, 7% used [0x00000000c0000000,0x00000000c051ef60,0x00000000c4300000)
 Metaspace       used 20923K, committed 21504K, reserved 1114112K
  class space    used 1978K, committed 2240K, reserved 1048576K
}
Event: 4.320 GC heap after
{Heap after GC invocations=6 (full 0):
 PSYoungGen      total 29696K, used 4167K [0x00000000eab00000, 0x00000000ecd00000, 0x0000000100000000)
  eden space 25088K, 0% used [0x00000000eab00000,0x00000000eab00000,0x00000000ec380000)
  from space 4608K, 90% used [0x00000000ec880000,0x00000000ecc91fe0,0x00000000ecd00000)
  to   space 4608K, 0% used [0x00000000ec400000,0x00000000ec400000,0x00000000ec880000)
 ParOldGen       total 68608K, used 5243K [0x00000000c0000000, 0x00000000c4300000, 0x00000000eab00000)
  object space 68608K, 7% used [0x00000000c0000000,0x00000000c051ef60,0x00000000c4300000)
 Metaspace       used 20923K, committed 21504K, reserved 1114112K
  class space    used 1978K, committed 2240K, reserved 1048576K
}
Event: 4.320 GC heap before
{Heap before GC invocations=7 (full 1):
 PSYoungGen      total 29696K, used 4167K [0x00000000eab00000, 0x00000000ecd00000, 0x0000000100000000)
  eden space 25088K, 0% used [0x00000000eab00000,0x00000000eab00000,0x00000000ec380000)
  from space 4608K, 90% used [0x00000000ec880000,0x00000000ecc91fe0,0x00000000ecd00000)
  to   space 4608K, 0% used [0x00000000ec400000,0x00000000ec400000,0x00000000ec880000)
 ParOldGen       total 68608K, used 5243K [0x00000000c0000000, 0x00000000c4300000, 0x00000000eab00000)
  object space 68608K, 7% used [0x00000000c0000000,0x00000000c051ef60,0x00000000c4300000)
 Metaspace       used 20923K, committed 21504K, reserved 1114112K
  class space    used 1978K, committed 2240K, reserved 1048576K
}
Event: 4.347 GC heap after
{Heap after GC invocations=7 (full 1):
 PSYoungGen      total 29696K, used 0K [0x00000000eab00000, 0x00000000ecd00000, 0x0000000100000000)
  eden space 25088K, 0% used [0x00000000eab00000,0x00000000eab00000,0x00000000ec380000)
  from space 4608K, 0% used [0x00000000ec880000,0x00000000ec880000,0x00000000ecd00000)
  to   space 4608K, 0% used [0x00000000ec400000,0x00000000ec400000,0x00000000ec880000)
 ParOldGen       total 68608K, used 9001K [0x00000000c0000000, 0x00000000c4300000, 0x00000000eab00000)
  object space 68608K, 13% used [0x00000000c0000000,0x00000000c08ca4f8,0x00000000c4300000)
 Metaspace       used 20910K, committed 21504K, reserved 1114112K
  class space    used 1974K, committed 2240K, reserved 1048576K
}

Dll operation events (10 events):
Event: 0.017 Loaded shared library c:\Users\Asus\.vscode\extensions\redhat.java-1.41.0-win32-x64\jre\21.0.6-win32-x86_64\bin\java.dll
Event: 0.120 Loaded shared library c:\Users\Asus\.vscode\extensions\redhat.java-1.41.0-win32-x64\jre\21.0.6-win32-x86_64\bin\zip.dll
Event: 0.154 Loaded shared library C:\Users\Asus\.vscode\extensions\redhat.java-1.41.0-win32-x64\jre\21.0.6-win32-x86_64\bin\instrument.dll
Event: 0.171 Loaded shared library C:\Users\Asus\.vscode\extensions\redhat.java-1.41.0-win32-x64\jre\21.0.6-win32-x86_64\bin\net.dll
Event: 0.174 Loaded shared library C:\Users\Asus\.vscode\extensions\redhat.java-1.41.0-win32-x64\jre\21.0.6-win32-x86_64\bin\nio.dll
Event: 0.180 Loaded shared library C:\Users\Asus\.vscode\extensions\redhat.java-1.41.0-win32-x64\jre\21.0.6-win32-x86_64\bin\zip.dll
Event: 0.240 Loaded shared library C:\Users\Asus\.vscode\extensions\redhat.java-1.41.0-win32-x64\jre\21.0.6-win32-x86_64\bin\jimage.dll
Event: 0.318 Loaded shared library c:\Users\Asus\.vscode\extensions\redhat.java-1.41.0-win32-x64\jre\21.0.6-win32-x86_64\bin\verify.dll
Event: 2.254 Loaded shared library C:\Users\Asus\AppData\Roaming\Code\User\globalStorage\redhat.java\1.41.0\config_ss_win\org.eclipse.equinox.launcher\org.eclipse.equinox.launcher.win32.win32.x86_64_1.2.1300.v20250325-0811\eclipse_11911.dll
Event: 3.831 Loaded shared library C:\Users\Asus\AppData\Local\Temp\jna-2050672\jna8694282843522431508.dll

Deoptimization events (20 events):
Event: 3.998 Thread 0x0000012766b3dad0 Uncommon trap: trap_request=0xffffffde fr.pc=0x0000012715d5ba14 relative=0x00000000000003b4
Event: 3.998 Thread 0x0000012766b3dad0 Uncommon trap: reason=class_check action=maybe_recompile pc=0x0000012715d5ba14 method=java.util.regex.Pattern$BmpCharPropertyGreedy.match(Ljava/util/regex/Matcher;ILjava/lang/CharSequence;)Z @ 70 c2
Event: 3.998 Thread 0x0000012766b3dad0 DEOPT PACKING pc=0x0000012715d5ba14 sp=0x00000025951ef7e0
Event: 3.998 Thread 0x0000012766b3dad0 DEOPT UNPACKING pc=0x0000012715716da2 sp=0x00000025951ef788 mode 2
Event: 3.998 Thread 0x0000012766b3dad0 Uncommon trap: trap_request=0xffffffde fr.pc=0x0000012715d5ba14 relative=0x00000000000003b4
Event: 3.998 Thread 0x0000012766b3dad0 Uncommon trap: reason=class_check action=maybe_recompile pc=0x0000012715d5ba14 method=java.util.regex.Pattern$BmpCharPropertyGreedy.match(Ljava/util/regex/Matcher;ILjava/lang/CharSequence;)Z @ 70 c2
Event: 3.998 Thread 0x0000012766b3dad0 DEOPT PACKING pc=0x0000012715d5ba14 sp=0x00000025951ef660
Event: 3.998 Thread 0x0000012766b3dad0 DEOPT UNPACKING pc=0x0000012715716da2 sp=0x00000025951ef608 mode 2
Event: 4.260 Thread 0x0000012766b3dad0 Uncommon trap: trap_request=0xffffff6e fr.pc=0x0000012715d8b5f0 relative=0x0000000000000af0
Event: 4.260 Thread 0x0000012766b3dad0 Uncommon trap: reason=loop_limit_check action=maybe_recompile pc=0x0000012715d8b5f0 method=java.util.regex.Pattern$StartS.match(Ljava/util/regex/Matcher;ILjava/lang/CharSequence;)Z @ 34 c2
Event: 4.260 Thread 0x0000012766b3dad0 DEOPT PACKING pc=0x0000012715d8b5f0 sp=0x00000025951eed00
Event: 4.260 Thread 0x0000012766b3dad0 DEOPT UNPACKING pc=0x0000012715716da2 sp=0x00000025951eec80 mode 2
Event: 4.261 Thread 0x0000012766b3dad0 Uncommon trap: trap_request=0xffffff45 fr.pc=0x0000012715d89e24 relative=0x0000000000000184
Event: 4.261 Thread 0x0000012766b3dad0 Uncommon trap: reason=unstable_if action=reinterpret pc=0x0000012715d89e24 method=org.lombokweb.asm.ByteVector.putByteArray([BII)Lorg/lombokweb/asm/ByteVector; @ 20 c2
Event: 4.261 Thread 0x0000012766b3dad0 DEOPT PACKING pc=0x0000012715d89e24 sp=0x00000025951eed00
Event: 4.261 Thread 0x0000012766b3dad0 DEOPT UNPACKING pc=0x0000012715716da2 sp=0x00000025951eecd0 mode 2
Event: 4.261 Thread 0x0000012766b3dad0 Uncommon trap: trap_request=0xffffff45 fr.pc=0x0000012715d8a4a4 relative=0x0000000000000364
Event: 4.261 Thread 0x0000012766b3dad0 Uncommon trap: reason=unstable_if action=reinterpret pc=0x0000012715d8a4a4 method=org.lombokweb.asm.Label.resolve([BLorg/lombokweb/asm/ByteVector;I)Z @ 81 c2
Event: 4.261 Thread 0x0000012766b3dad0 DEOPT PACKING pc=0x0000012715d8a4a4 sp=0x00000025951eed90
Event: 4.261 Thread 0x0000012766b3dad0 DEOPT UNPACKING pc=0x0000012715716da2 sp=0x00000025951eec98 mode 2

Classes loaded (20 events):
Event: 4.010 Loading class java/util/zip/GZIPInputStream
Event: 4.011 Loading class java/util/zip/GZIPInputStream done
Event: 4.014 Loading class java/net/SocketTimeoutException
Event: 4.014 Loading class java/io/InterruptedIOException
Event: 4.014 Loading class java/io/InterruptedIOException done
Event: 4.014 Loading class java/net/SocketTimeoutException done
Event: 4.014 Loading class java/net/SocketException
Event: 4.014 Loading class java/net/SocketException done
Event: 4.014 Loading class java/net/UnknownHostException
Event: 4.014 Loading class java/net/UnknownHostException done
Event: 4.014 Loading class java/net/ProtocolException
Event: 4.014 Loading class java/net/ProtocolException done
Event: 4.025 Loading class java/lang/ThreadLocal$SuppliedThreadLocal
Event: 4.025 Loading class java/lang/ThreadLocal$SuppliedThreadLocal done
Event: 4.030 Loading class java/io/FileWriter
Event: 4.030 Loading class java/io/FileWriter done
Event: 4.034 Loading class java/lang/NegativeArraySizeException
Event: 4.034 Loading class java/lang/NegativeArraySizeException done
Event: 4.420 Loading class org/w3c/dom/DOMException
Event: 4.420 Loading class org/w3c/dom/DOMException done

Classes unloaded (7 events):
Event: 4.324 Thread 0x0000012708bb4640 Unloading class 0x0000012721184c00 'java/lang/invoke/LambdaForm$MH+0x0000012721184c00'
Event: 4.324 Thread 0x0000012708bb4640 Unloading class 0x0000012721184800 'java/lang/invoke/LambdaForm$MH+0x0000012721184800'
Event: 4.324 Thread 0x0000012708bb4640 Unloading class 0x0000012721184400 'java/lang/invoke/LambdaForm$MH+0x0000012721184400'
Event: 4.324 Thread 0x0000012708bb4640 Unloading class 0x0000012721184000 'java/lang/invoke/LambdaForm$MH+0x0000012721184000'
Event: 4.324 Thread 0x0000012708bb4640 Unloading class 0x0000012721183c00 'java/lang/invoke/LambdaForm$BMH+0x0000012721183c00'
Event: 4.324 Thread 0x0000012708bb4640 Unloading class 0x0000012721183800 'java/lang/invoke/LambdaForm$DMH+0x0000012721183800'
Event: 4.324 Thread 0x0000012708bb4640 Unloading class 0x0000012721182400 'java/lang/invoke/LambdaForm$DMH+0x0000012721182400'

Classes redefined (0 events):
No events

Internal exceptions (20 events):
Event: 3.604 Thread 0x0000012766b3dad0 Exception <a 'java/lang/NoSuchMethodError'{0x00000000eb689b08}: 'java.lang.Object java.lang.invoke.DirectMethodHandle$Holder.invokeStaticInit(java.lang.Object, int, int, int, int)'> (0x00000000eb689b08) 
thrown [s\src\hotspot\share\interpreter\linkResolver.cpp, line 773]
Event: 3.639 Thread 0x0000012766b3dad0 Exception <a 'java/lang/NoSuchMethodError'{0x00000000eb7b7218}: 'java.lang.Object java.lang.invoke.DirectMethodHandle$Holder.invokeStaticInit(java.lang.Object, java.lang.Object, int, int, int, int)'> (0x00000000eb7b7218) 
thrown [s\src\hotspot\share\interpreter\linkResolver.cpp, line 773]
Event: 3.850 Thread 0x0000012766b3dad0 Exception <a 'java/lang/NoSuchMethodError'{0x00000000eb8b6650}: 'void java.lang.invoke.DirectMethodHandle$Holder.invokeSpecial(java.lang.Object, java.lang.Object, java.lang.Object, int)'> (0x00000000eb8b6650) 
thrown [s\src\hotspot\share\interpreter\linkResolver.cpp, line 773]
Event: 3.850 Thread 0x0000012766b3dad0 Exception <a 'java/lang/NoSuchMethodError'{0x00000000eb8b9fe0}: 'void java.lang.invoke.DelegatingMethodHandle$Holder.reinvoke_L(java.lang.Object, java.lang.Object, int)'> (0x00000000eb8b9fe0) 
thrown [s\src\hotspot\share\interpreter\linkResolver.cpp, line 773]
Event: 3.851 Thread 0x0000012766b3dad0 Exception <a 'java/lang/NoSuchMethodError'{0x00000000eb8c0d18}: 'int java.lang.invoke.Invokers$Holder.invokeExact_MT(java.lang.Object, java.lang.Object, java.lang.Object)'> (0x00000000eb8c0d18) 
thrown [s\src\hotspot\share\interpreter\linkResolver.cpp, line 773]
Event: 3.875 Thread 0x0000012766b3dad0 Exception <a 'java/lang/NoSuchMethodError'{0x00000000eb9c99f8}: 'void java.lang.invoke.Invokers$Holder.invokeExact_MT(java.lang.Object, java.lang.Object, int, java.lang.Object)'> (0x00000000eb9c99f8) 
thrown [s\src\hotspot\share\interpreter\linkResolver.cpp, line 773]
Event: 3.897 Thread 0x0000012766b3dad0 Exception <a 'java/lang/NoSuchMethodError'{0x00000000ebac3b90}: 'java.lang.Object java.lang.invoke.DirectMethodHandle$Holder.invokeSpecial(java.lang.Object, java.lang.Object, java.lang.Object, long, java.lang.Object)'> (0x00000000ebac3b90) 
thrown [s\src\hotspot\share\interpreter\linkResolver.cpp, line 773]
Event: 3.898 Thread 0x0000012766b3dad0 Exception <a 'java/lang/NoSuchMethodError'{0x00000000ebacb320}: 'java.lang.Object java.lang.invoke.DirectMethodHandle$Holder.newInvokeSpecial(java.lang.Object, java.lang.Object, java.lang.Object, long)'> (0x00000000ebacb320) 
thrown [s\src\hotspot\share\interpreter\linkResolver.cpp, line 773]
Event: 3.898 Thread 0x0000012766b3dad0 Exception <a 'java/lang/NoSuchMethodError'{0x00000000ebacf180}: 'java.lang.Object java.lang.invoke.Invokers$Holder.linkToTargetMethod(java.lang.Object, java.lang.Object, long, java.lang.Object)'> (0x00000000ebacf180) 
thrown [s\src\hotspot\share\interpreter\linkResolver.cpp, line 773]
Event: 3.907 Thread 0x0000012766b3dad0 Exception <a 'java/lang/NoSuchMethodError'{0x00000000ebb40c38}: 'int java.lang.invoke.DirectMethodHandle$Holder.invokeStaticInit(java.lang.Object, java.lang.Object, java.lang.Object)'> (0x00000000ebb40c38) 
thrown [s\src\hotspot\share\interpreter\linkResolver.cpp, line 773]
Event: 3.916 Thread 0x0000012766b3dad0 Exception <a 'java/lang/IncompatibleClassChangeError'{0x00000000ebbc5f60}: Found class java.lang.Object, but interface was expected> (0x00000000ebbc5f60) 
thrown [s\src\hotspot\share\interpreter\linkResolver.cpp, line 840]
Event: 3.930 Thread 0x0000012766b3dad0 Exception <a 'java/lang/NoSuchMethodError'{0x00000000ebbe9158}: 'java.lang.Object java.lang.invoke.DirectMethodHandle$Holder.invokeSpecial(java.lang.Object, java.lang.Object, java.lang.Object, int, java.lang.Object, java.lang.Object)'> (0x00000000ebbe9158) 
thrown [s\src\hotspot\share\interpreter\linkResolver.cpp, line 773]
Event: 3.931 Thread 0x0000012766b3dad0 Exception <a 'java/lang/NoSuchMethodError'{0x00000000ebbf09f0}: 'java.lang.Object java.lang.invoke.DirectMethodHandle$Holder.newInvokeSpecial(java.lang.Object, java.lang.Object, java.lang.Object, int, java.lang.Object)'> (0x00000000ebbf09f0) 
thrown [s\src\hotspot\share\interpreter\linkResolver.cpp, line 773]
Event: 3.931 Thread 0x0000012766b3dad0 Exception <a 'java/lang/NoSuchMethodError'{0x00000000ebbf44e0}: 'java.lang.Object java.lang.invoke.Invokers$Holder.linkToTargetMethod(java.lang.Object, java.lang.Object, int, java.lang.Object, java.lang.Object)'> (0x00000000ebbf44e0) 
thrown [s\src\hotspot\share\interpreter\linkResolver.cpp, line 773]
Event: 3.932 Thread 0x000001276714eb70 Exception <a 'java/lang/NoSuchMethodError'{0x00000000ebb23f40}: 'java.lang.Object java.lang.invoke.DirectMethodHandle$Holder.invokeSpecial(java.lang.Object, java.lang.Object, int, java.lang.Object, java.lang.Object)'> (0x00000000ebb23f40) 
thrown [s\src\hotspot\share\interpreter\linkResolver.cpp, line 773]
Event: 3.932 Thread 0x000001276714eb70 Exception <a 'java/lang/NoSuchMethodError'{0x00000000ebb2ac78}: 'java.lang.Object java.lang.invoke.DirectMethodHandle$Holder.newInvokeSpecial(java.lang.Object, java.lang.Object, int, java.lang.Object)'> (0x00000000ebb2ac78) 
thrown [s\src\hotspot\share\interpreter\linkResolver.cpp, line 773]
Event: 3.949 Thread 0x0000012766b3dad0 Exception <a 'java/lang/NoSuchMethodError'{0x00000000ebcf6368}: 'void java.lang.invoke.DirectMethodHandle$Holder.invokeSpecial(java.lang.Object, java.lang.Object, java.lang.Object, java.lang.Object, java.lang.Object)'> (0x00000000ebcf6368) 
thrown [s\src\hotspot\share\interpreter\linkResolver.cpp, line 773]
Event: 3.985 Thread 0x0000012766b3dad0 Exception <a 'java/lang/NoSuchMethodError'{0x00000000ebf20a50}: 'double java.lang.invoke.DirectMethodHandle$Holder.invokeStatic(java.lang.Object, java.lang.Object)'> (0x00000000ebf20a50) 
thrown [s\src\hotspot\share\interpreter\linkResolver.cpp, line 773]
Event: 3.986 Thread 0x0000012766b3dad0 Exception <a 'java/lang/NoSuchMethodError'{0x00000000ebf24110}: 'double java.lang.invoke.DirectMethodHandle$Holder.invokeStaticInit(java.lang.Object, java.lang.Object)'> (0x00000000ebf24110) 
thrown [s\src\hotspot\share\interpreter\linkResolver.cpp, line 773]
Event: 4.261 Thread 0x0000012766b3dad0 Implicit null exception at 0x0000012715d89cf5 to 0x0000012715d89e08

ZGC Phase Switch (0 events):
No events

VM Operations (20 events):
Event: 2.709 Executing VM operation: HandshakeAllThreads (Deoptimize)
Event: 2.709 Executing VM operation: HandshakeAllThreads (Deoptimize) done
Event: 3.088 Executing VM operation: HandshakeAllThreads (Deoptimize)
Event: 3.088 Executing VM operation: HandshakeAllThreads (Deoptimize) done
Event: 3.374 Executing VM operation: ParallelGCFailedAllocation (Allocation Failure)
Event: 3.380 Executing VM operation: ParallelGCFailedAllocation (Allocation Failure) done
Event: 3.395 Executing VM operation: HandshakeAllThreads (Deoptimize)
Event: 3.395 Executing VM operation: HandshakeAllThreads (Deoptimize) done
Event: 3.401 Executing VM operation: HandshakeAllThreads (Deoptimize)
Event: 3.401 Executing VM operation: HandshakeAllThreads (Deoptimize) done
Event: 3.422 Executing VM operation: HandshakeAllThreads (Deoptimize)
Event: 3.422 Executing VM operation: HandshakeAllThreads (Deoptimize) done
Event: 3.837 Executing VM operation: HandshakeAllThreads (Deoptimize)
Event: 3.837 Executing VM operation: HandshakeAllThreads (Deoptimize) done
Event: 4.036 Executing VM operation: ParallelGCFailedAllocation (Allocation Failure)
Event: 4.043 Executing VM operation: ParallelGCFailedAllocation (Allocation Failure) done
Event: 4.265 Executing VM operation: ParallelGCFailedAllocation (Allocation Failure)
Event: 4.270 Executing VM operation: ParallelGCFailedAllocation (Allocation Failure) done
Event: 4.316 Executing VM operation: CollectForMetadataAllocation (Metadata GC Threshold)
Event: 4.347 Executing VM operation: CollectForMetadataAllocation (Metadata GC Threshold) done

Memory protections (0 events):
No events

Nmethod flushes (0 events):
No events

Events (20 events):
Event: 2.241 Thread 0x000001270af9eb10 Thread added: 0x0000012766965f40
Event: 2.249 Thread 0x000001270af9eb10 Thread added: 0x0000012766b3dad0
Event: 2.318 Thread 0x0000012766b3dad0 Thread added: 0x0000012766ee77d0
Event: 2.401 Thread 0x0000012766a5bc30 Thread exited: 0x0000012766a5bc30
Event: 2.401 Thread 0x0000012766906ce0 Thread exited: 0x0000012766906ce0
Event: 2.698 Thread 0x0000012766b3dad0 Thread added: 0x0000012766ee6800
Event: 2.786 Thread 0x000001271f37e230 Thread added: 0x0000012767090810
Event: 2.787 Thread 0x000001271f37e230 Thread added: 0x0000012766d9fb50
Event: 3.142 Thread 0x0000012766b3dad0 Thread added: 0x0000012766c215d0
Event: 3.366 Thread 0x0000012766d9fb50 Thread exited: 0x0000012766d9fb50
Event: 3.368 Thread 0x0000012767090810 Thread exited: 0x0000012767090810
Event: 3.453 Thread 0x000001271f37e230 Thread added: 0x0000012767039970
Event: 3.488 Thread 0x000001271f35b280 Thread added: 0x0000012766e820b0
Event: 3.837 Thread 0x0000012766e820b0 Thread exited: 0x0000012766e820b0
Event: 3.857 Thread 0x0000012766b3dad0 Thread added: 0x000001276714bf60
Event: 3.902 Thread 0x0000012766b3dad0 Thread added: 0x000001276714eb70
Event: 3.932 Thread 0x0000012766b3dad0 Thread added: 0x00000127671c2f60
Event: 4.195 Thread 0x0000012767039970 Thread exited: 0x0000012767039970
Event: 4.449 Thread 0x000001271f37e230 Thread added: 0x00000127678061a0
Event: 4.476 Thread 0x000001271f37e230 Thread added: 0x0000012767415ba0


Dynamic libraries:
0x00007ff632180000 - 0x00007ff63218e000 	c:\Users\Asus\.vscode\extensions\redhat.java-1.41.0-win32-x64\jre\21.0.6-win32-x86_64\bin\java.exe
0x00007ffd6c4e0000 - 0x00007ffd6c743000 	C:\WINDOWS\SYSTEM32\ntdll.dll
0x00007ffd6bfc0000 - 0x00007ffd6c088000 	C:\WINDOWS\System32\KERNEL32.DLL
0x00007ffd69ec0000 - 0x00007ffd6a272000 	C:\WINDOWS\System32\KERNELBASE.dll
0x00007ffd69ac0000 - 0x00007ffd69c0b000 	C:\WINDOWS\System32\ucrtbase.dll
0x00007ffd637d0000 - 0x00007ffd637e8000 	c:\Users\Asus\.vscode\extensions\redhat.java-1.41.0-win32-x64\jre\21.0.6-win32-x86_64\bin\jli.dll
0x00007ffd61340000 - 0x00007ffd6135e000 	c:\Users\Asus\.vscode\extensions\redhat.java-1.41.0-win32-x64\jre\21.0.6-win32-x86_64\bin\VCRUNTIME140.dll
0x00007ffd6a520000 - 0x00007ffd6a6e8000 	C:\WINDOWS\System32\USER32.dll
0x00007ffd69960000 - 0x00007ffd69987000 	C:\WINDOWS\System32\win32u.dll
0x00007ffd4f290000 - 0x00007ffd4f520000 	C:\WINDOWS\WinSxS\amd64_microsoft.windows.common-controls_6595b64144ccf1df_6.0.26100.2454_none_3e0b68a2e331ad60\COMCTL32.dll
0x00007ffd6b270000 - 0x00007ffd6b29a000 	C:\WINDOWS\System32\GDI32.dll
0x00007ffd69d90000 - 0x00007ffd69ebb000 	C:\WINDOWS\System32\gdi32full.dll
0x00007ffd698b0000 - 0x00007ffd69953000 	C:\WINDOWS\System32\msvcp_win.dll
0x00007ffd6b0d0000 - 0x00007ffd6b179000 	C:\WINDOWS\System32\msvcrt.dll
0x00007ffd6b9c0000 - 0x00007ffd6b9ef000 	C:\WINDOWS\System32\IMM32.DLL
0x00007ffd63620000 - 0x00007ffd6362c000 	c:\Users\Asus\.vscode\extensions\redhat.java-1.41.0-win32-x64\jre\21.0.6-win32-x86_64\bin\vcruntime140_1.dll
0x00007ffd3afa0000 - 0x00007ffd3b02d000 	c:\Users\Asus\.vscode\extensions\redhat.java-1.41.0-win32-x64\jre\21.0.6-win32-x86_64\bin\msvcp140.dll
0x00007ffd220b0000 - 0x00007ffd22e40000 	c:\Users\Asus\.vscode\extensions\redhat.java-1.41.0-win32-x64\jre\21.0.6-win32-x86_64\bin\server\jvm.dll
0x00007ffd6b180000 - 0x00007ffd6b234000 	C:\WINDOWS\System32\ADVAPI32.dll
0x00007ffd6a470000 - 0x00007ffd6a516000 	C:\WINDOWS\System32\sechost.dll
0x00007ffd6c380000 - 0x00007ffd6c496000 	C:\WINDOWS\System32\RPCRT4.dll
0x00007ffd6a6f0000 - 0x00007ffd6a764000 	C:\WINDOWS\System32\WS2_32.dll
0x00007ffd692b0000 - 0x00007ffd692fe000 	C:\WINDOWS\SYSTEM32\POWRPROF.dll
0x00007ffd52df0000 - 0x00007ffd52e26000 	C:\WINDOWS\SYSTEM32\WINMM.dll
0x00007ffd586f0000 - 0x00007ffd586fb000 	C:\WINDOWS\SYSTEM32\VERSION.dll
0x00007ffd69160000 - 0x00007ffd69174000 	C:\WINDOWS\SYSTEM32\UMPDC.dll
0x00007ffd686f0000 - 0x00007ffd6870a000 	C:\WINDOWS\SYSTEM32\kernel.appcore.dll
0x00007ffd60f70000 - 0x00007ffd60f7a000 	c:\Users\Asus\.vscode\extensions\redhat.java-1.41.0-win32-x64\jre\21.0.6-win32-x86_64\bin\jimage.dll
0x00007ffd67040000 - 0x00007ffd67281000 	C:\WINDOWS\SYSTEM32\DBGHELP.DLL
0x00007ffd6ba50000 - 0x00007ffd6bdce000 	C:\WINDOWS\System32\combase.dll
0x00007ffd6be40000 - 0x00007ffd6bf16000 	C:\WINDOWS\System32\OLEAUT32.dll
0x00007ffd49ba0000 - 0x00007ffd49bd9000 	C:\WINDOWS\SYSTEM32\dbgcore.DLL
0x00007ffd69990000 - 0x00007ffd69a29000 	C:\WINDOWS\System32\bcryptPrimitives.dll
0x00007ffd60f60000 - 0x00007ffd60f6f000 	c:\Users\Asus\.vscode\extensions\redhat.java-1.41.0-win32-x64\jre\21.0.6-win32-x86_64\bin\instrument.dll
0x00007ffd60f40000 - 0x00007ffd60f5f000 	c:\Users\Asus\.vscode\extensions\redhat.java-1.41.0-win32-x64\jre\21.0.6-win32-x86_64\bin\java.dll
0x00007ffd6a9c0000 - 0x00007ffd6b0c0000 	C:\WINDOWS\System32\SHELL32.dll
0x00007ffd675e0000 - 0x00007ffd67e11000 	C:\WINDOWS\SYSTEM32\windows.storage.dll
0x00007ffd6c0b0000 - 0x00007ffd6c18a000 	C:\WINDOWS\System32\SHCORE.dll
0x00007ffd6a340000 - 0x00007ffd6a39d000 	C:\WINDOWS\System32\shlwapi.dll
0x00007ffd697c0000 - 0x00007ffd697ee000 	C:\WINDOWS\SYSTEM32\profapi.dll
0x00007ffd548d0000 - 0x00007ffd548e8000 	c:\Users\Asus\.vscode\extensions\redhat.java-1.41.0-win32-x64\jre\21.0.6-win32-x86_64\bin\zip.dll
0x00007ffd60f30000 - 0x00007ffd60f40000 	C:\Users\Asus\.vscode\extensions\redhat.java-1.41.0-win32-x64\jre\21.0.6-win32-x86_64\bin\net.dll
0x00007ffd64190000 - 0x00007ffd642b6000 	C:\WINDOWS\SYSTEM32\WINHTTP.dll
0x00007ffd68bf0000 - 0x00007ffd68c58000 	C:\WINDOWS\system32\mswsock.dll
0x00007ffd548b0000 - 0x00007ffd548c6000 	C:\Users\Asus\.vscode\extensions\redhat.java-1.41.0-win32-x64\jre\21.0.6-win32-x86_64\bin\nio.dll
0x00007ffd60ee0000 - 0x00007ffd60ef0000 	c:\Users\Asus\.vscode\extensions\redhat.java-1.41.0-win32-x64\jre\21.0.6-win32-x86_64\bin\verify.dll
0x00007ffd32ec0000 - 0x00007ffd32f05000 	C:\Users\Asus\AppData\Roaming\Code\User\globalStorage\redhat.java\1.41.0\config_ss_win\org.eclipse.equinox.launcher\org.eclipse.equinox.launcher.win32.win32.x86_64_1.2.1300.v20250325-0811\eclipse_11911.dll
0x00007ffd6b820000 - 0x00007ffd6b9b9000 	C:\WINDOWS\System32\ole32.dll
0x00007ffd68f00000 - 0x00007ffd68f1c000 	C:\WINDOWS\SYSTEM32\CRYPTSP.dll
0x00007ffd68650000 - 0x00007ffd68688000 	C:\WINDOWS\system32\rsaenh.dll
0x00007ffd68c90000 - 0x00007ffd68cbb000 	C:\WINDOWS\SYSTEM32\USERENV.dll
0x00007ffd69180000 - 0x00007ffd691a6000 	C:\WINDOWS\SYSTEM32\bcrypt.dll
0x00007ffd69060000 - 0x00007ffd6906c000 	C:\WINDOWS\SYSTEM32\CRYPTBASE.dll
0x00007ffd68270000 - 0x00007ffd682a2000 	C:\WINDOWS\SYSTEM32\IPHLPAPI.DLL
0x00007ffd6a460000 - 0x00007ffd6a46a000 	C:\WINDOWS\System32\NSI.dll
0x00007ffd31860000 - 0x00007ffd318a9000 	C:\Users\Asus\AppData\Local\Temp\jna-2050672\jna8694282843522431508.dll
0x00007ffd6c0a0000 - 0x00007ffd6c0a8000 	C:\WINDOWS\System32\PSAPI.DLL

dbghelp: loaded successfully - version: 4.0.5 - missing functions: none
symbol engine: initialized successfully - sym options: 0x614 - pdb path: .;c:\Users\Asus\.vscode\extensions\redhat.java-1.41.0-win32-x64\jre\21.0.6-win32-x86_64\bin;C:\WINDOWS\SYSTEM32;C:\WINDOWS\WinSxS\amd64_microsoft.windows.common-controls_6595b64144ccf1df_6.0.26100.2454_none_3e0b68a2e331ad60;c:\Users\Asus\.vscode\extensions\redhat.java-1.41.0-win32-x64\jre\21.0.6-win32-x86_64\bin\server;C:\Users\Asus\AppData\Roaming\Code\User\globalStorage\redhat.java\1.41.0\config_ss_win\org.eclipse.equinox.launcher\org.eclipse.equinox.launcher.win32.win32.x86_64_1.2.1300.v20250325-0811;C:\Users\Asus\AppData\Local\Temp\jna-2050672

VM Arguments:
jvm_args: --add-modules=ALL-SYSTEM --add-opens=java.base/java.util=ALL-UNNAMED --add-opens=java.base/java.lang=ALL-UNNAMED --add-opens=java.base/sun.nio.fs=ALL-UNNAMED -Declipse.application=org.eclipse.jdt.ls.core.id1 -Dosgi.bundles.defaultStartLevel=4 -Declipse.product=org.eclipse.jdt.ls.core.product -Djava.import.generatesMetadataFilesAtProjectRoot=false -DDetectVMInstallationsJob.disabled=true -Dfile.encoding=utf8 -XX:+UseParallelGC -XX:GCTimeRatio=4 -XX:AdaptiveSizePolicyWeight=90 -Dsun.zip.disableMemoryMapping=true -Xmx1G -Xms100m -Xlog:disable -javaagent:c:\Users\Asus\.vscode\extensions\redhat.java-1.41.0-win32-x64\lombok\lombok-1.18.36.jar 
java_command: c:\Users\Asus\.vscode\extensions\redhat.java-1.41.0-win32-x64\server\plugins\org.eclipse.equinox.launcher_1.6.1100.v20250306-0509.jar -configuration c:\Users\Asus\AppData\Roaming\Code\User\globalStorage\redhat.java\1.41.0\config_ss_win -data c:\Users\Asus\AppData\Roaming\Code\User\workspaceStorage\6f0e533d9ff133c7631d155b4f25a028\redhat.java\ss_ws --pipe=\\.\pipe\lsp-b15172b58b22e890d38990d901fa0b27-sock
java_class_path (initial): c:\Users\Asus\.vscode\extensions\redhat.java-1.41.0-win32-x64\server\plugins\org.eclipse.equinox.launcher_1.6.1100.v20250306-0509.jar
Launcher Type: SUN_STANDARD

[Global flags]
    uintx AdaptiveSizePolicyWeight                 = 90                                        {product} {command line}
     intx CICompilerCount                          = 4                                         {product} {ergonomic}
    uintx GCTimeRatio                              = 4                                         {product} {command line}
   size_t InitialHeapSize                          = 104857600                                 {product} {command line}
   size_t MaxHeapSize                              = 1073741824                                {product} {command line}
   size_t MaxNewSize                               = 357564416                                 {product} {ergonomic}
   size_t MinHeapDeltaBytes                        = 524288                                    {product} {ergonomic}
   size_t MinHeapSize                              = 104857600                                 {product} {command line}
   size_t NewSize                                  = 34603008                                  {product} {ergonomic}
    uintx NonNMethodCodeHeapSize                   = 5839372                                {pd product} {ergonomic}
    uintx NonProfiledCodeHeapSize                  = 122909434                              {pd product} {ergonomic}
   size_t OldSize                                  = 70254592                                  {product} {ergonomic}
    uintx ProfiledCodeHeapSize                     = 122909434                              {pd product} {ergonomic}
    uintx ReservedCodeCacheSize                    = 251658240                              {pd product} {ergonomic}
     bool SegmentedCodeCache                       = true                                      {product} {ergonomic}
   size_t SoftMaxHeapSize                          = 1073741824                             {manageable} {ergonomic}
     bool UseCompressedOops                        = true                           {product lp64_product} {ergonomic}
     bool UseLargePagesIndividualAllocation        = false                                  {pd product} {ergonomic}
     bool UseParallelGC                            = true                                      {product} {command line}

Logging:
Log output configuration:
 #0: stdout all=off uptime,level,tags foldmultilines=false
 #1: stderr all=off uptime,level,tags foldmultilines=false

Environment Variables:
JAVA_HOME=C:\Users\Asus\AppData\Local\Programs\Eclipse Adoptium\jdk-17.0.6.10-hotspot\
PATH=C:\Python312\Scripts\;C:\Python312\;C:\Users\Asus\AppData\Local\Programs\Python\Python311\Scripts\;C:\WINDOWS;C:\WINDOWS\System32\Wbem;C:\WINDOWS\System32\WindowsPowerShell\v1.0\;C:\WINDOWS\System32\OpenSSH\;C:\MinGW\bin;C:\Program Files (x86)\Microsoft SQL Server\160\Tools\Binn\;C:\Program Files\Microsoft SQL Server\160\Tools\Binn\;C:\Program Files\Microsoft SQL Server\Client SDK\ODBC\170\Tools\Binn\;C:\Program Files\Microsoft SQL Server\160\DTS\Binn\;C:\Program Files\Azure Data Studio\bin;C:\Program Files\Git\cmd;C:\Users\Asus\AppData\Local\Programs\Python\Python311\Scripts;C:\Users\Asus\AppData\Local\Programs\Python\Python311\;C:\Users\Asus\AppData\Local\Programs\Python\Python311\Scripts;C:\Users\Asus\AppData\Local\Programs\Python\Python311\Scripts;C:\Users\Asus\AppData\Local\Programs\Python\Python311\;C:\;C:\ProgramData\chocolatey\bin;C:\Program Files\MongoDB\Server\8.0\bin;C:\Program Files\MongoDB\Server\8.0\bin;C:\Users\Asus\AppData\Local\Programs\Eclipse Adoptium\jdk-17.0.6.10-hotspot\bin;C:\Users\Asus\AppData\Local\Programs\Python\Python311\Scripts\;C:\Users\Asus\AppData\Local\Programs\Python\Python311\;C:\Users\Asus\AppData\Local\Microsoft\WindowsApps;C:\Program Files\JetBrains\PyCharm Community Edition 2022.3.2\bin;;C:\Program Files\Azure Data Studio\bin;C:\Users\Asus\AppData\Local\GitHubDesktop\bin;C:\Users\Asus\Downloads\apache-maven-4.0.0-rc-1-bin\apache-maven-4.0.0-rc-1;C:\Users\Asus\AppData\Roaming\npm;C:\Users\Asus\AppData\Roaming\Python\Python312\Scripts;C:\Users\Asus\Desktop\Microsoft VS Code\bin
USERNAME=Asus
OS=Windows_NT
PROCESSOR_IDENTIFIER=Intel64 Family 6 Model 140 Stepping 1, GenuineIntel
TMP=C:\Users\Asus\AppData\Local\Temp
TEMP=C:\Users\Asus\AppData\Local\Temp




Periodic native trim disabled

---------------  S Y S T E M  ---------------

OS:
 Windows 11 , 64 bit Build 26100 (10.0.26100.2454)
OS uptime: 0 days 0:17 hours

CPU: total 8 (initial active 8) (4 cores per cpu, 2 threads per core) family 6 model 140 stepping 1 microcode 0x86, cx8, cmov, fxsr, ht, mmx, 3dnowpref, sse, sse2, sse3, ssse3, sse4.1, sse4.2, popcnt, lzcnt, tsc, tscinvbit, avx, avx2, aes, erms, clmul, bmi1, bmi2, adx, avx512f, avx512dq, avx512cd, avx512bw, avx512vl, sha, fma, vzeroupper, avx512_vpopcntdq, avx512_vpclmulqdq, avx512_vaes, avx512_vnni, clflush, clflushopt, clwb, avx512_vbmi2, avx512_vbmi, rdtscp, rdpid, fsrm, gfni, avx512_bitalg, f16c, pku, cet_ibt, cet_ss, avx512_ifma
Processor Information for processor 0
  Max Mhz: 2419, Current Mhz: 1007, Mhz Limit: 2419
Processor Information for processor 1
  Max Mhz: 2419, Current Mhz: 1007, Mhz Limit: 2419
Processor Information for processor 2
  Max Mhz: 2419, Current Mhz: 2419, Mhz Limit: 2419
Processor Information for processor 3
  Max Mhz: 2419, Current Mhz: 1007, Mhz Limit: 2419
Processor Information for processor 4
  Max Mhz: 2419, Current Mhz: 2419, Mhz Limit: 2419
Processor Information for processor 5
  Max Mhz: 2419, Current Mhz: 2419, Mhz Limit: 2419
Processor Information for processor 6
  Max Mhz: 2419, Current Mhz: 1007, Mhz Limit: 2419
Processor Information for processor 7
  Max Mhz: 2419, Current Mhz: 2419, Mhz Limit: 2419

Memory: 4k page, system-wide physical 7886M (704M free)
TotalPageFile size 11287M (AvailPageFile size 3M)
current process WorkingSet (physical memory assigned to process): 154M, peak: 154M
current process commit charge ("private bytes"): 256M, peak: 257M

vm_info: OpenJDK 64-Bit Server VM (21.0.6+7-LTS) for windows-amd64 JRE (21.0.6+7-LTS), built on 2025-01-21T00:00:00Z by "admin" with MS VC++ 17.7 (VS2022)

END.
