#
# There is insufficient memory for the Java Runtime Environment to continue.
# Native memory allocation (malloc) failed to allocate 2581408 bytes. Error detail: Chunk::new
# Possible reasons:
#   The system is out of physical RAM or swap space
#   This process is running with CompressedOops enabled, and the Java Heap may be blocking the growth of the native heap
# Possible solutions:
#   Reduce memory load on the system
#   Increase physical memory or swap space
#   Check if swap backing store is full
#   Decrease Java heap size (-Xmx/-Xms)
#   Decrease number of Java threads
#   Decrease Java thread stack sizes (-Xss)
#   Set larger code cache with -XX:ReservedCodeCacheSize=
#   JVM is running with Unscaled Compressed Oops mode in which the Java heap is
#     placed in the first 4GB address space. The Java Heap base address is the
#     maximum limit for the native heap growth. Please use -XX:HeapBaseMinAddress
#     to set the Java Heap base and to place the Java Heap above 4GB virtual address.
# This output file may be truncated or incomplete.
#
#  Out of Memory Error (arena.cpp:191), pid=10224, tid=14600
#
# JRE version: OpenJDK Runtime Environment Temurin-17.0.13+11 (17.0.13+11) (build 17.0.13+11)
# Java VM: OpenJDK 64-Bit Server VM Temurin-17.0.13+11 (17.0.13+11, mixed mode, tiered, compressed oops, compressed class ptrs, parallel gc, windows-amd64)
# No core dump will be written. Minidumps are not enabled by default on client versions of Windows
#

---------------  S U M M A R Y ------------

Command Line: --add-modules=ALL-SYSTEM --add-opens=java.base/java.util=ALL-UNNAMED --add-opens=java.base/java.lang=ALL-UNNAMED --add-opens=java.base/sun.nio.fs=ALL-UNNAMED -Declipse.application=org.eclipse.jdt.ls.core.id1 -Dosgi.bundles.defaultStartLevel=4 -Declipse.product=org.eclipse.jdt.ls.core.product -Djava.import.generatesMetadataFilesAtProjectRoot=false -DDetectVMInstallationsJob.disabled=true -Dfile.encoding=utf8 -XX:+UseParallelGC -XX:GCTimeRatio=4 -XX:AdaptiveSizePolicyWeight=90 -Dsun.zip.disableMemoryMapping=true -Xmx1G -Xms100m -Xlog:disable -javaagent:c:\Users\Asus\.vscode\extensions\redhat.java-1.37.0-win32-x64\lombok\lombok-1.18.34.jar -XX:+HeapDumpOnOutOfMemoryError -XX:HeapDumpPath=c:\Users\Asus\AppData\Roaming\Code\User\workspaceStorage\6f0e533d9ff133c7631d155b4f25a028\redhat.java -Daether.dependencyCollector.impl=bf c:\Users\Asus\.vscode\extensions\redhat.java-1.37.0-win32-x64\server\plugins\org.eclipse.equinox.launcher_1.6.900.v20240613-2009.jar -configuration c:\Users\Asus\AppData\Roaming\Code\User\globalStorage\redhat.java\1.37.0\config_win -data c:\Users\Asus\AppData\Roaming\Code\User\workspaceStorage\6f0e533d9ff133c7631d155b4f25a028\redhat.java\jdt_ws --pipe=\\.\pipe\lsp-17408761489f74908c9f7e9c940cbd14-sock

Host: 11th Gen Intel(R) Core(TM) i5-1135G7 @ 2.40GHz, 8 cores, 7G,  Windows 11 , 64 bit Build 26100 (10.0.26100.2454)
Time: Sun Dec  1 10:56:00 2024 India Standard Time elapsed time: 12.152896 seconds (0d 0h 0m 12s)

---------------  T H R E A D  ---------------

Current thread (0x0000026e567059c0):  JavaThread "C2 CompilerThread1" daemon [_thread_in_native, id=14600, stack(0x000000a589000000,0x000000a589100000)]


Current CompileTask:
C2:  12153 2029       4       org.apache.felix.resolver.ResolverImpl::mergeUses (495 bytes)

Stack: [0x000000a589000000,0x000000a589100000]
Native frames: (J=compiled Java code, j=interpreted, Vv=VM code, C=native code)
V  [jvm.dll+0x682a19]
V  [jvm.dll+0x839538]
V  [jvm.dll+0x83afe3]
V  [jvm.dll+0x83b653]
V  [jvm.dll+0x24704f]
V  [jvm.dll+0xace34]
V  [jvm.dll+0xad4cc]
V  [jvm.dll+0x36597e]
V  [jvm.dll+0x1ba989]
V  [jvm.dll+0x2181a7]
V  [jvm.dll+0x21748f]
V  [jvm.dll+0x1a3070]
V  [jvm.dll+0x22788c]
V  [jvm.dll+0x2259eb]
V  [jvm.dll+0x7eec98]
V  [jvm.dll+0x7e8ffc]
V  [jvm.dll+0x6818f7]
C  [ucrtbase.dll+0x14ea0]
C  [KERNEL32.DLL+0x2e8d7]
C  [ntdll.dll+0xdfbcc]


---------------  P R O C E S S  ---------------

Threads class SMR info:
_java_thread_list=0x0000026e579575f0, length=26, elements={
0x0000026e3ccaea30, 0x0000026e51374010, 0x0000026e3cd5b1d0, 0x0000026e564a9030,
0x0000026e564aba10, 0x0000026e564ac4e0, 0x0000026e564aeec0, 0x0000026e564afb70,
0x0000026e564c0350, 0x0000026e56528b10, 0x0000026e3cd107d0, 0x0000026e57659940,
0x0000026e57ed2590, 0x0000026e57e04380, 0x0000026e57e04c70, 0x0000026e57e05150,
0x0000026e57ea4d20, 0x0000026e57ea5610, 0x0000026e57955e50, 0x0000026e57956360,
0x0000026e57956870, 0x0000026e567059c0, 0x0000026e57955940, 0x0000026e57954f20,
0x0000026e57955430, 0x0000026e57f4f160
}

Java Threads: ( => current thread )
  0x0000026e3ccaea30 JavaThread "main" [_thread_blocked, id=19424, stack(0x000000a587300000,0x000000a587400000)]
  0x0000026e51374010 JavaThread "Reference Handler" daemon [_thread_blocked, id=16044, stack(0x000000a587600000,0x000000a587700000)]
  0x0000026e3cd5b1d0 JavaThread "Finalizer" daemon [_thread_blocked, id=3988, stack(0x000000a587700000,0x000000a587800000)]
  0x0000026e564a9030 JavaThread "Signal Dispatcher" daemon [_thread_blocked, id=10460, stack(0x000000a587800000,0x000000a587900000)]
  0x0000026e564aba10 JavaThread "Attach Listener" daemon [_thread_blocked, id=8924, stack(0x000000a587900000,0x000000a587a00000)]
  0x0000026e564ac4e0 JavaThread "Service Thread" daemon [_thread_blocked, id=21972, stack(0x000000a587a00000,0x000000a587b00000)]
  0x0000026e564aeec0 JavaThread "Monitor Deflation Thread" daemon [_thread_blocked, id=13956, stack(0x000000a587b00000,0x000000a587c00000)]
  0x0000026e564afb70 JavaThread "C2 CompilerThread0" daemon [_thread_blocked, id=14940, stack(0x000000a587c00000,0x000000a587d00000)]
  0x0000026e564c0350 JavaThread "C1 CompilerThread0" daemon [_thread_blocked, id=22108, stack(0x000000a587d00000,0x000000a587e00000)]
  0x0000026e56528b10 JavaThread "Sweeper thread" daemon [_thread_blocked, id=10352, stack(0x000000a587e00000,0x000000a587f00000)]
  0x0000026e3cd107d0 JavaThread "Common-Cleaner" daemon [_thread_blocked, id=19052, stack(0x000000a587f00000,0x000000a588000000)]
  0x0000026e57659940 JavaThread "Notification Thread" daemon [_thread_blocked, id=1424, stack(0x000000a588100000,0x000000a588200000)]
  0x0000026e57ed2590 JavaThread "Equinox resolver thread - Equinox Container: 45a40728-4d78-41d0-9f78-d02454d3d121" daemon [_thread_blocked, id=824, stack(0x000000a588900000,0x000000a588a00000)]
  0x0000026e57e04380 JavaThread "Equinox resolver thread - Equinox Container: 45a40728-4d78-41d0-9f78-d02454d3d121" daemon [_thread_blocked, id=21096, stack(0x000000a588a00000,0x000000a588b00000)]
  0x0000026e57e04c70 JavaThread "Equinox resolver thread - Equinox Container: 45a40728-4d78-41d0-9f78-d02454d3d121" daemon [_thread_blocked, id=19852, stack(0x000000a588b00000,0x000000a588c00000)]
  0x0000026e57e05150 JavaThread "Equinox resolver thread - Equinox Container: 45a40728-4d78-41d0-9f78-d02454d3d121" daemon [_thread_blocked, id=1904, stack(0x000000a588c00000,0x000000a588d00000)]
  0x0000026e57ea4d20 JavaThread "Equinox resolver thread - Equinox Container: 45a40728-4d78-41d0-9f78-d02454d3d121" daemon [_thread_blocked, id=9684, stack(0x000000a588d00000,0x000000a588e00000)]
  0x0000026e57ea5610 JavaThread "Equinox resolver thread - Equinox Container: 45a40728-4d78-41d0-9f78-d02454d3d121" daemon [_thread_blocked, id=4172, stack(0x000000a588e00000,0x000000a588f00000)]
  0x0000026e57955e50 JavaThread "Active Thread: Equinox Container: 45a40728-4d78-41d0-9f78-d02454d3d121" [_thread_blocked, id=22952, stack(0x000000a588f00000,0x000000a589000000)]
  0x0000026e57956360 JavaThread "Framework Event Dispatcher: Equinox Container: 45a40728-4d78-41d0-9f78-d02454d3d121" daemon [_thread_blocked, id=22888, stack(0x000000a588000000,0x000000a588100000)]
  0x0000026e57956870 JavaThread "Start Level: Equinox Container: 45a40728-4d78-41d0-9f78-d02454d3d121" daemon [_thread_in_native, id=20648, stack(0x000000a588300000,0x000000a588400000)]
=>0x0000026e567059c0 JavaThread "C2 CompilerThread1" daemon [_thread_in_native, id=14600, stack(0x000000a589000000,0x000000a589100000)]
  0x0000026e57955940 JavaThread "Refresh Thread: Equinox Container: 45a40728-4d78-41d0-9f78-d02454d3d121" daemon [_thread_blocked, id=20536, stack(0x000000a589300000,0x000000a589400000)]
  0x0000026e57954f20 JavaThread "Equinox resolver thread - Equinox Container: 45a40728-4d78-41d0-9f78-d02454d3d121" daemon [_thread_blocked, id=14808, stack(0x000000a589400000,0x000000a589500000)]
  0x0000026e57955430 JavaThread "Equinox resolver thread - Equinox Container: 45a40728-4d78-41d0-9f78-d02454d3d121" daemon [_thread_blocked, id=3476, stack(0x000000a589500000,0x000000a589600000)]
  0x0000026e57f4f160 JavaThread "C2 CompilerThread2" daemon [_thread_blocked, id=13532, stack(0x000000a589600000,0x000000a589700000)]

Other Threads:
  0x0000026e56482930 VMThread "VM Thread" [stack: 0x000000a587500000,0x000000a587600000] [id=6724]
  0x0000026e57628050 WatcherThread [stack: 0x000000a588200000,0x000000a588300000] [id=4560]
  0x0000026e3ccc3db0 GCTaskThread "GC Thread#0" [stack: 0x000000a587400000,0x000000a587500000] [id=21816]
  0x0000026e57d534c0 GCTaskThread "GC Thread#1" [stack: 0x000000a588400000,0x000000a588500000] [id=1440]
  0x0000026e57d59fd0 GCTaskThread "GC Thread#2" [stack: 0x000000a588500000,0x000000a588600000] [id=10716]
  0x0000026e57d5a290 GCTaskThread "GC Thread#3" [stack: 0x000000a588600000,0x000000a588700000] [id=9028]
  0x0000026e57d5a550 GCTaskThread "GC Thread#4" [stack: 0x000000a588700000,0x000000a588800000] [id=21776]
  0x0000026e57d5a810 GCTaskThread "GC Thread#5" [stack: 0x000000a588800000,0x000000a588900000] [id=12500]
  0x0000026e57b6c730 GCTaskThread "GC Thread#6" [stack: 0x000000a589100000,0x000000a589200000] [id=6436]
  0x0000026e57736150 GCTaskThread "GC Thread#7" [stack: 0x000000a589200000,0x000000a589300000] [id=10880]

Threads with active compile tasks:
C2 CompilerThread1    12175 2029       4       org.apache.felix.resolver.ResolverImpl::mergeUses (495 bytes)

VM state: not at safepoint (normal execution)

VM Mutex/Monitor currently owned by a thread: None

Heap address: 0x00000000c0000000, size: 1024 MB, Compressed Oops mode: 32-bit

CDS archive(s) not mapped
Compressed class space mapped at: 0x0000000100000000-0x0000000140000000, reserved size: 1073741824
Narrow klass base: 0x0000000000000000, Narrow klass shift: 3, Narrow klass range: 0x140000000

GC Precious Log:
 CPUs: 8 total, 8 available
 Memory: 7886M
 Large Page Support: Disabled
 NUMA Support: Disabled
 Compressed Oops: Enabled (32-bit)
 Alignments: Space 512K, Generation 512K, Heap 2M
 Heap Min Capacity: 100M
 Heap Initial Capacity: 100M
 Heap Max Capacity: 1G
 Pre-touch: Disabled
 Parallel Workers: 8

Heap:
 PSYoungGen      total 29696K, used 21965K [0x00000000eab00000, 0x00000000ecc00000, 0x0000000100000000)
  eden space 25600K, 69% used [0x00000000eab00000,0x00000000ebc78b50,0x00000000ec400000)
  from space 4096K, 99% used [0x00000000ec400000,0x00000000ec7fab98,0x00000000ec800000)
  to   space 4096K, 0% used [0x00000000ec800000,0x00000000ec800000,0x00000000ecc00000)
 ParOldGen       total 68608K, used 6915K [0x00000000c0000000, 0x00000000c4300000, 0x00000000eab00000)
  object space 68608K, 10% used [0x00000000c0000000,0x00000000c06c0da0,0x00000000c4300000)
 Metaspace       used 16539K, committed 16704K, reserved 1114112K
  class space    used 1663K, committed 1728K, reserved 1048576K

Card table byte_map: [0x0000026e4ec10000,0x0000026e4ee20000] _byte_map_base: 0x0000026e4e610000

Marking Bits: (ParMarkBitMap*) 0x00007ff954f56940
 Begin Bits: [0x0000026e4ef80000, 0x0000026e4ff80000)
 End Bits:   [0x0000026e4ff80000, 0x0000026e50f80000)

Polling page: 0x0000026e3b3e0000

Metaspace:

Usage:
  Non-class:     14.53 MB used.
      Class:      1.62 MB used.
       Both:     16.15 MB used.

Virtual space:
  Non-class space:       64.00 MB reserved,      14.62 MB ( 23%) committed,  1 nodes.
      Class space:        1.00 GB reserved,       1.69 MB ( <1%) committed,  1 nodes.
             Both:        1.06 GB reserved,      16.31 MB (  1%) committed. 

Chunk freelists:
   Non-Class:  592.00 KB
       Class:  14.31 MB
        Both:  14.89 MB

MaxMetaspaceSize: unlimited
CompressedClassSpaceSize: 1.00 GB
Initial GC threshold: 21.00 MB
Current GC threshold: 21.00 MB
CDS: off
MetaspaceReclaimPolicy: balanced
 - commit_granule_bytes: 65536.
 - commit_granule_words: 8192.
 - virtual_space_node_default_size: 8388608.
 - enlarge_chunks_in_place: 1.
 - new_chunks_are_fully_committed: 0.
 - uncommit_free_chunks: 1.
 - use_allocation_guard: 0.
 - handle_deallocations: 1.


Internal statistics:

num_allocs_failed_limit: 0.
num_arena_births: 104.
num_arena_deaths: 0.
num_vsnodes_births: 2.
num_vsnodes_deaths: 0.
num_space_committed: 261.
num_space_uncommitted: 0.
num_chunks_returned_to_freelist: 0.
num_chunks_taken_from_freelist: 339.
num_chunk_merges: 0.
num_chunk_splits: 218.
num_chunks_enlarged: 169.
num_inconsistent_stats: 0.

CodeHeap 'non-profiled nmethods': size=120000Kb used=1022Kb max_used=1022Kb free=118977Kb
 bounds [0x0000026e47500000, 0x0000026e47770000, 0x0000026e4ea30000]
CodeHeap 'profiled nmethods': size=120000Kb used=4734Kb max_used=4734Kb free=115265Kb
 bounds [0x0000026e3fa30000, 0x0000026e3fed0000, 0x0000026e46f60000]
CodeHeap 'non-nmethods': size=5760Kb used=1183Kb max_used=1216Kb free=4576Kb
 bounds [0x0000026e46f60000, 0x0000026e471d0000, 0x0000026e47500000]
 total_blobs=2857 nmethods=2395 adapters=376
 compilation: enabled
              stopped_count=0, restarted_count=0
 full_count=0

Compilation events (20 events):
Event: 11.935 Thread 0x0000026e564c0350 2390       3       java.lang.AbstractStringBuilder::setLength (66 bytes)
Event: 11.936 Thread 0x0000026e564c0350 nmethod 2390 0x0000026e3feccb90 code [0x0000026e3feccdc0, 0x0000026e3fecd518]
Event: 11.936 Thread 0x0000026e564c0350 2392       3       java.nio.file.attribute.FileTime::from (18 bytes)
Event: 11.936 Thread 0x0000026e564c0350 nmethod 2392 0x0000026e3fecd890 code [0x0000026e3fecda60, 0x0000026e3fecdde8]
Event: 11.936 Thread 0x0000026e564c0350 2391       3       java.nio.file.attribute.FileTime::<init> (21 bytes)
Event: 11.936 Thread 0x0000026e564c0350 nmethod 2391 0x0000026e3fecdf90 code [0x0000026e3fece120, 0x0000026e3fece2b8]
Event: 11.937 Thread 0x0000026e564c0350 2393   !   3       org.eclipse.osgi.storage.BundleInfo$Generation::getRevision (17 bytes)
Event: 11.937 Thread 0x0000026e564c0350 nmethod 2393 0x0000026e3fece390 code [0x0000026e3fece520, 0x0000026e3fece718]
Event: 11.937 Thread 0x0000026e564c0350 2394       3       org.eclipse.osgi.framework.util.CaseInsensitiveDictionaryMap$KeyIterator::hasNext (10 bytes)
Event: 11.937 Thread 0x0000026e564c0350 nmethod 2394 0x0000026e3fece810 code [0x0000026e3fece9c0, 0x0000026e3feceb88]
Event: 11.937 Thread 0x0000026e564c0350 2395       3       java.util.stream.StreamSupport::stream (19 bytes)
Event: 11.938 Thread 0x0000026e564c0350 nmethod 2395 0x0000026e3fecec90 code [0x0000026e3fecee60, 0x0000026e3fecf288]
Event: 11.938 Thread 0x0000026e564c0350 2396       3       java.util.stream.StreamOpFlag::fromCharacteristics (37 bytes)
Event: 11.938 Thread 0x0000026e564c0350 nmethod 2396 0x0000026e3fecf490 code [0x0000026e3fecf640, 0x0000026e3fecf958]
Event: 11.938 Thread 0x0000026e564c0350 2397       1       sun.util.locale.BaseLocale::getScript (5 bytes)
Event: 11.938 Thread 0x0000026e564c0350 nmethod 2397 0x0000026e475fae90 code [0x0000026e475fb020, 0x0000026e475fb0f8]
Event: 11.957 Thread 0x0000026e57f4f160 nmethod 2383 0x0000026e475fb190 code [0x0000026e475fb380, 0x0000026e475fc598]
Event: 11.957 Thread 0x0000026e57f4f160 2386       4       java.util.zip.ZipFile$ZipEntryIterator::nextElement (5 bytes)
Event: 11.961 Thread 0x0000026e57f4f160 nmethod 2386 0x0000026e475fd190 code [0x0000026e475fd320, 0x0000026e475fd788]
Event: 11.961 Thread 0x0000026e564afb70 nmethod 2385 0x0000026e475fda90 code [0x0000026e475fdc80, 0x0000026e475fee98]

GC Heap History (6 events):
Event: 1.744 GC heap before
{Heap before GC invocations=1 (full 0):
 PSYoungGen      total 29696K, used 25600K [0x00000000eab00000, 0x00000000ecc00000, 0x0000000100000000)
  eden space 25600K, 100% used [0x00000000eab00000,0x00000000ec400000,0x00000000ec400000)
  from space 4096K, 0% used [0x00000000ec800000,0x00000000ec800000,0x00000000ecc00000)
  to   space 4096K, 0% used [0x00000000ec400000,0x00000000ec400000,0x00000000ec800000)
 ParOldGen       total 68608K, used 0K [0x00000000c0000000, 0x00000000c4300000, 0x00000000eab00000)
  object space 68608K, 0% used [0x00000000c0000000,0x00000000c0000000,0x00000000c4300000)
 Metaspace       used 11028K, committed 11136K, reserved 1114112K
  class space    used 1102K, committed 1152K, reserved 1048576K
}
Event: 1.752 GC heap after
{Heap after GC invocations=1 (full 0):
 PSYoungGen      total 29696K, used 3156K [0x00000000eab00000, 0x00000000ecc00000, 0x0000000100000000)
  eden space 25600K, 0% used [0x00000000eab00000,0x00000000eab00000,0x00000000ec400000)
  from space 4096K, 77% used [0x00000000ec400000,0x00000000ec715330,0x00000000ec800000)
  to   space 4096K, 0% used [0x00000000ec800000,0x00000000ec800000,0x00000000ecc00000)
 ParOldGen       total 68608K, used 16K [0x00000000c0000000, 0x00000000c4300000, 0x00000000eab00000)
  object space 68608K, 0% used [0x00000000c0000000,0x00000000c0004000,0x00000000c4300000)
 Metaspace       used 11028K, committed 11136K, reserved 1114112K
  class space    used 1102K, committed 1152K, reserved 1048576K
}
Event: 11.297 GC heap before
{Heap before GC invocations=2 (full 0):
 PSYoungGen      total 29696K, used 28756K [0x00000000eab00000, 0x00000000ecc00000, 0x0000000100000000)
  eden space 25600K, 100% used [0x00000000eab00000,0x00000000ec400000,0x00000000ec400000)
  from space 4096K, 77% used [0x00000000ec400000,0x00000000ec715330,0x00000000ec800000)
  to   space 4096K, 0% used [0x00000000ec800000,0x00000000ec800000,0x00000000ecc00000)
 ParOldGen       total 68608K, used 16K [0x00000000c0000000, 0x00000000c4300000, 0x00000000eab00000)
  object space 68608K, 0% used [0x00000000c0000000,0x00000000c0004000,0x00000000c4300000)
 Metaspace       used 14234K, committed 14400K, reserved 1114112K
  class space    used 1422K, committed 1472K, reserved 1048576K
}
Event: 11.303 GC heap after
{Heap after GC invocations=2 (full 0):
 PSYoungGen      total 29696K, used 4067K [0x00000000eab00000, 0x00000000ecc00000, 0x0000000100000000)
  eden space 25600K, 0% used [0x00000000eab00000,0x00000000eab00000,0x00000000ec400000)
  from space 4096K, 99% used [0x00000000ec800000,0x00000000ecbf8e08,0x00000000ecc00000)
  to   space 4096K, 0% used [0x00000000ec400000,0x00000000ec400000,0x00000000ec800000)
 ParOldGen       total 68608K, used 701K [0x00000000c0000000, 0x00000000c4300000, 0x00000000eab00000)
  object space 68608K, 1% used [0x00000000c0000000,0x00000000c00af6f8,0x00000000c4300000)
 Metaspace       used 14234K, committed 14400K, reserved 1114112K
  class space    used 1422K, committed 1472K, reserved 1048576K
}
Event: 11.593 GC heap before
{Heap before GC invocations=3 (full 0):
 PSYoungGen      total 29696K, used 29667K [0x00000000eab00000, 0x00000000ecc00000, 0x0000000100000000)
  eden space 25600K, 100% used [0x00000000eab00000,0x00000000ec400000,0x00000000ec400000)
  from space 4096K, 99% used [0x00000000ec800000,0x00000000ecbf8e08,0x00000000ecc00000)
  to   space 4096K, 0% used [0x00000000ec400000,0x00000000ec400000,0x00000000ec800000)
 ParOldGen       total 68608K, used 701K [0x00000000c0000000, 0x00000000c4300000, 0x00000000eab00000)
  object space 68608K, 1% used [0x00000000c0000000,0x00000000c00af6f8,0x00000000c4300000)
 Metaspace       used 14666K, committed 14784K, reserved 1114112K
  class space    used 1455K, committed 1536K, reserved 1048576K
}
Event: 11.601 GC heap after
{Heap after GC invocations=3 (full 0):
 PSYoungGen      total 29696K, used 4074K [0x00000000eab00000, 0x00000000ecc00000, 0x0000000100000000)
  eden space 25600K, 0% used [0x00000000eab00000,0x00000000eab00000,0x00000000ec400000)
  from space 4096K, 99% used [0x00000000ec400000,0x00000000ec7fab98,0x00000000ec800000)
  to   space 4096K, 0% used [0x00000000ec800000,0x00000000ec800000,0x00000000ecc00000)
 ParOldGen       total 68608K, used 6915K [0x00000000c0000000, 0x00000000c4300000, 0x00000000eab00000)
  object space 68608K, 10% used [0x00000000c0000000,0x00000000c06c0da0,0x00000000c4300000)
 Metaspace       used 14666K, committed 14784K, reserved 1114112K
  class space    used 1455K, committed 1536K, reserved 1048576K
}

Dll operation events (9 events):
Event: 0.020 Loaded shared library c:\Users\Asus\.vscode\extensions\redhat.java-1.37.0-win32-x64\jre\17.0.13-win32-x86_64\bin\java.dll
Event: 0.344 Loaded shared library c:\Users\Asus\.vscode\extensions\redhat.java-1.37.0-win32-x64\jre\17.0.13-win32-x86_64\bin\zip.dll
Event: 0.351 Loaded shared library C:\Users\Asus\.vscode\extensions\redhat.java-1.37.0-win32-x64\jre\17.0.13-win32-x86_64\bin\instrument.dll
Event: 0.390 Loaded shared library C:\Users\Asus\.vscode\extensions\redhat.java-1.37.0-win32-x64\jre\17.0.13-win32-x86_64\bin\net.dll
Event: 0.392 Loaded shared library C:\Users\Asus\.vscode\extensions\redhat.java-1.37.0-win32-x64\jre\17.0.13-win32-x86_64\bin\nio.dll
Event: 0.404 Loaded shared library C:\Users\Asus\.vscode\extensions\redhat.java-1.37.0-win32-x64\jre\17.0.13-win32-x86_64\bin\zip.dll
Event: 0.432 Loaded shared library C:\Users\Asus\.vscode\extensions\redhat.java-1.37.0-win32-x64\jre\17.0.13-win32-x86_64\bin\jimage.dll
Event: 0.771 Loaded shared library c:\Users\Asus\.vscode\extensions\redhat.java-1.37.0-win32-x64\jre\17.0.13-win32-x86_64\bin\verify.dll
Event: 11.517 Loaded shared library C:\Users\Asus\AppData\Roaming\Code\User\globalStorage\redhat.java\1.37.0\config_win\org.eclipse.equinox.launcher\org.eclipse.equinox.launcher.win32.win32.x86_64_1.2.1100.v20240722-2106\eclipse_11904.dll

Deoptimization events (20 events):
Event: 11.735 Thread 0x0000026e57956870 Uncommon trap: trap_request=0xffffff6e fr.pc=0x0000026e4756071c relative=0x000000000000037c
Event: 11.735 Thread 0x0000026e57956870 Uncommon trap: reason=loop_limit_check action=maybe_recompile pc=0x0000026e4756071c method=java.lang.StringLatin1.indexOf([BI[BII)I @ 37 c2
Event: 11.735 Thread 0x0000026e57956870 DEOPT PACKING pc=0x0000026e4756071c sp=0x000000a5883fcfe0
Event: 11.735 Thread 0x0000026e57956870 DEOPT UNPACKING pc=0x0000026e46fb9ea3 sp=0x000000a5883fcf40 mode 2
Event: 11.761 Thread 0x0000026e57956870 Uncommon trap: trap_request=0xffffffde fr.pc=0x0000026e475b22f0 relative=0x0000000000000070
Event: 11.761 Thread 0x0000026e57956870 Uncommon trap: reason=class_check action=maybe_recompile pc=0x0000026e475b22f0 method=java.util.Collections$3.hasMoreElements()Z @ 4 c2
Event: 11.761 Thread 0x0000026e57956870 DEOPT PACKING pc=0x0000026e475b22f0 sp=0x000000a5883fdc20
Event: 11.761 Thread 0x0000026e57956870 DEOPT UNPACKING pc=0x0000026e46fb9ea3 sp=0x000000a5883fdbb0 mode 2
Event: 11.761 Thread 0x0000026e57956870 Uncommon trap: trap_request=0xffffffde fr.pc=0x0000026e475b22f0 relative=0x0000000000000070
Event: 11.761 Thread 0x0000026e57956870 Uncommon trap: reason=class_check action=maybe_recompile pc=0x0000026e475b22f0 method=java.util.Collections$3.hasMoreElements()Z @ 4 c2
Event: 11.761 Thread 0x0000026e57956870 DEOPT PACKING pc=0x0000026e475b22f0 sp=0x000000a5883fdc20
Event: 11.761 Thread 0x0000026e57956870 DEOPT UNPACKING pc=0x0000026e46fb9ea3 sp=0x000000a5883fdbb0 mode 2
Event: 11.761 Thread 0x0000026e57956870 Uncommon trap: trap_request=0xffffffde fr.pc=0x0000026e475b22f0 relative=0x0000000000000070
Event: 11.761 Thread 0x0000026e57956870 Uncommon trap: reason=class_check action=maybe_recompile pc=0x0000026e475b22f0 method=java.util.Collections$3.hasMoreElements()Z @ 4 c2
Event: 11.761 Thread 0x0000026e57956870 DEOPT PACKING pc=0x0000026e475b22f0 sp=0x000000a5883fdc20
Event: 11.761 Thread 0x0000026e57956870 DEOPT UNPACKING pc=0x0000026e46fb9ea3 sp=0x000000a5883fdbb0 mode 2
Event: 11.761 Thread 0x0000026e57956870 Uncommon trap: trap_request=0xffffffde fr.pc=0x0000026e475b22f0 relative=0x0000000000000070
Event: 11.761 Thread 0x0000026e57956870 Uncommon trap: reason=class_check action=maybe_recompile pc=0x0000026e475b22f0 method=java.util.Collections$3.hasMoreElements()Z @ 4 c2
Event: 11.761 Thread 0x0000026e57956870 DEOPT PACKING pc=0x0000026e475b22f0 sp=0x000000a5883fdc20
Event: 11.761 Thread 0x0000026e57956870 DEOPT UNPACKING pc=0x0000026e46fb9ea3 sp=0x000000a5883fdbb0 mode 2

Classes loaded (20 events):
Event: 11.910 Loading class java/util/ResourceBundle$NoFallbackControl
Event: 11.910 Loading class java/util/ResourceBundle$SingleFormatControl
Event: 11.910 Loading class java/util/ResourceBundle$SingleFormatControl done
Event: 11.910 Loading class java/util/ResourceBundle$NoFallbackControl done
Event: 11.910 Loading class sun/text/resources/cldr/FormatData
Event: 11.911 Loading class sun/text/resources/cldr/FormatData done
Event: 11.911 Loading class sun/util/resources/Bundles$BundleReference
Event: 11.911 Loading class sun/util/resources/Bundles$CacheKeyReference
Event: 11.911 Loading class sun/util/resources/Bundles$CacheKeyReference done
Event: 11.911 Loading class sun/util/resources/Bundles$BundleReference done
Event: 11.911 Loading class sun/text/resources/cldr/FormatData_en
Event: 11.912 Loading class sun/text/resources/cldr/FormatData_en done
Event: 11.912 Loading class sun/text/resources/cldr/FormatData_en_US
Event: 11.912 Loading class sun/text/resources/cldr/FormatData_en_US done
Event: 11.913 Loading class java/time/LocalTime$1
Event: 11.913 Loading class java/time/LocalTime$1 done
Event: 11.943 Loading class java/nio/file/StandardCopyOption
Event: 11.943 Loading class java/nio/file/StandardCopyOption done
Event: 11.946 Loading class sun/nio/fs/WindowsFileCopy
Event: 11.946 Loading class sun/nio/fs/WindowsFileCopy done

Classes unloaded (0 events):
No events

Classes redefined (0 events):
No events

Internal exceptions (20 events):
Event: 1.658 Thread 0x0000026e3ccaea30 Exception <a 'java/io/FileNotFoundException'{0x00000000ec1780c0}> (0x00000000ec1780c0) 
thrown [s\src\hotspot\share\prims\jni.cpp, line 516]
Event: 1.700 Thread 0x0000026e3ccaea30 Implicit null exception at 0x0000026e4755cafb to 0x0000026e4755d534
Event: 1.700 Thread 0x0000026e3ccaea30 Implicit null exception at 0x0000026e4754e68c to 0x0000026e4754e8c0
Event: 1.701 Thread 0x0000026e3ccaea30 Implicit null exception at 0x0000026e4754b50e to 0x0000026e4754b744
Event: 1.701 Thread 0x0000026e3ccaea30 Implicit null exception at 0x0000026e47546f0f to 0x0000026e47546f85
Event: 1.765 Thread 0x0000026e3ccaea30 Exception <a 'java/lang/NoSuchMethodError'{0x00000000eab55da0}: 'int java.lang.invoke.DirectMethodHandle$Holder.invokeStaticInit(java.lang.Object, java.lang.Object, java.lang.Object, java.lang.Object)'> (0x00000000eab55da0) 
thrown [s\src\hotspot\share\interpreter\linkResolver.cpp, line 759]
Event: 1.767 Thread 0x0000026e3ccaea30 Exception <a 'java/lang/NoSuchMethodError'{0x00000000eab60508}: 'java.lang.Object java.lang.invoke.DirectMethodHandle$Holder.invokeInterface(java.lang.Object, java.lang.Object)'> (0x00000000eab60508) 
thrown [s\src\hotspot\share\interpreter\linkResolver.cpp, line 759]
Event: 1.768 Thread 0x0000026e3ccaea30 Exception <a 'java/lang/IncompatibleClassChangeError'{0x00000000eab63d00}: Found class java.lang.Object, but interface was expected> (0x00000000eab63d00) 
thrown [s\src\hotspot\share\interpreter\linkResolver.cpp, line 826]
Event: 1.769 Thread 0x0000026e3ccaea30 Exception <a 'java/lang/NoSuchMethodError'{0x00000000eab681e0}: 'void java.lang.invoke.DirectMethodHandle$Holder.invokeStatic(java.lang.Object, java.lang.Object)'> (0x00000000eab681e0) 
thrown [s\src\hotspot\share\interpreter\linkResolver.cpp, line 759]
Event: 1.770 Thread 0x0000026e3ccaea30 Exception <a 'java/lang/NoSuchMethodError'{0x00000000eab6b9e0}: 'void java.lang.invoke.DirectMethodHandle$Holder.invokeStaticInit(java.lang.Object, java.lang.Object)'> (0x00000000eab6b9e0) 
thrown [s\src\hotspot\share\interpreter\linkResolver.cpp, line 759]
Event: 1.771 Thread 0x0000026e3ccaea30 Exception <a 'java/lang/NoSuchMethodError'{0x00000000eab72ec0}: 'int java.lang.invoke.DirectMethodHandle$Holder.invokeStaticInit(java.lang.Object, java.lang.Object)'> (0x00000000eab72ec0) 
thrown [s\src\hotspot\share\interpreter\linkResolver.cpp, line 759]
Event: 2.060 Thread 0x0000026e3ccaea30 Exception <a 'java/lang/NoSuchMethodError'{0x00000000eb6c2b20}: 'int java.lang.invoke.DirectMethodHandle$Holder.invokeSpecial(java.lang.Object, java.lang.Object, java.lang.Object)'> (0x00000000eb6c2b20) 
thrown [s\src\hotspot\share\interpreter\linkResolver.cpp, line 759]
Event: 2.138 Thread 0x0000026e3ccaea30 Exception <a 'java/lang/NoSuchMethodError'{0x00000000ebcc83d8}: 'java.lang.Object java.lang.invoke.DirectMethodHandle$Holder.newInvokeSpecial(java.lang.Object, int, java.lang.Object)'> (0x00000000ebcc83d8) 
thrown [s\src\hotspot\share\interpreter\linkResolver.cpp, line 759]
Event: 11.507 Thread 0x0000026e3ccaea30 Exception <a 'java/lang/UnsatisfiedLinkError'{0x00000000ebca41e8}: 'void org.eclipse.equinox.launcher.JNIBridge._update_splash()'> (0x00000000ebca41e8) 
thrown [s\src\hotspot\share\prims\nativeLookup.cpp, line 543]
Event: 11.517 Thread 0x0000026e57955940 Exception <a 'java/lang/NoSuchMethodError'{0x00000000ebd57db0}: 'java.lang.Object java.lang.invoke.Invokers$Holder.invokeExact_MT(java.lang.Object, java.lang.Object, java.lang.Object, java.lang.Object, java.lang.Object, java.lang.Object)'> (0x00000000ebd57db0) 
thrown [s\src\hotspot\share\interpreter\linkResolver.cpp, line 759]
Event: 11.800 Thread 0x0000026e57956870 Exception <a 'java/lang/NoSuchMethodError'{0x00000000eb682520}: 'java.lang.Object java.lang.invoke.DirectMethodHandle$Holder.invokeStaticInit(java.lang.Object)'> (0x00000000eb682520) 
thrown [s\src\hotspot\share\interpreter\linkResolver.cpp, line 759]
Event: 11.814 Thread 0x0000026e57956870 Exception <a 'java/lang/NoSuchMethodError'{0x00000000eb71de30}: 'java.lang.Object java.lang.invoke.DirectMethodHandle$Holder.newInvokeSpecial(java.lang.Object, java.lang.Object, int, java.lang.Object)'> (0x00000000eb71de30) 
thrown [s\src\hotspot\share\interpreter\linkResolver.cpp, line 759]
Event: 11.814 Thread 0x0000026e57956870 Exception <a 'java/lang/NoSuchMethodError'{0x00000000eb722118}: 'java.lang.Object java.lang.invoke.DirectMethodHandle$Holder.invokeSpecial(java.lang.Object, java.lang.Object, java.lang.Object, int, java.lang.Object)'> (0x00000000eb722118) 
thrown [s\src\hotspot\share\interpreter\linkResolver.cpp, line 759]
Event: 11.872 Thread 0x0000026e57956870 Exception <a 'java/lang/NoSuchMethodError'{0x00000000eb8cde18}: 'void java.lang.invoke.DirectMethodHandle$Holder.invokeSpecial(java.lang.Object, java.lang.Object, java.lang.Object)'> (0x00000000eb8cde18) 
thrown [s\src\hotspot\share\interpreter\linkResolver.cpp, line 759]
Event: 11.891 Thread 0x0000026e57956870 Exception <a 'java/lang/ClassNotFoundException'{0x00000000eb94ecb0}: sun/util/logging/resources/spi/loggingProvider> (0x00000000eb94ecb0) 
thrown [s\src\hotspot\share\classfile\systemDictionary.cpp, line 256]

VM Operations (20 events):
Event: 11.297 Executing VM operation: ParallelGCFailedAllocation
Event: 11.303 Executing VM operation: ParallelGCFailedAllocation done
Event: 11.511 Executing VM operation: HandshakeAllThreads
Event: 11.511 Executing VM operation: HandshakeAllThreads done
Event: 11.564 Executing VM operation: HandshakeAllThreads
Event: 11.564 Executing VM operation: HandshakeAllThreads done
Event: 11.592 Executing VM operation: ParallelGCFailedAllocation
Event: 11.601 Executing VM operation: ParallelGCFailedAllocation done
Event: 11.686 Executing VM operation: HandshakeAllThreads
Event: 11.686 Executing VM operation: HandshakeAllThreads done
Event: 11.864 Executing VM operation: HandshakeAllThreads
Event: 11.864 Executing VM operation: HandshakeAllThreads done
Event: 11.904 Executing VM operation: HandshakeAllThreads
Event: 11.904 Executing VM operation: HandshakeAllThreads done
Event: 11.916 Executing VM operation: HandshakeAllThreads
Event: 11.916 Executing VM operation: HandshakeAllThreads done
Event: 11.924 Executing VM operation: HandshakeAllThreads
Event: 11.924 Executing VM operation: HandshakeAllThreads done
Event: 12.074 Executing VM operation: ICBufferFull
Event: 12.074 Executing VM operation: ICBufferFull done

Memory protections (0 events):
No events

Nmethod flushes (0 events):
No events

Events (20 events):
Event: 0.259 Thread 0x0000026e3ccaea30 Thread added: 0x0000026e3cd107d0
Event: 0.330 Thread 0x0000026e564c0350 Thread added: 0x0000026e565bc290
Event: 0.959 Thread 0x0000026e3ccaea30 Thread added: 0x0000026e57659940
Event: 1.097 Thread 0x0000026e564c0350 Thread added: 0x0000026e567d4680
Event: 2.078 Thread 0x0000026e3ccaea30 Thread added: 0x0000026e57ed2590
Event: 2.079 Thread 0x0000026e57ed2590 Thread added: 0x0000026e57e04380
Event: 2.083 Thread 0x0000026e3ccaea30 Thread added: 0x0000026e57e04c70
Event: 2.085 Thread 0x0000026e3ccaea30 Thread added: 0x0000026e57e05150
Event: 2.086 Thread 0x0000026e3ccaea30 Thread added: 0x0000026e57ea4d20
Event: 2.088 Thread 0x0000026e3ccaea30 Thread added: 0x0000026e57ea5610
Event: 2.114 Thread 0x0000026e3ccaea30 Thread added: 0x0000026e57955e50
Event: 2.396 Thread 0x0000026e567d4680 Thread exited: 0x0000026e567d4680
Event: 2.700 Thread 0x0000026e565bc290 Thread exited: 0x0000026e565bc290
Event: 11.244 Thread 0x0000026e3ccaea30 Thread added: 0x0000026e57956360
Event: 11.247 Thread 0x0000026e3ccaea30 Thread added: 0x0000026e57956870
Event: 11.263 Thread 0x0000026e564c0350 Thread added: 0x0000026e567059c0
Event: 11.506 Thread 0x0000026e3ccaea30 Thread added: 0x0000026e57955940
Event: 11.569 Thread 0x0000026e57955940 Thread added: 0x0000026e57954f20
Event: 11.569 Thread 0x0000026e57955940 Thread added: 0x0000026e57955430
Event: 11.575 Thread 0x0000026e567059c0 Thread added: 0x0000026e57f4f160


Dynamic libraries:
0x00007ff6acfd0000 - 0x00007ff6acfde000 	c:\Users\Asus\.vscode\extensions\redhat.java-1.37.0-win32-x64\jre\17.0.13-win32-x86_64\bin\java.exe
0x00007ff9e2960000 - 0x00007ff9e2bc3000 	C:\WINDOWS\SYSTEM32\ntdll.dll
0x00007ff9e1780000 - 0x00007ff9e1848000 	C:\WINDOWS\System32\KERNEL32.DLL
0x00007ff9dfed0000 - 0x00007ff9e0282000 	C:\WINDOWS\System32\KERNELBASE.dll
0x00007ff9e03c0000 - 0x00007ff9e050b000 	C:\WINDOWS\System32\ucrtbase.dll
0x00007ff9d73e0000 - 0x00007ff9d73f7000 	c:\Users\Asus\.vscode\extensions\redhat.java-1.37.0-win32-x64\jre\17.0.13-win32-x86_64\bin\jli.dll
0x00007ff9e0b80000 - 0x00007ff9e0d48000 	C:\WINDOWS\System32\USER32.dll
0x00007ff9dfd30000 - 0x00007ff9dfd57000 	C:\WINDOWS\System32\win32u.dll
0x00007ff9e07c0000 - 0x00007ff9e07ea000 	C:\WINDOWS\System32\GDI32.dll
0x00007ff9e0290000 - 0x00007ff9e03bb000 	C:\WINDOWS\System32\gdi32full.dll
0x00007ff9dfd60000 - 0x00007ff9dfe03000 	C:\WINDOWS\System32\msvcp_win.dll
0x00007ff9d5e70000 - 0x00007ff9d5e8e000 	c:\Users\Asus\.vscode\extensions\redhat.java-1.37.0-win32-x64\jre\17.0.13-win32-x86_64\bin\VCRUNTIME140.dll
0x00007ff9c7150000 - 0x00007ff9c73e0000 	C:\WINDOWS\WinSxS\amd64_microsoft.windows.common-controls_6595b64144ccf1df_6.0.26100.2454_none_3e0b68a2e331ad60\COMCTL32.dll
0x00007ff9e1930000 - 0x00007ff9e19d9000 	C:\WINDOWS\System32\msvcrt.dll
0x00007ff9e0d50000 - 0x00007ff9e0d7f000 	C:\WINDOWS\System32\IMM32.DLL
0x00007ff9d9980000 - 0x00007ff9d998c000 	c:\Users\Asus\.vscode\extensions\redhat.java-1.37.0-win32-x64\jre\17.0.13-win32-x86_64\bin\vcruntime140_1.dll
0x00007ff9b1270000 - 0x00007ff9b12fd000 	c:\Users\Asus\.vscode\extensions\redhat.java-1.37.0-win32-x64\jre\17.0.13-win32-x86_64\bin\msvcp140.dll
0x00007ff9543b0000 - 0x00007ff95501b000 	c:\Users\Asus\.vscode\extensions\redhat.java-1.37.0-win32-x64\jre\17.0.13-win32-x86_64\bin\server\jvm.dll
0x00007ff9e20f0000 - 0x00007ff9e21a4000 	C:\WINDOWS\System32\ADVAPI32.dll
0x00007ff9e12a0000 - 0x00007ff9e1346000 	C:\WINDOWS\System32\sechost.dll
0x00007ff9e0e70000 - 0x00007ff9e0f86000 	C:\WINDOWS\System32\RPCRT4.dll
0x00007ff9e21b0000 - 0x00007ff9e2224000 	C:\WINDOWS\System32\WS2_32.dll
0x00007ff9dfa00000 - 0x00007ff9dfa4e000 	C:\WINDOWS\SYSTEM32\POWRPROF.dll
0x00007ff9cb7f0000 - 0x00007ff9cb826000 	C:\WINDOWS\SYSTEM32\WINMM.dll
0x00007ff9d3d10000 - 0x00007ff9d3d1b000 	C:\WINDOWS\SYSTEM32\VERSION.dll
0x00007ff9df910000 - 0x00007ff9df924000 	C:\WINDOWS\SYSTEM32\UMPDC.dll
0x00007ff9deb70000 - 0x00007ff9deb8a000 	C:\WINDOWS\SYSTEM32\kernel.appcore.dll
0x00007ff9d7540000 - 0x00007ff9d754a000 	c:\Users\Asus\.vscode\extensions\redhat.java-1.37.0-win32-x64\jre\17.0.13-win32-x86_64\bin\jimage.dll
0x00007ff9dd620000 - 0x00007ff9dd861000 	C:\WINDOWS\SYSTEM32\DBGHELP.DLL
0x00007ff9e07f0000 - 0x00007ff9e0b6e000 	C:\WINDOWS\System32\combase.dll
0x00007ff9e1850000 - 0x00007ff9e1926000 	C:\WINDOWS\System32\OLEAUT32.dll
0x00007ff9a99d0000 - 0x00007ff9a9a09000 	C:\WINDOWS\SYSTEM32\dbgcore.DLL
0x00007ff9e05a0000 - 0x00007ff9e0639000 	C:\WINDOWS\System32\bcryptPrimitives.dll
0x00007ff9d5900000 - 0x00007ff9d590e000 	c:\Users\Asus\.vscode\extensions\redhat.java-1.37.0-win32-x64\jre\17.0.13-win32-x86_64\bin\instrument.dll
0x00007ff9a90a0000 - 0x00007ff9a90c5000 	c:\Users\Asus\.vscode\extensions\redhat.java-1.37.0-win32-x64\jre\17.0.13-win32-x86_64\bin\java.dll
0x00007ff9ce100000 - 0x00007ff9ce118000 	c:\Users\Asus\.vscode\extensions\redhat.java-1.37.0-win32-x64\jre\17.0.13-win32-x86_64\bin\zip.dll
0x00007ff9e19e0000 - 0x00007ff9e20e0000 	C:\WINDOWS\System32\SHELL32.dll
0x00007ff9dda60000 - 0x00007ff9de291000 	C:\WINDOWS\SYSTEM32\windows.storage.dll
0x00007ff9e0d90000 - 0x00007ff9e0e6a000 	C:\WINDOWS\System32\SHCORE.dll
0x00007ff9e1670000 - 0x00007ff9e16cd000 	C:\WINDOWS\System32\shlwapi.dll
0x00007ff9dfc40000 - 0x00007ff9dfc6e000 	C:\WINDOWS\SYSTEM32\profapi.dll
0x00007ff9d5910000 - 0x00007ff9d5929000 	C:\Users\Asus\.vscode\extensions\redhat.java-1.37.0-win32-x64\jre\17.0.13-win32-x86_64\bin\net.dll
0x00007ff9da0e0000 - 0x00007ff9da206000 	C:\WINDOWS\SYSTEM32\WINHTTP.dll
0x00007ff9df070000 - 0x00007ff9df0d8000 	C:\WINDOWS\system32\mswsock.dll
0x00007ff9b18c0000 - 0x00007ff9b18d6000 	C:\Users\Asus\.vscode\extensions\redhat.java-1.37.0-win32-x64\jre\17.0.13-win32-x86_64\bin\nio.dll
0x00007ff9cdce0000 - 0x00007ff9cdcf0000 	c:\Users\Asus\.vscode\extensions\redhat.java-1.37.0-win32-x64\jre\17.0.13-win32-x86_64\bin\verify.dll
0x00007ff9a7350000 - 0x00007ff9a7395000 	C:\Users\Asus\AppData\Roaming\Code\User\globalStorage\redhat.java\1.37.0\config_win\org.eclipse.equinox.launcher\org.eclipse.equinox.launcher.win32.win32.x86_64_1.2.1100.v20240722-2106\eclipse_11904.dll
0x00007ff9e14c0000 - 0x00007ff9e1659000 	C:\WINDOWS\System32\ole32.dll

dbghelp: loaded successfully - version: 4.0.5 - missing functions: none
symbol engine: initialized successfully - sym options: 0x614 - pdb path: .;c:\Users\Asus\.vscode\extensions\redhat.java-1.37.0-win32-x64\jre\17.0.13-win32-x86_64\bin;C:\WINDOWS\SYSTEM32;C:\WINDOWS\WinSxS\amd64_microsoft.windows.common-controls_6595b64144ccf1df_6.0.26100.2454_none_3e0b68a2e331ad60;c:\Users\Asus\.vscode\extensions\redhat.java-1.37.0-win32-x64\jre\17.0.13-win32-x86_64\bin\server;C:\Users\Asus\AppData\Roaming\Code\User\globalStorage\redhat.java\1.37.0\config_win\org.eclipse.equinox.launcher\org.eclipse.equinox.launcher.win32.win32.x86_64_1.2.1100.v20240722-2106

VM Arguments:
jvm_args: --add-modules=ALL-SYSTEM --add-opens=java.base/java.util=ALL-UNNAMED --add-opens=java.base/java.lang=ALL-UNNAMED --add-opens=java.base/sun.nio.fs=ALL-UNNAMED -Declipse.application=org.eclipse.jdt.ls.core.id1 -Dosgi.bundles.defaultStartLevel=4 -Declipse.product=org.eclipse.jdt.ls.core.product -Djava.import.generatesMetadataFilesAtProjectRoot=false -DDetectVMInstallationsJob.disabled=true -Dfile.encoding=utf8 -XX:+UseParallelGC -XX:GCTimeRatio=4 -XX:AdaptiveSizePolicyWeight=90 -Dsun.zip.disableMemoryMapping=true -Xmx1G -Xms100m -Xlog:disable -javaagent:c:\Users\Asus\.vscode\extensions\redhat.java-1.37.0-win32-x64\lombok\lombok-1.18.34.jar -XX:+HeapDumpOnOutOfMemoryError -XX:HeapDumpPath=c:\Users\Asus\AppData\Roaming\Code\User\workspaceStorage\6f0e533d9ff133c7631d155b4f25a028\redhat.java -Daether.dependencyCollector.impl=bf 
java_command: c:\Users\Asus\.vscode\extensions\redhat.java-1.37.0-win32-x64\server\plugins\org.eclipse.equinox.launcher_1.6.900.v20240613-2009.jar -configuration c:\Users\Asus\AppData\Roaming\Code\User\globalStorage\redhat.java\1.37.0\config_win -data c:\Users\Asus\AppData\Roaming\Code\User\workspaceStorage\6f0e533d9ff133c7631d155b4f25a028\redhat.java\jdt_ws --pipe=\\.\pipe\lsp-17408761489f74908c9f7e9c940cbd14-sock
java_class_path (initial): c:\Users\Asus\.vscode\extensions\redhat.java-1.37.0-win32-x64\server\plugins\org.eclipse.equinox.launcher_1.6.900.v20240613-2009.jar
Launcher Type: SUN_STANDARD

[Global flags]
    uintx AdaptiveSizePolicyWeight                 = 90                                        {product} {command line}
     intx CICompilerCount                          = 4                                         {product} {ergonomic}
    uintx GCTimeRatio                              = 4                                         {product} {command line}
     bool HeapDumpOnOutOfMemoryError               = true                                   {manageable} {command line}
    ccstr HeapDumpPath                             = c:\Users\Asus\AppData\Roaming\Code\User\workspaceStorage\6f0e533d9ff133c7631d155b4f25a028\redhat.java         {manageable} {command line}
   size_t InitialHeapSize                          = 104857600                                 {product} {command line}
   size_t MaxHeapSize                              = 1073741824                                {product} {command line}
   size_t MaxNewSize                               = 357564416                                 {product} {ergonomic}
   size_t MinHeapDeltaBytes                        = 524288                                    {product} {ergonomic}
   size_t MinHeapSize                              = 104857600                                 {product} {command line}
   size_t NewSize                                  = 34603008                                  {product} {ergonomic}
    uintx NonNMethodCodeHeapSize                   = 5839372                                {pd product} {ergonomic}
    uintx NonProfiledCodeHeapSize                  = 122909434                              {pd product} {ergonomic}
   size_t OldSize                                  = 70254592                                  {product} {ergonomic}
    uintx ProfiledCodeHeapSize                     = 122909434                              {pd product} {ergonomic}
    uintx ReservedCodeCacheSize                    = 251658240                              {pd product} {ergonomic}
     bool SegmentedCodeCache                       = true                                      {product} {ergonomic}
   size_t SoftMaxHeapSize                          = 1073741824                             {manageable} {ergonomic}
     bool UseCompressedClassPointers               = true                           {product lp64_product} {ergonomic}
     bool UseCompressedOops                        = true                           {product lp64_product} {ergonomic}
     bool UseLargePagesIndividualAllocation        = false                                  {pd product} {ergonomic}
     bool UseParallelGC                            = true                                      {product} {command line}

Logging:
Log output configuration:
 #0: stdout all=off uptime,level,tags
 #1: stderr all=off uptime,level,tags

Environment Variables:
JAVA_HOME=C:\Users\Asus\AppData\Local\Programs\Eclipse Adoptium\jdk-17.0.6.10-hotspot\
PATH=C:\WINDOWS\system32;C:\WINDOWS;C:\WINDOWS\System32\Wbem;C:\WINDOWS\System32\WindowsPowerShell\v1.0\;C:\WINDOWS\System32\OpenSSH\;C:\MinGW\bin;C:\Program Files (x86)\Microsoft SQL Server\160\Tools\Binn\;C:\Program Files\Microsoft SQL Server\160\Tools\Binn\;C:\Program Files\Microsoft SQL Server\Client SDK\ODBC\170\Tools\Binn\;C:\Program Files\Microsoft SQL Server\160\DTS\Binn\;C:\Program Files\Azure Data Studio\bin;C:\Program Files\Git\cmd;C:\Program Files\nodejs\;C:\Users\Asus\AppData\Local\Programs\Eclipse Adoptium\jdk-17.0.6.10-hotspot\bin;C:\Users\Asus\AppData\Local\Programs\Python\Python311\Scripts\;C:\Users\Asus\AppData\Local\Programs\Python\Python311\;C:\Users\Asus\AppData\Local\Microsoft\WindowsApps;C:\Users\Asus\AppData\Local\Programs\Microsoft VS Code\bin;C:\Program Files\JetBrains\PyCharm Community Edition 2022.3.2\bin;;C:\Program Files\Azure Data Studio\bin;C:\Users\Asus\AppData\Local\GitHubDesktop\bin;C:\Users\Asus\AppData\Roaming\npm;
USERNAME=Asus
OS=Windows_NT
PROCESSOR_IDENTIFIER=Intel64 Family 6 Model 140 Stepping 1, GenuineIntel
TMP=C:\Users\Asus\AppData\Local\Temp
TEMP=C:\Users\Asus\AppData\Local\Temp



Periodic native trim disabled


---------------  S Y S T E M  ---------------

OS:
 Windows 11 , 64 bit Build 26100 (10.0.26100.2454)
OS uptime: 0 days 11:37 hours

CPU: total 8 (initial active 8) (4 cores per cpu, 2 threads per core) family 6 model 140 stepping 1 microcode 0x86, cx8, cmov, fxsr, ht, mmx, 3dnowpref, sse, sse2, sse3, ssse3, sse4.1, sse4.2, popcnt, lzcnt, tsc, tscinvbit, avx, avx2, aes, erms, clmul, bmi1, bmi2, adx, avx512f, avx512dq, avx512cd, avx512bw, avx512vl, sha, fma, vzeroupper, avx512_vpopcntdq, avx512_vpclmulqdq, avx512_vaes, avx512_vnni, clflush, clflushopt, clwb, avx512_vbmi2, avx512_vbmi
Processor Information for processor 0
  Max Mhz: 2419, Current Mhz: 1007, Mhz Limit: 2419
Processor Information for processor 1
  Max Mhz: 2419, Current Mhz: 2419, Mhz Limit: 2419
Processor Information for processor 2
  Max Mhz: 2419, Current Mhz: 2419, Mhz Limit: 2419
Processor Information for processor 3
  Max Mhz: 2419, Current Mhz: 2419, Mhz Limit: 2419
Processor Information for processor 4
  Max Mhz: 2419, Current Mhz: 2419, Mhz Limit: 2419
Processor Information for processor 5
  Max Mhz: 2419, Current Mhz: 2419, Mhz Limit: 2419
Processor Information for processor 6
  Max Mhz: 2419, Current Mhz: 2419, Mhz Limit: 2419
Processor Information for processor 7
  Max Mhz: 2419, Current Mhz: 1007, Mhz Limit: 2419

Memory: 4k page, system-wide physical 7886M (885M free)
TotalPageFile size 13028M (AvailPageFile size 7M)
current process WorkingSet (physical memory assigned to process): 123M, peak: 126M
current process commit charge ("private bytes"): 233M, peak: 235M

vm_info: OpenJDK 64-Bit Server VM (17.0.13+11) for windows-amd64 JRE (17.0.13+11), built on Oct 16 2024 00:10:08 by "admin" with MS VC++ 17.7 (VS2022)

END.
