#
# There is insufficient memory for the Java Runtime Environment to continue.
# Native memory allocation (malloc) failed to allocate 325776 bytes. Error detail: Chunk::new
# Possible reasons:
#   The system is out of physical RAM or swap space
#   This process is running with CompressedOops enabled, and the Java Heap may be blocking the growth of the native heap
# Possible solutions:
#   Reduce memory load on the system
#   Increase physical memory or swap space
#   Check if swap backing store is full
#   Decrease Java heap size (-Xmx/-Xms)
#   Decrease number of Java threads
#   Decrease Java thread stack sizes (-Xss)
#   Set larger code cache with -XX:ReservedCodeCacheSize=
#   JVM is running with Unscaled Compressed Oops mode in which the Java heap is
#     placed in the first 4GB address space. The Java Heap base address is the
#     maximum limit for the native heap growth. Please use -XX:HeapBaseMinAddress
#     to set the Java Heap base and to place the Java Heap above 4GB virtual address.
# This output file may be truncated or incomplete.
#
#  Out of Memory Error (arena.cpp:168), pid=11984, tid=18620
#
# JRE version: OpenJDK Runtime Environment Temurin-21.0.6+7 (21.0.6+7) (build 21.0.6+7-LTS)
# Java VM: OpenJDK 64-Bit Server VM Temurin-21.0.6+7 (21.0.6+7-LTS, mixed mode, sharing, tiered, compressed oops, compressed class ptrs, parallel gc, windows-amd64)
# No core dump will be written. Minidumps are not enabled by default on client versions of Windows
#

---------------  S U M M A R Y ------------

Command Line: --add-modules=ALL-SYSTEM --add-opens=java.base/java.util=ALL-UNNAMED --add-opens=java.base/java.lang=ALL-UNNAMED --add-opens=java.base/sun.nio.fs=ALL-UNNAMED -Declipse.application=org.eclipse.jdt.ls.core.id1 -Dosgi.bundles.defaultStartLevel=4 -Declipse.product=org.eclipse.jdt.ls.core.product -Djava.import.generatesMetadataFilesAtProjectRoot=false -DDetectVMInstallationsJob.disabled=true -Dfile.encoding=utf8 -XX:+UseParallelGC -XX:GCTimeRatio=4 -XX:AdaptiveSizePolicyWeight=90 -Dsun.zip.disableMemoryMapping=true -Xmx1G -Xms100m -Xlog:disable -javaagent:c:\Users\Asus\.vscode\extensions\redhat.java-1.41.0-win32-x64\lombok\lombok-1.18.36.jar c:\Users\Asus\.vscode\extensions\redhat.java-1.41.0-win32-x64\server\plugins\org.eclipse.equinox.launcher_1.6.1100.v20250306-0509.jar -configuration c:\Users\Asus\AppData\Roaming\Code\User\globalStorage\redhat.java\1.41.0\config_ss_win -data c:\Users\Asus\AppData\Roaming\Code\User\workspaceStorage\6f0e533d9ff133c7631d155b4f25a028\redhat.java\ss_ws --pipe=\\.\pipe\lsp-ae2849f98c76c52ed0a7d711930d306d-sock

Host: 11th Gen Intel(R) Core(TM) i5-1135G7 @ 2.40GHz, 8 cores, 7G,  Windows 11 , 64 bit Build 26100 (10.0.26100.2454)
Time: Mon Mar 31 09:34:16 2025 India Standard Time elapsed time: 4.514093 seconds (0d 0h 0m 4s)

---------------  T H R E A D  ---------------

Current thread (0x000002b968c4cc40):  JavaThread "C2 CompilerThread1" daemon [_thread_in_native, id=18620, stack(0x000000f92ef00000,0x000000f92f000000) (1024K)]


Current CompileTask:
C2:4514 3424       4       jdk.internal.org.objectweb.asm.SymbolTable::addConstantUtf8Reference (101 bytes)

Stack: [0x000000f92ef00000,0x000000f92f000000]
Native frames: (J=compiled Java code, j=interpreted, Vv=VM code, C=native code)
V  [jvm.dll+0x6cdee9]
V  [jvm.dll+0x8a83d1]
V  [jvm.dll+0x8aa8fe]
V  [jvm.dll+0x8aafe3]
V  [jvm.dll+0x27f706]
V  [jvm.dll+0xc500d]
V  [jvm.dll+0xc5543]
V  [jvm.dll+0x2f2acd]
V  [jvm.dll+0x5f6a2a]
V  [jvm.dll+0x250bb2]
V  [jvm.dll+0x250f6f]
V  [jvm.dll+0x249834]
V  [jvm.dll+0x246ec4]
V  [jvm.dll+0x1c75ee]
V  [jvm.dll+0x25685a]
V  [jvm.dll+0x254dfa]
V  [jvm.dll+0x3f0256]
V  [jvm.dll+0x851f8b]
V  [jvm.dll+0x6cc5ed]
C  [ucrtbase.dll+0x14ea0]
C  [KERNEL32.DLL+0x2e8d7]
C  [ntdll.dll+0xdfbcc]


---------------  P R O C E S S  ---------------

Threads class SMR info:
_java_thread_list=0x000002b96f51e390, length=35, elements={
0x000002b911c2c4c0, 0x000002b9671bd000, 0x000002b9671c0b50, 0x000002b9671c76b0,
0x000002b9671ca210, 0x000002b9671cac60, 0x000002b9671cb750, 0x000002b9671d13f0,
0x000002b968aacc50, 0x000002b968b0e000, 0x000002b968c4cc40, 0x000002b968dab9d0,
0x000002b96d4755c0, 0x000002b96da6d6d0, 0x000002b96d625e90, 0x000002b96d625170,
0x000002b96d625800, 0x000002b96d6278d0, 0x000002b96d627240, 0x000002b96d626520,
0x000002b96d626bb0, 0x000002b96dfc2220, 0x000002b96d627f60, 0x000002b96d624ae0,
0x000002b96f272940, 0x000002b96f273cf0, 0x000002b96f271c20, 0x000002b96f2722b0,
0x000002b96f272fd0, 0x000002b96f273660, 0x000002b96f270870, 0x000002b96f274380,
0x000002b96f270f00, 0x000002b96f271590, 0x000002b96f276ae0
}

Java Threads: ( => current thread )
  0x000002b911c2c4c0 JavaThread "main"                              [_thread_in_Java, id=11740, stack(0x000000f92e200000,0x000000f92e300000) (1024K)]
  0x000002b9671bd000 JavaThread "Reference Handler"          daemon [_thread_blocked, id=18812, stack(0x000000f92e600000,0x000000f92e700000) (1024K)]
  0x000002b9671c0b50 JavaThread "Finalizer"                  daemon [_thread_blocked, id=16212, stack(0x000000f92e700000,0x000000f92e800000) (1024K)]
  0x000002b9671c76b0 JavaThread "Signal Dispatcher"          daemon [_thread_blocked, id=14168, stack(0x000000f92e800000,0x000000f92e900000) (1024K)]
  0x000002b9671ca210 JavaThread "Attach Listener"            daemon [_thread_blocked, id=10936, stack(0x000000f92e900000,0x000000f92ea00000) (1024K)]
  0x000002b9671cac60 JavaThread "Service Thread"             daemon [_thread_blocked, id=17508, stack(0x000000f92ea00000,0x000000f92eb00000) (1024K)]
  0x000002b9671cb750 JavaThread "Monitor Deflation Thread"   daemon [_thread_blocked, id=10548, stack(0x000000f92eb00000,0x000000f92ec00000) (1024K)]
  0x000002b9671d13f0 JavaThread "C2 CompilerThread0"         daemon [_thread_in_native, id=4692, stack(0x000000f92ec00000,0x000000f92ed00000) (1024K)]
  0x000002b968aacc50 JavaThread "C1 CompilerThread0"         daemon [_thread_in_native, id=9548, stack(0x000000f92ed00000,0x000000f92ee00000) (1024K)]
  0x000002b968b0e000 JavaThread "Common-Cleaner"             daemon [_thread_blocked, id=9836, stack(0x000000f92ee00000,0x000000f92ef00000) (1024K)]
=>0x000002b968c4cc40 JavaThread "C2 CompilerThread1"         daemon [_thread_in_native, id=18620, stack(0x000000f92ef00000,0x000000f92f000000) (1024K)]
  0x000002b968dab9d0 JavaThread "Notification Thread"        daemon [_thread_blocked, id=9568, stack(0x000000f92f000000,0x000000f92f100000) (1024K)]
  0x000002b96d4755c0 JavaThread "Active Thread: Equinox Container: 4bbdeab8-088b-48de-a207-cddc034a4014"        [_thread_blocked, id=18492, stack(0x000000f92f800000,0x000000f92f900000) (1024K)]
  0x000002b96da6d6d0 JavaThread "Framework Event Dispatcher: Equinox Container: 4bbdeab8-088b-48de-a207-cddc034a4014" daemon [_thread_blocked, id=19004, stack(0x000000f92f900000,0x000000f92fa00000) (1024K)]
  0x000002b96d625e90 JavaThread "Start Level: Equinox Container: 4bbdeab8-088b-48de-a207-cddc034a4014" daemon [_thread_blocked, id=10920, stack(0x000000f92fa00000,0x000000f92fb00000) (1024K)]
  0x000002b96d625170 JavaThread "SCR Component Actor"        daemon [_thread_blocked, id=18588, stack(0x000000f92fb00000,0x000000f92fc00000) (1024K)]
  0x000002b96d625800 JavaThread "SCR Component Registry"     daemon [_thread_blocked, id=17760, stack(0x000000f92fd00000,0x000000f92fe00000) (1024K)]
  0x000002b96d6278d0 JavaThread "Worker-JM"                         [_thread_blocked, id=16884, stack(0x000000f92fe00000,0x000000f92ff00000) (1024K)]
  0x000002b96d627240 JavaThread "JNA Cleaner"                daemon [_thread_blocked, id=14536, stack(0x000000f92ff00000,0x000000f930000000) (1024K)]
  0x000002b96d626520 JavaThread "Worker-0"                          [_thread_blocked, id=17584, stack(0x000000f930000000,0x000000f930100000) (1024K)]
  0x000002b96d626bb0 JavaThread "Worker-1"                          [_thread_blocked, id=18672, stack(0x000000f930100000,0x000000f930200000) (1024K)]
  0x000002b96dfc2220 JavaThread "C2 CompilerThread2"         daemon [_thread_in_native, id=13884, stack(0x000000f930200000,0x000000f930300000) (1024K)]
  0x000002b96d627f60 JavaThread "Thread-2"                   daemon [_thread_in_native, id=12492, stack(0x000000f930400000,0x000000f930500000) (1024K)]
  0x000002b96d624ae0 JavaThread "Thread-3"                   daemon [_thread_in_native, id=7088, stack(0x000000f930500000,0x000000f930600000) (1024K)]
  0x000002b96f272940 JavaThread "Thread-4"                   daemon [_thread_in_native, id=17104, stack(0x000000f930600000,0x000000f930700000) (1024K)]
  0x000002b96f273cf0 JavaThread "Thread-5"                   daemon [_thread_in_native, id=14432, stack(0x000000f930700000,0x000000f930800000) (1024K)]
  0x000002b96f271c20 JavaThread "Thread-6"                   daemon [_thread_in_native, id=5900, stack(0x000000f930800000,0x000000f930900000) (1024K)]
  0x000002b96f2722b0 JavaThread "Thread-7"                   daemon [_thread_in_native, id=17292, stack(0x000000f930900000,0x000000f930a00000) (1024K)]
  0x000002b96f272fd0 JavaThread "Thread-8"                   daemon [_thread_in_native, id=9808, stack(0x000000f930a00000,0x000000f930b00000) (1024K)]
  0x000002b96f273660 JavaThread "Thread-9"                   daemon [_thread_in_native, id=13660, stack(0x000000f930b00000,0x000000f930c00000) (1024K)]
  0x000002b96f270870 JavaThread "Thread-10"                  daemon [_thread_in_native, id=5420, stack(0x000000f930c00000,0x000000f930d00000) (1024K)]
  0x000002b96f274380 JavaThread "pool-2-thread-1"                   [_thread_blocked, id=3800, stack(0x000000f930d00000,0x000000f930e00000) (1024K)]
  0x000002b96f270f00 JavaThread "Worker-2"                          [_thread_blocked, id=19360, stack(0x000000f930e00000,0x000000f930f00000) (1024K)]
  0x000002b96f271590 JavaThread "WorkspaceEventsHandler"            [_thread_blocked, id=8460, stack(0x000000f930f00000,0x000000f931000000) (1024K)]
  0x000002b96f276ae0 JavaThread "pool-1-thread-1"                   [_thread_in_vm, id=10056, stack(0x000000f931000000,0x000000f931100000) (1024K)]
Total: 35

Other Threads:
  0x000002b911cee870 VMThread "VM Thread"                           [id=5692, stack(0x000000f92e500000,0x000000f92e600000) (1024K)]
  0x000002b911c98320 WatcherThread "VM Periodic Task Thread"        [id=13772, stack(0x000000f92e400000,0x000000f92e500000) (1024K)]
  0x000002b911c499c0 WorkerThread "GC Thread#0"                     [id=8560, stack(0x000000f92e300000,0x000000f92e400000) (1024K)]
  0x000002b96d6415e0 WorkerThread "GC Thread#1"                     [id=3120, stack(0x000000f92f100000,0x000000f92f200000) (1024K)]
  0x000002b96d652350 WorkerThread "GC Thread#2"                     [id=5268, stack(0x000000f92f200000,0x000000f92f300000) (1024K)]
  0x000002b96d6526f0 WorkerThread "GC Thread#3"                     [id=4028, stack(0x000000f92f300000,0x000000f92f400000) (1024K)]
  0x000002b96d641980 WorkerThread "GC Thread#4"                     [id=18596, stack(0x000000f92f400000,0x000000f92f500000) (1024K)]
  0x000002b96d641d20 WorkerThread "GC Thread#5"                     [id=17480, stack(0x000000f92f500000,0x000000f92f600000) (1024K)]
  0x000002b96d6420c0 WorkerThread "GC Thread#6"                     [id=11952, stack(0x000000f92f600000,0x000000f92f700000) (1024K)]
  0x000002b96d8450f0 WorkerThread "GC Thread#7"                     [id=18392, stack(0x000000f92fc00000,0x000000f92fd00000) (1024K)]
Total: 10

Threads with active compile tasks:
C2 CompilerThread0  4538 3463       4       java.lang.AbstractStringBuilder::append (60 bytes)
C1 CompilerThread0  4538 3486       3       java.time.format.DateTimeParseContext::setParsedField (54 bytes)
C2 CompilerThread1  4539 3424       4       jdk.internal.org.objectweb.asm.SymbolTable::addConstantUtf8Reference (101 bytes)
C2 CompilerThread2  4539 3451       4       jdk.internal.org.objectweb.asm.SymbolTable::addConstantClass (8 bytes)
Total: 4

VM state: not at safepoint (normal execution)

VM Mutex/Monitor currently owned by a thread: None

Heap address: 0x00000000c0000000, size: 1024 MB, Compressed Oops mode: 32-bit

CDS archive(s) mapped at: [0x000002b926000000-0x000002b926ba0000-0x000002b926ba0000), size 12189696, SharedBaseAddress: 0x000002b926000000, ArchiveRelocationMode: 1.
Compressed class space mapped at: 0x000002b927000000-0x000002b967000000, reserved size: 1073741824
Narrow klass base: 0x000002b926000000, Narrow klass shift: 0, Narrow klass range: 0x100000000

GC Precious Log:
 CardTable entry size: 512
 CPUs: 8 total, 8 available
 Memory: 7886M
 Large Page Support: Disabled
 NUMA Support: Disabled
 Compressed Oops: Enabled (32-bit)
 Alignments: Space 512K, Generation 512K, Heap 2M
 Heap Min Capacity: 100M
 Heap Initial Capacity: 100M
 Heap Max Capacity: 1G
 Pre-touch: Disabled
 Parallel Workers: 8

Heap:
 PSYoungGen      total 26624K, used 17530K [0x00000000eab00000, 0x00000000ecc80000, 0x0000000100000000)
  eden space 23552K, 61% used [0x00000000eab00000,0x00000000eb9253d0,0x00000000ec200000)
  from space 3072K, 99% used [0x00000000ec700000,0x00000000ec9f9600,0x00000000eca00000)
  to   space 5120K, 0% used [0x00000000ec200000,0x00000000ec200000,0x00000000ec700000)
 ParOldGen       total 68608K, used 10472K [0x00000000c0000000, 0x00000000c4300000, 0x00000000eab00000)
  object space 68608K, 15% used [0x00000000c0000000,0x00000000c0a3a208,0x00000000c4300000)
 Metaspace       used 28778K, committed 29504K, reserved 1114112K
  class space    used 2767K, committed 3072K, reserved 1048576K

Card table byte_map: [0x000002b9115d0000,0x000002b9117e0000] _byte_map_base: 0x000002b910fd0000

Marking Bits: (ParMarkBitMap*) 0x00007ffd22d63260
 Begin Bits: [0x000002b923e20000, 0x000002b924e20000)
 End Bits:   [0x000002b924e20000, 0x000002b925e20000)

Polling page: 0x000002b90fa40000

Metaspace:

Usage:
  Non-class:     25.40 MB used.
      Class:      2.70 MB used.
       Both:     28.10 MB used.

Virtual space:
  Non-class space:       64.00 MB reserved,      25.81 MB ( 40%) committed,  1 nodes.
      Class space:        1.00 GB reserved,       3.00 MB ( <1%) committed,  1 nodes.
             Both:        1.06 GB reserved,      28.81 MB (  3%) committed. 

Chunk freelists:
   Non-Class:  5.88 MB
       Class:  12.94 MB
        Both:  18.81 MB

MaxMetaspaceSize: unlimited
CompressedClassSpaceSize: 1.00 GB
Initial GC threshold: 21.00 MB
Current GC threshold: 35.00 MB
CDS: on
 - commit_granule_bytes: 65536.
 - commit_granule_words: 8192.
 - virtual_space_node_default_size: 8388608.
 - enlarge_chunks_in_place: 1.
 - use_allocation_guard: 0.


Internal statistics:

num_allocs_failed_limit: 3.
num_arena_births: 554.
num_arena_deaths: 14.
num_vsnodes_births: 2.
num_vsnodes_deaths: 0.
num_space_committed: 461.
num_space_uncommitted: 0.
num_chunks_returned_to_freelist: 17.
num_chunks_taken_from_freelist: 1672.
num_chunk_merges: 8.
num_chunk_splits: 1070.
num_chunks_enlarged: 681.
num_inconsistent_stats: 0.

CodeHeap 'non-profiled nmethods': size=120000Kb used=1649Kb max_used=1649Kb free=118351Kb
 bounds [0x000002b91c8f0000, 0x000002b91cb60000, 0x000002b923e20000]
CodeHeap 'profiled nmethods': size=120000Kb used=6841Kb max_used=6841Kb free=113158Kb
 bounds [0x000002b914e20000, 0x000002b9154d0000, 0x000002b91c350000]
CodeHeap 'non-nmethods': size=5760Kb used=1353Kb max_used=1404Kb free=4406Kb
 bounds [0x000002b91c350000, 0x000002b91c5c0000, 0x000002b91c8f0000]
 total_blobs=4115 nmethods=3481 adapters=540
 compilation: enabled
              stopped_count=0, restarted_count=0
 full_count=0

Compilation events (20 events):
Event: 4.488 Thread 0x000002b968aacc50 3427       3       jdk.internal.org.objectweb.asm.SymbolTable::addConstantUtf8 (98 bytes)
Event: 4.489 Thread 0x000002b9671d13f0 nmethod 3425 0x000002b91ca83a10 code [0x000002b91ca83ba0, 0x000002b91ca83ca0]
Event: 4.489 Thread 0x000002b9671d13f0 3426       4       jdk.internal.org.objectweb.asm.SymbolTable::hash (10 bytes)
Event: 4.489 Thread 0x000002b968aacc50 nmethod 3427 0x000002b9154be510 code [0x000002b9154be740, 0x000002b9154bed20]
Event: 4.490 Thread 0x000002b9671d13f0 nmethod 3426 0x000002b91ca83d90 code [0x000002b91ca83f20, 0x000002b91ca84040]
Event: 4.491 Thread 0x000002b968aacc50 3428       3       java.lang.PublicMethods$MethodList::<init> (10 bytes)
Event: 4.491 Thread 0x000002b968aacc50 nmethod 3428 0x000002b9154bf090 code [0x000002b9154bf240, 0x000002b9154bf3c8]
Event: 4.491 Thread 0x000002b968aacc50 3429       3       java.lang.PublicMethods$MethodList::filter (104 bytes)
Event: 4.492 Thread 0x000002b968aacc50 nmethod 3429 0x000002b9154bf490 code [0x000002b9154bf6c0, 0x000002b9154bffc0]
Event: 4.497 Thread 0x000002b968aacc50 3430       3       java.util.Calendar::internalSet (8 bytes)
Event: 4.498 Thread 0x000002b968aacc50 nmethod 3430 0x000002b9154c0490 code [0x000002b9154c0640, 0x000002b9154c0778]
Event: 4.498 Thread 0x000002b968aacc50 3431       3       java.util.concurrent.ConcurrentHashMap$ValueIterator::<init> (12 bytes)
Event: 4.498 Thread 0x000002b968aacc50 nmethod 3431 0x000002b9154c0890 code [0x000002b9154c0a40, 0x000002b9154c0b78]
Event: 4.501 Thread 0x000002b968aacc50 3432       3       jdk.internal.org.objectweb.asm.SymbolTable::putBootstrapMethods (56 bytes)
Event: 4.502 Thread 0x000002b968aacc50 nmethod 3432 0x000002b9154c0c10 code [0x000002b9154c0e20, 0x000002b9154c1140]
Event: 4.502 Thread 0x000002b968aacc50 3434       3       java.util.regex.Matcher::search (154 bytes)
Event: 4.502 Thread 0x000002b968aacc50 nmethod 3434 0x000002b9154c1310 code [0x000002b9154c1520, 0x000002b9154c1aa0]
Event: 4.502 Thread 0x000002b968aacc50 3435       3       java.util.regex.Pattern$BmpCharPropertyGreedy::match (89 bytes)
Event: 4.503 Thread 0x000002b968aacc50 nmethod 3435 0x000002b9154c1c90 code [0x000002b9154c1e80, 0x000002b9154c24b0]
Event: 4.503 Thread 0x000002b968aacc50 3433       3       java.lang.ClassLoader::createOrGetClassLoaderValueMap (37 bytes)

GC Heap History (18 events):
Event: 1.226 GC heap before
{Heap before GC invocations=1 (full 0):
 PSYoungGen      total 29696K, used 25600K [0x00000000eab00000, 0x00000000ecc00000, 0x0000000100000000)
  eden space 25600K, 100% used [0x00000000eab00000,0x00000000ec400000,0x00000000ec400000)
  from space 4096K, 0% used [0x00000000ec800000,0x00000000ec800000,0x00000000ecc00000)
  to   space 4096K, 0% used [0x00000000ec400000,0x00000000ec400000,0x00000000ec800000)
 ParOldGen       total 68608K, used 0K [0x00000000c0000000, 0x00000000c4300000, 0x00000000eab00000)
  object space 68608K, 0% used [0x00000000c0000000,0x00000000c0000000,0x00000000c4300000)
 Metaspace       used 4335K, committed 4544K, reserved 1114112K
  class space    used 436K, committed 512K, reserved 1048576K
}
Event: 1.234 GC heap after
{Heap after GC invocations=1 (full 0):
 PSYoungGen      total 29696K, used 3205K [0x00000000eab00000, 0x00000000ecc00000, 0x0000000100000000)
  eden space 25600K, 0% used [0x00000000eab00000,0x00000000eab00000,0x00000000ec400000)
  from space 4096K, 78% used [0x00000000ec400000,0x00000000ec7217f0,0x00000000ec800000)
  to   space 4096K, 0% used [0x00000000ec800000,0x00000000ec800000,0x00000000ecc00000)
 ParOldGen       total 68608K, used 16K [0x00000000c0000000, 0x00000000c4300000, 0x00000000eab00000)
  object space 68608K, 0% used [0x00000000c0000000,0x00000000c0004000,0x00000000c4300000)
 Metaspace       used 4335K, committed 4544K, reserved 1114112K
  class space    used 436K, committed 512K, reserved 1048576K
}
Event: 1.981 GC heap before
{Heap before GC invocations=2 (full 0):
 PSYoungGen      total 29696K, used 28805K [0x00000000eab00000, 0x00000000ecc00000, 0x0000000100000000)
  eden space 25600K, 100% used [0x00000000eab00000,0x00000000ec400000,0x00000000ec400000)
  from space 4096K, 78% used [0x00000000ec400000,0x00000000ec7217f0,0x00000000ec800000)
  to   space 4096K, 0% used [0x00000000ec800000,0x00000000ec800000,0x00000000ecc00000)
 ParOldGen       total 68608K, used 16K [0x00000000c0000000, 0x00000000c4300000, 0x00000000eab00000)
  object space 68608K, 0% used [0x00000000c0000000,0x00000000c0004000,0x00000000c4300000)
 Metaspace       used 8274K, committed 8576K, reserved 1114112K
  class space    used 821K, committed 960K, reserved 1048576K
}
Event: 1.987 GC heap after
{Heap after GC invocations=2 (full 0):
 PSYoungGen      total 29696K, used 4090K [0x00000000eab00000, 0x00000000ecc00000, 0x0000000100000000)
  eden space 25600K, 0% used [0x00000000eab00000,0x00000000eab00000,0x00000000ec400000)
  from space 4096K, 99% used [0x00000000ec800000,0x00000000ecbfe938,0x00000000ecc00000)
  to   space 4096K, 0% used [0x00000000ec400000,0x00000000ec400000,0x00000000ec800000)
 ParOldGen       total 68608K, used 860K [0x00000000c0000000, 0x00000000c4300000, 0x00000000eab00000)
  object space 68608K, 1% used [0x00000000c0000000,0x00000000c00d70b8,0x00000000c4300000)
 Metaspace       used 8274K, committed 8576K, reserved 1114112K
  class space    used 821K, committed 960K, reserved 1048576K
}
Event: 2.553 GC heap before
{Heap before GC invocations=3 (full 0):
 PSYoungGen      total 29696K, used 29690K [0x00000000eab00000, 0x00000000ecc00000, 0x0000000100000000)
  eden space 25600K, 100% used [0x00000000eab00000,0x00000000ec400000,0x00000000ec400000)
  from space 4096K, 99% used [0x00000000ec800000,0x00000000ecbfe938,0x00000000ecc00000)
  to   space 4096K, 0% used [0x00000000ec400000,0x00000000ec400000,0x00000000ec800000)
 ParOldGen       total 68608K, used 860K [0x00000000c0000000, 0x00000000c4300000, 0x00000000eab00000)
  object space 68608K, 1% used [0x00000000c0000000,0x00000000c00d70b8,0x00000000c4300000)
 Metaspace       used 13016K, committed 13504K, reserved 1114112K
  class space    used 1309K, committed 1536K, reserved 1048576K
}
Event: 2.557 GC heap after
{Heap after GC invocations=3 (full 0):
 PSYoungGen      total 29696K, used 4093K [0x00000000eab00000, 0x00000000ecc00000, 0x0000000100000000)
  eden space 25600K, 0% used [0x00000000eab00000,0x00000000eab00000,0x00000000ec400000)
  from space 4096K, 99% used [0x00000000ec400000,0x00000000ec7ff6c8,0x00000000ec800000)
  to   space 4096K, 0% used [0x00000000ec800000,0x00000000ec800000,0x00000000ecc00000)
 ParOldGen       total 68608K, used 2738K [0x00000000c0000000, 0x00000000c4300000, 0x00000000eab00000)
  object space 68608K, 3% used [0x00000000c0000000,0x00000000c02ac908,0x00000000c4300000)
 Metaspace       used 13016K, committed 13504K, reserved 1114112K
  class space    used 1309K, committed 1536K, reserved 1048576K
}
Event: 3.135 GC heap before
{Heap before GC invocations=4 (full 0):
 PSYoungGen      total 29696K, used 29463K [0x00000000eab00000, 0x00000000ecc00000, 0x0000000100000000)
  eden space 25600K, 99% used [0x00000000eab00000,0x00000000ec3c6760,0x00000000ec400000)
  from space 4096K, 99% used [0x00000000ec400000,0x00000000ec7ff6c8,0x00000000ec800000)
  to   space 4096K, 0% used [0x00000000ec800000,0x00000000ec800000,0x00000000ecc00000)
 ParOldGen       total 68608K, used 2738K [0x00000000c0000000, 0x00000000c4300000, 0x00000000eab00000)
  object space 68608K, 3% used [0x00000000c0000000,0x00000000c02ac908,0x00000000c4300000)
 Metaspace       used 16972K, committed 17600K, reserved 1114112K
  class space    used 1695K, committed 1920K, reserved 1048576K
}
Event: 3.140 GC heap after
{Heap after GC invocations=4 (full 0):
 PSYoungGen      total 29696K, used 4076K [0x00000000eab00000, 0x00000000ecc00000, 0x0000000100000000)
  eden space 25600K, 0% used [0x00000000eab00000,0x00000000eab00000,0x00000000ec400000)
  from space 4096K, 99% used [0x00000000ec800000,0x00000000ecbfb190,0x00000000ecc00000)
  to   space 4096K, 0% used [0x00000000ec400000,0x00000000ec400000,0x00000000ec800000)
 ParOldGen       total 68608K, used 5058K [0x00000000c0000000, 0x00000000c4300000, 0x00000000eab00000)
  object space 68608K, 7% used [0x00000000c0000000,0x00000000c04f08e0,0x00000000c4300000)
 Metaspace       used 16972K, committed 17600K, reserved 1114112K
  class space    used 1695K, committed 1920K, reserved 1048576K
}
Event: 3.370 GC heap before
{Heap before GC invocations=5 (full 0):
 PSYoungGen      total 29696K, used 29671K [0x00000000eab00000, 0x00000000ecc00000, 0x0000000100000000)
  eden space 25600K, 99% used [0x00000000eab00000,0x00000000ec3fecf8,0x00000000ec400000)
  from space 4096K, 99% used [0x00000000ec800000,0x00000000ecbfb190,0x00000000ecc00000)
  to   space 4096K, 0% used [0x00000000ec400000,0x00000000ec400000,0x00000000ec800000)
 ParOldGen       total 68608K, used 5058K [0x00000000c0000000, 0x00000000c4300000, 0x00000000eab00000)
  object space 68608K, 7% used [0x00000000c0000000,0x00000000c04f08e0,0x00000000c4300000)
 Metaspace       used 20099K, committed 20672K, reserved 1114112K
  class space    used 1901K, committed 2112K, reserved 1048576K
}
Event: 3.374 GC heap after
{Heap after GC invocations=5 (full 0):
 PSYoungGen      total 29184K, used 4093K [0x00000000eab00000, 0x00000000ecd80000, 0x0000000100000000)
  eden space 25088K, 0% used [0x00000000eab00000,0x00000000eab00000,0x00000000ec380000)
  from space 4096K, 99% used [0x00000000ec400000,0x00000000ec7ff7f0,0x00000000ec800000)
  to   space 5120K, 0% used [0x00000000ec880000,0x00000000ec880000,0x00000000ecd80000)
 ParOldGen       total 68608K, used 5258K [0x00000000c0000000, 0x00000000c4300000, 0x00000000eab00000)
  object space 68608K, 7% used [0x00000000c0000000,0x00000000c05228e0,0x00000000c4300000)
 Metaspace       used 20099K, committed 20672K, reserved 1114112K
  class space    used 1901K, committed 2112K, reserved 1048576K
}
Event: 3.436 GC heap before
{Heap before GC invocations=6 (full 0):
 PSYoungGen      total 29184K, used 10497K [0x00000000eab00000, 0x00000000ecd80000, 0x0000000100000000)
  eden space 25088K, 25% used [0x00000000eab00000,0x00000000eb140ee8,0x00000000ec380000)
  from space 4096K, 99% used [0x00000000ec400000,0x00000000ec7ff7f0,0x00000000ec800000)
  to   space 5120K, 0% used [0x00000000ec880000,0x00000000ec880000,0x00000000ecd80000)
 ParOldGen       total 68608K, used 5258K [0x00000000c0000000, 0x00000000c4300000, 0x00000000eab00000)
  object space 68608K, 7% used [0x00000000c0000000,0x00000000c05228e0,0x00000000c4300000)
 Metaspace       used 20896K, committed 21504K, reserved 1114112K
  class space    used 1968K, committed 2240K, reserved 1048576K
}
Event: 3.440 GC heap after
{Heap after GC invocations=6 (full 0):
 PSYoungGen      total 29696K, used 4161K [0x00000000eab00000, 0x00000000ecd00000, 0x0000000100000000)
  eden space 25088K, 0% used [0x00000000eab00000,0x00000000eab00000,0x00000000ec380000)
  from space 4608K, 90% used [0x00000000ec880000,0x00000000ecc90440,0x00000000ecd00000)
  to   space 4608K, 0% used [0x00000000ec400000,0x00000000ec400000,0x00000000ec880000)
 ParOldGen       total 68608K, used 5258K [0x00000000c0000000, 0x00000000c4300000, 0x00000000eab00000)
  object space 68608K, 7% used [0x00000000c0000000,0x00000000c05228e0,0x00000000c4300000)
 Metaspace       used 20896K, committed 21504K, reserved 1114112K
  class space    used 1968K, committed 2240K, reserved 1048576K
}
Event: 3.440 GC heap before
{Heap before GC invocations=7 (full 1):
 PSYoungGen      total 29696K, used 4161K [0x00000000eab00000, 0x00000000ecd00000, 0x0000000100000000)
  eden space 25088K, 0% used [0x00000000eab00000,0x00000000eab00000,0x00000000ec380000)
  from space 4608K, 90% used [0x00000000ec880000,0x00000000ecc90440,0x00000000ecd00000)
  to   space 4608K, 0% used [0x00000000ec400000,0x00000000ec400000,0x00000000ec880000)
 ParOldGen       total 68608K, used 5258K [0x00000000c0000000, 0x00000000c4300000, 0x00000000eab00000)
  object space 68608K, 7% used [0x00000000c0000000,0x00000000c05228e0,0x00000000c4300000)
 Metaspace       used 20896K, committed 21504K, reserved 1114112K
  class space    used 1968K, committed 2240K, reserved 1048576K
}
Event: 3.469 GC heap after
{Heap after GC invocations=7 (full 1):
 PSYoungGen      total 29696K, used 0K [0x00000000eab00000, 0x00000000ecd00000, 0x0000000100000000)
  eden space 25088K, 0% used [0x00000000eab00000,0x00000000eab00000,0x00000000ec380000)
  from space 4608K, 0% used [0x00000000ec880000,0x00000000ec880000,0x00000000ecd00000)
  to   space 4608K, 0% used [0x00000000ec400000,0x00000000ec400000,0x00000000ec880000)
 ParOldGen       total 68608K, used 9048K [0x00000000c0000000, 0x00000000c4300000, 0x00000000eab00000)
  object space 68608K, 13% used [0x00000000c0000000,0x00000000c08d6178,0x00000000c4300000)
 Metaspace       used 20883K, committed 21504K, reserved 1114112K
  class space    used 1964K, committed 2240K, reserved 1048576K
}
Event: 3.726 GC heap before
{Heap before GC invocations=8 (full 1):
 PSYoungGen      total 29696K, used 25088K [0x00000000eab00000, 0x00000000ecd00000, 0x0000000100000000)
  eden space 25088K, 100% used [0x00000000eab00000,0x00000000ec380000,0x00000000ec380000)
  from space 4608K, 0% used [0x00000000ec880000,0x00000000ec880000,0x00000000ecd00000)
  to   space 4608K, 0% used [0x00000000ec400000,0x00000000ec400000,0x00000000ec880000)
 ParOldGen       total 68608K, used 9048K [0x00000000c0000000, 0x00000000c4300000, 0x00000000eab00000)
  object space 68608K, 13% used [0x00000000c0000000,0x00000000c08d6178,0x00000000c4300000)
 Metaspace       used 22853K, committed 23488K, reserved 1114112K
  class space    used 2116K, committed 2368K, reserved 1048576K
}
Event: 3.728 GC heap after
{Heap after GC invocations=8 (full 1):
 PSYoungGen      total 27648K, used 2659K [0x00000000eab00000, 0x00000000eca00000, 0x0000000100000000)
  eden space 24576K, 0% used [0x00000000eab00000,0x00000000eab00000,0x00000000ec300000)
  from space 3072K, 86% used [0x00000000ec400000,0x00000000ec698f38,0x00000000ec700000)
  to   space 3072K, 0% used [0x00000000ec700000,0x00000000ec700000,0x00000000eca00000)
 ParOldGen       total 68608K, used 9056K [0x00000000c0000000, 0x00000000c4300000, 0x00000000eab00000)
  object space 68608K, 13% used [0x00000000c0000000,0x00000000c08d8178,0x00000000c4300000)
 Metaspace       used 22853K, committed 23488K, reserved 1114112K
  class space    used 2116K, committed 2368K, reserved 1048576K
}
Event: 4.246 GC heap before
{Heap before GC invocations=9 (full 1):
 PSYoungGen      total 27648K, used 27235K [0x00000000eab00000, 0x00000000eca00000, 0x0000000100000000)
  eden space 24576K, 100% used [0x00000000eab00000,0x00000000ec300000,0x00000000ec300000)
  from space 3072K, 86% used [0x00000000ec400000,0x00000000ec698f38,0x00000000ec700000)
  to   space 3072K, 0% used [0x00000000ec700000,0x00000000ec700000,0x00000000eca00000)
 ParOldGen       total 68608K, used 9056K [0x00000000c0000000, 0x00000000c4300000, 0x00000000eab00000)
  object space 68608K, 13% used [0x00000000c0000000,0x00000000c08d8178,0x00000000c4300000)
 Metaspace       used 26400K, committed 27200K, reserved 1114112K
  class space    used 2494K, committed 2816K, reserved 1048576K
}
Event: 4.257 GC heap after
{Heap after GC invocations=9 (full 1):
 PSYoungGen      total 26624K, used 3045K [0x00000000eab00000, 0x00000000ecc80000, 0x0000000100000000)
  eden space 23552K, 0% used [0x00000000eab00000,0x00000000eab00000,0x00000000ec200000)
  from space 3072K, 99% used [0x00000000ec700000,0x00000000ec9f9600,0x00000000eca00000)
  to   space 5120K, 0% used [0x00000000ec200000,0x00000000ec200000,0x00000000ec700000)
 ParOldGen       total 68608K, used 10472K [0x00000000c0000000, 0x00000000c4300000, 0x00000000eab00000)
  object space 68608K, 15% used [0x00000000c0000000,0x00000000c0a3a208,0x00000000c4300000)
 Metaspace       used 26400K, committed 27200K, reserved 1114112K
  class space    used 2494K, committed 2816K, reserved 1048576K
}

Dll operation events (10 events):
Event: 0.009 Loaded shared library c:\Users\Asus\.vscode\extensions\redhat.java-1.41.0-win32-x64\jre\21.0.6-win32-x86_64\bin\java.dll
Event: 0.108 Loaded shared library c:\Users\Asus\.vscode\extensions\redhat.java-1.41.0-win32-x64\jre\21.0.6-win32-x86_64\bin\zip.dll
Event: 0.134 Loaded shared library C:\Users\Asus\.vscode\extensions\redhat.java-1.41.0-win32-x64\jre\21.0.6-win32-x86_64\bin\instrument.dll
Event: 0.139 Loaded shared library C:\Users\Asus\.vscode\extensions\redhat.java-1.41.0-win32-x64\jre\21.0.6-win32-x86_64\bin\net.dll
Event: 0.142 Loaded shared library C:\Users\Asus\.vscode\extensions\redhat.java-1.41.0-win32-x64\jre\21.0.6-win32-x86_64\bin\nio.dll
Event: 0.146 Loaded shared library C:\Users\Asus\.vscode\extensions\redhat.java-1.41.0-win32-x64\jre\21.0.6-win32-x86_64\bin\zip.dll
Event: 0.171 Loaded shared library C:\Users\Asus\.vscode\extensions\redhat.java-1.41.0-win32-x64\jre\21.0.6-win32-x86_64\bin\jimage.dll
Event: 0.273 Loaded shared library c:\Users\Asus\.vscode\extensions\redhat.java-1.41.0-win32-x64\jre\21.0.6-win32-x86_64\bin\verify.dll
Event: 1.917 Loaded shared library C:\Users\Asus\AppData\Roaming\Code\User\globalStorage\redhat.java\1.41.0\config_ss_win\org.eclipse.equinox.launcher\org.eclipse.equinox.launcher.win32.win32.x86_64_1.2.1300.v20250325-0811\eclipse_11911.dll
Event: 2.930 Loaded shared library C:\Users\Asus\AppData\Local\Temp\jna-2050672\jna11032932594459625817.dll

Deoptimization events (20 events):
Event: 4.329 Thread 0x000002b96d626520 Uncommon trap: trap_request=0xffffffde fr.pc=0x000002b91ca7234c relative=0x000000000000012c
Event: 4.329 Thread 0x000002b96d626520 Uncommon trap: reason=class_check action=maybe_recompile pc=0x000002b91ca7234c method=jdk.internal.misc.Unsafe.allocateUninitializedArray(Ljava/lang/Class;I)Ljava/lang/Object; @ 51 c2
Event: 4.329 Thread 0x000002b96d626520 DEOPT PACKING pc=0x000002b91ca7234c sp=0x000000f9300fa3a0
Event: 4.329 Thread 0x000002b96d626520 DEOPT UNPACKING pc=0x000002b91c3a6da2 sp=0x000000f9300fa318 mode 2
Event: 4.422 Thread 0x000002b911c2c4c0 Uncommon trap: trap_request=0xffffff45 fr.pc=0x000002b91ca0b71c relative=0x000000000000033c
Event: 4.422 Thread 0x000002b911c2c4c0 Uncommon trap: reason=unstable_if action=reinterpret pc=0x000002b91ca0b71c method=java.util.regex.Pattern$BmpCharPropertyGreedy.match(Ljava/util/regex/Matcher;ILjava/lang/CharSequence;)Z @ 12 c2
Event: 4.422 Thread 0x000002b911c2c4c0 DEOPT PACKING pc=0x000002b91ca0b71c sp=0x000000f92e2fce70
Event: 4.422 Thread 0x000002b911c2c4c0 DEOPT UNPACKING pc=0x000002b91c3a6da2 sp=0x000000f92e2fce08 mode 2
Event: 4.488 Thread 0x000002b911c2c4c0 Uncommon trap: trap_request=0xffffff45 fr.pc=0x000002b91c9c4a70 relative=0x00000000000008b0
Event: 4.488 Thread 0x000002b911c2c4c0 Uncommon trap: reason=unstable_if action=reinterpret pc=0x000002b91c9c4a70 method=jdk.internal.org.objectweb.asm.SymbolTable.put(Ljdk/internal/org/objectweb/asm/SymbolTable$Entry;)Ljdk/internal/org/objectweb/asm/SymbolTable$Entry; @ 13 c2
Event: 4.488 Thread 0x000002b911c2c4c0 DEOPT PACKING pc=0x000002b91c9c4a70 sp=0x000000f92e2fe370
Event: 4.488 Thread 0x000002b911c2c4c0 DEOPT UNPACKING pc=0x000002b91c3a6da2 sp=0x000000f92e2fe288 mode 2
Event: 4.498 Thread 0x000002b911c2c4c0 Uncommon trap: trap_request=0xffffff45 fr.pc=0x000002b91ca2e928 relative=0x00000000000000e8
Event: 4.498 Thread 0x000002b911c2c4c0 Uncommon trap: reason=unstable_if action=reinterpret pc=0x000002b91ca2e928 method=java.lang.CharacterDataLatin1.digit(II)I @ 7 c2
Event: 4.498 Thread 0x000002b911c2c4c0 DEOPT PACKING pc=0x000002b91ca2e928 sp=0x000000f92e2fe630
Event: 4.498 Thread 0x000002b911c2c4c0 DEOPT UNPACKING pc=0x000002b91c3a6da2 sp=0x000000f92e2fe4f0 mode 2
Event: 4.499 Thread 0x000002b911c2c4c0 Uncommon trap: trap_request=0xffffff45 fr.pc=0x000002b91c9296c8 relative=0x00000000000000a8
Event: 4.499 Thread 0x000002b911c2c4c0 Uncommon trap: reason=unstable_if action=reinterpret pc=0x000002b91c9296c8 method=java.lang.CharacterDataLatin1.digit(II)I @ 7 c2
Event: 4.499 Thread 0x000002b911c2c4c0 DEOPT PACKING pc=0x000002b91c9296c8 sp=0x000000f92e2fe580
Event: 4.499 Thread 0x000002b911c2c4c0 DEOPT UNPACKING pc=0x000002b91c3a6da2 sp=0x000000f92e2fe500 mode 2

Classes loaded (20 events):
Event: 4.450 Loading class java/util/Currency
Event: 4.451 Loading class java/util/Currency done
Event: 4.454 Loading class java/util/concurrent/atomic/AtomicLongArray
Event: 4.454 Loading class java/util/concurrent/atomic/AtomicLongArray done
Event: 4.497 Loading class sun/nio/ch/PendingFuture
Event: 4.497 Loading class sun/nio/ch/PendingFuture done
Event: 4.498 Loading class sun/nio/ch/WindowsAsynchronousFileChannelImpl$ReadTask
Event: 4.498 Loading class sun/nio/ch/Iocp$ResultHandler
Event: 4.498 Loading class java/text/ParsePosition
Event: 4.498 Loading class sun/nio/ch/Iocp$ResultHandler done
Event: 4.498 Loading class sun/nio/ch/WindowsAsynchronousFileChannelImpl$ReadTask done
Event: 4.498 Loading class java/text/ParsePosition done
Event: 4.498 Loading class java/text/CalendarBuilder
Event: 4.498 Loading class java/text/CalendarBuilder done
Event: 4.499 Loading class sun/util/locale/provider/CalendarDataUtility$CalendarFieldValueNamesMapGetter
Event: 4.499 Loading class sun/util/locale/provider/CalendarDataUtility$CalendarFieldValueNamesMapGetter done
Event: 4.500 Loading class sun/util/cldr/CLDRCalendarNameProviderImpl
Event: 4.500 Loading class sun/util/locale/provider/CalendarNameProviderImpl
Event: 4.500 Loading class sun/util/locale/provider/CalendarNameProviderImpl done
Event: 4.501 Loading class sun/util/cldr/CLDRCalendarNameProviderImpl done

Classes unloaded (7 events):
Event: 3.444 Thread 0x000002b911cee870 Unloading class 0x000002b92717c000 'java/lang/invoke/LambdaForm$MH+0x000002b92717c000'
Event: 3.444 Thread 0x000002b911cee870 Unloading class 0x000002b92717bc00 'java/lang/invoke/LambdaForm$MH+0x000002b92717bc00'
Event: 3.444 Thread 0x000002b911cee870 Unloading class 0x000002b92717b800 'java/lang/invoke/LambdaForm$MH+0x000002b92717b800'
Event: 3.444 Thread 0x000002b911cee870 Unloading class 0x000002b92717b400 'java/lang/invoke/LambdaForm$MH+0x000002b92717b400'
Event: 3.444 Thread 0x000002b911cee870 Unloading class 0x000002b92717b000 'java/lang/invoke/LambdaForm$BMH+0x000002b92717b000'
Event: 3.444 Thread 0x000002b911cee870 Unloading class 0x000002b92717ac00 'java/lang/invoke/LambdaForm$DMH+0x000002b92717ac00'
Event: 3.444 Thread 0x000002b911cee870 Unloading class 0x000002b927179800 'java/lang/invoke/LambdaForm$DMH+0x000002b927179800'

Classes redefined (0 events):
No events

Internal exceptions (20 events):
Event: 4.168 Thread 0x000002b911c2c4c0 Exception <a 'java/lang/NoSuchMethodError'{0x00000000ebb55c10}: 'java.lang.Object java.lang.invoke.DirectMethodHandle$Holder.invokeStaticInit(java.lang.Object, long, java.lang.Object)'> (0x00000000ebb55c10) 
thrown [s\src\hotspot\share\interpreter\linkResolver.cpp, line 773]
Event: 4.169 Thread 0x000002b911c2c4c0 Exception <a 'java/lang/NoSuchMethodError'{0x00000000ebb5b2d0}: 'java.lang.Object java.lang.invoke.DirectMethodHandle$Holder.newInvokeSpecial(java.lang.Object, long)'> (0x00000000ebb5b2d0) 
thrown [s\src\hotspot\share\interpreter\linkResolver.cpp, line 773]
Event: 4.262 Thread 0x000002b96d626520 Exception <a 'sun/nio/fs/WindowsException'{0x00000000eab40278}> (0x00000000eab40278) 
thrown [s\src\hotspot\share\prims\jni.cpp, line 520]
Event: 4.262 Thread 0x000002b96d626520 Exception <a 'sun/nio/fs/WindowsException'{0x00000000eab40a68}> (0x00000000eab40a68) 
thrown [s\src\hotspot\share\prims\jni.cpp, line 520]
Event: 4.262 Thread 0x000002b96d626520 Exception <a 'sun/nio/fs/WindowsException'{0x00000000eab417b8}> (0x00000000eab417b8) 
thrown [s\src\hotspot\share\prims\jni.cpp, line 520]
Event: 4.262 Thread 0x000002b96d626520 Exception <a 'sun/nio/fs/WindowsException'{0x00000000eab41fa8}> (0x00000000eab41fa8) 
thrown [s\src\hotspot\share\prims\jni.cpp, line 520]
Event: 4.268 Thread 0x000002b96d626520 Exception <a 'sun/nio/fs/WindowsException'{0x00000000eab874e0}> (0x00000000eab874e0) 
thrown [s\src\hotspot\share\prims\jni.cpp, line 520]
Event: 4.268 Thread 0x000002b96d626520 Exception <a 'sun/nio/fs/WindowsException'{0x00000000eab87cd0}> (0x00000000eab87cd0) 
thrown [s\src\hotspot\share\prims\jni.cpp, line 520]
Event: 4.270 Thread 0x000002b96d626520 Exception <a 'sun/nio/fs/WindowsException'{0x00000000eabff7f0}> (0x00000000eabff7f0) 
thrown [s\src\hotspot\share\prims\jni.cpp, line 520]
Event: 4.271 Thread 0x000002b96d626520 Exception <a 'sun/nio/fs/WindowsException'{0x00000000eabfffe0}> (0x00000000eabfffe0) 
thrown [s\src\hotspot\share\prims\jni.cpp, line 520]
Event: 4.274 Thread 0x000002b96d626520 Exception <a 'java/lang/NoSuchMethodError'{0x00000000eac4fd48}: 'void java.lang.invoke.DirectMethodHandle$Holder.invokeVirtual(java.lang.Object, java.lang.Object, java.lang.Object, java.lang.Object)'> (0x00000000eac4fd48) 
thrown [s\src\hotspot\share\interpreter\linkResolver.cpp, line 773]
Event: 4.382 Thread 0x000002b96d626520 Exception <a 'java/io/FileNotFoundException'{0x00000000eb182648}> (0x00000000eb182648) 
thrown [s\src\hotspot\share\prims\jni.cpp, line 520]
Event: 4.382 Thread 0x000002b96d626520 Exception <a 'java/io/FileNotFoundException'{0x00000000eb1838b8}> (0x00000000eb1838b8) 
thrown [s\src\hotspot\share\prims\jni.cpp, line 520]
Event: 4.384 Thread 0x000002b96d626520 Exception <a 'java/lang/NoSuchMethodError'{0x00000000eb191638}: 'java.lang.Object java.lang.invoke.DirectMethodHandle$Holder.newInvokeSpecial(java.lang.Object, java.lang.Object, java.lang.Object, int)'> (0x00000000eb191638) 
thrown [s\src\hotspot\share\interpreter\linkResolver.cpp, line 773]
Event: 4.385 Thread 0x000002b96d626520 Exception <a 'java/lang/NoSuchMethodError'{0x00000000eb195250}: 'java.lang.Object java.lang.invoke.DirectMethodHandle$Holder.invokeSpecial(java.lang.Object, java.lang.Object, java.lang.Object, java.lang.Object, int)'> (0x00000000eb195250) 
thrown [s\src\hotspot\share\interpreter\linkResolver.cpp, line 773]
Event: 4.385 Thread 0x000002b96d626520 Exception <a 'java/lang/NoSuchMethodError'{0x00000000eb1986e8}: 'java.lang.Object java.lang.invoke.Invokers$Holder.linkToTargetMethod(java.lang.Object, java.lang.Object, int, java.lang.Object)'> (0x00000000eb1986e8) 
thrown [s\src\hotspot\share\interpreter\linkResolver.cpp, line 773]
Event: 4.388 Thread 0x000002b96d626520 Exception <a 'java/lang/NoSuchMethodError'{0x00000000eb1a3f28}: 'void java.lang.invoke.DirectMethodHandle$Holder.invokeStaticInit(java.lang.Object, java.lang.Object, java.lang.Object)'> (0x00000000eb1a3f28) 
thrown [s\src\hotspot\share\interpreter\linkResolver.cpp, line 773]
Event: 4.476 Thread 0x000002b911c2c4c0 Exception <a 'java/lang/NoSuchMethodError'{0x00000000eb680d88}: 'void java.lang.invoke.DirectMethodHandle$Holder.invokeSpecial(java.lang.Object, java.lang.Object, java.lang.Object, java.lang.Object, java.lang.Object, java.lang.Object)'> (0x00000000eb680d88) 
thrown [s\src\hotspot\share\interpreter\linkResolver.cpp, line 773]
Event: 4.477 Thread 0x000002b911c2c4c0 Exception <a 'java/lang/IncompatibleClassChangeError'{0x00000000eb688818}: Found class java.lang.Object, but interface was expected> (0x00000000eb688818) 
thrown [s\src\hotspot\share\interpreter\linkResolver.cpp, line 840]
Event: 4.477 Thread 0x000002b911c2c4c0 Exception <a 'java/lang/IncompatibleClassChangeError'{0x00000000eb68a4e0}: Found class java.lang.Object, but interface was expected> (0x00000000eb68a4e0) 
thrown [s\src\hotspot\share\interpreter\linkResolver.cpp, line 840]

ZGC Phase Switch (0 events):
No events

VM Operations (20 events):
Event: 3.370 Executing VM operation: ParallelGCFailedAllocation (Allocation Failure)
Event: 3.374 Executing VM operation: ParallelGCFailedAllocation (Allocation Failure) done
Event: 3.436 Executing VM operation: CollectForMetadataAllocation (Metadata GC Threshold)
Event: 3.469 Executing VM operation: CollectForMetadataAllocation (Metadata GC Threshold) done
Event: 3.629 Executing VM operation: HandshakeAllThreads (Deoptimize)
Event: 3.629 Executing VM operation: HandshakeAllThreads (Deoptimize) done
Event: 3.726 Executing VM operation: ParallelGCFailedAllocation (Allocation Failure)
Event: 3.728 Executing VM operation: ParallelGCFailedAllocation (Allocation Failure) done
Event: 3.758 Executing VM operation: HandshakeAllThreads (Deoptimize)
Event: 3.758 Executing VM operation: HandshakeAllThreads (Deoptimize) done
Event: 3.821 Executing VM operation: HandshakeAllThreads (Deoptimize)
Event: 3.821 Executing VM operation: HandshakeAllThreads (Deoptimize) done
Event: 3.834 Executing VM operation: HandshakeAllThreads (Deoptimize)
Event: 3.834 Executing VM operation: HandshakeAllThreads (Deoptimize) done
Event: 3.835 Executing VM operation: HandshakeAllThreads (Deoptimize)
Event: 3.835 Executing VM operation: HandshakeAllThreads (Deoptimize) done
Event: 4.006 Executing VM operation: HandshakeAllThreads (Deoptimize)
Event: 4.006 Executing VM operation: HandshakeAllThreads (Deoptimize) done
Event: 4.245 Executing VM operation: ParallelGCFailedAllocation (Allocation Failure)
Event: 4.257 Executing VM operation: ParallelGCFailedAllocation (Allocation Failure) done

Memory protections (0 events):
No events

Nmethod flushes (0 events):
No events

Events (20 events):
Event: 2.956 Thread 0x000002b96d625e90 Thread added: 0x000002b96d627240
Event: 3.002 Thread 0x000002b96d625e90 Thread added: 0x000002b96d626520
Event: 3.030 Thread 0x000002b96d625e90 Thread added: 0x000002b96d626bb0
Event: 3.283 Thread 0x000002b96d79df90 Thread exited: 0x000002b96d79df90
Event: 3.698 Thread 0x000002b96d625e90 Thread added: 0x000002b96d624ae0
Event: 3.752 Thread 0x000002b968aacc50 Thread added: 0x000002b96dfc2220
Event: 3.804 Thread 0x000002b96d624ae0 Thread exited: 0x000002b96d624ae0
Event: 4.176 Thread 0x000002b911c2c4c0 Thread added: 0x000002b96d627f60
Event: 4.176 Thread 0x000002b911c2c4c0 Thread added: 0x000002b96d624ae0
Event: 4.176 Thread 0x000002b911c2c4c0 Thread added: 0x000002b96f272940
Event: 4.177 Thread 0x000002b911c2c4c0 Thread added: 0x000002b96f273cf0
Event: 4.177 Thread 0x000002b911c2c4c0 Thread added: 0x000002b96f271c20
Event: 4.177 Thread 0x000002b911c2c4c0 Thread added: 0x000002b96f2722b0
Event: 4.177 Thread 0x000002b911c2c4c0 Thread added: 0x000002b96f272fd0
Event: 4.177 Thread 0x000002b911c2c4c0 Thread added: 0x000002b96f273660
Event: 4.177 Thread 0x000002b911c2c4c0 Thread added: 0x000002b96f270870
Event: 4.198 Thread 0x000002b911c2c4c0 Thread added: 0x000002b96f274380
Event: 4.236 Thread 0x000002b96d626bb0 Thread added: 0x000002b96f270f00
Event: 4.495 Thread 0x000002b911c2c4c0 Thread added: 0x000002b96f271590
Event: 4.495 Thread 0x000002b911c2c4c0 Thread added: 0x000002b96f276ae0


Dynamic libraries:
0x00007ff632180000 - 0x00007ff63218e000 	c:\Users\Asus\.vscode\extensions\redhat.java-1.41.0-win32-x64\jre\21.0.6-win32-x86_64\bin\java.exe
0x00007ffd6c4e0000 - 0x00007ffd6c743000 	C:\WINDOWS\SYSTEM32\ntdll.dll
0x00007ffd6bfc0000 - 0x00007ffd6c088000 	C:\WINDOWS\System32\KERNEL32.DLL
0x00007ffd69ec0000 - 0x00007ffd6a272000 	C:\WINDOWS\System32\KERNELBASE.dll
0x00007ffd637d0000 - 0x00007ffd637e8000 	c:\Users\Asus\.vscode\extensions\redhat.java-1.41.0-win32-x64\jre\21.0.6-win32-x86_64\bin\jli.dll
0x00007ffd69ac0000 - 0x00007ffd69c0b000 	C:\WINDOWS\System32\ucrtbase.dll
0x00007ffd6a520000 - 0x00007ffd6a6e8000 	C:\WINDOWS\System32\USER32.dll
0x00007ffd69960000 - 0x00007ffd69987000 	C:\WINDOWS\System32\win32u.dll
0x00007ffd61340000 - 0x00007ffd6135e000 	c:\Users\Asus\.vscode\extensions\redhat.java-1.41.0-win32-x64\jre\21.0.6-win32-x86_64\bin\VCRUNTIME140.dll
0x00007ffd6b270000 - 0x00007ffd6b29a000 	C:\WINDOWS\System32\GDI32.dll
0x00007ffd4f290000 - 0x00007ffd4f520000 	C:\WINDOWS\WinSxS\amd64_microsoft.windows.common-controls_6595b64144ccf1df_6.0.26100.2454_none_3e0b68a2e331ad60\COMCTL32.dll
0x00007ffd69d90000 - 0x00007ffd69ebb000 	C:\WINDOWS\System32\gdi32full.dll
0x00007ffd6b0d0000 - 0x00007ffd6b179000 	C:\WINDOWS\System32\msvcrt.dll
0x00007ffd698b0000 - 0x00007ffd69953000 	C:\WINDOWS\System32\msvcp_win.dll
0x00007ffd6b9c0000 - 0x00007ffd6b9ef000 	C:\WINDOWS\System32\IMM32.DLL
0x00007ffd63620000 - 0x00007ffd6362c000 	c:\Users\Asus\.vscode\extensions\redhat.java-1.41.0-win32-x64\jre\21.0.6-win32-x86_64\bin\vcruntime140_1.dll
0x00007ffd3afa0000 - 0x00007ffd3b02d000 	c:\Users\Asus\.vscode\extensions\redhat.java-1.41.0-win32-x64\jre\21.0.6-win32-x86_64\bin\msvcp140.dll
0x00007ffd220b0000 - 0x00007ffd22e40000 	c:\Users\Asus\.vscode\extensions\redhat.java-1.41.0-win32-x64\jre\21.0.6-win32-x86_64\bin\server\jvm.dll
0x00007ffd6b180000 - 0x00007ffd6b234000 	C:\WINDOWS\System32\ADVAPI32.dll
0x00007ffd6a470000 - 0x00007ffd6a516000 	C:\WINDOWS\System32\sechost.dll
0x00007ffd6c380000 - 0x00007ffd6c496000 	C:\WINDOWS\System32\RPCRT4.dll
0x00007ffd6a6f0000 - 0x00007ffd6a764000 	C:\WINDOWS\System32\WS2_32.dll
0x00007ffd692b0000 - 0x00007ffd692fe000 	C:\WINDOWS\SYSTEM32\POWRPROF.dll
0x00007ffd52df0000 - 0x00007ffd52e26000 	C:\WINDOWS\SYSTEM32\WINMM.dll
0x00007ffd586f0000 - 0x00007ffd586fb000 	C:\WINDOWS\SYSTEM32\VERSION.dll
0x00007ffd69160000 - 0x00007ffd69174000 	C:\WINDOWS\SYSTEM32\UMPDC.dll
0x00007ffd686f0000 - 0x00007ffd6870a000 	C:\WINDOWS\SYSTEM32\kernel.appcore.dll
0x00007ffd60f70000 - 0x00007ffd60f7a000 	c:\Users\Asus\.vscode\extensions\redhat.java-1.41.0-win32-x64\jre\21.0.6-win32-x86_64\bin\jimage.dll
0x00007ffd67040000 - 0x00007ffd67281000 	C:\WINDOWS\SYSTEM32\DBGHELP.DLL
0x00007ffd6ba50000 - 0x00007ffd6bdce000 	C:\WINDOWS\System32\combase.dll
0x00007ffd6be40000 - 0x00007ffd6bf16000 	C:\WINDOWS\System32\OLEAUT32.dll
0x00007ffd49ba0000 - 0x00007ffd49bd9000 	C:\WINDOWS\SYSTEM32\dbgcore.DLL
0x00007ffd69990000 - 0x00007ffd69a29000 	C:\WINDOWS\System32\bcryptPrimitives.dll
0x00007ffd60f60000 - 0x00007ffd60f6f000 	c:\Users\Asus\.vscode\extensions\redhat.java-1.41.0-win32-x64\jre\21.0.6-win32-x86_64\bin\instrument.dll
0x00007ffd60f40000 - 0x00007ffd60f5f000 	c:\Users\Asus\.vscode\extensions\redhat.java-1.41.0-win32-x64\jre\21.0.6-win32-x86_64\bin\java.dll
0x00007ffd6a9c0000 - 0x00007ffd6b0c0000 	C:\WINDOWS\System32\SHELL32.dll
0x00007ffd675e0000 - 0x00007ffd67e11000 	C:\WINDOWS\SYSTEM32\windows.storage.dll
0x00007ffd6c0b0000 - 0x00007ffd6c18a000 	C:\WINDOWS\System32\SHCORE.dll
0x00007ffd6a340000 - 0x00007ffd6a39d000 	C:\WINDOWS\System32\shlwapi.dll
0x00007ffd697c0000 - 0x00007ffd697ee000 	C:\WINDOWS\SYSTEM32\profapi.dll
0x00007ffd548d0000 - 0x00007ffd548e8000 	c:\Users\Asus\.vscode\extensions\redhat.java-1.41.0-win32-x64\jre\21.0.6-win32-x86_64\bin\zip.dll
0x00007ffd60f30000 - 0x00007ffd60f40000 	C:\Users\Asus\.vscode\extensions\redhat.java-1.41.0-win32-x64\jre\21.0.6-win32-x86_64\bin\net.dll
0x00007ffd64190000 - 0x00007ffd642b6000 	C:\WINDOWS\SYSTEM32\WINHTTP.dll
0x00007ffd68bf0000 - 0x00007ffd68c58000 	C:\WINDOWS\system32\mswsock.dll
0x00007ffd548b0000 - 0x00007ffd548c6000 	C:\Users\Asus\.vscode\extensions\redhat.java-1.41.0-win32-x64\jre\21.0.6-win32-x86_64\bin\nio.dll
0x00007ffd60ee0000 - 0x00007ffd60ef0000 	c:\Users\Asus\.vscode\extensions\redhat.java-1.41.0-win32-x64\jre\21.0.6-win32-x86_64\bin\verify.dll
0x00007ffd32e90000 - 0x00007ffd32ed5000 	C:\Users\Asus\AppData\Roaming\Code\User\globalStorage\redhat.java\1.41.0\config_ss_win\org.eclipse.equinox.launcher\org.eclipse.equinox.launcher.win32.win32.x86_64_1.2.1300.v20250325-0811\eclipse_11911.dll
0x00007ffd6b820000 - 0x00007ffd6b9b9000 	C:\WINDOWS\System32\ole32.dll
0x00007ffd68f00000 - 0x00007ffd68f1c000 	C:\WINDOWS\SYSTEM32\CRYPTSP.dll
0x00007ffd68650000 - 0x00007ffd68688000 	C:\WINDOWS\system32\rsaenh.dll
0x00007ffd68c90000 - 0x00007ffd68cbb000 	C:\WINDOWS\SYSTEM32\USERENV.dll
0x00007ffd69180000 - 0x00007ffd691a6000 	C:\WINDOWS\SYSTEM32\bcrypt.dll
0x00007ffd69060000 - 0x00007ffd6906c000 	C:\WINDOWS\SYSTEM32\CRYPTBASE.dll
0x00007ffd68270000 - 0x00007ffd682a2000 	C:\WINDOWS\SYSTEM32\IPHLPAPI.DLL
0x00007ffd6a460000 - 0x00007ffd6a46a000 	C:\WINDOWS\System32\NSI.dll
0x00007ffd31860000 - 0x00007ffd318a9000 	C:\Users\Asus\AppData\Local\Temp\jna-2050672\jna11032932594459625817.dll
0x00007ffd6c0a0000 - 0x00007ffd6c0a8000 	C:\WINDOWS\System32\PSAPI.DLL
0x00007ffd650b0000 - 0x00007ffd650ce000 	C:\WINDOWS\SYSTEM32\dhcpcsvc6.DLL
0x00007ffd65080000 - 0x00007ffd650a5000 	C:\WINDOWS\SYSTEM32\dhcpcsvc.DLL

dbghelp: loaded successfully - version: 4.0.5 - missing functions: none
symbol engine: initialized successfully - sym options: 0x614 - pdb path: .;c:\Users\Asus\.vscode\extensions\redhat.java-1.41.0-win32-x64\jre\21.0.6-win32-x86_64\bin;C:\WINDOWS\SYSTEM32;C:\WINDOWS\WinSxS\amd64_microsoft.windows.common-controls_6595b64144ccf1df_6.0.26100.2454_none_3e0b68a2e331ad60;c:\Users\Asus\.vscode\extensions\redhat.java-1.41.0-win32-x64\jre\21.0.6-win32-x86_64\bin\server;C:\Users\Asus\AppData\Roaming\Code\User\globalStorage\redhat.java\1.41.0\config_ss_win\org.eclipse.equinox.launcher\org.eclipse.equinox.launcher.win32.win32.x86_64_1.2.1300.v20250325-0811;C:\Users\Asus\AppData\Local\Temp\jna-2050672

VM Arguments:
jvm_args: --add-modules=ALL-SYSTEM --add-opens=java.base/java.util=ALL-UNNAMED --add-opens=java.base/java.lang=ALL-UNNAMED --add-opens=java.base/sun.nio.fs=ALL-UNNAMED -Declipse.application=org.eclipse.jdt.ls.core.id1 -Dosgi.bundles.defaultStartLevel=4 -Declipse.product=org.eclipse.jdt.ls.core.product -Djava.import.generatesMetadataFilesAtProjectRoot=false -DDetectVMInstallationsJob.disabled=true -Dfile.encoding=utf8 -XX:+UseParallelGC -XX:GCTimeRatio=4 -XX:AdaptiveSizePolicyWeight=90 -Dsun.zip.disableMemoryMapping=true -Xmx1G -Xms100m -Xlog:disable -javaagent:c:\Users\Asus\.vscode\extensions\redhat.java-1.41.0-win32-x64\lombok\lombok-1.18.36.jar 
java_command: c:\Users\Asus\.vscode\extensions\redhat.java-1.41.0-win32-x64\server\plugins\org.eclipse.equinox.launcher_1.6.1100.v20250306-0509.jar -configuration c:\Users\Asus\AppData\Roaming\Code\User\globalStorage\redhat.java\1.41.0\config_ss_win -data c:\Users\Asus\AppData\Roaming\Code\User\workspaceStorage\6f0e533d9ff133c7631d155b4f25a028\redhat.java\ss_ws --pipe=\\.\pipe\lsp-ae2849f98c76c52ed0a7d711930d306d-sock
java_class_path (initial): c:\Users\Asus\.vscode\extensions\redhat.java-1.41.0-win32-x64\server\plugins\org.eclipse.equinox.launcher_1.6.1100.v20250306-0509.jar
Launcher Type: SUN_STANDARD

[Global flags]
    uintx AdaptiveSizePolicyWeight                 = 90                                        {product} {command line}
     intx CICompilerCount                          = 4                                         {product} {ergonomic}
    uintx GCTimeRatio                              = 4                                         {product} {command line}
   size_t InitialHeapSize                          = 104857600                                 {product} {command line}
   size_t MaxHeapSize                              = 1073741824                                {product} {command line}
   size_t MaxNewSize                               = 357564416                                 {product} {ergonomic}
   size_t MinHeapDeltaBytes                        = 524288                                    {product} {ergonomic}
   size_t MinHeapSize                              = 104857600                                 {product} {command line}
   size_t NewSize                                  = 34603008                                  {product} {ergonomic}
    uintx NonNMethodCodeHeapSize                   = 5839372                                {pd product} {ergonomic}
    uintx NonProfiledCodeHeapSize                  = 122909434                              {pd product} {ergonomic}
   size_t OldSize                                  = 70254592                                  {product} {ergonomic}
    uintx ProfiledCodeHeapSize                     = 122909434                              {pd product} {ergonomic}
    uintx ReservedCodeCacheSize                    = 251658240                              {pd product} {ergonomic}
     bool SegmentedCodeCache                       = true                                      {product} {ergonomic}
   size_t SoftMaxHeapSize                          = 1073741824                             {manageable} {ergonomic}
     bool UseCompressedOops                        = true                           {product lp64_product} {ergonomic}
     bool UseLargePagesIndividualAllocation        = false                                  {pd product} {ergonomic}
     bool UseParallelGC                            = true                                      {product} {command line}

Logging:
Log output configuration:
 #0: stdout all=off uptime,level,tags foldmultilines=false
 #1: stderr all=off uptime,level,tags foldmultilines=false

Environment Variables:
JAVA_HOME=C:\Users\Asus\AppData\Local\Programs\Eclipse Adoptium\jdk-17.0.6.10-hotspot\
PATH=C:\Python312\Scripts\;C:\Python312\;C:\Users\Asus\AppData\Local\Programs\Python\Python311\Scripts\;C:\WINDOWS;C:\WINDOWS\System32\Wbem;C:\WINDOWS\System32\WindowsPowerShell\v1.0\;C:\WINDOWS\System32\OpenSSH\;C:\MinGW\bin;C:\Program Files (x86)\Microsoft SQL Server\160\Tools\Binn\;C:\Program Files\Microsoft SQL Server\160\Tools\Binn\;C:\Program Files\Microsoft SQL Server\Client SDK\ODBC\170\Tools\Binn\;C:\Program Files\Microsoft SQL Server\160\DTS\Binn\;C:\Program Files\Azure Data Studio\bin;C:\Program Files\Git\cmd;C:\Users\Asus\AppData\Local\Programs\Python\Python311\Scripts;C:\Users\Asus\AppData\Local\Programs\Python\Python311\;C:\Users\Asus\AppData\Local\Programs\Python\Python311\Scripts;C:\Users\Asus\AppData\Local\Programs\Python\Python311\Scripts;C:\Users\Asus\AppData\Local\Programs\Python\Python311\;C:\;C:\ProgramData\chocolatey\bin;C:\Program Files\MongoDB\Server\8.0\bin;C:\Program Files\MongoDB\Server\8.0\bin;C:\Users\Asus\AppData\Local\Programs\Eclipse Adoptium\jdk-17.0.6.10-hotspot\bin;C:\Users\Asus\AppData\Local\Programs\Python\Python311\Scripts\;C:\Users\Asus\AppData\Local\Programs\Python\Python311\;C:\Users\Asus\AppData\Local\Microsoft\WindowsApps;C:\Program Files\JetBrains\PyCharm Community Edition 2022.3.2\bin;;C:\Program Files\Azure Data Studio\bin;C:\Users\Asus\AppData\Local\GitHubDesktop\bin;C:\Users\Asus\Downloads\apache-maven-4.0.0-rc-1-bin\apache-maven-4.0.0-rc-1;C:\Users\Asus\AppData\Roaming\npm;C:\Users\Asus\AppData\Roaming\Python\Python312\Scripts;C:\Users\Asus\Desktop\Microsoft VS Code\bin
USERNAME=Asus
OS=Windows_NT
PROCESSOR_IDENTIFIER=Intel64 Family 6 Model 140 Stepping 1, GenuineIntel
TMP=C:\Users\Asus\AppData\Local\Temp
TEMP=C:\Users\Asus\AppData\Local\Temp




Periodic native trim disabled

---------------  S Y S T E M  ---------------

OS:
 Windows 11 , 64 bit Build 26100 (10.0.26100.2454)
OS uptime: 0 days 0:17 hours

CPU: total 8 (initial active 8) (4 cores per cpu, 2 threads per core) family 6 model 140 stepping 1 microcode 0x86, cx8, cmov, fxsr, ht, mmx, 3dnowpref, sse, sse2, sse3, ssse3, sse4.1, sse4.2, popcnt, lzcnt, tsc, tscinvbit, avx, avx2, aes, erms, clmul, bmi1, bmi2, adx, avx512f, avx512dq, avx512cd, avx512bw, avx512vl, sha, fma, vzeroupper, avx512_vpopcntdq, avx512_vpclmulqdq, avx512_vaes, avx512_vnni, clflush, clflushopt, clwb, avx512_vbmi2, avx512_vbmi, rdtscp, rdpid, fsrm, gfni, avx512_bitalg, f16c, pku, cet_ibt, cet_ss, avx512_ifma
Processor Information for the first 8 processors :
  Max Mhz: 2419, Current Mhz: 2419, Mhz Limit: 2419

Memory: 4k page, system-wide physical 7886M (920M free)
TotalPageFile size 11287M (AvailPageFile size 34M)
current process WorkingSet (physical memory assigned to process): 175M, peak: 177M
current process commit charge ("private bytes"): 274M, peak: 276M

vm_info: OpenJDK 64-Bit Server VM (21.0.6+7-LTS) for windows-amd64 JRE (21.0.6+7-LTS), built on 2025-01-21T00:00:00Z by "admin" with MS VC++ 17.7 (VS2022)

END.
