#
# There is insufficient memory for the Java Runtime Environment to continue.
# Native memory allocation (malloc) failed to allocate 1790576 bytes. Error detail: Chunk::new
# Possible reasons:
#   The system is out of physical RAM or swap space
#   This process is running with CompressedOops enabled, and the Java Heap may be blocking the growth of the native heap
# Possible solutions:
#   Reduce memory load on the system
#   Increase physical memory or swap space
#   Check if swap backing store is full
#   Decrease Java heap size (-Xmx/-Xms)
#   Decrease number of Java threads
#   Decrease Java thread stack sizes (-Xss)
#   Set larger code cache with -XX:ReservedCodeCacheSize=
#   JVM is running with Unscaled Compressed Oops mode in which the Java heap is
#     placed in the first 4GB address space. The Java Heap base address is the
#     maximum limit for the native heap growth. Please use -XX:HeapBaseMinAddress
#     to set the Java Heap base and to place the Java Heap above 4GB virtual address.
# This output file may be truncated or incomplete.
#
#  Out of Memory Error (arena.cpp:168), pid=23784, tid=11512
#
# JRE version: OpenJDK Runtime Environment Temurin-21.0.8+9 (21.0.8+9) (build 21.0.8+9-LTS)
# Java VM: OpenJDK 64-Bit Server VM Temurin-21.0.8+9 (21.0.8+9-LTS, mixed mode, sharing, tiered, compressed oops, compressed class ptrs, parallel gc, windows-amd64)
# No core dump will be written. Minidumps are not enabled by default on client versions of Windows
#

---------------  S U M M A R Y ------------

Command Line: --add-modules=ALL-SYSTEM --add-opens=java.base/java.util=ALL-UNNAMED --add-opens=java.base/java.lang=ALL-UNNAMED --add-opens=java.base/sun.nio.fs=ALL-UNNAMED -Declipse.application=org.eclipse.jdt.ls.core.id1 -Dosgi.bundles.defaultStartLevel=4 -Declipse.product=org.eclipse.jdt.ls.core.product -Djava.import.generatesMetadataFilesAtProjectRoot=false -DDetectVMInstallationsJob.disabled=true -Dfile.encoding=utf8 -XX:+UseParallelGC -XX:GCTimeRatio=4 -XX:AdaptiveSizePolicyWeight=90 -Dsun.zip.disableMemoryMapping=true -Xmx2G -Xms100m -Xlog:disable -javaagent:c:\Users\Asus\.vscode\extensions\redhat.java-1.44.0-win32-x64\lombok\lombok-1.18.39-4050.jar -XX:+HeapDumpOnOutOfMemoryError -XX:HeapDumpPath=c:\Users\Asus\AppData\Roaming\Code\User\workspaceStorage\6f0e533d9ff133c7631d155b4f25a028\redhat.java -Daether.dependencyCollector.impl=bf c:\Users\Asus\.vscode\extensions\redhat.java-1.44.0-win32-x64\server\plugins\org.eclipse.equinox.launcher_1.7.0.v20250519-0528.jar -configuration c:\Users\Asus\AppData\Roaming\Code\User\globalStorage\redhat.java\1.44.0\config_win -data c:\Users\Asus\AppData\Roaming\Code\User\workspaceStorage\6f0e533d9ff133c7631d155b4f25a028\redhat.java\jdt_ws --pipe=\\.\pipe\lsp-0a1787d737591f26aa879aa1974fd099-sock

Host: 11th Gen Intel(R) Core(TM) i5-1135G7 @ 2.40GHz, 8 cores, 7G,  Windows 11 , 64 bit Build 26100 (10.0.26100.2454)
Time: Mon Aug 25 12:09:37 2025 India Standard Time elapsed time: 43.621754 seconds (0d 0h 0m 43s)

---------------  T H R E A D  ---------------

Current thread (0x0000029c0ef2bb40):  JavaThread "C2 CompilerThread1" daemon [_thread_in_native, id=11512, stack(0x000000cf6ec00000,0x000000cf6ed00000) (1024K)]


Current CompileTask:
C2:43621 10605       4       java.lang.reflect.Field::get (39 bytes)

Stack: [0x000000cf6ec00000,0x000000cf6ed00000]
Native frames: (J=compiled Java code, j=interpreted, Vv=VM code, C=native code)
V  [jvm.dll+0x6d2449]
V  [jvm.dll+0x8ae341]
V  [jvm.dll+0x8b08be]
V  [jvm.dll+0x8b0fa3]
V  [jvm.dll+0x280c96]
V  [jvm.dll+0xc581d]
V  [jvm.dll+0xc5d53]
V  [jvm.dll+0x3b9162]
V  [jvm.dll+0x1e1409]
V  [jvm.dll+0x249022]
V  [jvm.dll+0x2484af]
V  [jvm.dll+0x1c89ee]
V  [jvm.dll+0x257d4d]
V  [jvm.dll+0x2562ea]
V  [jvm.dll+0x3f2d16]
V  [jvm.dll+0x857e6b]
V  [jvm.dll+0x6d0b0d]
C  [ucrtbase.dll+0x14ea0]
C  [KERNEL32.DLL+0x2e8d7]
C  [ntdll.dll+0xdfbcc]


---------------  P R O C E S S  ---------------

Threads class SMR info:
_java_thread_list=0x0000029c15194120, length=61, elements={
0x0000029bb50af670, 0x0000029bb5018400, 0x0000029bb515c400, 0x0000029bb501bce0,
0x0000029bb5021170, 0x0000029bb5021800, 0x0000029bb501ea10, 0x0000029bb502dc10,
0x0000029bb504d890, 0x0000029bb501f730, 0x0000029bb501f0a0, 0x0000029bb5021e90,
0x0000029bb501fdc0, 0x0000029bb5020450, 0x0000029bb5020ae0, 0x0000029c0e750790,
0x0000029c0e751b40, 0x0000029c0ef2bb40, 0x0000029c0e750100, 0x0000029c0e7521d0,
0x0000029c0e752860, 0x0000029c0e752ef0, 0x0000029c0e750e20, 0x0000029c13feb220,
0x0000029c13feab90, 0x0000029c13feb8b0, 0x0000029c13fe97e0, 0x0000029c13fec5d0,
0x0000029c13fed2f0, 0x0000029c13fe9e70, 0x0000029c13fed980, 0x0000029c13fea500,
0x0000029c13febf40, 0x0000029c13fee6a0, 0x0000029c13fee010, 0x0000029c13fef3c0,
0x0000029c13feed30, 0x0000029c13fecc60, 0x0000029c13fefa50, 0x0000029c0e753580,
0x0000029c17661e40, 0x0000029c176617b0, 0x0000029c17660a90, 0x0000029c176624d0,
0x0000029c17662b60, 0x0000029c176631f0, 0x0000029c1765fd70, 0x0000029c17660400,
0x0000029c17663f10, 0x0000029c176645a0, 0x0000029c17661120, 0x0000029c17667390,
0x0000029c17666d00, 0x0000029c17666670, 0x0000029c17665950, 0x0000029c1771f410,
0x0000029c177214e0, 0x0000029c17720e50, 0x0000029c1771e060, 0x0000029c1771e6f0,
0x0000029c150e00d0
}

Java Threads: ( => current thread )
  0x0000029bb50af670 JavaThread "main"                              [_thread_blocked, id=23360, stack(0x000000cf6d000000,0x000000cf6d100000) (1024K)]
  0x0000029bb5018400 JavaThread "Reference Handler"          daemon [_thread_blocked, id=8504, stack(0x000000cf6d400000,0x000000cf6d500000) (1024K)]
  0x0000029bb515c400 JavaThread "Finalizer"                  daemon [_thread_blocked, id=21264, stack(0x000000cf6d500000,0x000000cf6d600000) (1024K)]
  0x0000029bb501bce0 JavaThread "Signal Dispatcher"          daemon [_thread_blocked, id=15596, stack(0x000000cf6d600000,0x000000cf6d700000) (1024K)]
  0x0000029bb5021170 JavaThread "Attach Listener"            daemon [_thread_blocked, id=7728, stack(0x000000cf6d700000,0x000000cf6d800000) (1024K)]
  0x0000029bb5021800 JavaThread "Service Thread"             daemon [_thread_blocked, id=12648, stack(0x000000cf6d800000,0x000000cf6d900000) (1024K)]
  0x0000029bb501ea10 JavaThread "Monitor Deflation Thread"   daemon [_thread_blocked, id=8656, stack(0x000000cf6d900000,0x000000cf6da00000) (1024K)]
  0x0000029bb502dc10 JavaThread "C2 CompilerThread0"         daemon [_thread_in_native, id=21516, stack(0x000000cf6da00000,0x000000cf6db00000) (1024K)]
  0x0000029bb504d890 JavaThread "C1 CompilerThread0"         daemon [_thread_in_native, id=9392, stack(0x000000cf6db00000,0x000000cf6dc00000) (1024K)]
  0x0000029bb501f730 JavaThread "Common-Cleaner"             daemon [_thread_blocked, id=8784, stack(0x000000cf6dc00000,0x000000cf6dd00000) (1024K)]
  0x0000029bb501f0a0 JavaThread "Notification Thread"        daemon [_thread_blocked, id=14728, stack(0x000000cf6de00000,0x000000cf6df00000) (1024K)]
  0x0000029bb5021e90 JavaThread "Active Thread: Equinox Container: 36c05605-7484-4c2c-83dc-26c5c0886fab"        [_thread_blocked, id=20940, stack(0x000000cf6e500000,0x000000cf6e600000) (1024K)]
  0x0000029bb501fdc0 JavaThread "Refresh Thread: Equinox Container: 36c05605-7484-4c2c-83dc-26c5c0886fab" daemon [_thread_blocked, id=1372, stack(0x000000cf6e600000,0x000000cf6e700000) (1024K)]
  0x0000029bb5020450 JavaThread "Framework Event Dispatcher: Equinox Container: 36c05605-7484-4c2c-83dc-26c5c0886fab" daemon [_thread_blocked, id=13932, stack(0x000000cf6e700000,0x000000cf6e800000) (1024K)]
  0x0000029bb5020ae0 JavaThread "Start Level: Equinox Container: 36c05605-7484-4c2c-83dc-26c5c0886fab" daemon [_thread_blocked, id=13980, stack(0x000000cf6e800000,0x000000cf6e900000) (1024K)]
  0x0000029c0e750790 JavaThread "Bundle File Closer"         daemon [_thread_blocked, id=19876, stack(0x000000cf6ea00000,0x000000cf6eb00000) (1024K)]
  0x0000029c0e751b40 JavaThread "SCR Component Actor"        daemon [_thread_blocked, id=19880, stack(0x000000cf6e900000,0x000000cf6ea00000) (1024K)]
=>0x0000029c0ef2bb40 JavaThread "C2 CompilerThread1"         daemon [_thread_in_native, id=11512, stack(0x000000cf6ec00000,0x000000cf6ed00000) (1024K)]
  0x0000029c0e750100 JavaThread "Worker-JM"                         [_thread_blocked, id=15088, stack(0x000000cf6ed00000,0x000000cf6ee00000) (1024K)]
  0x0000029c0e7521d0 JavaThread "JNA Cleaner"                daemon [_thread_blocked, id=23448, stack(0x000000cf6ee00000,0x000000cf6ef00000) (1024K)]
  0x0000029c0e752860 JavaThread "Worker-0: Java indexing... "        [_thread_blocked, id=4016, stack(0x000000cf6ef00000,0x000000cf6f000000) (1024K)]
  0x0000029c0e752ef0 JavaThread "Worker-1: Building"                [_thread_blocked, id=9720, stack(0x000000cf6f000000,0x000000cf6f100000) (1024K)]
  0x0000029c0e750e20 JavaThread "Worker-2"                          [_thread_blocked, id=10556, stack(0x000000cf6f100000,0x000000cf6f200000) (1024K)]
  0x0000029c13feb220 JavaThread "Java indexing"              daemon [_thread_in_Java, id=17852, stack(0x000000cf6f300000,0x000000cf6f400000) (1024K)]
  0x0000029c13feab90 JavaThread "Worker-3"                          [_thread_blocked, id=1120, stack(0x000000cf6f600000,0x000000cf6f700000) (1024K)]
  0x0000029c13feb8b0 JavaThread "Worker-4"                          [_thread_blocked, id=23492, stack(0x000000cf6f700000,0x000000cf6f800000) (1024K)]
  0x0000029c13fe97e0 JavaThread "Worker-5"                          [_thread_blocked, id=11532, stack(0x000000cf6f800000,0x000000cf6f900000) (1024K)]
  0x0000029c13fec5d0 JavaThread "Thread-2"                   daemon [_thread_in_native, id=17972, stack(0x000000cf6f900000,0x000000cf6fa00000) (1024K)]
  0x0000029c13fed2f0 JavaThread "Thread-3"                   daemon [_thread_in_native, id=6000, stack(0x000000cf6fa00000,0x000000cf6fb00000) (1024K)]
  0x0000029c13fe9e70 JavaThread "Thread-4"                   daemon [_thread_in_native, id=2704, stack(0x000000cf6fb00000,0x000000cf6fc00000) (1024K)]
  0x0000029c13fed980 JavaThread "Thread-5"                   daemon [_thread_in_native, id=21732, stack(0x000000cf6fc00000,0x000000cf6fd00000) (1024K)]
  0x0000029c13fea500 JavaThread "Thread-6"                   daemon [_thread_in_native, id=4868, stack(0x000000cf6fd00000,0x000000cf6fe00000) (1024K)]
  0x0000029c13febf40 JavaThread "Thread-7"                   daemon [_thread_in_native, id=10776, stack(0x000000cf6fe00000,0x000000cf6ff00000) (1024K)]
  0x0000029c13fee6a0 JavaThread "Thread-8"                   daemon [_thread_in_native, id=20388, stack(0x000000cf6ff00000,0x000000cf70000000) (1024K)]
  0x0000029c13fee010 JavaThread "Thread-9"                   daemon [_thread_in_native, id=5952, stack(0x000000cf70000000,0x000000cf70100000) (1024K)]
  0x0000029c13fef3c0 JavaThread "Thread-10"                  daemon [_thread_in_native, id=11752, stack(0x000000cf70100000,0x000000cf70200000) (1024K)]
  0x0000029c13feed30 JavaThread "pool-2-thread-1"                   [_thread_blocked, id=1504, stack(0x000000cf70200000,0x000000cf70300000) (1024K)]
  0x0000029c13fecc60 JavaThread "WorkspaceEventsHandler"            [_thread_blocked, id=6304, stack(0x000000cf70300000,0x000000cf70400000) (1024K)]
  0x0000029c13fefa50 JavaThread "pool-1-thread-1"                   [_thread_blocked, id=4328, stack(0x000000cf70400000,0x000000cf70500000) (1024K)]
  0x0000029c0e753580 JavaThread "LocalFile Deleter"          daemon [_thread_blocked, id=21060, stack(0x000000cf6eb00000,0x000000cf6ec00000) (1024K)]
  0x0000029c17661e40 JavaThread "LocalFile Deleter"          daemon [_thread_blocked, id=10972, stack(0x000000cf70700000,0x000000cf70800000) (1024K)]
  0x0000029c176617b0 JavaThread "LocalFile Deleter"          daemon [_thread_blocked, id=2996, stack(0x000000cf70800000,0x000000cf70900000) (1024K)]
  0x0000029c17660a90 JavaThread "LocalFile Deleter"          daemon [_thread_blocked, id=17812, stack(0x000000cf70900000,0x000000cf70a00000) (1024K)]
  0x0000029c176624d0 JavaThread "LocalFile Deleter"          daemon [_thread_blocked, id=7568, stack(0x000000cf70a00000,0x000000cf70b00000) (1024K)]
  0x0000029c17662b60 JavaThread "LocalFile Deleter"          daemon [_thread_blocked, id=19132, stack(0x000000cf70b00000,0x000000cf70c00000) (1024K)]
  0x0000029c176631f0 JavaThread "LocalFile Deleter"          daemon [_thread_blocked, id=22108, stack(0x000000cf70c00000,0x000000cf70d00000) (1024K)]
  0x0000029c1765fd70 JavaThread "LocalFile Deleter"          daemon [_thread_blocked, id=100, stack(0x000000cf70d00000,0x000000cf70e00000) (1024K)]
  0x0000029c17660400 JavaThread "Compiler Source File Reader" daemon [_thread_blocked, id=16692, stack(0x000000cf6cf00000,0x000000cf6d000000) (1024K)]
  0x0000029c17663f10 JavaThread "Compiler Source File Reader" daemon [_thread_blocked, id=4492, stack(0x000000cf70e00000,0x000000cf70f00000) (1024K)]
  0x0000029c176645a0 JavaThread "Compiler Source File Reader" daemon [_thread_blocked, id=22360, stack(0x000000cf70f00000,0x000000cf71000000) (1024K)]
  0x0000029c17661120 JavaThread "Compiler Source File Reader" daemon [_thread_blocked, id=21956, stack(0x000000cf71000000,0x000000cf71100000) (1024K)]
  0x0000029c17667390 JavaThread "Compiler Source File Reader" daemon [_thread_blocked, id=16836, stack(0x000000cf71100000,0x000000cf71200000) (1024K)]
  0x0000029c17666d00 JavaThread "Compiler Source File Reader" daemon [_thread_blocked, id=13364, stack(0x000000cf71200000,0x000000cf71300000) (1024K)]
  0x0000029c17666670 JavaThread "Compiler Processing Task"   daemon [_thread_in_vm, id=10048, stack(0x000000cf6f200000,0x000000cf6f300000) (1024K)]
  0x0000029c17665950 JavaThread "Compiler Class File Writer" daemon [_thread_in_native, id=24168, stack(0x000000cf71300000,0x000000cf71400000) (1024K)]
  0x0000029c1771f410 JavaThread "Compiler Class File Writer" daemon [_thread_blocked, id=22924, stack(0x000000cf71400000,0x000000cf71500000) (1024K)]
  0x0000029c177214e0 JavaThread "Compiler Class File Writer" daemon [_thread_blocked, id=15804, stack(0x000000cf71500000,0x000000cf71600000) (1024K)]
  0x0000029c17720e50 JavaThread "Compiler Class File Writer" daemon [_thread_blocked, id=20352, stack(0x000000cf71600000,0x000000cf71700000) (1024K)]
  0x0000029c1771e060 JavaThread "Compiler Class File Writer" daemon [_thread_blocked, id=9492, stack(0x000000cf71700000,0x000000cf71800000) (1024K)]
  0x0000029c1771e6f0 JavaThread "Compiler Class File Writer" daemon [_thread_blocked, id=21000, stack(0x000000cf71800000,0x000000cf71900000) (1024K)]
  0x0000029c150e00d0 JavaThread "C2 CompilerThread2"         daemon [_thread_in_native, id=12780, stack(0x000000cf70600000,0x000000cf70700000) (1024K)]
Total: 61

Other Threads:
  0x0000029bb5013870 VMThread "VM Thread"                           [id=22864, stack(0x000000cf6d300000,0x000000cf6d400000) (1024K)]
  0x0000029bb4f2c950 WatcherThread "VM Periodic Task Thread"        [id=8384, stack(0x000000cf6d200000,0x000000cf6d300000) (1024K)]
  0x0000029bb50c5fd0 WorkerThread "GC Thread#0"                     [id=12832, stack(0x000000cf6d100000,0x000000cf6d200000) (1024K)]
  0x0000029c0edb8f80 WorkerThread "GC Thread#1"                     [id=1740, stack(0x000000cf6df00000,0x000000cf6e000000) (1024K)]
  0x0000029c0eef3010 WorkerThread "GC Thread#2"                     [id=24452, stack(0x000000cf6e000000,0x000000cf6e100000) (1024K)]
  0x0000029c0eef33b0 WorkerThread "GC Thread#3"                     [id=8596, stack(0x000000cf6e100000,0x000000cf6e200000) (1024K)]
  0x0000029c0ed3c240 WorkerThread "GC Thread#4"                     [id=17744, stack(0x000000cf6e200000,0x000000cf6e300000) (1024K)]
  0x0000029c0e6a69e0 WorkerThread "GC Thread#5"                     [id=17844, stack(0x000000cf6e300000,0x000000cf6e400000) (1024K)]
  0x0000029c0e6a6d80 WorkerThread "GC Thread#6"                     [id=9520, stack(0x000000cf6e400000,0x000000cf6e500000) (1024K)]
  0x0000029c0ec198c0 WorkerThread "GC Thread#7"                     [id=17012, stack(0x000000cf6dd00000,0x000000cf6de00000) (1024K)]
Total: 10

Threads with active compile tasks:
C2 CompilerThread0  43649 10700       4       lombok.eclipse.EclipseAST::buildStatement (57 bytes)
C2 CompilerThread1  43649 10605       4       java.lang.reflect.Field::get (39 bytes)
C2 CompilerThread2  43650 10872       4       org.eclipse.jdt.internal.compiler.parser.diagnose.DiagnoseParser::scopeTrialCheck (782 bytes)
Total: 3

VM state: at safepoint (normal execution)

VM Mutex/Monitor currently owned by a thread:  ([mutex/lock_event])
[0x00007ff89c7d5458] Threads_lock - owner thread: 0x0000029bb5013870
[0x00007ff89c7d5558] Heap_lock - owner thread: 0x0000029c17666670

Heap address: 0x0000000080000000, size: 2048 MB, Compressed Oops mode: 32-bit

CDS archive(s) mapped at: [0x0000029bcc000000-0x0000029bccba0000-0x0000029bccba0000), size 12189696, SharedBaseAddress: 0x0000029bcc000000, ArchiveRelocationMode: 1.
Compressed class space mapped at: 0x0000029bcd000000-0x0000029c0d000000, reserved size: 1073741824
Narrow klass base: 0x0000029bcc000000, Narrow klass shift: 0, Narrow klass range: 0x100000000

GC Precious Log:
 CardTable entry size: 512
 CPUs: 8 total, 8 available
 Memory: 7886M
 Large Page Support: Disabled
 NUMA Support: Disabled
 Compressed Oops: Enabled (32-bit)
 Alignments: Space 512K, Generation 512K, Heap 2M
 Heap Min Capacity: 100M
 Heap Initial Capacity: 100M
 Heap Max Capacity: 2G
 Pre-touch: Disabled
 Parallel Workers: 8

Heap:
 PSYoungGen      total 6144K, used 5845K [0x00000000d5580000, 0x00000000d5d00000, 0x0000000100000000)
  eden space 4608K, 100% used [0x00000000d5580000,0x00000000d5a00000,0x00000000d5a00000)
  from space 1536K, 80% used [0x00000000d5b80000,0x00000000d5cb5618,0x00000000d5d00000)
  to   space 1536K, 14% used [0x00000000d5a00000,0x00000000d5a38000,0x00000000d5b80000)
 ParOldGen       total 209408K, used 209065K [0x0000000080000000, 0x000000008cc80000, 0x00000000d5580000)
  object space 209408K, 99% used [0x0000000080000000,0x000000008cc2c760,0x000000008cc80000)
 Metaspace       used 63396K, committed 64768K, reserved 1114112K
  class space    used 6659K, committed 7296K, reserved 1048576K

Card table byte_map: [0x0000029bb4a40000,0x0000029bb4e50000] _byte_map_base: 0x0000029bb4640000

Marking Bits: (ParMarkBitMap*) 0x00007ff89c7da340
 Begin Bits: [0x0000029bc7540000, 0x0000029bc9540000)
 End Bits:   [0x0000029bc9540000, 0x0000029bcb540000)

Polling page: 0x0000029bb2eb0000

Metaspace:

Usage:
  Non-class:     55.41 MB used.
      Class:      6.50 MB used.
       Both:     61.91 MB used.

Virtual space:
  Non-class space:       64.00 MB reserved,      56.12 MB ( 88%) committed,  1 nodes.
      Class space:        1.00 GB reserved,       7.12 MB ( <1%) committed,  1 nodes.
             Both:        1.06 GB reserved,      63.25 MB (  6%) committed. 

Chunk freelists:
   Non-Class:  7.78 MB
       Class:  8.93 MB
        Both:  16.71 MB

MaxMetaspaceSize: unlimited
CompressedClassSpaceSize: 1.00 GB
Initial GC threshold: 21.00 MB
Current GC threshold: 97.31 MB
CDS: on
 - commit_granule_bytes: 65536.
 - commit_granule_words: 8192.
 - virtual_space_node_default_size: 8388608.
 - enlarge_chunks_in_place: 1.
 - use_allocation_guard: 0.


Internal statistics:

num_allocs_failed_limit: 9.
num_arena_births: 1088.
num_arena_deaths: 26.
num_vsnodes_births: 2.
num_vsnodes_deaths: 0.
num_space_committed: 1012.
num_space_uncommitted: 0.
num_chunks_returned_to_freelist: 40.
num_chunks_taken_from_freelist: 3759.
num_chunk_merges: 15.
num_chunk_splits: 2379.
num_chunks_enlarged: 1430.
num_inconsistent_stats: 0.

CodeHeap 'non-profiled nmethods': size=120000Kb used=6942Kb max_used=6942Kb free=113057Kb
 bounds [0x0000029bbfd60000, 0x0000029bc0430000, 0x0000029bc7290000]
CodeHeap 'profiled nmethods': size=120000Kb used=24162Kb max_used=24162Kb free=95837Kb
 bounds [0x0000029bb8290000, 0x0000029bb9a30000, 0x0000029bbf7c0000]
CodeHeap 'non-nmethods': size=5760Kb used=1465Kb max_used=1527Kb free=4294Kb
 bounds [0x0000029bbf7c0000, 0x0000029bbfa30000, 0x0000029bbfd60000]
CodeCache: size=245760Kb, used=32569Kb, max_used=32631Kb, free=213188Kb
 total_blobs=10811, nmethods=10043, adapters=674, full_count=0
Compilation: enabled, stopped_count=0, restarted_count=0

Compilation events (20 events):
Event: 43.615 Thread 0x0000029bb504d890 10889       2       org.eclipse.core.internal.events.ResourceComparator::compareMarkers (41 bytes)
Event: 43.615 Thread 0x0000029bb504d890 nmethod 10889 0x0000029bb9a19890 code [0x0000029bb9a19a40, 0x0000029bb9a19bf8]
Event: 43.615 Thread 0x0000029bb504d890 10895       2       org.eclipse.jdt.internal.core.util.Util::isExcluded (39 bytes)
Event: 43.615 Thread 0x0000029bb504d890 nmethod 10895 0x0000029bb9a19d10 code [0x0000029bb9a19f00, 0x0000029bb9a1a1d8]
Event: 43.615 Thread 0x0000029bb504d890 10892       2       org.eclipse.core.internal.events.NodeIDMap::shouldGrow (23 bytes)
Event: 43.615 Thread 0x0000029bb504d890 nmethod 10892 0x0000029bb9a1a410 code [0x0000029bb9a1a5e0, 0x0000029bb9a1a768]
Event: 43.615 Thread 0x0000029bb504d890 10884       3       org.eclipse.jdt.internal.compiler.codegen.CodeStream::init (122 bytes)
Event: 43.615 Thread 0x0000029bb504d890 nmethod 10884 0x0000029bb9a1a810 code [0x0000029bb9a1a9e0, 0x0000029bb9a1ae38]
Event: 43.616 Thread 0x0000029bb504d890 10877       3       org.eclipse.jdt.internal.compiler.codegen.StackMapFrameCodeStream::removeFramePosition (48 bytes)
Event: 43.616 Thread 0x0000029bb504d890 nmethod 10877 0x0000029bb9a1af90 code [0x0000029bb9a1b180, 0x0000029bb9a1b808]
Event: 43.616 Thread 0x0000029bb504d890 10878       3       org.eclipse.jdt.internal.compiler.codegen.StackMapFrameCodeStream::hasFramePositions (14 bytes)
Event: 43.616 Thread 0x0000029bb504d890 nmethod 10878 0x0000029bb9a1ba90 code [0x0000029bb9a1bc40, 0x0000029bb9a1be50]
Event: 43.616 Thread 0x0000029bb504d890 10880   !   3       org.eclipse.jdt.internal.compiler.ast.AbstractMethodDeclaration::resolve (106 bytes)
Event: 43.617 Thread 0x0000029bb504d890 nmethod 10880 0x0000029bb9a1bf10 code [0x0000029bb9a1c160, 0x0000029bb9a1ca78]
Event: 43.617 Thread 0x0000029bb504d890 10882       3       org.eclipse.jdt.internal.compiler.ast.AbstractMethodDeclaration::resolveReceiver (441 bytes)
Event: 43.618 Thread 0x0000029bb504d890 nmethod 10882 0x0000029bb9a1ce90 code [0x0000029bb9a1d320, 0x0000029bb9a1f4b0]
Event: 43.619 Thread 0x0000029bb504d890 10887       2       org.eclipse.jdt.internal.compiler.lookup.MethodBinding::isImplementing (15 bytes)
Event: 43.619 Thread 0x0000029bb504d890 nmethod 10887 0x0000029bb9a20310 code [0x0000029bb9a204c0, 0x0000029bb9a20608]
Event: 43.619 Thread 0x0000029bb504d890 10879       3       java.util.UUID::toString (17 bytes)
Event: 43.619 Thread 0x0000029bb504d890 nmethod 10879 0x0000029bb9a20690 code [0x0000029bb9a20840, 0x0000029bb9a209e8]

GC Heap History (20 events):
Event: 37.385 GC heap before
{Heap before GC invocations=140 (full 3):
 PSYoungGen      total 6656K, used 6309K [0x00000000d5580000, 0x00000000d5d80000, 0x0000000100000000)
  eden space 5120K, 100% used [0x00000000d5580000,0x00000000d5a80000,0x00000000d5a80000)
  from space 1536K, 77% used [0x00000000d5c00000,0x00000000d5d29490,0x00000000d5d80000)
  to   space 1536K, 0% used [0x00000000d5a80000,0x00000000d5a80000,0x00000000d5c00000)
 ParOldGen       total 195584K, used 195132K [0x0000000080000000, 0x000000008bf00000, 0x00000000d5580000)
  object space 195584K, 99% used [0x0000000080000000,0x000000008be8f3d8,0x000000008bf00000)
 Metaspace       used 63047K, committed 64384K, reserved 1114112K
  class space    used 6650K, committed 7232K, reserved 1048576K
}
Event: 37.386 GC heap after
{Heap after GC invocations=140 (full 3):
 PSYoungGen      total 6656K, used 1201K [0x00000000d5580000, 0x00000000d5d80000, 0x0000000100000000)
  eden space 5120K, 0% used [0x00000000d5580000,0x00000000d5580000,0x00000000d5a80000)
  from space 1536K, 78% used [0x00000000d5a80000,0x00000000d5bac580,0x00000000d5c00000)
  to   space 1536K, 0% used [0x00000000d5c00000,0x00000000d5c00000,0x00000000d5d80000)
 ParOldGen       total 196608K, used 196190K [0x0000000080000000, 0x000000008c000000, 0x00000000d5580000)
  object space 196608K, 99% used [0x0000000080000000,0x000000008bf97a50,0x000000008c000000)
 Metaspace       used 63047K, committed 64384K, reserved 1114112K
  class space    used 6650K, committed 7232K, reserved 1048576K
}
Event: 37.402 GC heap before
{Heap before GC invocations=141 (full 3):
 PSYoungGen      total 6656K, used 6321K [0x00000000d5580000, 0x00000000d5d80000, 0x0000000100000000)
  eden space 5120K, 100% used [0x00000000d5580000,0x00000000d5a80000,0x00000000d5a80000)
  from space 1536K, 78% used [0x00000000d5a80000,0x00000000d5bac580,0x00000000d5c00000)
  to   space 1536K, 0% used [0x00000000d5c00000,0x00000000d5c00000,0x00000000d5d80000)
 ParOldGen       total 196608K, used 196190K [0x0000000080000000, 0x000000008c000000, 0x00000000d5580000)
  object space 196608K, 99% used [0x0000000080000000,0x000000008bf97a50,0x000000008c000000)
 Metaspace       used 63105K, committed 64448K, reserved 1114112K
  class space    used 6651K, committed 7232K, reserved 1048576K
}
Event: 37.405 GC heap after
{Heap after GC invocations=141 (full 3):
 PSYoungGen      total 6656K, used 1404K [0x00000000d5580000, 0x00000000d5d80000, 0x0000000100000000)
  eden space 5120K, 0% used [0x00000000d5580000,0x00000000d5580000,0x00000000d5a80000)
  from space 1536K, 91% used [0x00000000d5c00000,0x00000000d5d5f2a8,0x00000000d5d80000)
  to   space 1536K, 0% used [0x00000000d5a80000,0x00000000d5a80000,0x00000000d5c00000)
 ParOldGen       total 197632K, used 197309K [0x0000000080000000, 0x000000008c100000, 0x00000000d5580000)
  object space 197632K, 99% used [0x0000000080000000,0x000000008c0af6a0,0x000000008c100000)
 Metaspace       used 63105K, committed 64448K, reserved 1114112K
  class space    used 6651K, committed 7232K, reserved 1048576K
}
Event: 37.419 GC heap before
{Heap before GC invocations=142 (full 3):
 PSYoungGen      total 6656K, used 6524K [0x00000000d5580000, 0x00000000d5d80000, 0x0000000100000000)
  eden space 5120K, 100% used [0x00000000d5580000,0x00000000d5a80000,0x00000000d5a80000)
  from space 1536K, 91% used [0x00000000d5c00000,0x00000000d5d5f2a8,0x00000000d5d80000)
  to   space 1536K, 0% used [0x00000000d5a80000,0x00000000d5a80000,0x00000000d5c00000)
 ParOldGen       total 197632K, used 197309K [0x0000000080000000, 0x000000008c100000, 0x00000000d5580000)
  object space 197632K, 99% used [0x0000000080000000,0x000000008c0af6a0,0x000000008c100000)
 Metaspace       used 63138K, committed 64448K, reserved 1114112K
  class space    used 6651K, committed 7232K, reserved 1048576K
}
Event: 37.422 GC heap after
{Heap after GC invocations=142 (full 3):
 PSYoungGen      total 6656K, used 1170K [0x00000000d5580000, 0x00000000d5d80000, 0x0000000100000000)
  eden space 5120K, 0% used [0x00000000d5580000,0x00000000d5580000,0x00000000d5a80000)
  from space 1536K, 76% used [0x00000000d5a80000,0x00000000d5ba48f8,0x00000000d5c00000)
  to   space 1536K, 0% used [0x00000000d5c00000,0x00000000d5c00000,0x00000000d5d80000)
 ParOldGen       total 198656K, used 198488K [0x0000000080000000, 0x000000008c200000, 0x00000000d5580000)
  object space 198656K, 99% used [0x0000000080000000,0x000000008c1d63b8,0x000000008c200000)
 Metaspace       used 63138K, committed 64448K, reserved 1114112K
  class space    used 6651K, committed 7232K, reserved 1048576K
}
Event: 37.438 GC heap before
{Heap before GC invocations=143 (full 3):
 PSYoungGen      total 6656K, used 6290K [0x00000000d5580000, 0x00000000d5d80000, 0x0000000100000000)
  eden space 5120K, 100% used [0x00000000d5580000,0x00000000d5a80000,0x00000000d5a80000)
  from space 1536K, 76% used [0x00000000d5a80000,0x00000000d5ba48f8,0x00000000d5c00000)
  to   space 1536K, 0% used [0x00000000d5c00000,0x00000000d5c00000,0x00000000d5d80000)
 ParOldGen       total 198656K, used 198488K [0x0000000080000000, 0x000000008c200000, 0x00000000d5580000)
  object space 198656K, 99% used [0x0000000080000000,0x000000008c1d63b8,0x000000008c200000)
 Metaspace       used 63179K, committed 64512K, reserved 1114112K
  class space    used 6651K, committed 7232K, reserved 1048576K
}
Event: 37.440 GC heap after
{Heap after GC invocations=143 (full 3):
 PSYoungGen      total 6656K, used 1315K [0x00000000d5580000, 0x00000000d5d80000, 0x0000000100000000)
  eden space 5120K, 0% used [0x00000000d5580000,0x00000000d5580000,0x00000000d5a80000)
  from space 1536K, 85% used [0x00000000d5c00000,0x00000000d5d48d28,0x00000000d5d80000)
  to   space 1536K, 0% used [0x00000000d5a80000,0x00000000d5a80000,0x00000000d5c00000)
 ParOldGen       total 199680K, used 199550K [0x0000000080000000, 0x000000008c300000, 0x00000000d5580000)
  object space 199680K, 99% used [0x0000000080000000,0x000000008c2dfaa0,0x000000008c300000)
 Metaspace       used 63179K, committed 64512K, reserved 1114112K
  class space    used 6651K, committed 7232K, reserved 1048576K
}
Event: 37.459 GC heap before
{Heap before GC invocations=144 (full 3):
 PSYoungGen      total 6656K, used 6435K [0x00000000d5580000, 0x00000000d5d80000, 0x0000000100000000)
  eden space 5120K, 100% used [0x00000000d5580000,0x00000000d5a80000,0x00000000d5a80000)
  from space 1536K, 85% used [0x00000000d5c00000,0x00000000d5d48d28,0x00000000d5d80000)
  to   space 1536K, 0% used [0x00000000d5a80000,0x00000000d5a80000,0x00000000d5c00000)
 ParOldGen       total 199680K, used 199550K [0x0000000080000000, 0x000000008c300000, 0x00000000d5580000)
  object space 199680K, 99% used [0x0000000080000000,0x000000008c2dfaa0,0x000000008c300000)
 Metaspace       used 63195K, committed 64512K, reserved 1114112K
  class space    used 6652K, committed 7232K, reserved 1048576K
}
Event: 37.460 GC heap after
{Heap after GC invocations=144 (full 3):
 PSYoungGen      total 6656K, used 1224K [0x00000000d5580000, 0x00000000d5d80000, 0x0000000100000000)
  eden space 5120K, 0% used [0x00000000d5580000,0x00000000d5580000,0x00000000d5a80000)
  from space 1536K, 79% used [0x00000000d5a80000,0x00000000d5bb2110,0x00000000d5c00000)
  to   space 1536K, 0% used [0x00000000d5c00000,0x00000000d5c00000,0x00000000d5d80000)
 ParOldGen       total 200704K, used 200689K [0x0000000080000000, 0x000000008c400000, 0x00000000d5580000)
  object space 200704K, 99% used [0x0000000080000000,0x000000008c3fc5c0,0x000000008c400000)
 Metaspace       used 63195K, committed 64512K, reserved 1114112K
  class space    used 6652K, committed 7232K, reserved 1048576K
}
Event: 37.477 GC heap before
{Heap before GC invocations=145 (full 3):
 PSYoungGen      total 6656K, used 6344K [0x00000000d5580000, 0x00000000d5d80000, 0x0000000100000000)
  eden space 5120K, 100% used [0x00000000d5580000,0x00000000d5a80000,0x00000000d5a80000)
  from space 1536K, 79% used [0x00000000d5a80000,0x00000000d5bb2110,0x00000000d5c00000)
  to   space 1536K, 0% used [0x00000000d5c00000,0x00000000d5c00000,0x00000000d5d80000)
 ParOldGen       total 200704K, used 200689K [0x0000000080000000, 0x000000008c400000, 0x00000000d5580000)
  object space 200704K, 99% used [0x0000000080000000,0x000000008c3fc5c0,0x000000008c400000)
 Metaspace       used 63225K, committed 64512K, reserved 1114112K
  class space    used 6652K, committed 7232K, reserved 1048576K
}
Event: 37.479 GC heap after
{Heap after GC invocations=145 (full 3):
 PSYoungGen      total 6656K, used 1296K [0x00000000d5580000, 0x00000000d5d80000, 0x0000000100000000)
  eden space 5120K, 0% used [0x00000000d5580000,0x00000000d5580000,0x00000000d5a80000)
  from space 1536K, 84% used [0x00000000d5c00000,0x00000000d5d442f0,0x00000000d5d80000)
  to   space 1536K, 0% used [0x00000000d5a80000,0x00000000d5a80000,0x00000000d5c00000)
 ParOldGen       total 202240K, used 201776K [0x0000000080000000, 0x000000008c580000, 0x00000000d5580000)
  object space 202240K, 99% used [0x0000000080000000,0x000000008c50c080,0x000000008c580000)
 Metaspace       used 63225K, committed 64512K, reserved 1114112K
  class space    used 6652K, committed 7232K, reserved 1048576K
}
Event: 37.496 GC heap before
{Heap before GC invocations=146 (full 3):
 PSYoungGen      total 6656K, used 6416K [0x00000000d5580000, 0x00000000d5d80000, 0x0000000100000000)
  eden space 5120K, 100% used [0x00000000d5580000,0x00000000d5a80000,0x00000000d5a80000)
  from space 1536K, 84% used [0x00000000d5c00000,0x00000000d5d442f0,0x00000000d5d80000)
  to   space 1536K, 0% used [0x00000000d5a80000,0x00000000d5a80000,0x00000000d5c00000)
 ParOldGen       total 202240K, used 201776K [0x0000000080000000, 0x000000008c580000, 0x00000000d5580000)
  object space 202240K, 99% used [0x0000000080000000,0x000000008c50c080,0x000000008c580000)
 Metaspace       used 63250K, committed 64576K, reserved 1114112K
  class space    used 6652K, committed 7232K, reserved 1048576K
}
Event: 37.498 GC heap after
{Heap after GC invocations=146 (full 3):
 PSYoungGen      total 6656K, used 1227K [0x00000000d5580000, 0x00000000d5d80000, 0x0000000100000000)
  eden space 5120K, 0% used [0x00000000d5580000,0x00000000d5580000,0x00000000d5a80000)
  from space 1536K, 79% used [0x00000000d5a80000,0x00000000d5bb2ff8,0x00000000d5c00000)
  to   space 1536K, 0% used [0x00000000d5c00000,0x00000000d5c00000,0x00000000d5d80000)
 ParOldGen       total 203264K, used 202935K [0x0000000080000000, 0x000000008c680000, 0x00000000d5580000)
  object space 203264K, 99% used [0x0000000080000000,0x000000008c62dc20,0x000000008c680000)
 Metaspace       used 63250K, committed 64576K, reserved 1114112K
  class space    used 6652K, committed 7232K, reserved 1048576K
}
Event: 37.515 GC heap before
{Heap before GC invocations=147 (full 3):
 PSYoungGen      total 6656K, used 6347K [0x00000000d5580000, 0x00000000d5d80000, 0x0000000100000000)
  eden space 5120K, 100% used [0x00000000d5580000,0x00000000d5a80000,0x00000000d5a80000)
  from space 1536K, 79% used [0x00000000d5a80000,0x00000000d5bb2ff8,0x00000000d5c00000)
  to   space 1536K, 0% used [0x00000000d5c00000,0x00000000d5c00000,0x00000000d5d80000)
 ParOldGen       total 203264K, used 202935K [0x0000000080000000, 0x000000008c680000, 0x00000000d5580000)
  object space 203264K, 99% used [0x0000000080000000,0x000000008c62dc20,0x000000008c680000)
 Metaspace       used 63260K, committed 64576K, reserved 1114112K
  class space    used 6652K, committed 7232K, reserved 1048576K
}
Event: 37.517 GC heap after
{Heap after GC invocations=147 (full 3):
 PSYoungGen      total 6656K, used 1296K [0x00000000d5580000, 0x00000000d5d80000, 0x0000000100000000)
  eden space 5120K, 0% used [0x00000000d5580000,0x00000000d5580000,0x00000000d5a80000)
  from space 1536K, 84% used [0x00000000d5c00000,0x00000000d5d44018,0x00000000d5d80000)
  to   space 1536K, 0% used [0x00000000d5a80000,0x00000000d5a80000,0x00000000d5c00000)
 ParOldGen       total 204288K, used 203990K [0x0000000080000000, 0x000000008c780000, 0x00000000d5580000)
  object space 204288K, 99% used [0x0000000080000000,0x000000008c735a90,0x000000008c780000)
 Metaspace       used 63260K, committed 64576K, reserved 1114112K
  class space    used 6652K, committed 7232K, reserved 1048576K
}
Event: 38.537 GC heap before
{Heap before GC invocations=148 (full 3):
 PSYoungGen      total 6656K, used 6416K [0x00000000d5580000, 0x00000000d5d80000, 0x0000000100000000)
  eden space 5120K, 100% used [0x00000000d5580000,0x00000000d5a80000,0x00000000d5a80000)
  from space 1536K, 84% used [0x00000000d5c00000,0x00000000d5d44018,0x00000000d5d80000)
  to   space 1536K, 0% used [0x00000000d5a80000,0x00000000d5a80000,0x00000000d5c00000)
 ParOldGen       total 204288K, used 203990K [0x0000000080000000, 0x000000008c780000, 0x00000000d5580000)
  object space 204288K, 99% used [0x0000000080000000,0x000000008c735a90,0x000000008c780000)
 Metaspace       used 63291K, committed 64576K, reserved 1114112K
  class space    used 6652K, committed 7232K, reserved 1048576K
}
Event: 38.540 GC heap after
{Heap after GC invocations=148 (full 3):
 PSYoungGen      total 6656K, used 1424K [0x00000000d5580000, 0x00000000d5d80000, 0x0000000100000000)
  eden space 5120K, 0% used [0x00000000d5580000,0x00000000d5580000,0x00000000d5a80000)
  from space 1536K, 92% used [0x00000000d5a80000,0x00000000d5be43c0,0x00000000d5c00000)
  to   space 1536K, 0% used [0x00000000d5c00000,0x00000000d5c00000,0x00000000d5d80000)
 ParOldGen       total 205312K, used 205139K [0x0000000080000000, 0x000000008c880000, 0x00000000d5580000)
  object space 205312K, 99% used [0x0000000080000000,0x000000008c854fa0,0x000000008c880000)
 Metaspace       used 63291K, committed 64576K, reserved 1114112K
  class space    used 6652K, committed 7232K, reserved 1048576K
}
Event: 40.579 GC heap before
{Heap before GC invocations=149 (full 3):
 PSYoungGen      total 6656K, used 6544K [0x00000000d5580000, 0x00000000d5d80000, 0x0000000100000000)
  eden space 5120K, 100% used [0x00000000d5580000,0x00000000d5a80000,0x00000000d5a80000)
  from space 1536K, 92% used [0x00000000d5a80000,0x00000000d5be43c0,0x00000000d5c00000)
  to   space 1536K, 0% used [0x00000000d5c00000,0x00000000d5c00000,0x00000000d5d80000)
 ParOldGen       total 205312K, used 205139K [0x0000000080000000, 0x000000008c880000, 0x00000000d5580000)
  object space 205312K, 99% used [0x0000000080000000,0x000000008c854fa0,0x000000008c880000)
 Metaspace       used 63338K, committed 64640K, reserved 1114112K
  class space    used 6652K, committed 7232K, reserved 1048576K
}
Event: 43.610 GC heap after
{Heap after GC invocations=149 (full 3):
 PSYoungGen      total 6144K, used 1533K [0x00000000d5580000, 0x00000000d5f80000, 0x0000000100000000)
  eden space 4608K, 0% used [0x00000000d5580000,0x00000000d5580000,0x00000000d5a00000)
  from space 1536K, 99% used [0x00000000d5c00000,0x00000000d5d7f5c8,0x00000000d5d80000)
  to   space 2048K, 0% used [0x00000000d5a00000,0x00000000d5a00000,0x00000000d5c00000)
 ParOldGen       total 206848K, used 206435K [0x0000000080000000, 0x000000008ca00000, 0x00000000d5580000)
  object space 206848K, 99% used [0x0000000080000000,0x000000008c998cd0,0x000000008ca00000)
 Metaspace       used 63338K, committed 64640K, reserved 1114112K
  class space    used 6652K, committed 7232K, reserved 1048576K
}

Dll operation events (12 events):
Event: 0.013 Loaded shared library c:\Users\Asus\.vscode\extensions\redhat.java-1.44.0-win32-x64\jre\21.0.8-win32-x86_64\bin\java.dll
Event: 0.215 Loaded shared library c:\Users\Asus\.vscode\extensions\redhat.java-1.44.0-win32-x64\jre\21.0.8-win32-x86_64\bin\zip.dll
Event: 0.268 Loaded shared library C:\Users\Asus\.vscode\extensions\redhat.java-1.44.0-win32-x64\jre\21.0.8-win32-x86_64\bin\instrument.dll
Event: 0.298 Loaded shared library C:\Users\Asus\.vscode\extensions\redhat.java-1.44.0-win32-x64\jre\21.0.8-win32-x86_64\bin\net.dll
Event: 0.307 Loaded shared library C:\Users\Asus\.vscode\extensions\redhat.java-1.44.0-win32-x64\jre\21.0.8-win32-x86_64\bin\nio.dll
Event: 0.319 Loaded shared library C:\Users\Asus\.vscode\extensions\redhat.java-1.44.0-win32-x64\jre\21.0.8-win32-x86_64\bin\zip.dll
Event: 0.452 Loaded shared library C:\Users\Asus\.vscode\extensions\redhat.java-1.44.0-win32-x64\jre\21.0.8-win32-x86_64\bin\jimage.dll
Event: 0.650 Loaded shared library c:\Users\Asus\.vscode\extensions\redhat.java-1.44.0-win32-x64\jre\21.0.8-win32-x86_64\bin\verify.dll
Event: 10.205 Loaded shared library C:\Users\Asus\AppData\Roaming\Code\User\globalStorage\redhat.java\1.44.0\config_win\org.eclipse.equinox.launcher\org.eclipse.equinox.launcher.win32.win32.x86_64_1.2.1400.v20250730-1736\eclipse_11913.dll
Event: 23.734 Loaded shared library C:\Users\Asus\AppData\Local\Temp\jna-2050672\jna16706168263314004295.dll
Event: 25.198 Loaded shared library C:\Users\Asus\.vscode\extensions\redhat.java-1.44.0-win32-x64\jre\21.0.8-win32-x86_64\bin\sunmscapi.dll
Event: 25.926 Loaded shared library C:\Users\Asus\.vscode\extensions\redhat.java-1.44.0-win32-x64\jre\21.0.8-win32-x86_64\bin\extnet.dll

Deoptimization events (20 events):
Event: 37.346 Thread 0x0000029c17666670 DEOPT PACKING pc=0x0000029bc0412de8 sp=0x000000cf6f2feb90
Event: 37.346 Thread 0x0000029c17666670 DEOPT UNPACKING pc=0x0000029bbf816da2 sp=0x000000cf6f2feb30 mode 2
Event: 37.449 Thread 0x0000029c0e752ef0 DEOPT PACKING pc=0x0000029bb9288c7e sp=0x000000cf6f0fe420
Event: 37.449 Thread 0x0000029c0e752ef0 DEOPT UNPACKING pc=0x0000029bbf8178e2 sp=0x000000cf6f0fd900 mode 0
Event: 37.464 Thread 0x0000029c17666670 DEOPT PACKING pc=0x0000029bb9534851 sp=0x000000cf6f2fe910
Event: 37.464 Thread 0x0000029c17666670 DEOPT UNPACKING pc=0x0000029bbf8178e2 sp=0x000000cf6f2fdde0 mode 0
Event: 37.487 Thread 0x0000029c17666670 DEOPT PACKING pc=0x0000029bb9534851 sp=0x000000cf6f2fe910
Event: 37.487 Thread 0x0000029c17666670 DEOPT UNPACKING pc=0x0000029bbf8178e2 sp=0x000000cf6f2fdde0 mode 0
Event: 37.491 Thread 0x0000029c0e752ef0 Uncommon trap: trap_request=0xffffff45 fr.pc=0x0000029bbff7c1ec relative=0x000000000000032c
Event: 37.491 Thread 0x0000029c0e752ef0 Uncommon trap: reason=unstable_if action=reinterpret pc=0x0000029bbff7c1ec method=java.lang.String.indexOf([BBILjava/lang/String;I)I @ 22 c2
Event: 37.491 Thread 0x0000029c0e752ef0 DEOPT PACKING pc=0x0000029bbff7c1ec sp=0x000000cf6f0fe6e0
Event: 37.491 Thread 0x0000029c0e752ef0 DEOPT UNPACKING pc=0x0000029bbf816da2 sp=0x000000cf6f0fe5f0 mode 2
Event: 37.495 Thread 0x0000029c0e752ef0 Uncommon trap: trap_request=0xffffff45 fr.pc=0x0000029bbfed7944 relative=0x0000000000000304
Event: 37.495 Thread 0x0000029c0e752ef0 Uncommon trap: reason=unstable_if action=reinterpret pc=0x0000029bbfed7944 method=java.lang.String.indexOf([BBILjava/lang/String;I)I @ 22 c2
Event: 37.495 Thread 0x0000029c0e752ef0 DEOPT PACKING pc=0x0000029bbfed7944 sp=0x000000cf6f0fe660
Event: 37.495 Thread 0x0000029c0e752ef0 DEOPT UNPACKING pc=0x0000029bbf816da2 sp=0x000000cf6f0fe5f0 mode 2
Event: 37.506 Thread 0x0000029c0e752ef0 DEOPT PACKING pc=0x0000029bb8c2b15b sp=0x000000cf6f0fdce0
Event: 37.506 Thread 0x0000029c0e752ef0 DEOPT UNPACKING pc=0x0000029bbf8178e2 sp=0x000000cf6f0fd168 mode 0
Event: 37.513 Thread 0x0000029c17666670 DEOPT PACKING pc=0x0000029bb97c975a sp=0x000000cf6f2fe5a0
Event: 37.513 Thread 0x0000029c17666670 DEOPT UNPACKING pc=0x0000029bbf8178e2 sp=0x000000cf6f2fda50 mode 0

Classes loaded (20 events):
Event: 33.251 Loading class sun/util/cldr/CLDRBaseLocaleDataMetaInfo$TZCanonicalIDMapHolder
Event: 33.253 Loading class sun/util/cldr/CLDRBaseLocaleDataMetaInfo$TZCanonicalIDMapHolder done
Event: 33.257 Loading class sun/util/resources/TimeZoneNames
Event: 33.259 Loading class sun/util/resources/TimeZoneNames done
Event: 33.259 Loading class sun/util/resources/TimeZoneNames_en
Event: 33.260 Loading class sun/util/resources/TimeZoneNames_en done
Event: 35.086 Loading class java/util/stream/ReduceOps$4
Event: 35.086 Loading class java/util/stream/ReduceOps$4 done
Event: 35.086 Loading class java/util/stream/ReduceOps$4ReducingSink
Event: 35.086 Loading class java/util/stream/ReduceOps$4ReducingSink done
Event: 35.090 Loading class java/nio/file/Files$2
Event: 35.090 Loading class java/nio/file/Files$2 done
Event: 35.225 Loading class java/util/concurrent/ArrayBlockingQueue
Event: 35.226 Loading class java/util/concurrent/ArrayBlockingQueue done
Event: 35.459 Loading class java/util/Hashtable$ValueCollection
Event: 35.459 Loading class java/util/Hashtable$ValueCollection done
Event: 35.464 Loading class java/util/concurrent/ConcurrentHashMap$KeySpliterator
Event: 35.464 Loading class java/util/concurrent/ConcurrentHashMap$KeySpliterator done
Event: 35.482 Loading class sun/nio/ch/ChannelOutputStream
Event: 35.482 Loading class sun/nio/ch/ChannelOutputStream done

Classes unloaded (13 events):
Event: 24.134 Thread 0x0000029bb5013870 Unloading class 0x0000029bcd1aa800 'java/lang/invoke/LambdaForm$MH+0x0000029bcd1aa800'
Event: 24.134 Thread 0x0000029bb5013870 Unloading class 0x0000029bcd1aa400 'java/lang/invoke/LambdaForm$MH+0x0000029bcd1aa400'
Event: 24.134 Thread 0x0000029bb5013870 Unloading class 0x0000029bcd1aa000 'java/lang/invoke/LambdaForm$MH+0x0000029bcd1aa000'
Event: 24.134 Thread 0x0000029bb5013870 Unloading class 0x0000029bcd1a9c00 'java/lang/invoke/LambdaForm$MH+0x0000029bcd1a9c00'
Event: 24.134 Thread 0x0000029bb5013870 Unloading class 0x0000029bcd1a9800 'java/lang/invoke/LambdaForm$BMH+0x0000029bcd1a9800'
Event: 24.134 Thread 0x0000029bb5013870 Unloading class 0x0000029bcd1a9400 'java/lang/invoke/LambdaForm$DMH+0x0000029bcd1a9400'
Event: 24.134 Thread 0x0000029bb5013870 Unloading class 0x0000029bcd1a8000 'java/lang/invoke/LambdaForm$DMH+0x0000029bcd1a8000'
Event: 25.426 Thread 0x0000029bb5013870 Unloading class 0x0000029bcd38c800 'java/lang/invoke/LambdaForm$MH+0x0000029bcd38c800'
Event: 25.426 Thread 0x0000029bb5013870 Unloading class 0x0000029bcd38bc00 'java/lang/invoke/LambdaForm$MH+0x0000029bcd38bc00'
Event: 25.426 Thread 0x0000029bb5013870 Unloading class 0x0000029bcd38b400 'java/lang/invoke/LambdaForm$MH+0x0000029bcd38b400'
Event: 25.426 Thread 0x0000029bb5013870 Unloading class 0x0000029bcd38ac00 'java/lang/invoke/LambdaForm$MH+0x0000029bcd38ac00'
Event: 25.426 Thread 0x0000029bb5013870 Unloading class 0x0000029bcd38a800 'java/lang/invoke/LambdaForm$DMH+0x0000029bcd38a800'
Event: 25.426 Thread 0x0000029bb5013870 Unloading class 0x0000029bcd389c00 'java/lang/invoke/LambdaForm$MH+0x0000029bcd389c00'

Classes redefined (0 events):
No events

Internal exceptions (20 events):
Event: 29.885 Thread 0x0000029c0e752ef0 Exception <a 'sun/nio/fs/WindowsException'{0x00000000d5c545a8}> (0x00000000d5c545a8) 
thrown [s\src\hotspot\share\prims\jni.cpp, line 520]
Event: 29.896 Thread 0x0000029c0e752ef0 Exception <a 'sun/nio/fs/WindowsException'{0x00000000d5d6fd00}> (0x00000000d5d6fd00) 
thrown [s\src\hotspot\share\prims\jni.cpp, line 520]
Event: 29.898 Thread 0x0000029c0e752ef0 Exception <a 'sun/nio/fs/WindowsException'{0x00000000d5da9d50}> (0x00000000d5da9d50) 
thrown [s\src\hotspot\share\prims\jni.cpp, line 520]
Event: 29.913 Thread 0x0000029c0e752ef0 Exception <a 'sun/nio/fs/WindowsException'{0x00000000d5ec1f68}> (0x00000000d5ec1f68) 
thrown [s\src\hotspot\share\prims\jni.cpp, line 520]
Event: 29.969 Thread 0x0000029c0e752ef0 Exception <a 'sun/nio/fs/WindowsException'{0x00000000d59ae5a0}> (0x00000000d59ae5a0) 
thrown [s\src\hotspot\share\prims\jni.cpp, line 520]
Event: 30.025 Thread 0x0000029c0e752ef0 Exception <a 'sun/nio/fs/WindowsException'{0x00000000d601ff20}> (0x00000000d601ff20) 
thrown [s\src\hotspot\share\prims\jni.cpp, line 520]
Event: 30.078 Thread 0x0000029c0e752ef0 Exception <a 'sun/nio/fs/WindowsException'{0x00000000d5959f48}> (0x00000000d5959f48) 
thrown [s\src\hotspot\share\prims\jni.cpp, line 520]
Event: 30.123 Thread 0x0000029c0e752ef0 Exception <a 'sun/nio/fs/WindowsException'{0x00000000d5dd5b48}> (0x00000000d5dd5b48) 
thrown [s\src\hotspot\share\prims\jni.cpp, line 520]
Event: 30.166 Thread 0x0000029c0e752ef0 Exception <a 'sun/nio/fs/WindowsException'{0x00000000d600ffe0}> (0x00000000d600ffe0) 
thrown [s\src\hotspot\share\prims\jni.cpp, line 520]
Event: 30.208 Thread 0x0000029c0e752ef0 Exception <a 'sun/nio/fs/WindowsException'{0x00000000d57d4538}> (0x00000000d57d4538) 
thrown [s\src\hotspot\share\prims\jni.cpp, line 520]
Event: 30.246 Thread 0x0000029c0e752ef0 Exception <a 'sun/nio/fs/WindowsException'{0x00000000d5eab670}> (0x00000000d5eab670) 
thrown [s\src\hotspot\share\prims\jni.cpp, line 520]
Event: 30.290 Thread 0x0000029c0e752ef0 Exception <a 'sun/nio/fs/WindowsException'{0x00000000d56b6700}> (0x00000000d56b6700) 
thrown [s\src\hotspot\share\prims\jni.cpp, line 520]
Event: 30.326 Thread 0x0000029c0e752ef0 Exception <a 'sun/nio/fs/WindowsException'{0x00000000d5cde918}> (0x00000000d5cde918) 
thrown [s\src\hotspot\share\prims\jni.cpp, line 520]
Event: 30.366 Thread 0x0000029c0e752ef0 Exception <a 'sun/nio/fs/WindowsException'{0x00000000d61707d0}> (0x00000000d61707d0) 
thrown [s\src\hotspot\share\prims\jni.cpp, line 520]
Event: 30.409 Thread 0x0000029c0e752ef0 Exception <a 'sun/nio/fs/WindowsException'{0x00000000d5769708}> (0x00000000d5769708) 
thrown [s\src\hotspot\share\prims\jni.cpp, line 520]
Event: 30.446 Thread 0x0000029c0e752ef0 Exception <a 'sun/nio/fs/WindowsException'{0x00000000d5ccdd38}> (0x00000000d5ccdd38) 
thrown [s\src\hotspot\share\prims\jni.cpp, line 520]
Event: 30.478 Thread 0x0000029c0e752ef0 Exception <a 'sun/nio/fs/WindowsException'{0x00000000d60a1c30}> (0x00000000d60a1c30) 
thrown [s\src\hotspot\share\prims\jni.cpp, line 520]
Event: 35.093 Thread 0x0000029c0e752ef0 Exception <a 'java/lang/NoSuchMethodError'{0x00000000d5899908}: 'int java.lang.invoke.DirectMethodHandle$Holder.invokeSpecialIFC(java.lang.Object, java.lang.Object, java.lang.Object)'> (0x00000000d5899908) 
thrown [s\src\hotspot\share\interpreter\linkResolver.cpp, line 773]
Event: 35.467 Thread 0x0000029c0e752ef0 Exception <a 'java/lang/NoSuchMethodError'{0x00000000d58ebdc0}: 'java.lang.Object java.lang.invoke.DirectMethodHandle$Holder.newInvokeSpecial(java.lang.Object, java.lang.Object, int, int, java.lang.Object)'> (0x00000000d58ebdc0) 
thrown [s\src\hotspot\share\interpreter\linkResolver.cpp, line 773]
Event: 35.478 Thread 0x0000029c17666670 Exception <a 'java/lang/NoSuchMethodError'{0x00000000d599e1b0}: 'void java.lang.invoke.DirectMethodHandle$Holder.invokeStatic(java.lang.Object, int, java.lang.Object)'> (0x00000000d599e1b0) 
thrown [s\src\hotspot\share\interpreter\linkResolver.cpp, line 773]

ZGC Phase Switch (0 events):
No events

VM Operations (20 events):
Event: 37.385 Executing VM operation: ParallelGCFailedAllocation (Allocation Failure)
Event: 37.386 Executing VM operation: ParallelGCFailedAllocation (Allocation Failure) done
Event: 37.402 Executing VM operation: ParallelGCFailedAllocation (Allocation Failure)
Event: 37.406 Executing VM operation: ParallelGCFailedAllocation (Allocation Failure) done
Event: 37.419 Executing VM operation: ParallelGCFailedAllocation (Allocation Failure)
Event: 37.422 Executing VM operation: ParallelGCFailedAllocation (Allocation Failure) done
Event: 37.438 Executing VM operation: ParallelGCFailedAllocation (Allocation Failure)
Event: 37.440 Executing VM operation: ParallelGCFailedAllocation (Allocation Failure) done
Event: 37.459 Executing VM operation: ParallelGCFailedAllocation (Allocation Failure)
Event: 37.460 Executing VM operation: ParallelGCFailedAllocation (Allocation Failure) done
Event: 37.477 Executing VM operation: ParallelGCFailedAllocation (Allocation Failure)
Event: 37.479 Executing VM operation: ParallelGCFailedAllocation (Allocation Failure) done
Event: 37.496 Executing VM operation: ParallelGCFailedAllocation (Allocation Failure)
Event: 37.498 Executing VM operation: ParallelGCFailedAllocation (Allocation Failure) done
Event: 37.515 Executing VM operation: ParallelGCFailedAllocation (Allocation Failure)
Event: 37.517 Executing VM operation: ParallelGCFailedAllocation (Allocation Failure) done
Event: 37.527 Executing VM operation: ParallelGCFailedAllocation (Allocation Failure)
Event: 38.540 Executing VM operation: ParallelGCFailedAllocation (Allocation Failure) done
Event: 38.552 Executing VM operation: ParallelGCFailedAllocation (Allocation Failure)
Event: 43.610 Executing VM operation: ParallelGCFailedAllocation (Allocation Failure) done

Memory protections (0 events):
No events

Nmethod flushes (20 events):
Event: 32.342 Thread 0x0000029bb5013870 flushing osr nmethod 0x0000029bb8bcb190
Event: 32.342 Thread 0x0000029bb5013870 flushing  nmethod 0x0000029bb8bf6f10
Event: 32.342 Thread 0x0000029bb5013870 flushing  nmethod 0x0000029bb8c03410
Event: 32.342 Thread 0x0000029bb5013870 flushing  nmethod 0x0000029bb8c12410
Event: 32.342 Thread 0x0000029bb5013870 flushing  nmethod 0x0000029bb8c12990
Event: 32.342 Thread 0x0000029bb5013870 flushing  nmethod 0x0000029bb8c15e90
Event: 32.342 Thread 0x0000029bb5013870 flushing  nmethod 0x0000029bb8c25790
Event: 32.342 Thread 0x0000029bb5013870 flushing  nmethod 0x0000029bb8c2b310
Event: 32.342 Thread 0x0000029bb5013870 flushing  nmethod 0x0000029bb8c2d610
Event: 32.342 Thread 0x0000029bb5013870 flushing  nmethod 0x0000029bb8c2ea10
Event: 32.342 Thread 0x0000029bb5013870 flushing  nmethod 0x0000029bb8c2fc10
Event: 32.342 Thread 0x0000029bb5013870 flushing  nmethod 0x0000029bb8c30210
Event: 32.342 Thread 0x0000029bb5013870 flushing  nmethod 0x0000029bb8c30a90
Event: 32.342 Thread 0x0000029bb5013870 flushing  nmethod 0x0000029bb8c31f90
Event: 32.342 Thread 0x0000029bb5013870 flushing  nmethod 0x0000029bb8c3b390
Event: 32.342 Thread 0x0000029bb5013870 flushing  nmethod 0x0000029bb8c57810
Event: 32.342 Thread 0x0000029bb5013870 flushing  nmethod 0x0000029bb8c62890
Event: 32.342 Thread 0x0000029bb5013870 flushing  nmethod 0x0000029bb8c7bd10
Event: 32.342 Thread 0x0000029bb5013870 flushing  nmethod 0x0000029bb8c7e390
Event: 32.342 Thread 0x0000029bb5013870 flushing  nmethod 0x0000029bb8c90710

Events (20 events):
Event: 29.211 Thread 0x0000029c176617b0 Thread added: 0x0000029c176624d0
Event: 29.213 Thread 0x0000029c17660a90 Thread added: 0x0000029c17662b60
Event: 29.227 Thread 0x0000029c17660a90 Thread added: 0x0000029c176631f0
Event: 29.227 Thread 0x0000029c17661e40 Thread added: 0x0000029c1765fd70
Event: 30.629 Thread 0x0000029c0e752ef0 Thread added: 0x0000029c17660400
Event: 30.629 Thread 0x0000029c0e752ef0 Thread added: 0x0000029c17663f10
Event: 30.629 Thread 0x0000029c0e752ef0 Thread added: 0x0000029c176645a0
Event: 30.629 Thread 0x0000029c0e752ef0 Thread added: 0x0000029c17661120
Event: 30.629 Thread 0x0000029c0e752ef0 Thread added: 0x0000029c17667390
Event: 30.630 Thread 0x0000029c0e752ef0 Thread added: 0x0000029c17666d00
Event: 33.842 Thread 0x0000029c13a5d410 Thread exited: 0x0000029c13a5d410
Event: 35.226 Thread 0x0000029c0e752ef0 Thread added: 0x0000029c17666670
Event: 35.468 Thread 0x0000029c0e752ef0 Thread added: 0x0000029c17665950
Event: 35.488 Thread 0x0000029c0e752ef0 Thread added: 0x0000029c1771f410
Event: 35.502 Thread 0x0000029c0e752ef0 Thread added: 0x0000029c177214e0
Event: 35.578 Thread 0x0000029c0e752ef0 Thread added: 0x0000029c17720e50
Event: 35.579 Thread 0x0000029c0e752ef0 Thread added: 0x0000029c1771e060
Event: 35.579 Thread 0x0000029c0e752ef0 Thread added: 0x0000029c1771e6f0
Event: 37.339 Thread 0x0000029c13ff0770 Thread exited: 0x0000029c13ff0770
Event: 43.611 Thread 0x0000029bb504d890 Thread added: 0x0000029c150e00d0


Dynamic libraries:
0x00007ff77a790000 - 0x00007ff77a79e000 	c:\Users\Asus\.vscode\extensions\redhat.java-1.44.0-win32-x64\jre\21.0.8-win32-x86_64\bin\java.exe
0x00007ff900b60000 - 0x00007ff900dc3000 	C:\WINDOWS\SYSTEM32\ntdll.dll
0x00007ff900370000 - 0x00007ff900438000 	C:\WINDOWS\System32\KERNEL32.DLL
0x00007ff8fe400000 - 0x00007ff8fe7b2000 	C:\WINDOWS\System32\KERNELBASE.dll
0x00007ff8f74a0000 - 0x00007ff8f753c000 	C:\WINDOWS\SYSTEM32\apphelp.dll
0x00007ff8fe7c0000 - 0x00007ff8fe90b000 	C:\WINDOWS\System32\ucrtbase.dll
0x00007ff8b8e70000 - 0x00007ff8b8e88000 	c:\Users\Asus\.vscode\extensions\redhat.java-1.44.0-win32-x64\jre\21.0.8-win32-x86_64\bin\jli.dll
0x00007ff8b3a80000 - 0x00007ff8b3a9e000 	c:\Users\Asus\.vscode\extensions\redhat.java-1.44.0-win32-x64\jre\21.0.8-win32-x86_64\bin\VCRUNTIME140.dll
0x00007ff8fe9c0000 - 0x00007ff8feb88000 	C:\WINDOWS\System32\USER32.dll
0x00007ff8fe1e0000 - 0x00007ff8fe207000 	C:\WINDOWS\System32\win32u.dll
0x00007ff8ff490000 - 0x00007ff8ff4ba000 	C:\WINDOWS\System32\GDI32.dll
0x00007ff8e7ae0000 - 0x00007ff8e7d70000 	C:\WINDOWS\WinSxS\amd64_microsoft.windows.common-controls_6595b64144ccf1df_6.0.26100.2454_none_3e0b68a2e331ad60\COMCTL32.dll
0x00007ff8fe2d0000 - 0x00007ff8fe3fb000 	C:\WINDOWS\System32\gdi32full.dll
0x00007ff9005e0000 - 0x00007ff900689000 	C:\WINDOWS\System32\msvcrt.dll
0x00007ff8fe910000 - 0x00007ff8fe9b3000 	C:\WINDOWS\System32\msvcp_win.dll
0x00007ff8ff450000 - 0x00007ff8ff47f000 	C:\WINDOWS\System32\IMM32.DLL
0x00007ff8f7f80000 - 0x00007ff8f7f8c000 	c:\Users\Asus\.vscode\extensions\redhat.java-1.44.0-win32-x64\jre\21.0.8-win32-x86_64\bin\vcruntime140_1.dll
0x00007ff8a68b0000 - 0x00007ff8a693d000 	c:\Users\Asus\.vscode\extensions\redhat.java-1.44.0-win32-x64\jre\21.0.8-win32-x86_64\bin\msvcp140.dll
0x00007ff89bb20000 - 0x00007ff89c8b7000 	c:\Users\Asus\.vscode\extensions\redhat.java-1.44.0-win32-x64\jre\21.0.8-win32-x86_64\bin\server\jvm.dll
0x00007ff8ffc40000 - 0x00007ff8ffcf4000 	C:\WINDOWS\System32\ADVAPI32.dll
0x00007ff8ff2c0000 - 0x00007ff8ff366000 	C:\WINDOWS\System32\sechost.dll
0x00007ff900250000 - 0x00007ff900366000 	C:\WINDOWS\System32\RPCRT4.dll
0x00007ff8feeb0000 - 0x00007ff8fef24000 	C:\WINDOWS\System32\WS2_32.dll
0x00007ff8fdb30000 - 0x00007ff8fdb7e000 	C:\WINDOWS\SYSTEM32\POWRPROF.dll
0x00007ff8ea1b0000 - 0x00007ff8ea1e6000 	C:\WINDOWS\SYSTEM32\WINMM.dll
0x00007ff8f43d0000 - 0x00007ff8f43db000 	C:\WINDOWS\SYSTEM32\VERSION.dll
0x00007ff8fd910000 - 0x00007ff8fd924000 	C:\WINDOWS\SYSTEM32\UMPDC.dll
0x00007ff8fcd70000 - 0x00007ff8fcd8a000 	C:\WINDOWS\SYSTEM32\kernel.appcore.dll
0x00007ff8eca30000 - 0x00007ff8eca3a000 	c:\Users\Asus\.vscode\extensions\redhat.java-1.44.0-win32-x64\jre\21.0.8-win32-x86_64\bin\jimage.dll
0x00007ff8f9c40000 - 0x00007ff8f9e81000 	C:\WINDOWS\SYSTEM32\DBGHELP.DLL
0x00007ff8fef30000 - 0x00007ff8ff2ae000 	C:\WINDOWS\System32\combase.dll
0x00007ff8ff370000 - 0x00007ff8ff446000 	C:\WINDOWS\System32\OLEAUT32.dll
0x00007ff8e7440000 - 0x00007ff8e7479000 	C:\WINDOWS\SYSTEM32\dbgcore.DLL
0x00007ff8fdfc0000 - 0x00007ff8fe059000 	C:\WINDOWS\System32\bcryptPrimitives.dll
0x00007ff8ec5b0000 - 0x00007ff8ec5bf000 	c:\Users\Asus\.vscode\extensions\redhat.java-1.44.0-win32-x64\jre\21.0.8-win32-x86_64\bin\instrument.dll
0x00007ff8ad2a0000 - 0x00007ff8ad2bf000 	c:\Users\Asus\.vscode\extensions\redhat.java-1.44.0-win32-x64\jre\21.0.8-win32-x86_64\bin\java.dll
0x00007ff8ff4d0000 - 0x00007ff8ffbd0000 	C:\WINDOWS\System32\SHELL32.dll
0x00007ff8fbc60000 - 0x00007ff8fc491000 	C:\WINDOWS\SYSTEM32\windows.storage.dll
0x00007ff9007c0000 - 0x00007ff90089a000 	C:\WINDOWS\System32\SHCORE.dll
0x00007ff8ffbe0000 - 0x00007ff8ffc3d000 	C:\WINDOWS\System32\shlwapi.dll
0x00007ff8fde40000 - 0x00007ff8fde6e000 	C:\WINDOWS\SYSTEM32\profapi.dll
0x00007ff8a7120000 - 0x00007ff8a7138000 	c:\Users\Asus\.vscode\extensions\redhat.java-1.44.0-win32-x64\jre\21.0.8-win32-x86_64\bin\zip.dll
0x00007ff8e9d00000 - 0x00007ff8e9d10000 	C:\Users\Asus\.vscode\extensions\redhat.java-1.44.0-win32-x64\jre\21.0.8-win32-x86_64\bin\net.dll
0x00007ff8f8910000 - 0x00007ff8f8a36000 	C:\WINDOWS\SYSTEM32\WINHTTP.dll
0x00007ff8fd270000 - 0x00007ff8fd2d8000 	C:\WINDOWS\system32\mswsock.dll
0x00007ff8a7100000 - 0x00007ff8a7116000 	C:\Users\Asus\.vscode\extensions\redhat.java-1.44.0-win32-x64\jre\21.0.8-win32-x86_64\bin\nio.dll
0x00007ff8e9920000 - 0x00007ff8e9930000 	c:\Users\Asus\.vscode\extensions\redhat.java-1.44.0-win32-x64\jre\21.0.8-win32-x86_64\bin\verify.dll
0x00007ff8a6860000 - 0x00007ff8a68a5000 	C:\Users\Asus\AppData\Roaming\Code\User\globalStorage\redhat.java\1.44.0\config_win\org.eclipse.equinox.launcher\org.eclipse.equinox.launcher.win32.win32.x86_64_1.2.1400.v20250730-1736\eclipse_11913.dll
0x00007ff900440000 - 0x00007ff9005d9000 	C:\WINDOWS\System32\ole32.dll
0x00007ff8fd580000 - 0x00007ff8fd59c000 	C:\WINDOWS\SYSTEM32\CRYPTSP.dll
0x00007ff8fccd0000 - 0x00007ff8fcd08000 	C:\WINDOWS\system32\rsaenh.dll
0x00007ff8fd310000 - 0x00007ff8fd33b000 	C:\WINDOWS\SYSTEM32\USERENV.dll
0x00007ff8fd7c0000 - 0x00007ff8fd7e6000 	C:\WINDOWS\SYSTEM32\bcrypt.dll
0x00007ff8fd770000 - 0x00007ff8fd77c000 	C:\WINDOWS\SYSTEM32\CRYPTBASE.dll
0x00007ff8fc860000 - 0x00007ff8fc892000 	C:\WINDOWS\SYSTEM32\IPHLPAPI.DLL
0x00007ff9009b0000 - 0x00007ff9009ba000 	C:\WINDOWS\System32\NSI.dll
0x00007ff8a65c0000 - 0x00007ff8a6609000 	C:\Users\Asus\AppData\Local\Temp\jna-2050672\jna16706168263314004295.dll
0x00007ff900710000 - 0x00007ff900718000 	C:\WINDOWS\System32\PSAPI.DLL
0x00007ff8f9860000 - 0x00007ff8f987e000 	C:\WINDOWS\SYSTEM32\dhcpcsvc6.DLL
0x00007ff8f9830000 - 0x00007ff8f9855000 	C:\WINDOWS\SYSTEM32\dhcpcsvc.DLL
0x00007ff8e3860000 - 0x00007ff8e386e000 	C:\Users\Asus\.vscode\extensions\redhat.java-1.44.0-win32-x64\jre\21.0.8-win32-x86_64\bin\sunmscapi.dll
0x00007ff8fe060000 - 0x00007ff8fe1d6000 	C:\WINDOWS\System32\CRYPT32.dll
0x00007ff8fd780000 - 0x00007ff8fd7b0000 	C:\WINDOWS\SYSTEM32\ncrypt.dll
0x00007ff8fd720000 - 0x00007ff8fd75f000 	C:\WINDOWS\SYSTEM32\NTASN1.dll
0x00007ff8fc930000 - 0x00007ff8fca55000 	C:\WINDOWS\SYSTEM32\DNSAPI.dll
0x00007ff8f7480000 - 0x00007ff8f748b000 	C:\Windows\System32\rasadhlp.dll
0x00007ff8f99c0000 - 0x00007ff8f9a45000 	C:\WINDOWS\System32\fwpuclnt.dll
0x00007ff8e1440000 - 0x00007ff8e1449000 	C:\Users\Asus\.vscode\extensions\redhat.java-1.44.0-win32-x64\jre\21.0.8-win32-x86_64\bin\extnet.dll
0x00007ff8fce90000 - 0x00007ff8fcec5000 	C:\WINDOWS\SYSTEM32\ntmarta.dll

JVMTI agents:
c:\Users\Asus\.vscode\extensions\redhat.java-1.44.0-win32-x64\lombok\lombok-1.18.39-4050.jar path:c:\Users\Asus\.vscode\extensions\redhat.java-1.44.0-win32-x64\jre\21.0.8-win32-x86_64\bin\instrument.dll, loaded, initialized, instrumentlib options:none

dbghelp: loaded successfully - version: 4.0.5 - missing functions: none
symbol engine: initialized successfully - sym options: 0x614 - pdb path: .;c:\Users\Asus\.vscode\extensions\redhat.java-1.44.0-win32-x64\jre\21.0.8-win32-x86_64\bin;C:\WINDOWS\SYSTEM32;C:\WINDOWS\WinSxS\amd64_microsoft.windows.common-controls_6595b64144ccf1df_6.0.26100.2454_none_3e0b68a2e331ad60;c:\Users\Asus\.vscode\extensions\redhat.java-1.44.0-win32-x64\jre\21.0.8-win32-x86_64\bin\server;C:\Users\Asus\AppData\Roaming\Code\User\globalStorage\redhat.java\1.44.0\config_win\org.eclipse.equinox.launcher\org.eclipse.equinox.launcher.win32.win32.x86_64_1.2.1400.v20250730-1736;C:\Users\Asus\AppData\Local\Temp\jna-2050672

VM Arguments:
jvm_args: --add-modules=ALL-SYSTEM --add-opens=java.base/java.util=ALL-UNNAMED --add-opens=java.base/java.lang=ALL-UNNAMED --add-opens=java.base/sun.nio.fs=ALL-UNNAMED -Declipse.application=org.eclipse.jdt.ls.core.id1 -Dosgi.bundles.defaultStartLevel=4 -Declipse.product=org.eclipse.jdt.ls.core.product -Djava.import.generatesMetadataFilesAtProjectRoot=false -DDetectVMInstallationsJob.disabled=true -Dfile.encoding=utf8 -XX:+UseParallelGC -XX:GCTimeRatio=4 -XX:AdaptiveSizePolicyWeight=90 -Dsun.zip.disableMemoryMapping=true -Xmx2G -Xms100m -Xlog:disable -javaagent:c:\Users\Asus\.vscode\extensions\redhat.java-1.44.0-win32-x64\lombok\lombok-1.18.39-4050.jar -XX:+HeapDumpOnOutOfMemoryError -XX:HeapDumpPath=c:\Users\Asus\AppData\Roaming\Code\User\workspaceStorage\6f0e533d9ff133c7631d155b4f25a028\redhat.java -Daether.dependencyCollector.impl=bf 
java_command: c:\Users\Asus\.vscode\extensions\redhat.java-1.44.0-win32-x64\server\plugins\org.eclipse.equinox.launcher_1.7.0.v20250519-0528.jar -configuration c:\Users\Asus\AppData\Roaming\Code\User\globalStorage\redhat.java\1.44.0\config_win -data c:\Users\Asus\AppData\Roaming\Code\User\workspaceStorage\6f0e533d9ff133c7631d155b4f25a028\redhat.java\jdt_ws --pipe=\\.\pipe\lsp-0a1787d737591f26aa879aa1974fd099-sock
java_class_path (initial): c:\Users\Asus\.vscode\extensions\redhat.java-1.44.0-win32-x64\server\plugins\org.eclipse.equinox.launcher_1.7.0.v20250519-0528.jar
Launcher Type: SUN_STANDARD

[Global flags]
    uintx AdaptiveSizePolicyWeight                 = 90                                        {product} {command line}
     intx CICompilerCount                          = 4                                         {product} {ergonomic}
    uintx GCTimeRatio                              = 4                                         {product} {command line}
     bool HeapDumpOnOutOfMemoryError               = true                                   {manageable} {command line}
    ccstr HeapDumpPath                             = c:\Users\Asus\AppData\Roaming\Code\User\workspaceStorage\6f0e533d9ff133c7631d155b4f25a028\redhat.java         {manageable} {command line}
   size_t InitialHeapSize                          = 104857600                                 {product} {command line}
   size_t MaxHeapSize                              = 2147483648                                {product} {command line}
   size_t MaxNewSize                               = 715653120                                 {product} {ergonomic}
   size_t MinHeapDeltaBytes                        = 524288                                    {product} {ergonomic}
   size_t MinHeapSize                              = 104857600                                 {product} {command line}
   size_t NewSize                                  = 34603008                                  {product} {ergonomic}
    uintx NonNMethodCodeHeapSize                   = 5839372                                {pd product} {ergonomic}
    uintx NonProfiledCodeHeapSize                  = 122909434                              {pd product} {ergonomic}
   size_t OldSize                                  = 70254592                                  {product} {ergonomic}
    uintx ProfiledCodeHeapSize                     = 122909434                              {pd product} {ergonomic}
    uintx ReservedCodeCacheSize                    = 251658240                              {pd product} {ergonomic}
     bool SegmentedCodeCache                       = true                                      {product} {ergonomic}
   size_t SoftMaxHeapSize                          = 2147483648                             {manageable} {ergonomic}
     bool UseCompressedOops                        = true                           {product lp64_product} {ergonomic}
     bool UseLargePagesIndividualAllocation        = false                                  {pd product} {ergonomic}
     bool UseParallelGC                            = true                                      {product} {command line}

Logging:
Log output configuration:
 #0: stdout all=off uptime,level,tags foldmultilines=false
 #1: stderr all=off uptime,level,tags foldmultilines=false

Environment Variables:
JAVA_HOME=C:\Users\Asus\AppData\Local\Programs\Eclipse Adoptium\jdk-17.0.6.10-hotspot\
PATH=C:\Python312\Scripts\;C:\Python312\;C:\Users\Asus\AppData\Local\Programs\Python\Python311\Scripts\;C:\WINDOWS;C:\WINDOWS\System32\Wbem;C:\WINDOWS\System32\WindowsPowerShell\v1.0\;C:\WINDOWS\System32\OpenSSH\;C:\MinGW\bin;C:\Program Files (x86)\Microsoft SQL Server\160\Tools\Binn\;C:\Program Files\Microsoft SQL Server\160\Tools\Binn\;C:\Program Files\Microsoft SQL Server\Client SDK\ODBC\170\Tools\Binn\;C:\Program Files\Microsoft SQL Server\160\DTS\Binn\;C:\Program Files\Git\cmd;C:\Users\Asus\AppData\Local\Programs\Python\Python311\Scripts;C:\Users\Asus\AppData\Local\Programs\Python\Python311\;C:\Users\Asus\AppData\Local\Programs\Python\Python311\Scripts;C:\Users\Asus\AppData\Local\Programs\Python\Python311\Scripts;C:\Users\Asus\AppData\Local\Programs\Python\Python311\;C:\;C:\ProgramData\chocolatey\bin;C:\Program Files\MongoDB\Server\8.0\bin;C:\Program Files\MongoDB\Server\8.0\bin;C:\Windows\System32;C:\Windows\System32\Wbem;C:\Windows;C:\JARS\jdk-19.0.2\bin;c:\Users\Asus\AppData\Local\Programs\Trae\bin;C:\Users\Asus\AppData\Local\Programs\Eclipse Adoptium\jdk-17.0.6.10-hotspot\bin;C:\Users\Asus\AppData\Local\Programs\Python\Python311\Scripts\;C:\Users\Asus\AppData\Local\Programs\Python\Python311\;C:\Users\Asus\AppData\Local\Microsoft\WindowsApps;C:\Program Files\JetBrains\PyCharm Community Edition 2022.3.2\bin;;C:\Program Files\Azure Data Studio\bin;C:\Users\Asus\AppData\Local\GitHubDesktop\bin;C:\Users\Asus\Downloads\apache-maven-4.0.0-rc-1-bin\apache-maven-4.0.0-rc-1;C:\Users\Asus\AppData\Roaming\npm;C:\Users\Asus\AppData\Roaming\Python\Python312\Scripts;C:\Users\Asus\Desktop\Microsoft VS Code\bin
USERNAME=Asus
OS=Windows_NT
PROCESSOR_IDENTIFIER=Intel64 Family 6 Model 140 Stepping 1, GenuineIntel
TMP=C:\Users\Asus\AppData\Local\Temp
TEMP=C:\Users\Asus\AppData\Local\Temp




Periodic native trim disabled

---------------  S Y S T E M  ---------------

OS:
 Windows 11 , 64 bit Build 26100 (10.0.26100.2454)
OS uptime: 1 days 18:30 hours

CPU: total 8 (initial active 8) (4 cores per cpu, 2 threads per core) family 6 model 140 stepping 1 microcode 0x86, cx8, cmov, fxsr, ht, mmx, 3dnowpref, sse, sse2, sse3, ssse3, sse4.1, sse4.2, popcnt, lzcnt, tsc, tscinvbit, avx, avx2, aes, erms, clmul, bmi1, bmi2, adx, avx512f, avx512dq, avx512cd, avx512bw, avx512vl, sha, fma, vzeroupper, avx512_vpopcntdq, avx512_vpclmulqdq, avx512_vaes, avx512_vnni, clflush, clflushopt, clwb, avx512_vbmi2, avx512_vbmi, rdtscp, rdpid, fsrm, gfni, avx512_bitalg, f16c, pku, cet_ibt, cet_ss, avx512_ifma
Processor Information for the first 8 processors :
  Max Mhz: 2419, Current Mhz: 2419, Mhz Limit: 2419

Memory: 4k page, system-wide physical 7886M (647M free)
TotalPageFile size 16078M (AvailPageFile size 5M)
current process WorkingSet (physical memory assigned to process): 499M, peak: 499M
current process commit charge ("private bytes"): 510M, peak: 510M

vm_info: OpenJDK 64-Bit Server VM (21.0.8+9-LTS) for windows-amd64 JRE (21.0.8+9-LTS), built on 2025-07-15T00:00:00Z by "admin" with MS VC++ 17.7 (VS2022)

END.
