#
# There is insufficient memory for the Java Runtime Environment to continue.
# Native memory allocation (mmap) failed to map 65536 bytes for Failed to commit metaspace.
# Possible reasons:
#   The system is out of physical RAM or swap space
#   The process is running with CompressedOops enabled, and the Java Heap may be blocking the growth of the native heap
# Possible solutions:
#   Reduce memory load on the system
#   Increase physical memory or swap space
#   Check if swap backing store is full
#   Decrease Java heap size (-Xmx/-Xms)
#   Decrease number of Java threads
#   Decrease Java thread stack sizes (-Xss)
#   Set larger code cache with -XX:ReservedCodeCacheSize=
#   JVM is running with Unscaled Compressed Oops mode in which the Java heap is
#     placed in the first 4GB address space. The Java Heap base address is the
#     maximum limit for the native heap growth. Please use -XX:HeapBaseMinAddress
#     to set the Java Heap base and to place the Java Heap above 4GB virtual address.
# This output file may be truncated or incomplete.
#
#  Out of Memory Error (virtualSpaceNode.cpp:110), pid=14324, tid=15824
#
# JRE version: OpenJDK Runtime Environment Temurin-17.0.10+7 (17.0.10+7) (build 17.0.10+7)
# Java VM: OpenJDK 64-Bit Server VM Temurin-17.0.10+7 (17.0.10+7, mixed mode, tiered, compressed oops, compressed class ptrs, parallel gc, windows-amd64)
# No core dump will be written. Minidumps are not enabled by default on client versions of Windows
#

---------------  S U M M A R Y ------------

Command Line: --add-modules=ALL-SYSTEM --add-opens=java.base/java.util=ALL-UNNAMED --add-opens=java.base/java.lang=ALL-UNNAMED --add-opens=java.base/sun.nio.fs=ALL-UNNAMED -Declipse.application=org.eclipse.jdt.ls.core.id1 -Dosgi.bundles.defaultStartLevel=4 -Declipse.product=org.eclipse.jdt.ls.core.product -Djava.import.generatesMetadataFilesAtProjectRoot=false -DDetectVMInstallationsJob.disabled=true -Dfile.encoding=utf8 -XX:+UseParallelGC -XX:GCTimeRatio=4 -XX:AdaptiveSizePolicyWeight=90 -Dsun.zip.disableMemoryMapping=true -Xmx1G -Xms100m -Xlog:disable -javaagent:c:\Users\Asus\.vscode\extensions\redhat.java-1.30.0-win32-x64\lombok\lombok-1.18.32.jar -XX:+HeapDumpOnOutOfMemoryError -XX:HeapDumpPath=c:\Users\Asus\AppData\Roaming\Code\User\workspaceStorage\6f0e533d9ff133c7631d155b4f25a028\redhat.java -Daether.dependencyCollector.impl=bf c:\Users\Asus\.vscode\extensions\redhat.java-1.30.0-win32-x64\server\plugins\org.eclipse.equinox.launcher_1.6.800.v20240330-1250.jar -configuration c:\Users\Asus\AppData\Roaming\Code\User\globalStorage\redhat.java\1.30.0\config_win -data c:\Users\Asus\AppData\Roaming\Code\User\workspaceStorage\6f0e533d9ff133c7631d155b4f25a028\redhat.java\jdt_ws --pipe=\\.\pipe\lsp-a283873d41b6996770cbc84085fbcbed-sock

Host: 11th Gen Intel(R) Core(TM) i5-1135G7 @ 2.40GHz, 8 cores, 7G,  Windows 11 , 64 bit Build 22621 (10.0.22621.3527)
Time: Wed May  8 16:58:54 2024 India Standard Time elapsed time: 0.384107 seconds (0d 0h 0m 0s)

---------------  T H R E A D  ---------------

Current thread (0x000001acda18e370):  JavaThread "main" [_thread_in_vm, id=15824, stack(0x00000046d4400000,0x00000046d4500000)]

Stack: [0x00000046d4400000,0x00000046d4500000]
Native frames: (J=compiled Java code, j=interpreted, Vv=VM code, C=native code)
V  [jvm.dll+0x67d2c9]
V  [jvm.dll+0x834afa]
V  [jvm.dll+0x8365be]
V  [jvm.dll+0x836c23]
V  [jvm.dll+0x2477ff]
V  [jvm.dll+0x8307bb]
V  [jvm.dll+0x621d16]
V  [jvm.dll+0x621d7a]
V  [jvm.dll+0x6245aa]
V  [jvm.dll+0x6226b6]
V  [jvm.dll+0x23bd4f]
V  [jvm.dll+0x62c565]
V  [jvm.dll+0x1eb80b]
V  [jvm.dll+0x1ebd45]
V  [jvm.dll+0x1ec800]
V  [jvm.dll+0x1e1c01]
V  [jvm.dll+0x5427ce]
V  [jvm.dll+0x1f2647]
V  [jvm.dll+0x7adf9b]
V  [jvm.dll+0x7af36c]
V  [jvm.dll+0x7af6b8]
V  [jvm.dll+0x23face]
V  [jvm.dll+0x23fd1f]
V  [jvm.dll+0x5609e3]
V  [jvm.dll+0x562e94]
V  [jvm.dll+0x38621b]
V  [jvm.dll+0x385cd2]
C  0x000001ace4358695

The last pc belongs to getstatic (printed below).
Java frames: (J=compiled Java code, j=interpreted, Vv=VM code)
j  java.lang.invoke.InnerClassLambdaMetafactory.<clinit>()V+16 java.base@17.0.10
v  ~StubRoutines::call_stub
j  java.lang.invoke.LambdaMetafactory.metafactory(Ljava/lang/invoke/MethodHandles$Lookup;Ljava/lang/String;Ljava/lang/invoke/MethodType;Ljava/lang/invoke/MethodType;Ljava/lang/invoke/MethodHandle;Ljava/lang/invoke/MethodType;)Ljava/lang/invoke/CallSite;+0 java.base@17.0.10
j  java.lang.invoke.DirectMethodHandle$Holder.invokeStatic(Ljava/lang/Object;Ljava/lang/Object;Ljava/lang/Object;Ljava/lang/Object;Ljava/lang/Object;Ljava/lang/Object;Ljava/lang/Object;)Ljava/lang/Object;+20 java.base@17.0.10
j  java.lang.invoke.Invokers$Holder.invokeExact_MT(Ljava/lang/Object;Ljava/lang/Object;Ljava/lang/Object;Ljava/lang/Object;Ljava/lang/Object;Ljava/lang/Object;Ljava/lang/Object;Ljava/lang/Object;)Ljava/lang/Object;+28 java.base@17.0.10
j  java.lang.invoke.BootstrapMethodInvoker.invoke(Ljava/lang/Class;Ljava/lang/invoke/MethodHandle;Ljava/lang/String;Ljava/lang/Object;Ljava/lang/Object;Ljava/lang/Class;)Ljava/lang/Object;+319 java.base@17.0.10
j  java.lang.invoke.CallSite.makeSite(Ljava/lang/invoke/MethodHandle;Ljava/lang/String;Ljava/lang/invoke/MethodType;Ljava/lang/Object;Ljava/lang/Class;)Ljava/lang/invoke/CallSite;+8 java.base@17.0.10
j  java.lang.invoke.MethodHandleNatives.linkCallSiteImpl(Ljava/lang/Class;Ljava/lang/invoke/MethodHandle;Ljava/lang/String;Ljava/lang/invoke/MethodType;Ljava/lang/Object;[Ljava/lang/Object;)Ljava/lang/invoke/MemberName;+6 java.base@17.0.10
j  java.lang.invoke.MethodHandleNatives.linkCallSite(Ljava/lang/Object;ILjava/lang/Object;Ljava/lang/Object;Ljava/lang/Object;Ljava/lang/Object;[Ljava/lang/Object;)Ljava/lang/invoke/MemberName;+46 java.base@17.0.10
v  ~StubRoutines::call_stub
j  jdk.internal.module.DefaultRoots.compute(Ljava/lang/module/ModuleFinder;Ljava/lang/module/ModuleFinder;)Ljava/util/Set;+11 java.base@17.0.10
j  jdk.internal.module.ModuleBootstrap.boot2()Ljava/lang/ModuleLayer;+727 java.base@17.0.10
j  jdk.internal.module.ModuleBootstrap.boot()Ljava/lang/ModuleLayer;+64 java.base@17.0.10
j  java.lang.System.initPhase2(ZZ)I+0 java.base@17.0.10
v  ~StubRoutines::call_stub
getstatic  178 getstatic  [0x000001ace43585e0, 0x000001ace43587e0]  512 bytes
[MachCode]
  0x000001ace43585e0: 4883 ec08 | c5fa 1104 | 24eb 1f48 | 83ec 10c5 | fb11 0424 | eb14 4883 | ec10 4889 | 0424 48c7 
  0x000001ace4358600: 4424 0800 | 0000 00eb | 0150 410f | b755 0148 | 8b4d d0c1 | e202 8b5c | d120 c1eb | 1081 e3ff 
  0x000001ace4358620: 0000 0081 | fbb2 0000 | 000f 84b6 | 0000 00bb | b200 0000 | e805 0000 | 00e9 9b00 | 0000 488b 
  0x000001ace4358640: d348 8d44 | 2408 4c89 | 6dc0 498b | cfc5 f877 | 4989 afa8 | 0200 0049 | 8987 9802 | 0000 4883 
  0x000001ace4358660: ec20 f7c4 | 0f00 0000 | 0f84 1a00 | 0000 4883 | ec08 49ba | 705c ea99 | fe7f 0000 | 41ff d248 
  0x000001ace4358680: 83c4 08e9 | 0d00 0000 | 49ba 705c | ea99 fe7f | 0000 41ff | d248 83c4 | 2049 c787 | 9802 0000 
  0x000001ace43586a0: 0000 0000 | 49c7 87a8 | 0200 0000 | 0000 0049 | c787 a002 | 0000 0000 | 0000 c5f8 | 7749 817f 
  0x000001ace43586c0: 0800 0000 | 000f 8405 | 0000 00e9 | 3088 feff | 4c8b 6dc0 | 4c8b 75c8 | c341 0fb7 | 5501 488b 
  0x000001ace43586e0: 4dd0 c1e2 | 0248 8b5c | d130 8b44 | d138 4c8b | 4cd1 284d | 8b49 704d | 8b09 c1e8 | 1c83 e00f 
  0x000001ace4358700: 0f85 0b00 | 0000 410f | be04 1950 | e9b1 0000 | 0083 f801 | 0f85 0b00 | 0000 410f | b604 1950 
  0x000001ace4358720: e99d 0000 | 0083 f808 | 0f85 0a00 | 0000 418b | 0419 50e9 | 8a00 0000 | 83f8 040f | 850a 0000 
  0x000001ace4358740: 0041 8b04 | 1950 e977 | 0000 0083 | f802 0f85 | 0b00 0000 | 410f b704 | 1950 e963 | 0000 0083 
  0x000001ace4358760: f803 0f85 | 0b00 0000 | 410f bf04 | 1950 e94f | 0000 0083 | f805 0f85 | 1a00 0000 | 498b 0419 
  0x000001ace4358780: 4883 ec10 | 4889 0424 | 48c7 4424 | 0800 0000 | 00e9 2c00 | 0000 83f8 | 060f 8514 | 0000 00c4 
  0x000001ace43587a0: c17a 1004 | 1948 83ec | 08c5 fa11 | 0424 e90f | 0000 00c4 | c17b 1004 | 1948 83ec | 10c5 fb11 
  0x000001ace43587c0: 0424 410f | b65d 0349 | 83c5 0349 | ba90 a96c | 9afe 7f00 | 0041 ff24 | da0f 1f80 | 0000 0000 
[/MachCode]

---------------  P R O C E S S  ---------------

Threads class SMR info:
_java_thread_list=0x000001acee008d60, length=10, elements={
0x000001acda18e370, 0x000001acf3164010, 0x000001acedffae90, 0x000001acee00cea0,
0x000001acee00da60, 0x000001acf317f000, 0x000001acf317f9d0, 0x000001acf3187440,
0x000001acf31e11c0, 0x000001acf31f5f70
}

Java Threads: ( => current thread )
=>0x000001acda18e370 JavaThread "main" [_thread_in_vm, id=15824, stack(0x00000046d4400000,0x00000046d4500000)]
  0x000001acf3164010 JavaThread "Reference Handler" daemon [_thread_blocked, id=14700, stack(0x00000046d4700000,0x00000046d4800000)]
  0x000001acedffae90 JavaThread "Finalizer" daemon [_thread_blocked, id=7344, stack(0x00000046d4800000,0x00000046d4900000)]
  0x000001acee00cea0 JavaThread "Signal Dispatcher" daemon [_thread_blocked, id=22996, stack(0x00000046d4900000,0x00000046d4a00000)]
  0x000001acee00da60 JavaThread "Attach Listener" daemon [_thread_blocked, id=10336, stack(0x00000046d4a00000,0x00000046d4b00000)]
  0x000001acf317f000 JavaThread "Service Thread" daemon [_thread_blocked, id=18560, stack(0x00000046d4b00000,0x00000046d4c00000)]
  0x000001acf317f9d0 JavaThread "Monitor Deflation Thread" daemon [_thread_blocked, id=6464, stack(0x00000046d4c00000,0x00000046d4d00000)]
  0x000001acf3187440 JavaThread "C2 CompilerThread0" daemon [_thread_blocked, id=14884, stack(0x00000046d4d00000,0x00000046d4e00000)]
  0x000001acf31e11c0 JavaThread "C1 CompilerThread0" daemon [_thread_blocked, id=6132, stack(0x00000046d4e00000,0x00000046d4f00000)]
  0x000001acf31f5f70 JavaThread "Sweeper thread" daemon [_thread_blocked, id=13064, stack(0x00000046d4f00000,0x00000046d5000000)]

Other Threads:
  0x000001acf31514b0 VMThread "VM Thread" [stack: 0x00000046d4600000,0x00000046d4700000] [id=20292]
  0x000001acda1a2340 GCTaskThread "GC Thread#0" [stack: 0x00000046d4500000,0x00000046d4600000] [id=17212]

Threads with active compile tasks:

VM state: not at safepoint (normal execution)

VM Mutex/Monitor currently owned by a thread:  ([mutex/lock_event])
[0x000001acd7ee6040] Metaspace_lock - owner thread: 0x000001acda18e370

Heap address: 0x00000000c0000000, size: 1024 MB, Compressed Oops mode: 32-bit

CDS archive(s) not mapped
Compressed class space mapped at: 0x0000000100000000-0x0000000140000000, reserved size: 1073741824
Narrow klass base: 0x0000000000000000, Narrow klass shift: 3, Narrow klass range: 0x140000000

GC Precious Log:
 CPUs: 8 total, 8 available
 Memory: 7886M
 Large Page Support: Disabled
 NUMA Support: Disabled
 Compressed Oops: Enabled (32-bit)
 Alignments: Space 512K, Generation 512K, Heap 2M
 Heap Min Capacity: 100M
 Heap Initial Capacity: 100M
 Heap Max Capacity: 1G
 Pre-touch: Disabled
 Parallel Workers: 8

Heap:
 PSYoungGen      total 29696K, used 1536K [0x00000000eab00000, 0x00000000ecc00000, 0x0000000100000000)
  eden space 25600K, 6% used [0x00000000eab00000,0x00000000eac801a8,0x00000000ec400000)
  from space 4096K, 0% used [0x00000000ec800000,0x00000000ec800000,0x00000000ecc00000)
  to   space 4096K, 0% used [0x00000000ec400000,0x00000000ec400000,0x00000000ec800000)
 ParOldGen       total 68608K, used 0K [0x00000000c0000000, 0x00000000c4300000, 0x00000000eab00000)
  object space 68608K, 0% used [0x00000000c0000000,0x00000000c0000000,0x00000000c4300000)
 Metaspace       used 3505K, committed 3520K, reserved 1114112K
  class space    used 305K, committed 320K, reserved 1048576K

Card table byte_map: [0x000001acd9b10000,0x000001acd9d20000] _byte_map_base: 0x000001acd9510000

Marking Bits: (ParMarkBitMap*) 0x00007ffe9a6bd7d0
 Begin Bits: [0x000001acebe10000, 0x000001acece10000)
 End Bits:   [0x000001acece10000, 0x000001acede10000)

Polling page: 0x000001acd80d0000

Metaspace:

Usage:
  Non-class:      3.12 MB used.
      Class:    305.20 KB used.
       Both:      3.42 MB used.

Virtual space:
  Non-class space:       64.00 MB reserved,       3.12 MB (  5%) committed,  1 nodes.
      Class space:        1.00 GB reserved,     320.00 KB ( <1%) committed,  1 nodes.
             Both:        1.06 GB reserved,       3.44 MB ( <1%) committed. 

Chunk freelists:
   Non-Class:  12.00 MB
       Class:  15.62 MB
        Both:  27.62 MB

MaxMetaspaceSize: unlimited
CompressedClassSpaceSize: 1.00 GB
Initial GC threshold: 21.00 MB
Current GC threshold: 21.00 MB
CDS: off
MetaspaceReclaimPolicy: balanced
 - commit_granule_bytes: 65536.
 - commit_granule_words: 8192.
 - virtual_space_node_default_size: 8388608.
 - enlarge_chunks_in_place: 1.
 - new_chunks_are_fully_committed: 0.
 - uncommit_free_chunks: 1.
 - use_allocation_guard: 0.
 - handle_deallocations: 1.


Internal statistics:

num_allocs_failed_limit: 0.
num_arena_births: 2.
num_arena_deaths: 0.
num_vsnodes_births: 2.
num_vsnodes_deaths: 0.
num_space_committed: 55.
num_space_uncommitted: 0.
num_chunks_returned_to_freelist: 0.
num_chunks_taken_from_freelist: 4.
num_chunk_merges: 0.
num_chunk_splits: 2.
num_chunks_enlarged: 0.
num_inconsistent_stats: 0.

CodeHeap 'non-profiled nmethods': size=120000Kb used=10Kb max_used=10Kb free=119990Kb
 bounds [0x000001ace48e0000, 0x000001ace4b50000, 0x000001acebe10000]
CodeHeap 'profiled nmethods': size=120000Kb used=49Kb max_used=49Kb free=119950Kb
 bounds [0x000001acdce10000, 0x000001acdd080000, 0x000001ace4340000]
CodeHeap 'non-nmethods': size=5760Kb used=1057Kb max_used=1057Kb free=4702Kb
 bounds [0x000001ace4340000, 0x000001ace45b0000, 0x000001ace48e0000]
 total_blobs=350 nmethods=41 adapters=224
 compilation: enabled
              stopped_count=0, restarted_count=0
 full_count=0

Compilation events (20 events):
Event: 0.316 Thread 0x000001acf31e11c0   25       3       java.lang.StringLatin1::charAt (28 bytes)
Event: 0.317 Thread 0x000001acf31e11c0 nmethod 25 0x000001acdce17390 code [0x000001acdce17540, 0x000001acdce17748]
Event: 0.317 Thread 0x000001acf31e11c0   26       1       java.lang.module.ModuleReference::descriptor (5 bytes)
Event: 0.317 Thread 0x000001acf31e11c0 nmethod 26 0x000001ace48e0990 code [0x000001ace48e0b20, 0x000001ace48e0bf8]
Event: 0.330 Thread 0x000001acf31e11c0   27       3       java.util.ImmutableCollections$SetN$SetNIterator::hasNext (13 bytes)
Event: 0.330 Thread 0x000001acf31e11c0 nmethod 27 0x000001acdce17890 code [0x000001acdce17a20, 0x000001acdce17b98]
Event: 0.330 Thread 0x000001acf31e11c0   28       3       java.util.concurrent.ConcurrentHashMap::tabAt (22 bytes)
Event: 0.331 Thread 0x000001acf31e11c0 nmethod 28 0x000001acdce17c10 code [0x000001acdce17dc0, 0x000001acdce18078]
Event: 0.331 Thread 0x000001acf31e11c0   30       3       java.util.ImmutableCollections$SetN$SetNIterator::next (90 bytes)
Event: 0.331 Thread 0x000001acf31e11c0 nmethod 30 0x000001acdce18190 code [0x000001acdce18340, 0x000001acdce18668]
Event: 0.331 Thread 0x000001acf31e11c0   29       3       jdk.internal.misc.Unsafe::getReferenceAcquire (7 bytes)
Event: 0.331 Thread 0x000001acf31e11c0 nmethod 29 0x000001acdce18810 code [0x000001acdce189a0, 0x000001acdce18ab8]
Event: 0.369 Thread 0x000001acf31e11c0   32       1       java.lang.Enum::ordinal (5 bytes)
Event: 0.369 Thread 0x000001acf31e11c0 nmethod 32 0x000001ace48e0f90 code [0x000001ace48e1120, 0x000001ace48e11f8]
Event: 0.372 Thread 0x000001acf31e11c0   34       3       java.util.concurrent.ConcurrentHashMap::addCount (279 bytes)
Event: 0.374 Thread 0x000001acf31e11c0 nmethod 34 0x000001acdce18b90 code [0x000001acdce18de0, 0x000001acdce19768]
Event: 0.374 Thread 0x000001acf31e11c0   37   !   3       java.util.concurrent.ConcurrentHashMap::putVal (433 bytes)
Event: 0.377 Thread 0x000001acf31e11c0 nmethod 37 0x000001acdce19a90 code [0x000001acdce19de0, 0x000001acdce1b6e8]
Event: 0.377 Thread 0x000001acf31e11c0   38       3       java.util.concurrent.ConcurrentHashMap$Node::<init> (20 bytes)
Event: 0.377 Thread 0x000001acf31e11c0 nmethod 38 0x000001acdce1c090 code [0x000001acdce1c220, 0x000001acdce1c3b8]

GC Heap History (0 events):
No events

Dll operation events (1 events):
Event: 0.040 Loaded shared library c:\Users\Asus\.vscode\extensions\redhat.java-1.30.0-win32-x64\jre\17.0.10-win32-x86_64\bin\java.dll

Deoptimization events (0 events):
No events

Classes unloaded (0 events):
No events

Classes redefined (0 events):
No events

Internal exceptions (0 events):
No events

VM Operations (0 events):
No events

Events (20 events):
Event: 0.370 loading class java/lang/WeakPairMap$Pair$Lookup done
Event: 0.370 loading class java/util/function/Predicate
Event: 0.370 loading class java/util/function/Predicate done
Event: 0.371 loading class java/lang/invoke/BootstrapMethodInvoker
Event: 0.372 loading class java/lang/invoke/BootstrapMethodInvoker done
Event: 0.372 loading class java/lang/invoke/VarHandle$AccessMode
Event: 0.373 loading class java/lang/invoke/VarHandle$AccessMode done
Event: 0.375 loading class java/lang/invoke/VarHandle$AccessType
Event: 0.376 loading class java/lang/invoke/VarHandle$AccessType done
Event: 0.376 loading class java/lang/invoke/Invokers$Holder
Event: 0.377 loading class java/lang/invoke/Invokers$Holder done
Event: 0.378 loading class java/lang/invoke/MethodHandleImpl$1
Event: 0.378 loading class jdk/internal/access/JavaLangInvokeAccess
Event: 0.378 loading class jdk/internal/access/JavaLangInvokeAccess done
Event: 0.378 loading class java/lang/invoke/MethodHandleImpl$1 done
Event: 0.378 loading class java/lang/invoke/InnerClassLambdaMetafactory
Event: 0.379 loading class java/lang/invoke/AbstractValidatingLambdaMetafactory
Event: 0.379 loading class java/lang/invoke/AbstractValidatingLambdaMetafactory done
Event: 0.379 loading class java/lang/invoke/InnerClassLambdaMetafactory done
Event: 0.379 loading class jdk/internal/org/objectweb/asm/Type


Dynamic libraries:
0x00007ff67b690000 - 0x00007ff67b69e000 	c:\Users\Asus\.vscode\extensions\redhat.java-1.30.0-win32-x64\jre\17.0.10-win32-x86_64\bin\java.exe
0x00007ffef53b0000 - 0x00007ffef55c7000 	C:\WINDOWS\SYSTEM32\ntdll.dll
0x00007ffef35b0000 - 0x00007ffef3674000 	C:\WINDOWS\System32\KERNEL32.DLL
0x00007ffef29b0000 - 0x00007ffef2d57000 	C:\WINDOWS\System32\KERNELBASE.dll
0x00007ffeec7c0000 - 0x00007ffeec857000 	C:\WINDOWS\SYSTEM32\apphelp.dll
0x00007ffef2820000 - 0x00007ffef2931000 	C:\WINDOWS\System32\ucrtbase.dll
0x00007ffee94c0000 - 0x00007ffee94d7000 	c:\Users\Asus\.vscode\extensions\redhat.java-1.30.0-win32-x64\jre\17.0.10-win32-x86_64\bin\jli.dll
0x00007ffeef450000 - 0x00007ffeef46b000 	c:\Users\Asus\.vscode\extensions\redhat.java-1.30.0-win32-x64\jre\17.0.10-win32-x86_64\bin\VCRUNTIME140.dll
0x00007ffef3170000 - 0x00007ffef331e000 	C:\WINDOWS\System32\USER32.dll
0x00007ffef2f70000 - 0x00007ffef2f96000 	C:\WINDOWS\System32\win32u.dll
0x00007ffef4550000 - 0x00007ffef4579000 	C:\WINDOWS\System32\GDI32.dll
0x00007ffee8910000 - 0x00007ffee8ba3000 	C:\WINDOWS\WinSxS\amd64_microsoft.windows.common-controls_6595b64144ccf1df_6.0.22621.3527_none_270e469b73872a76\COMCTL32.dll
0x00007ffef2700000 - 0x00007ffef2819000 	C:\WINDOWS\System32\gdi32full.dll
0x00007ffef4310000 - 0x00007ffef43b7000 	C:\WINDOWS\System32\msvcrt.dll
0x00007ffef2ed0000 - 0x00007ffef2f6a000 	C:\WINDOWS\System32\msvcp_win.dll
0x00007ffef4580000 - 0x00007ffef45b1000 	C:\WINDOWS\System32\IMM32.DLL
0x00007ffee94b0000 - 0x00007ffee94bc000 	c:\Users\Asus\.vscode\extensions\redhat.java-1.30.0-win32-x64\jre\17.0.10-win32-x86_64\bin\vcruntime140_1.dll
0x00007ffeca080000 - 0x00007ffeca10d000 	c:\Users\Asus\.vscode\extensions\redhat.java-1.30.0-win32-x64\jre\17.0.10-win32-x86_64\bin\msvcp140.dll
0x00007ffe99b20000 - 0x00007ffe9a782000 	c:\Users\Asus\.vscode\extensions\redhat.java-1.30.0-win32-x64\jre\17.0.10-win32-x86_64\bin\server\jvm.dll
0x00007ffef3ef0000 - 0x00007ffef3fa2000 	C:\WINDOWS\System32\ADVAPI32.dll
0x00007ffef34e0000 - 0x00007ffef3588000 	C:\WINDOWS\System32\sechost.dll
0x00007ffef26d0000 - 0x00007ffef26f8000 	C:\WINDOWS\System32\bcrypt.dll
0x00007ffef4ba0000 - 0x00007ffef4cb5000 	C:\WINDOWS\System32\RPCRT4.dll
0x00007ffef23e0000 - 0x00007ffef242d000 	C:\WINDOWS\SYSTEM32\POWRPROF.dll
0x00007ffee94a0000 - 0x00007ffee94a9000 	C:\WINDOWS\SYSTEM32\WSOCK32.dll
0x00007ffef4eb0000 - 0x00007ffef4f21000 	C:\WINDOWS\System32\WS2_32.dll
0x00007ffeecb90000 - 0x00007ffeecbc4000 	C:\WINDOWS\SYSTEM32\WINMM.dll
0x00007ffee9f00000 - 0x00007ffee9f0a000 	C:\WINDOWS\SYSTEM32\VERSION.dll
0x00007ffef2310000 - 0x00007ffef2323000 	C:\WINDOWS\SYSTEM32\UMPDC.dll
0x00007ffef1690000 - 0x00007ffef16a8000 	C:\WINDOWS\SYSTEM32\kernel.appcore.dll
0x00007ffee93c0000 - 0x00007ffee93ca000 	c:\Users\Asus\.vscode\extensions\redhat.java-1.30.0-win32-x64\jre\17.0.10-win32-x86_64\bin\jimage.dll
0x00007ffeeff10000 - 0x00007ffef0143000 	C:\WINDOWS\SYSTEM32\DBGHELP.DLL
0x00007ffef4f30000 - 0x00007ffef52b8000 	C:\WINDOWS\System32\combase.dll
0x00007ffef43c0000 - 0x00007ffef4497000 	C:\WINDOWS\System32\OLEAUT32.dll
0x00007ffeea260000 - 0x00007ffeea292000 	C:\WINDOWS\SYSTEM32\dbgcore.DLL
0x00007ffef2fa0000 - 0x00007ffef3019000 	C:\WINDOWS\System32\bcryptPrimitives.dll
0x00007ffee93b0000 - 0x00007ffee93be000 	c:\Users\Asus\.vscode\extensions\redhat.java-1.30.0-win32-x64\jre\17.0.10-win32-x86_64\bin\instrument.dll
0x00007ffee23f0000 - 0x00007ffee2415000 	c:\Users\Asus\.vscode\extensions\redhat.java-1.30.0-win32-x64\jre\17.0.10-win32-x86_64\bin\java.dll
0x00007ffee8f50000 - 0x00007ffee8f68000 	c:\Users\Asus\.vscode\extensions\redhat.java-1.30.0-win32-x64\jre\17.0.10-win32-x86_64\bin\zip.dll
0x00007ffef3690000 - 0x00007ffef3eec000 	C:\WINDOWS\System32\SHELL32.dll
0x00007ffef0610000 - 0x00007ffef0f06000 	C:\WINDOWS\SYSTEM32\windows.storage.dll
0x00007ffef04d0000 - 0x00007ffef060e000 	C:\WINDOWS\SYSTEM32\wintypes.dll
0x00007ffef41f0000 - 0x00007ffef42e5000 	C:\WINDOWS\System32\SHCORE.dll
0x00007ffef4a40000 - 0x00007ffef4a9e000 	C:\WINDOWS\System32\shlwapi.dll
0x00007ffef2600000 - 0x00007ffef2621000 	C:\WINDOWS\SYSTEM32\profapi.dll

dbghelp: loaded successfully - version: 4.0.5 - missing functions: none
symbol engine: initialized successfully - sym options: 0x614 - pdb path: .;c:\Users\Asus\.vscode\extensions\redhat.java-1.30.0-win32-x64\jre\17.0.10-win32-x86_64\bin;C:\WINDOWS\SYSTEM32;C:\WINDOWS\WinSxS\amd64_microsoft.windows.common-controls_6595b64144ccf1df_6.0.22621.3527_none_270e469b73872a76;c:\Users\Asus\.vscode\extensions\redhat.java-1.30.0-win32-x64\jre\17.0.10-win32-x86_64\bin\server

VM Arguments:
jvm_args: --add-modules=ALL-SYSTEM --add-opens=java.base/java.util=ALL-UNNAMED --add-opens=java.base/java.lang=ALL-UNNAMED --add-opens=java.base/sun.nio.fs=ALL-UNNAMED -Declipse.application=org.eclipse.jdt.ls.core.id1 -Dosgi.bundles.defaultStartLevel=4 -Declipse.product=org.eclipse.jdt.ls.core.product -Djava.import.generatesMetadataFilesAtProjectRoot=false -DDetectVMInstallationsJob.disabled=true -Dfile.encoding=utf8 -XX:+UseParallelGC -XX:GCTimeRatio=4 -XX:AdaptiveSizePolicyWeight=90 -Dsun.zip.disableMemoryMapping=true -Xmx1G -Xms100m -Xlog:disable -javaagent:c:\Users\Asus\.vscode\extensions\redhat.java-1.30.0-win32-x64\lombok\lombok-1.18.32.jar -XX:+HeapDumpOnOutOfMemoryError -XX:HeapDumpPath=c:\Users\Asus\AppData\Roaming\Code\User\workspaceStorage\6f0e533d9ff133c7631d155b4f25a028\redhat.java -Daether.dependencyCollector.impl=bf 
java_command: c:\Users\Asus\.vscode\extensions\redhat.java-1.30.0-win32-x64\server\plugins\org.eclipse.equinox.launcher_1.6.800.v20240330-1250.jar -configuration c:\Users\Asus\AppData\Roaming\Code\User\globalStorage\redhat.java\1.30.0\config_win -data c:\Users\Asus\AppData\Roaming\Code\User\workspaceStorage\6f0e533d9ff133c7631d155b4f25a028\redhat.java\jdt_ws --pipe=\\.\pipe\lsp-a283873d41b6996770cbc84085fbcbed-sock
java_class_path (initial): c:\Users\Asus\.vscode\extensions\redhat.java-1.30.0-win32-x64\server\plugins\org.eclipse.equinox.launcher_1.6.800.v20240330-1250.jar
Launcher Type: SUN_STANDARD

[Global flags]
    uintx AdaptiveSizePolicyWeight                 = 90                                        {product} {command line}
     intx CICompilerCount                          = 4                                         {product} {ergonomic}
    uintx GCTimeRatio                              = 4                                         {product} {command line}
     bool HeapDumpOnOutOfMemoryError               = true                                   {manageable} {command line}
    ccstr HeapDumpPath                             = c:\Users\Asus\AppData\Roaming\Code\User\workspaceStorage\6f0e533d9ff133c7631d155b4f25a028\redhat.java         {manageable} {command line}
   size_t InitialHeapSize                          = 104857600                                 {product} {command line}
   size_t MaxHeapSize                              = 1073741824                                {product} {command line}
   size_t MaxNewSize                               = 357564416                                 {product} {ergonomic}
   size_t MinHeapDeltaBytes                        = 524288                                    {product} {ergonomic}
   size_t MinHeapSize                              = 104857600                                 {product} {command line}
   size_t NewSize                                  = 34603008                                  {product} {ergonomic}
    uintx NonNMethodCodeHeapSize                   = 5839372                                {pd product} {ergonomic}
    uintx NonProfiledCodeHeapSize                  = 122909434                              {pd product} {ergonomic}
   size_t OldSize                                  = 70254592                                  {product} {ergonomic}
    uintx ProfiledCodeHeapSize                     = 122909434                              {pd product} {ergonomic}
    uintx ReservedCodeCacheSize                    = 251658240                              {pd product} {ergonomic}
     bool SegmentedCodeCache                       = true                                      {product} {ergonomic}
   size_t SoftMaxHeapSize                          = 1073741824                             {manageable} {ergonomic}
     bool UseCompressedClassPointers               = true                           {product lp64_product} {ergonomic}
     bool UseCompressedOops                        = true                           {product lp64_product} {ergonomic}
     bool UseLargePagesIndividualAllocation        = false                                  {pd product} {ergonomic}
     bool UseParallelGC                            = true                                      {product} {command line}

Logging:
Log output configuration:
 #0: stdout all=off uptime,level,tags
 #1: stderr all=off uptime,level,tags

Environment Variables:
JAVA_HOME=C:\Users\Asus\AppData\Local\Programs\Eclipse Adoptium\jdk-17.0.6.10-hotspot\
PATH=C:\WINDOWS\system32;C:\WINDOWS;C:\WINDOWS\System32\Wbem;C:\WINDOWS\System32\WindowsPowerShell\v1.0\;C:\WINDOWS\System32\OpenSSH\;C:\MinGW\bin;C:\Program Files (x86)\Microsoft SQL Server\160\Tools\Binn\;C:\Program Files\Microsoft SQL Server\160\Tools\Binn\;C:\Program Files\Microsoft SQL Server\Client SDK\ODBC\170\Tools\Binn\;C:\Program Files\Microsoft SQL Server\160\DTS\Binn\;C:\Program Files\Azure Data Studio\bin;C:\Program Files (x86)\Microsoft SQL Server\160\DTS\Binn\;C:\Program Files\Git\cmd;C:\Users\Asus\AppData\Local\Programs\Eclipse Adoptium\jdk-17.0.6.10-hotspot\bin;C:\Users\Asus\AppData\Local\Programs\Python\Python311\Scripts\;C:\Users\Asus\AppData\Local\Programs\Python\Python311\;C:\Users\Asus\AppData\Local\Microsoft\WindowsApps;;C:\Users\Asus\AppData\Local\Programs\Microsoft VS Code\bin;C:\Program Files\JetBrains\PyCharm Community Edition 2022.3.2\bin;;C:\Program Files\Azure Data Studio\bin
USERNAME=Asus
OS=Windows_NT
PROCESSOR_IDENTIFIER=Intel64 Family 6 Model 140 Stepping 1, GenuineIntel
TMP=C:\Users\Asus\AppData\Local\Temp
TEMP=C:\Users\Asus\AppData\Local\Temp



Periodic native trim disabled


---------------  S Y S T E M  ---------------

OS:
 Windows 11 , 64 bit Build 22621 (10.0.22621.3527)
OS uptime: 11 days 0:25 hours

CPU: total 8 (initial active 8) (4 cores per cpu, 2 threads per core) family 6 model 140 stepping 1 microcode 0x86, cx8, cmov, fxsr, ht, mmx, 3dnowpref, sse, sse2, sse3, ssse3, sse4.1, sse4.2, popcnt, lzcnt, tsc, tscinvbit, avx, avx2, aes, erms, clmul, bmi1, bmi2, adx, avx512f, avx512dq, avx512cd, avx512bw, avx512vl, sha, fma, vzeroupper, avx512_vpopcntdq, avx512_vpclmulqdq, avx512_vaes, avx512_vnni, clflush, clflushopt, clwb, avx512_vbmi2, avx512_vbmi
Processor Information for all 8 processors :
  Max Mhz: 2419, Current Mhz: 2419, Mhz Limit: 2419

Memory: 4k page, system-wide physical 7886M (867M free)
TotalPageFile size 12763M (AvailPageFile size 201M)
current process WorkingSet (physical memory assigned to process): 28M, peak: 28M
current process commit charge ("private bytes"): 181M, peak: 181M

vm_info: OpenJDK 64-Bit Server VM (17.0.10+7) for windows-amd64 JRE (17.0.10+7), built on Jan 16 2024 23:25:11 by "admin" with MS VC++ 16.10 / 16.11 (VS2019)

END.
