#
# There is insufficient memory for the Java Runtime Environment to continue.
# Native memory allocation (malloc) failed to allocate 1897776 bytes. Error detail: Chunk::new
# Possible reasons:
#   The system is out of physical RAM or swap space
#   This process is running with CompressedOops enabled, and the Java Heap may be blocking the growth of the native heap
# Possible solutions:
#   Reduce memory load on the system
#   Increase physical memory or swap space
#   Check if swap backing store is full
#   Decrease Java heap size (-Xmx/-Xms)
#   Decrease number of Java threads
#   Decrease Java thread stack sizes (-Xss)
#   Set larger code cache with -XX:ReservedCodeCacheSize=
#   JVM is running with Unscaled Compressed Oops mode in which the Java heap is
#     placed in the first 4GB address space. The Java Heap base address is the
#     maximum limit for the native heap growth. Please use -XX:HeapBaseMinAddress
#     to set the Java Heap base and to place the Java Heap above 4GB virtual address.
# This output file may be truncated or incomplete.
#
#  Out of Memory Error (arena.cpp:168), pid=9480, tid=21432
#
# JRE version: OpenJDK Runtime Environment Temurin-21.0.6+7 (21.0.6+7) (build 21.0.6+7-LTS)
# Java VM: OpenJDK 64-Bit Server VM Temurin-21.0.6+7 (21.0.6+7-LTS, mixed mode, sharing, tiered, compressed oops, compressed class ptrs, parallel gc, windows-amd64)
# No core dump will be written. Minidumps are not enabled by default on client versions of Windows
#

---------------  S U M M A R Y ------------

Command Line: --add-modules=ALL-SYSTEM --add-opens=java.base/java.util=ALL-UNNAMED --add-opens=java.base/java.lang=ALL-UNNAMED --add-opens=java.base/sun.nio.fs=ALL-UNNAMED -Declipse.application=org.eclipse.jdt.ls.core.id1 -Dosgi.bundles.defaultStartLevel=4 -Declipse.product=org.eclipse.jdt.ls.core.product -Djava.import.generatesMetadataFilesAtProjectRoot=false -DDetectVMInstallationsJob.disabled=true -Dfile.encoding=utf8 -XX:+UseParallelGC -XX:GCTimeRatio=4 -XX:AdaptiveSizePolicyWeight=90 -Dsun.zip.disableMemoryMapping=true -Xmx1G -Xms100m -Xlog:disable -javaagent:c:\Users\Asus\.vscode\extensions\redhat.java-1.41.1-win32-x64\lombok\lombok-1.18.36.jar -XX:+HeapDumpOnOutOfMemoryError -XX:HeapDumpPath=c:\Users\Asus\AppData\Roaming\Code\User\workspaceStorage\6f0e533d9ff133c7631d155b4f25a028\redhat.java -Daether.dependencyCollector.impl=bf c:\Users\Asus\.vscode\extensions\redhat.java-1.41.1-win32-x64\server\plugins\org.eclipse.equinox.launcher_1.7.0.v20250331-1702.jar -configuration c:\Users\Asus\AppData\Roaming\Code\User\globalStorage\redhat.java\1.41.1\config_win -data c:\Users\Asus\AppData\Roaming\Code\User\workspaceStorage\6f0e533d9ff133c7631d155b4f25a028\redhat.java\jdt_ws --pipe=\\.\pipe\lsp-9add8d5dd998a4902dd5246997fffc01-sock

Host: 11th Gen Intel(R) Core(TM) i5-1135G7 @ 2.40GHz, 8 cores, 7G,  Windows 11 , 64 bit Build 26100 (10.0.26100.2454)
Time: Sat Apr  5 12:31:52 2025 India Standard Time elapsed time: 40.014285 seconds (0d 0h 0m 40s)

---------------  T H R E A D  ---------------

Current thread (0x0000019ee6070580):  JavaThread "C2 CompilerThread0" daemon [_thread_in_native, id=21432, stack(0x0000008367e00000,0x0000008367f00000) (1024K)]


Current CompileTask:
C2:40014 11783   !   4       org.eclipse.jdt.internal.core.search.indexing.BinaryIndexer::indexDocument (1204 bytes)

Stack: [0x0000008367e00000,0x0000008367f00000]
Native frames: (J=compiled Java code, j=interpreted, Vv=VM code, C=native code)
V  [jvm.dll+0x6cdee9]
V  [jvm.dll+0x8a83d1]
V  [jvm.dll+0x8aa8fe]
V  [jvm.dll+0x8aafe3]
V  [jvm.dll+0x27f706]
V  [jvm.dll+0xc500d]
V  [jvm.dll+0xc5543]
V  [jvm.dll+0x3b6752]
V  [jvm.dll+0x382935]
V  [jvm.dll+0x381d9a]
V  [jvm.dll+0x2479f0]
V  [jvm.dll+0x246fcf]
V  [jvm.dll+0x1c75ee]
V  [jvm.dll+0x25685a]
V  [jvm.dll+0x254dfa]
V  [jvm.dll+0x3f0256]
V  [jvm.dll+0x851f8b]
V  [jvm.dll+0x6cc5ed]
C  [ucrtbase.dll+0x14ea0]
C  [KERNEL32.DLL+0x2e8d7]
C  [ntdll.dll+0xdfbcc]


---------------  P R O C E S S  ---------------

Threads class SMR info:
_java_thread_list=0x0000019eed1c9f30, length=73, elements={
0x0000019ed1cacc70, 0x0000019ed1d6d4c0, 0x0000019ee60653e0, 0x0000019ee6067d80,
0x0000019ee60689d0, 0x0000019ee606d540, 0x0000019ee606e3a0, 0x0000019ee6070580,
0x0000019ee6096360, 0x0000019ed1d198a0, 0x0000019ee7da75c0, 0x0000019eec5ea370,
0x0000019eec5eaa00, 0x0000019eec5eb090, 0x0000019eec5ecad0, 0x0000019eec8fe620,
0x0000019eec900060, 0x0000019eec9006f0, 0x0000019eec8ff9d0, 0x0000019eec900d80,
0x0000019eec8fd900, 0x0000019eec8fecb0, 0x0000019eec904200, 0x0000019eec904f20,
0x0000019eec904890, 0x0000019eec902e50, 0x0000019eec901aa0, 0x0000019eec902130,
0x0000019eec9034e0, 0x0000019eec9027c0, 0x0000019eec903b70, 0x0000019eec5e9ce0,
0x0000019eec5eb720, 0x0000019eec5ebdb0, 0x0000019eec5ec440, 0x0000019eec5ed160,
0x0000019eee5307c0, 0x0000019eee530130, 0x0000019eee5314e0, 0x0000019eee52f410,
0x0000019eee531b70, 0x0000019eee52ed80, 0x0000019eee52e6f0, 0x0000019eee532200,
0x0000019eee5335b0, 0x0000019eee533c40, 0x0000019eee532f20, 0x0000019eee532890,
0x0000019eee5342d0, 0x0000019eee534960, 0x0000019ef18f9510, 0x0000019ef18f87f0,
0x0000019ef18f7440, 0x0000019ef18f9ba0, 0x0000019ef18fa230, 0x0000019ef18f7ad0,
0x0000019ef18f8e80, 0x0000019ef18f8160, 0x0000019ef18f6db0, 0x0000019ef18fbc70,
0x0000019ef18fd6b0, 0x0000019ef18fb5e0, 0x0000019ef18fa8c0, 0x0000019ef18fc300,
0x0000019ef18fe3d0, 0x0000019ef18fc990, 0x0000019ef18faf50, 0x0000019eec8ff340,
0x0000019eedebf440, 0x0000019ef1a5f280, 0x0000019eef247790, 0x0000019eef247e20,
0x0000019eef2456c0
}

Java Threads: ( => current thread )
  0x0000019ed1cacc70 JavaThread "main"                              [_thread_blocked, id=2816, stack(0x0000008367400000,0x0000008367500000) (1024K)]
  0x0000019ed1d6d4c0 JavaThread "Reference Handler"          daemon [_thread_blocked, id=26892, stack(0x0000008367800000,0x0000008367900000) (1024K)]
  0x0000019ee60653e0 JavaThread "Finalizer"                  daemon [_thread_blocked, id=21268, stack(0x0000008367900000,0x0000008367a00000) (1024K)]
  0x0000019ee6067d80 JavaThread "Signal Dispatcher"          daemon [_thread_blocked, id=32292, stack(0x0000008367a00000,0x0000008367b00000) (1024K)]
  0x0000019ee60689d0 JavaThread "Attach Listener"            daemon [_thread_blocked, id=32152, stack(0x0000008367b00000,0x0000008367c00000) (1024K)]
  0x0000019ee606d540 JavaThread "Service Thread"             daemon [_thread_blocked, id=15204, stack(0x0000008367c00000,0x0000008367d00000) (1024K)]
  0x0000019ee606e3a0 JavaThread "Monitor Deflation Thread"   daemon [_thread_blocked, id=2716, stack(0x0000008367d00000,0x0000008367e00000) (1024K)]
=>0x0000019ee6070580 JavaThread "C2 CompilerThread0"         daemon [_thread_in_native, id=21432, stack(0x0000008367e00000,0x0000008367f00000) (1024K)]
  0x0000019ee6096360 JavaThread "C1 CompilerThread0"         daemon [_thread_blocked, id=1172, stack(0x0000008367f00000,0x0000008368000000) (1024K)]
  0x0000019ed1d198a0 JavaThread "Common-Cleaner"             daemon [_thread_blocked, id=29976, stack(0x0000008368000000,0x0000008368100000) (1024K)]
  0x0000019ee7da75c0 JavaThread "Notification Thread"        daemon [_thread_blocked, id=34348, stack(0x0000008368200000,0x0000008368300000) (1024K)]
  0x0000019eec5ea370 JavaThread "Active Thread: Equinox Container: 460bb957-4560-4602-84c8-ac762a6155b7"        [_thread_blocked, id=34168, stack(0x0000008368f00000,0x0000008369000000) (1024K)]
  0x0000019eec5eaa00 JavaThread "Framework Event Dispatcher: Equinox Container: 460bb957-4560-4602-84c8-ac762a6155b7" daemon [_thread_blocked, id=34156, stack(0x0000008368100000,0x0000008368200000) (1024K)]
  0x0000019eec5eb090 JavaThread "Start Level: Equinox Container: 460bb957-4560-4602-84c8-ac762a6155b7" daemon [_thread_blocked, id=34472, stack(0x0000008368900000,0x0000008368a00000) (1024K)]
  0x0000019eec5ecad0 JavaThread "Refresh Thread: Equinox Container: 460bb957-4560-4602-84c8-ac762a6155b7" daemon [_thread_blocked, id=34344, stack(0x0000008368c00000,0x0000008368d00000) (1024K)]
  0x0000019eec8fe620 JavaThread "Bundle File Closer"         daemon [_thread_blocked, id=34288, stack(0x0000008368a00000,0x0000008368b00000) (1024K)]
  0x0000019eec900060 JavaThread "SCR Component Actor"        daemon [_thread_blocked, id=34792, stack(0x0000008368d00000,0x0000008368e00000) (1024K)]
  0x0000019eec9006f0 JavaThread "Worker-JM"                         [_thread_blocked, id=34568, stack(0x0000008369100000,0x0000008369200000) (1024K)]
  0x0000019eec8ff9d0 JavaThread "JNA Cleaner"                daemon [_thread_blocked, id=34632, stack(0x0000008369000000,0x0000008369100000) (1024K)]
  0x0000019eec900d80 JavaThread "Worker-0"                          [_thread_blocked, id=34656, stack(0x0000008369200000,0x0000008369300000) (1024K)]
  0x0000019eec8fd900 JavaThread "Worker-1: Initialize workspace"        [_thread_blocked, id=34644, stack(0x0000008369300000,0x0000008369400000) (1024K)]
  0x0000019eec8fecb0 JavaThread "Worker-2: Building"                [_thread_blocked, id=34788, stack(0x0000008369500000,0x0000008369600000) (1024K)]
  0x0000019eec904200 JavaThread "Java indexing"              daemon [_thread_in_Java, id=29080, stack(0x0000008369600000,0x0000008369700000) (1024K)]
  0x0000019eec904f20 JavaThread "Worker-3"                          [_thread_blocked, id=34808, stack(0x0000008369a00000,0x0000008369b00000) (1024K)]
  0x0000019eec904890 JavaThread "Thread-2"                   daemon [_thread_in_native, id=30492, stack(0x0000008369b00000,0x0000008369c00000) (1024K)]
  0x0000019eec902e50 JavaThread "Thread-3"                   daemon [_thread_in_native, id=6852, stack(0x0000008369c00000,0x0000008369d00000) (1024K)]
  0x0000019eec901aa0 JavaThread "Thread-4"                   daemon [_thread_in_native, id=33820, stack(0x0000008369d00000,0x0000008369e00000) (1024K)]
  0x0000019eec902130 JavaThread "Thread-5"                   daemon [_thread_in_native, id=29004, stack(0x0000008369e00000,0x0000008369f00000) (1024K)]
  0x0000019eec9034e0 JavaThread "Thread-6"                   daemon [_thread_in_native, id=34800, stack(0x0000008369f00000,0x000000836a000000) (1024K)]
  0x0000019eec9027c0 JavaThread "Thread-7"                   daemon [_thread_in_native, id=34776, stack(0x000000836a000000,0x000000836a100000) (1024K)]
  0x0000019eec903b70 JavaThread "Thread-8"                   daemon [_thread_in_native, id=34728, stack(0x000000836a100000,0x000000836a200000) (1024K)]
  0x0000019eec5e9ce0 JavaThread "Thread-9"                   daemon [_thread_in_native, id=13288, stack(0x000000836a200000,0x000000836a300000) (1024K)]
  0x0000019eec5eb720 JavaThread "Thread-10"                  daemon [_thread_in_native, id=6240, stack(0x000000836a300000,0x000000836a400000) (1024K)]
  0x0000019eec5ebdb0 JavaThread "pool-2-thread-1"                   [_thread_blocked, id=19868, stack(0x000000836a400000,0x000000836a500000) (1024K)]
  0x0000019eec5ec440 JavaThread "Worker-4"                          [_thread_blocked, id=34812, stack(0x000000836a500000,0x000000836a600000) (1024K)]
  0x0000019eec5ed160 JavaThread "WorkspaceEventsHandler"            [_thread_blocked, id=31316, stack(0x000000836a600000,0x000000836a700000) (1024K)]
  0x0000019eee5307c0 JavaThread "pool-1-thread-1"                   [_thread_blocked, id=7492, stack(0x000000836a700000,0x000000836a800000) (1024K)]
  0x0000019eee530130 JavaThread "Worker-5: Java indexing... "        [_thread_blocked, id=34796, stack(0x000000836a800000,0x000000836a900000) (1024K)]
  0x0000019eee5314e0 JavaThread "Keep-Alive-Timer"           daemon [_thread_blocked, id=8004, stack(0x000000836aa00000,0x000000836ab00000) (1024K)]
  0x0000019eee52f410 JavaThread "Equinox resolver thread - Equinox Container: 460bb957-4560-4602-84c8-ac762a6155b7" daemon [_thread_blocked, id=428, stack(0x000000836ab00000,0x000000836ac00000) (1024K)]
  0x0000019eee531b70 JavaThread "Equinox resolver thread - Equinox Container: 460bb957-4560-4602-84c8-ac762a6155b7" daemon [_thread_blocked, id=34744, stack(0x000000836ac00000,0x000000836ad00000) (1024K)]
  0x0000019eee52ed80 JavaThread "Equinox resolver thread - Equinox Container: 460bb957-4560-4602-84c8-ac762a6155b7" daemon [_thread_blocked, id=22896, stack(0x000000836ad00000,0x000000836ae00000) (1024K)]
  0x0000019eee52e6f0 JavaThread "Equinox resolver thread - Equinox Container: 460bb957-4560-4602-84c8-ac762a6155b7" daemon [_thread_blocked, id=29800, stack(0x000000836ae00000,0x000000836af00000) (1024K)]
  0x0000019eee532200 JavaThread "Equinox resolver thread - Equinox Container: 460bb957-4560-4602-84c8-ac762a6155b7" daemon [_thread_blocked, id=14084, stack(0x000000836af00000,0x000000836b000000) (1024K)]
  0x0000019eee5335b0 JavaThread "Equinox resolver thread - Equinox Container: 460bb957-4560-4602-84c8-ac762a6155b7" daemon [_thread_blocked, id=24964, stack(0x000000836b000000,0x000000836b100000) (1024K)]
  0x0000019eee533c40 JavaThread "Equinox resolver thread - Equinox Container: 460bb957-4560-4602-84c8-ac762a6155b7" daemon [_thread_blocked, id=30896, stack(0x000000836b100000,0x000000836b200000) (1024K)]
  0x0000019eee532f20 JavaThread "Equinox resolver thread - Equinox Container: 460bb957-4560-4602-84c8-ac762a6155b7" daemon [_thread_blocked, id=31396, stack(0x000000836b200000,0x000000836b300000) (1024K)]
  0x0000019eee532890 JavaThread "LocalFile Deleter"          daemon [_thread_blocked, id=34740, stack(0x000000836b300000,0x000000836b400000) (1024K)]
  0x0000019eee5342d0 JavaThread "LocalFile Deleter"          daemon [_thread_blocked, id=4484, stack(0x000000836b400000,0x000000836b500000) (1024K)]
  0x0000019eee534960 JavaThread "LocalFile Deleter"          daemon [_thread_blocked, id=25876, stack(0x000000836b500000,0x000000836b600000) (1024K)]
  0x0000019ef18f9510 JavaThread "LocalFile Deleter"          daemon [_thread_blocked, id=3044, stack(0x000000836b600000,0x000000836b700000) (1024K)]
  0x0000019ef18f87f0 JavaThread "LocalFile Deleter"          daemon [_thread_blocked, id=2752, stack(0x000000836b700000,0x000000836b800000) (1024K)]
  0x0000019ef18f7440 JavaThread "LocalFile Deleter"          daemon [_thread_blocked, id=11424, stack(0x000000836b800000,0x000000836b900000) (1024K)]
  0x0000019ef18f9ba0 JavaThread "LocalFile Deleter"          daemon [_thread_blocked, id=3684, stack(0x000000836b900000,0x000000836ba00000) (1024K)]
  0x0000019ef18fa230 JavaThread "LocalFile Deleter"          daemon [_thread_blocked, id=34772, stack(0x000000836ba00000,0x000000836bb00000) (1024K)]
  0x0000019ef18f7ad0 JavaThread "Compiler Source File Reader" daemon [_thread_blocked, id=7620, stack(0x0000008368e00000,0x0000008368f00000) (1024K)]
  0x0000019ef18f8e80 JavaThread "Compiler Source File Reader" daemon [_thread_blocked, id=4248, stack(0x000000836bb00000,0x000000836bc00000) (1024K)]
  0x0000019ef18f8160 JavaThread "Compiler Source File Reader" daemon [_thread_blocked, id=27700, stack(0x000000836bc00000,0x000000836bd00000) (1024K)]
  0x0000019ef18f6db0 JavaThread "Compiler Source File Reader" daemon [_thread_blocked, id=12564, stack(0x000000836bd00000,0x000000836be00000) (1024K)]
  0x0000019ef18fbc70 JavaThread "Compiler Source File Reader" daemon [_thread_blocked, id=15392, stack(0x000000836be00000,0x000000836bf00000) (1024K)]
  0x0000019ef18fd6b0 JavaThread "Compiler Source File Reader" daemon [_thread_blocked, id=16564, stack(0x000000836bf00000,0x000000836c000000) (1024K)]
  0x0000019ef18fb5e0 JavaThread "Compiler Processing Task"   daemon [_thread_blocked, id=11920, stack(0x000000836c000000,0x000000836c100000) (1024K)]
  0x0000019ef18fa8c0 JavaThread "Compiler Class File Writer" daemon [_thread_blocked, id=34080, stack(0x000000836c100000,0x000000836c200000) (1024K)]
  0x0000019ef18fc300 JavaThread "Compiler Class File Writer" daemon [_thread_blocked, id=34084, stack(0x000000836c200000,0x000000836c300000) (1024K)]
  0x0000019ef18fe3d0 JavaThread "Compiler Class File Writer" daemon [_thread_blocked, id=33932, stack(0x000000836c300000,0x000000836c400000) (1024K)]
  0x0000019ef18fc990 JavaThread "Compiler Class File Writer" daemon [_thread_blocked, id=34072, stack(0x000000836c400000,0x000000836c500000) (1024K)]
  0x0000019ef18faf50 JavaThread "Compiler Class File Writer" daemon [_thread_blocked, id=34092, stack(0x000000836c500000,0x000000836c600000) (1024K)]
  0x0000019eec8ff340 JavaThread "Compiler Class File Writer" daemon [_thread_blocked, id=34024, stack(0x000000836c600000,0x000000836c700000) (1024K)]
  0x0000019eedebf440 JavaThread "C2 CompilerThread1"         daemon [_thread_in_native, id=34000, stack(0x0000008369400000,0x0000008369500000) (1024K)]
  0x0000019ef1a5f280 JavaThread "C2 CompilerThread2"         daemon [_thread_in_native, id=33888, stack(0x0000008369700000,0x0000008369800000) (1024K)]
  0x0000019eef247790 JavaThread "ForkJoinPool.commonPool-worker-1" daemon [_thread_blocked, id=33976, stack(0x000000836c700000,0x000000836c800000) (1024K)]
  0x0000019eef247e20 JavaThread "ForkJoinPool.commonPool-worker-2" daemon [_thread_blocked, id=34016, stack(0x000000836c800000,0x000000836c900000) (1024K)]
  0x0000019eef2456c0 JavaThread "ForkJoinPool.commonPool-worker-3" daemon [_thread_blocked, id=34052, stack(0x000000836c900000,0x000000836ca00000) (1024K)]
Total: 73

Other Threads:
  0x0000019ee60634e0 VMThread "VM Thread"                           [id=15972, stack(0x0000008367700000,0x0000008367800000) (1024K)]
  0x0000019ed1d18a50 WatcherThread "VM Periodic Task Thread"        [id=28304, stack(0x0000008367600000,0x0000008367700000) (1024K)]
  0x0000019ed1ccb500 WorkerThread "GC Thread#0"                     [id=17776, stack(0x0000008367500000,0x0000008367600000) (1024K)]
  0x0000019eec36a150 WorkerThread "GC Thread#1"                     [id=9720, stack(0x0000008368300000,0x0000008368400000) (1024K)]
  0x0000019eec36a4f0 WorkerThread "GC Thread#2"                     [id=5408, stack(0x0000008368400000,0x0000008368500000) (1024K)]
  0x0000019eec01e0d0 WorkerThread "GC Thread#3"                     [id=24500, stack(0x0000008368500000,0x0000008368600000) (1024K)]
  0x0000019eec01e470 WorkerThread "GC Thread#4"                     [id=32188, stack(0x0000008368600000,0x0000008368700000) (1024K)]
  0x0000019eec01e810 WorkerThread "GC Thread#5"                     [id=29764, stack(0x0000008368700000,0x0000008368800000) (1024K)]
  0x0000019eec01ebb0 WorkerThread "GC Thread#6"                     [id=4296, stack(0x0000008368800000,0x0000008368900000) (1024K)]
  0x0000019eec24df80 WorkerThread "GC Thread#7"                     [id=34184, stack(0x0000008368b00000,0x0000008368c00000) (1024K)]
Total: 10

Threads with active compile tasks:
C2 CompilerThread0  40050 11783   !   4       org.eclipse.jdt.internal.core.search.indexing.BinaryIndexer::indexDocument (1204 bytes)
C2 CompilerThread1  40050 11860  s    4       org.eclipse.jdt.internal.core.JavaModelManager::getInfo (39 bytes)
C2 CompilerThread2  40050 11747       4       org.lombokweb.asm.SymbolTable::<init> (536 bytes)
Total: 3

VM state: not at safepoint (normal execution)

VM Mutex/Monitor currently owned by a thread: None

Heap address: 0x00000000c0000000, size: 1024 MB, Compressed Oops mode: 32-bit

CDS archive(s) mapped at: [0x0000019e80000000-0x0000019e80ba0000-0x0000019e80ba0000), size 12189696, SharedBaseAddress: 0x0000019e80000000, ArchiveRelocationMode: 1.
Compressed class space mapped at: 0x0000019e81000000-0x0000019ec1000000, reserved size: 1073741824
Narrow klass base: 0x0000019e80000000, Narrow klass shift: 0, Narrow klass range: 0x100000000

GC Precious Log:
 CardTable entry size: 512
 CPUs: 8 total, 8 available
 Memory: 7886M
 Large Page Support: Disabled
 NUMA Support: Disabled
 Compressed Oops: Enabled (32-bit)
 Alignments: Space 512K, Generation 512K, Heap 2M
 Heap Min Capacity: 100M
 Heap Initial Capacity: 100M
 Heap Max Capacity: 1G
 Pre-touch: Disabled
 Parallel Workers: 8

Heap:
 PSYoungGen      total 6656K, used 5317K [0x00000000eab00000, 0x00000000eb800000, 0x0000000100000000)
  eden space 5120K, 74% used [0x00000000eab00000,0x00000000eaeb36b0,0x00000000eb000000)
  from space 1536K, 99% used [0x00000000eb000000,0x00000000eb17e010,0x00000000eb180000)
  to   space 3584K, 0% used [0x00000000eb480000,0x00000000eb480000,0x00000000eb800000)
 ParOldGen       total 317440K, used 317195K [0x00000000c0000000, 0x00000000d3600000, 0x00000000eab00000)
  object space 317440K, 99% used [0x00000000c0000000,0x00000000d35c2f80,0x00000000d3600000)
 Metaspace       used 67014K, committed 68416K, reserved 1114112K
  class space    used 6822K, committed 7424K, reserved 1048576K

Card table byte_map: [0x0000019ed1650000,0x0000019ed1860000] _byte_map_base: 0x0000019ed1050000

Marking Bits: (ParMarkBitMap*) 0x00007ff9c12f3260
 Begin Bits: [0x0000019ee3ea0000, 0x0000019ee4ea0000)
 End Bits:   [0x0000019ee4ea0000, 0x0000019ee5ea0000)

Polling page: 0x0000019ecfa00000

Metaspace:

Usage:
  Non-class:     58.78 MB used.
      Class:      6.66 MB used.
       Both:     65.44 MB used.

Virtual space:
  Non-class space:       64.00 MB reserved,      59.56 MB ( 93%) committed,  1 nodes.
      Class space:        1.00 GB reserved,       7.25 MB ( <1%) committed,  1 nodes.
             Both:        1.06 GB reserved,      66.81 MB (  6%) committed. 

Chunk freelists:
   Non-Class:  3.86 MB
       Class:  8.67 MB
        Both:  12.53 MB

MaxMetaspaceSize: unlimited
CompressedClassSpaceSize: 1.00 GB
Initial GC threshold: 21.00 MB
Current GC threshold: 97.31 MB
CDS: on
 - commit_granule_bytes: 65536.
 - commit_granule_words: 8192.
 - virtual_space_node_default_size: 8388608.
 - enlarge_chunks_in_place: 1.
 - use_allocation_guard: 0.


Internal statistics:

num_allocs_failed_limit: 9.
num_arena_births: 1092.
num_arena_deaths: 14.
num_vsnodes_births: 2.
num_vsnodes_deaths: 0.
num_space_committed: 1069.
num_space_uncommitted: 0.
num_chunks_returned_to_freelist: 23.
num_chunks_taken_from_freelist: 3933.
num_chunk_merges: 12.
num_chunk_splits: 2461.
num_chunks_enlarged: 1502.
num_inconsistent_stats: 0.

CodeHeap 'non-profiled nmethods': size=120000Kb used=8108Kb max_used=8108Kb free=111892Kb
 bounds [0x0000019edc970000, 0x0000019edd160000, 0x0000019ee3ea0000]
CodeHeap 'profiled nmethods': size=120000Kb used=26534Kb max_used=26534Kb free=93465Kb
 bounds [0x0000019ed4ea0000, 0x0000019ed6890000, 0x0000019edc3d0000]
CodeHeap 'non-nmethods': size=5760Kb used=1546Kb max_used=1604Kb free=4213Kb
 bounds [0x0000019edc3d0000, 0x0000019edc640000, 0x0000019edc970000]
 total_blobs=11784 nmethods=10990 adapters=697
 compilation: enabled
              stopped_count=0, restarted_count=0
 full_count=0

Compilation events (20 events):
Event: 39.897 Thread 0x0000019ee6096360 11917       2       java.lang.invoke.BoundMethodHandle::bindSingle (7 bytes)
Event: 39.898 Thread 0x0000019ee6096360 nmethod 11917 0x0000019ed687f190 code [0x0000019ed687f340, 0x0000019ed687f440]
Event: 39.898 Thread 0x0000019ee6096360 11916       2       java.util.Calendar::getDisplayName (165 bytes)
Event: 39.898 Thread 0x0000019ee6096360 nmethod 11916 0x0000019ed687f510 code [0x0000019ed687f740, 0x0000019ed687fc90]
Event: 39.899 Thread 0x0000019ee6096360 11918       2       java.lang.invoke.SimpleMethodHandle::copyWithExtendL (7 bytes)
Event: 39.900 Thread 0x0000019ee6096360 nmethod 11918 0x0000019ed687ff90 code [0x0000019ed6880140, 0x0000019ed6880268]
Event: 39.927 Thread 0x0000019ee6096360 11920       3       org.eclipse.jdt.internal.compiler.util.SimpleLookupTable::rehash (86 bytes)
Event: 39.927 Thread 0x0000019ee6096360 nmethod 11920 0x0000019ed6880310 code [0x0000019ed68804e0, 0x0000019ed6880880]
Event: 39.930 Thread 0x0000019ee6096360 11921       2       org.eclipse.jdt.ls.core.internal.handlers.ProgressReporterManager$ProgressReporter::isDone (29 bytes)
Event: 39.930 Thread 0x0000019ee6096360 nmethod 11921 0x0000019ed6880a90 code [0x0000019ed6880c40, 0x0000019ed6880da0]
Event: 39.943 Thread 0x0000019ee6096360 11922 %     3       org.eclipse.jdt.internal.core.index.DiskIndex::computeDocumentNames @ 101 (607 bytes)
Event: 39.947 Thread 0x0000019ee6096360 nmethod 11922% 0x0000019ed6880e10 code [0x0000019ed6881260, 0x0000019ed6883998]
Event: 39.954 Thread 0x0000019ee6096360 11923       3       org.eclipse.jdt.internal.core.index.DiskIndex::computeDocumentNames (607 bytes)
Event: 39.957 Thread 0x0000019ee6096360 nmethod 11923 0x0000019ed6884c90 code [0x0000019ed68850c0, 0x0000019ed6887598]
Event: 39.979 Thread 0x0000019eedebf440 nmethod 11777 0x0000019edd149390 code [0x0000019edd14a1e0, 0x0000019edd152df0]
Event: 39.980 Thread 0x0000019eedebf440 11797   !   4       java.io.InputStream::read (81 bytes)
Event: 40.000 Thread 0x0000019ee6096360 11924   !   2       com.google.gson.internal.bind.ReflectiveTypeAdapterFactory$2::write (140 bytes)
Event: 40.002 Thread 0x0000019ee6096360 nmethod 11924 0x0000019ed6888710 code [0x0000019ed6888a20, 0x0000019ed6889370]
Event: 40.009 Thread 0x0000019eedebf440 nmethod 11797 0x0000019edd158e10 code [0x0000019edd159200, 0x0000019edd15a338]
Event: 40.009 Thread 0x0000019eedebf440 11860  s    4       org.eclipse.jdt.internal.core.JavaModelManager::getInfo (39 bytes)

GC Heap History (20 events):
Event: 39.824 GC heap before
{Heap before GC invocations=371 (full 3):
 PSYoungGen      total 5632K, used 5132K [0x00000000eab00000, 0x00000000eb200000, 0x0000000100000000)
  eden space 4096K, 98% used [0x00000000eab00000,0x00000000eaef0c58,0x00000000eaf00000)
  from space 1536K, 71% used [0x00000000eaf80000,0x00000000eb092518,0x00000000eb100000)
  to   space 1024K, 0% used [0x00000000eb100000,0x00000000eb100000,0x00000000eb200000)
 ParOldGen       total 304640K, used 304586K [0x00000000c0000000, 0x00000000d2980000, 0x00000000eab00000)
  object space 304640K, 99% used [0x00000000c0000000,0x00000000d2972948,0x00000000d2980000)
 Metaspace       used 66896K, committed 68288K, reserved 1114112K
  class space    used 6811K, committed 7424K, reserved 1048576K
}
Event: 39.827 GC heap after
{Heap after GC invocations=371 (full 3):
 PSYoungGen      total 4096K, used 1012K [0x00000000eab00000, 0x00000000eb500000, 0x0000000100000000)
  eden space 3072K, 0% used [0x00000000eab00000,0x00000000eab00000,0x00000000eae00000)
  from space 1024K, 98% used [0x00000000eb100000,0x00000000eb1fd058,0x00000000eb200000)
  to   space 3072K, 0% used [0x00000000eae00000,0x00000000eae00000,0x00000000eb100000)
 ParOldGen       total 306176K, used 306043K [0x00000000c0000000, 0x00000000d2b00000, 0x00000000eab00000)
  object space 306176K, 99% used [0x00000000c0000000,0x00000000d2adec18,0x00000000d2b00000)
 Metaspace       used 66896K, committed 68288K, reserved 1114112K
  class space    used 6811K, committed 7424K, reserved 1048576K
}
Event: 39.832 GC heap before
{Heap before GC invocations=372 (full 3):
 PSYoungGen      total 4096K, used 4049K [0x00000000eab00000, 0x00000000eb500000, 0x0000000100000000)
  eden space 3072K, 98% used [0x00000000eab00000,0x00000000eadf7420,0x00000000eae00000)
  from space 1024K, 98% used [0x00000000eb100000,0x00000000eb1fd058,0x00000000eb200000)
  to   space 3072K, 0% used [0x00000000eae00000,0x00000000eae00000,0x00000000eb100000)
 ParOldGen       total 306176K, used 306043K [0x00000000c0000000, 0x00000000d2b00000, 0x00000000eab00000)
  object space 306176K, 99% used [0x00000000c0000000,0x00000000d2adec18,0x00000000d2b00000)
 Metaspace       used 66897K, committed 68288K, reserved 1114112K
  class space    used 6811K, committed 7424K, reserved 1048576K
}
Event: 39.834 GC heap after
{Heap after GC invocations=372 (full 3):
 PSYoungGen      total 4608K, used 1229K [0x00000000eab00000, 0x00000000eb200000, 0x0000000100000000)
  eden space 3072K, 0% used [0x00000000eab00000,0x00000000eab00000,0x00000000eae00000)
  from space 1536K, 80% used [0x00000000eae00000,0x00000000eaf33710,0x00000000eaf80000)
  to   space 2048K, 0% used [0x00000000eb000000,0x00000000eb000000,0x00000000eb200000)
 ParOldGen       total 307200K, used 306943K [0x00000000c0000000, 0x00000000d2c00000, 0x00000000eab00000)
  object space 307200K, 99% used [0x00000000c0000000,0x00000000d2bbff38,0x00000000d2c00000)
 Metaspace       used 66897K, committed 68288K, reserved 1114112K
  class space    used 6811K, committed 7424K, reserved 1048576K
}
Event: 39.838 GC heap before
{Heap before GC invocations=373 (full 3):
 PSYoungGen      total 4608K, used 4280K [0x00000000eab00000, 0x00000000eb200000, 0x0000000100000000)
  eden space 3072K, 99% used [0x00000000eab00000,0x00000000eadfa9d0,0x00000000eae00000)
  from space 1536K, 80% used [0x00000000eae00000,0x00000000eaf33710,0x00000000eaf80000)
  to   space 2048K, 0% used [0x00000000eb000000,0x00000000eb000000,0x00000000eb200000)
 ParOldGen       total 307200K, used 306943K [0x00000000c0000000, 0x00000000d2c00000, 0x00000000eab00000)
  object space 307200K, 99% used [0x00000000c0000000,0x00000000d2bbff38,0x00000000d2c00000)
 Metaspace       used 66898K, committed 68288K, reserved 1114112K
  class space    used 6811K, committed 7424K, reserved 1048576K
}
Event: 39.840 GC heap after
{Heap after GC invocations=373 (full 3):
 PSYoungGen      total 4608K, used 1440K [0x00000000eab00000, 0x00000000eb180000, 0x0000000100000000)
  eden space 3072K, 0% used [0x00000000eab00000,0x00000000eab00000,0x00000000eae00000)
  from space 1536K, 93% used [0x00000000eb000000,0x00000000eb168130,0x00000000eb180000)
  to   space 1536K, 0% used [0x00000000eae00000,0x00000000eae00000,0x00000000eaf80000)
 ParOldGen       total 308224K, used 308077K [0x00000000c0000000, 0x00000000d2d00000, 0x00000000eab00000)
  object space 308224K, 99% used [0x00000000c0000000,0x00000000d2cdb448,0x00000000d2d00000)
 Metaspace       used 66898K, committed 68288K, reserved 1114112K
  class space    used 6811K, committed 7424K, reserved 1048576K
}
Event: 39.846 GC heap before
{Heap before GC invocations=374 (full 3):
 PSYoungGen      total 4608K, used 4512K [0x00000000eab00000, 0x00000000eb180000, 0x0000000100000000)
  eden space 3072K, 100% used [0x00000000eab00000,0x00000000eae00000,0x00000000eae00000)
  from space 1536K, 93% used [0x00000000eb000000,0x00000000eb168130,0x00000000eb180000)
  to   space 1536K, 0% used [0x00000000eae00000,0x00000000eae00000,0x00000000eaf80000)
 ParOldGen       total 308224K, used 308077K [0x00000000c0000000, 0x00000000d2d00000, 0x00000000eab00000)
  object space 308224K, 99% used [0x00000000c0000000,0x00000000d2cdb448,0x00000000d2d00000)
 Metaspace       used 66905K, committed 68288K, reserved 1114112K
  class space    used 6811K, committed 7424K, reserved 1048576K
}
Event: 39.848 GC heap after
{Heap after GC invocations=374 (full 3):
 PSYoungGen      total 4608K, used 1208K [0x00000000eab00000, 0x00000000eb100000, 0x0000000100000000)
  eden space 3072K, 0% used [0x00000000eab00000,0x00000000eab00000,0x00000000eae00000)
  from space 1536K, 78% used [0x00000000eae00000,0x00000000eaf2e348,0x00000000eaf80000)
  to   space 1536K, 0% used [0x00000000eaf80000,0x00000000eaf80000,0x00000000eb100000)
 ParOldGen       total 309760K, used 309298K [0x00000000c0000000, 0x00000000d2e80000, 0x00000000eab00000)
  object space 309760K, 99% used [0x00000000c0000000,0x00000000d2e0cb60,0x00000000d2e80000)
 Metaspace       used 66905K, committed 68288K, reserved 1114112K
  class space    used 6811K, committed 7424K, reserved 1048576K
}
Event: 39.854 GC heap before
{Heap before GC invocations=375 (full 3):
 PSYoungGen      total 4608K, used 4243K [0x00000000eab00000, 0x00000000eb100000, 0x0000000100000000)
  eden space 3072K, 98% used [0x00000000eab00000,0x00000000eadf69b8,0x00000000eae00000)
  from space 1536K, 78% used [0x00000000eae00000,0x00000000eaf2e348,0x00000000eaf80000)
  to   space 1536K, 0% used [0x00000000eaf80000,0x00000000eaf80000,0x00000000eb100000)
 ParOldGen       total 309760K, used 309298K [0x00000000c0000000, 0x00000000d2e80000, 0x00000000eab00000)
  object space 309760K, 99% used [0x00000000c0000000,0x00000000d2e0cb60,0x00000000d2e80000)
 Metaspace       used 66909K, committed 68288K, reserved 1114112K
  class space    used 6811K, committed 7424K, reserved 1048576K
}
Event: 39.856 GC heap after
{Heap after GC invocations=375 (full 3):
 PSYoungGen      total 4608K, used 1193K [0x00000000eab00000, 0x00000000eb200000, 0x0000000100000000)
  eden space 3072K, 0% used [0x00000000eab00000,0x00000000eab00000,0x00000000eae00000)
  from space 1536K, 77% used [0x00000000eaf80000,0x00000000eb0aa638,0x00000000eb100000)
  to   space 1536K, 0% used [0x00000000eae00000,0x00000000eae00000,0x00000000eaf80000)
 ParOldGen       total 310784K, used 310409K [0x00000000c0000000, 0x00000000d2f80000, 0x00000000eab00000)
  object space 310784K, 99% used [0x00000000c0000000,0x00000000d2f225a0,0x00000000d2f80000)
 Metaspace       used 66909K, committed 68288K, reserved 1114112K
  class space    used 6811K, committed 7424K, reserved 1048576K
}
Event: 39.862 GC heap before
{Heap before GC invocations=376 (full 3):
 PSYoungGen      total 4608K, used 4265K [0x00000000eab00000, 0x00000000eb200000, 0x0000000100000000)
  eden space 3072K, 99% used [0x00000000eab00000,0x00000000eadffff8,0x00000000eae00000)
  from space 1536K, 77% used [0x00000000eaf80000,0x00000000eb0aa638,0x00000000eb100000)
  to   space 1536K, 0% used [0x00000000eae00000,0x00000000eae00000,0x00000000eaf80000)
 ParOldGen       total 310784K, used 310409K [0x00000000c0000000, 0x00000000d2f80000, 0x00000000eab00000)
  object space 310784K, 99% used [0x00000000c0000000,0x00000000d2f225a0,0x00000000d2f80000)
 Metaspace       used 66909K, committed 68288K, reserved 1114112K
  class space    used 6811K, committed 7424K, reserved 1048576K
}
Event: 39.865 GC heap after
{Heap after GC invocations=376 (full 3):
 PSYoungGen      total 4608K, used 1390K [0x00000000eab00000, 0x00000000eb200000, 0x0000000100000000)
  eden space 3072K, 0% used [0x00000000eab00000,0x00000000eab00000,0x00000000eae00000)
  from space 1536K, 90% used [0x00000000eae00000,0x00000000eaf5b948,0x00000000eaf80000)
  to   space 1536K, 0% used [0x00000000eb080000,0x00000000eb080000,0x00000000eb200000)
 ParOldGen       total 311808K, used 311499K [0x00000000c0000000, 0x00000000d3080000, 0x00000000eab00000)
  object space 311808K, 99% used [0x00000000c0000000,0x00000000d3032f08,0x00000000d3080000)
 Metaspace       used 66909K, committed 68288K, reserved 1114112K
  class space    used 6811K, committed 7424K, reserved 1048576K
}
Event: 39.870 GC heap before
{Heap before GC invocations=377 (full 3):
 PSYoungGen      total 4608K, used 4462K [0x00000000eab00000, 0x00000000eb200000, 0x0000000100000000)
  eden space 3072K, 100% used [0x00000000eab00000,0x00000000eae00000,0x00000000eae00000)
  from space 1536K, 90% used [0x00000000eae00000,0x00000000eaf5b948,0x00000000eaf80000)
  to   space 1536K, 0% used [0x00000000eb080000,0x00000000eb080000,0x00000000eb200000)
 ParOldGen       total 311808K, used 311499K [0x00000000c0000000, 0x00000000d3080000, 0x00000000eab00000)
  object space 311808K, 99% used [0x00000000c0000000,0x00000000d3032f08,0x00000000d3080000)
 Metaspace       used 66933K, committed 68352K, reserved 1114112K
  class space    used 6812K, committed 7424K, reserved 1048576K
}
Event: 39.872 GC heap after
{Heap after GC invocations=377 (full 3):
 PSYoungGen      total 5632K, used 1293K [0x00000000eab00000, 0x00000000eb200000, 0x0000000100000000)
  eden space 4096K, 0% used [0x00000000eab00000,0x00000000eab00000,0x00000000eaf00000)
  from space 1536K, 84% used [0x00000000eb080000,0x00000000eb1c37e0,0x00000000eb200000)
  to   space 1536K, 0% used [0x00000000eaf00000,0x00000000eaf00000,0x00000000eb080000)
 ParOldGen       total 312832K, used 312659K [0x00000000c0000000, 0x00000000d3180000, 0x00000000eab00000)
  object space 312832K, 99% used [0x00000000c0000000,0x00000000d3154d88,0x00000000d3180000)
 Metaspace       used 66933K, committed 68352K, reserved 1114112K
  class space    used 6812K, committed 7424K, reserved 1048576K
}
Event: 39.879 GC heap before
{Heap before GC invocations=378 (full 3):
 PSYoungGen      total 5632K, used 5335K [0x00000000eab00000, 0x00000000eb200000, 0x0000000100000000)
  eden space 4096K, 98% used [0x00000000eab00000,0x00000000eaef2540,0x00000000eaf00000)
  from space 1536K, 84% used [0x00000000eb080000,0x00000000eb1c37e0,0x00000000eb200000)
  to   space 1536K, 0% used [0x00000000eaf00000,0x00000000eaf00000,0x00000000eb080000)
 ParOldGen       total 312832K, used 312659K [0x00000000c0000000, 0x00000000d3180000, 0x00000000eab00000)
  object space 312832K, 99% used [0x00000000c0000000,0x00000000d3154d88,0x00000000d3180000)
 Metaspace       used 66968K, committed 68352K, reserved 1114112K
  class space    used 6818K, committed 7424K, reserved 1048576K
}
Event: 39.882 GC heap after
{Heap after GC invocations=378 (full 3):
 PSYoungGen      total 5632K, used 1455K [0x00000000eab00000, 0x00000000eb300000, 0x0000000100000000)
  eden space 4096K, 0% used [0x00000000eab00000,0x00000000eab00000,0x00000000eaf00000)
  from space 1536K, 94% used [0x00000000eaf00000,0x00000000eb06bcd8,0x00000000eb080000)
  to   space 1536K, 0% used [0x00000000eb180000,0x00000000eb180000,0x00000000eb300000)
 ParOldGen       total 314368K, used 314024K [0x00000000c0000000, 0x00000000d3300000, 0x00000000eab00000)
  object space 314368K, 99% used [0x00000000c0000000,0x00000000d32aa1e0,0x00000000d3300000)
 Metaspace       used 66968K, committed 68352K, reserved 1114112K
  class space    used 6818K, committed 7424K, reserved 1048576K
}
Event: 39.890 GC heap before
{Heap before GC invocations=379 (full 3):
 PSYoungGen      total 5632K, used 5551K [0x00000000eab00000, 0x00000000eb300000, 0x0000000100000000)
  eden space 4096K, 100% used [0x00000000eab00000,0x00000000eaf00000,0x00000000eaf00000)
  from space 1536K, 94% used [0x00000000eaf00000,0x00000000eb06bcd8,0x00000000eb080000)
  to   space 1536K, 0% used [0x00000000eb180000,0x00000000eb180000,0x00000000eb300000)
 ParOldGen       total 314368K, used 314024K [0x00000000c0000000, 0x00000000d3300000, 0x00000000eab00000)
  object space 314368K, 99% used [0x00000000c0000000,0x00000000d32aa1e0,0x00000000d3300000)
 Metaspace       used 66999K, committed 68352K, reserved 1114112K
  class space    used 6821K, committed 7424K, reserved 1048576K
}
Event: 39.892 GC heap after
{Heap after GC invocations=379 (full 3):
 PSYoungGen      total 6656K, used 1505K [0x00000000eab00000, 0x00000000eb300000, 0x0000000100000000)
  eden space 5120K, 0% used [0x00000000eab00000,0x00000000eab00000,0x00000000eb000000)
  from space 1536K, 98% used [0x00000000eb180000,0x00000000eb2f8698,0x00000000eb300000)
  to   space 1536K, 0% used [0x00000000eb000000,0x00000000eb000000,0x00000000eb180000)
 ParOldGen       total 315904K, used 315679K [0x00000000c0000000, 0x00000000d3480000, 0x00000000eab00000)
  object space 315904K, 99% used [0x00000000c0000000,0x00000000d3447ff0,0x00000000d3480000)
 Metaspace       used 66999K, committed 68352K, reserved 1114112K
  class space    used 6821K, committed 7424K, reserved 1048576K
}
Event: 39.910 GC heap before
{Heap before GC invocations=380 (full 3):
 PSYoungGen      total 6656K, used 6609K [0x00000000eab00000, 0x00000000eb300000, 0x0000000100000000)
  eden space 5120K, 99% used [0x00000000eab00000,0x00000000eaffc080,0x00000000eb000000)
  from space 1536K, 98% used [0x00000000eb180000,0x00000000eb2f8698,0x00000000eb300000)
  to   space 1536K, 0% used [0x00000000eb000000,0x00000000eb000000,0x00000000eb180000)
 ParOldGen       total 315904K, used 315679K [0x00000000c0000000, 0x00000000d3480000, 0x00000000eab00000)
  object space 315904K, 99% used [0x00000000c0000000,0x00000000d3447ff0,0x00000000d3480000)
 Metaspace       used 67007K, committed 68352K, reserved 1114112K
  class space    used 6822K, committed 7424K, reserved 1048576K
}
Event: 39.913 GC heap after
{Heap after GC invocations=380 (full 3):
 PSYoungGen      total 6656K, used 1528K [0x00000000eab00000, 0x00000000eb800000, 0x0000000100000000)
  eden space 5120K, 0% used [0x00000000eab00000,0x00000000eab00000,0x00000000eb000000)
  from space 1536K, 99% used [0x00000000eb000000,0x00000000eb17e010,0x00000000eb180000)
  to   space 3584K, 0% used [0x00000000eb480000,0x00000000eb480000,0x00000000eb800000)
 ParOldGen       total 317440K, used 317195K [0x00000000c0000000, 0x00000000d3600000, 0x00000000eab00000)
  object space 317440K, 99% used [0x00000000c0000000,0x00000000d35c2f80,0x00000000d3600000)
 Metaspace       used 67007K, committed 68352K, reserved 1114112K
  class space    used 6822K, committed 7424K, reserved 1048576K
}

Dll operation events (12 events):
Event: 0.052 Loaded shared library c:\Users\Asus\.vscode\extensions\redhat.java-1.41.1-win32-x64\jre\21.0.6-win32-x86_64\bin\java.dll
Event: 0.225 Loaded shared library c:\Users\Asus\.vscode\extensions\redhat.java-1.41.1-win32-x64\jre\21.0.6-win32-x86_64\bin\zip.dll
Event: 0.324 Loaded shared library C:\Users\Asus\.vscode\extensions\redhat.java-1.41.1-win32-x64\jre\21.0.6-win32-x86_64\bin\instrument.dll
Event: 0.331 Loaded shared library C:\Users\Asus\.vscode\extensions\redhat.java-1.41.1-win32-x64\jre\21.0.6-win32-x86_64\bin\net.dll
Event: 0.339 Loaded shared library C:\Users\Asus\.vscode\extensions\redhat.java-1.41.1-win32-x64\jre\21.0.6-win32-x86_64\bin\nio.dll
Event: 0.348 Loaded shared library C:\Users\Asus\.vscode\extensions\redhat.java-1.41.1-win32-x64\jre\21.0.6-win32-x86_64\bin\zip.dll
Event: 0.391 Loaded shared library C:\Users\Asus\.vscode\extensions\redhat.java-1.41.1-win32-x64\jre\21.0.6-win32-x86_64\bin\jimage.dll
Event: 0.613 Loaded shared library c:\Users\Asus\.vscode\extensions\redhat.java-1.41.1-win32-x64\jre\21.0.6-win32-x86_64\bin\verify.dll
Event: 13.233 Loaded shared library C:\Users\Asus\AppData\Roaming\Code\User\globalStorage\redhat.java\1.41.1\config_win\org.eclipse.equinox.launcher\org.eclipse.equinox.launcher.win32.win32.x86_64_1.2.1300.v20250331-1702\eclipse_11911.dll
Event: 26.284 Loaded shared library C:\Users\Asus\AppData\Local\Temp\jna-2050672\jna5267033912154403093.dll
Event: 27.600 Loaded shared library C:\Users\Asus\.vscode\extensions\redhat.java-1.41.1-win32-x64\jre\21.0.6-win32-x86_64\bin\sunmscapi.dll
Event: 28.679 Loaded shared library C:\Users\Asus\.vscode\extensions\redhat.java-1.41.1-win32-x64\jre\21.0.6-win32-x86_64\bin\extnet.dll

Deoptimization events (20 events):
Event: 39.650 Thread 0x0000019eee5307c0 Uncommon trap: trap_request=0xffffffc6 fr.pc=0x0000019edce81c34 relative=0x0000000000000214
Event: 39.651 Thread 0x0000019eee5307c0 Uncommon trap: reason=bimorphic_or_optimized_type_check action=maybe_recompile pc=0x0000019edce81c34 method=com.google.gson.internal.bind.TypeAdapterRuntimeTypeWrapper.read(Lcom/google/gson/stream/JsonReader;)Ljava/lang/Object; @ 5 c2
Event: 39.652 Thread 0x0000019eee5307c0 DEOPT PACKING pc=0x0000019edce81c34 sp=0x000000836a7fe600
Event: 39.652 Thread 0x0000019eee5307c0 DEOPT UNPACKING pc=0x0000019edc426da2 sp=0x000000836a7fe588 mode 2
Event: 39.652 Thread 0x0000019eee5307c0 Uncommon trap: trap_request=0xffffffc6 fr.pc=0x0000019edce81c34 relative=0x0000000000000214
Event: 39.652 Thread 0x0000019eee5307c0 Uncommon trap: reason=bimorphic_or_optimized_type_check action=maybe_recompile pc=0x0000019edce81c34 method=com.google.gson.internal.bind.TypeAdapterRuntimeTypeWrapper.read(Lcom/google/gson/stream/JsonReader;)Ljava/lang/Object; @ 5 c2
Event: 39.652 Thread 0x0000019eee5307c0 DEOPT PACKING pc=0x0000019edce81c34 sp=0x000000836a7fe600
Event: 39.652 Thread 0x0000019eee5307c0 DEOPT UNPACKING pc=0x0000019edc426da2 sp=0x000000836a7fe588 mode 2
Event: 39.827 Thread 0x0000019eec8fd900 Uncommon trap: trap_request=0xffffff45 fr.pc=0x0000019edccb7688 relative=0x0000000000001208
Event: 39.827 Thread 0x0000019eec8fd900 Uncommon trap: reason=unstable_if action=reinterpret pc=0x0000019edccb7688 method=org.eclipse.jdt.internal.core.util.Util.splitOn(CLjava/lang/String;II)[Ljava/lang/String; @ 16 c2
Event: 39.827 Thread 0x0000019eec8fd900 DEOPT PACKING pc=0x0000019edccb7688 sp=0x00000083693fe580
Event: 39.827 Thread 0x0000019eec8fd900 DEOPT UNPACKING pc=0x0000019edc426da2 sp=0x00000083693fe560 mode 2
Event: 39.834 Thread 0x0000019eec8fd900 Uncommon trap: trap_request=0xffffff45 fr.pc=0x0000019edccda6d0 relative=0x0000000000000710
Event: 39.834 Thread 0x0000019eec8fd900 Uncommon trap: reason=unstable_if action=reinterpret pc=0x0000019edccda6d0 method=org.eclipse.jdt.internal.core.util.WeakHashSet.cleanupGarbageCollectedValues()V @ 140 c2
Event: 39.834 Thread 0x0000019eec8fd900 DEOPT PACKING pc=0x0000019edccda6d0 sp=0x00000083693fe3c0
Event: 39.834 Thread 0x0000019eec8fd900 DEOPT UNPACKING pc=0x0000019edc426da2 sp=0x00000083693fe2c8 mode 2
Event: 39.849 Thread 0x0000019eec8fd900 Uncommon trap: trap_request=0xffffff45 fr.pc=0x0000019edccd856c relative=0x000000000000016c
Event: 39.850 Thread 0x0000019eec8fd900 Uncommon trap: reason=unstable_if action=reinterpret pc=0x0000019edccd856c method=org.eclipse.jdt.internal.core.util.WeakHashSet.cleanupGarbageCollectedValues()V @ 140 c2
Event: 39.850 Thread 0x0000019eec8fd900 DEOPT PACKING pc=0x0000019edccd856c sp=0x00000083693fe650
Event: 39.850 Thread 0x0000019eec8fd900 DEOPT UNPACKING pc=0x0000019edc426da2 sp=0x00000083693fe5d0 mode 2

Classes loaded (20 events):
Event: 39.369 Loading class java/util/Collections$SynchronizedRandomAccessList
Event: 39.369 Loading class java/util/Collections$SynchronizedList
Event: 39.369 Loading class java/util/Collections$SynchronizedList done
Event: 39.369 Loading class java/util/Collections$SynchronizedRandomAccessList done
Event: 39.403 Loading class java/util/concurrent/CompletableFuture$Signaller
Event: 39.404 Loading class java/util/concurrent/CompletableFuture$Signaller done
Event: 39.605 Loading class java/nio/charset/CharacterCodingException
Event: 39.605 Loading class java/nio/charset/CharacterCodingException done
Event: 39.605 Loading class java/io/SequenceInputStream
Event: 39.605 Loading class java/io/SequenceInputStream done
Event: 39.666 Loading class java/util/concurrent/CompletableFuture$UniApply
Event: 39.666 Loading class java/util/concurrent/CompletableFuture$UniCompletion
Event: 39.668 Loading class java/util/concurrent/CompletableFuture$UniCompletion done
Event: 39.668 Loading class java/util/concurrent/CompletableFuture$UniApply done
Event: 39.670 Loading class java/util/concurrent/CompletableFuture$UniAccept
Event: 39.670 Loading class java/util/concurrent/CompletableFuture$UniAccept done
Event: 39.670 Loading class java/util/concurrent/CompletableFuture$UniExceptionally
Event: 39.670 Loading class java/util/concurrent/CompletableFuture$UniExceptionally done
Event: 39.740 Loading class java/util/Hashtable$KeySet
Event: 39.741 Loading class java/util/Hashtable$KeySet done

Classes unloaded (7 events):
Event: 26.748 Thread 0x0000019ee60634e0 Unloading class 0x0000019e811a0c00 'java/lang/invoke/LambdaForm$MH+0x0000019e811a0c00'
Event: 26.748 Thread 0x0000019ee60634e0 Unloading class 0x0000019e811a0800 'java/lang/invoke/LambdaForm$MH+0x0000019e811a0800'
Event: 26.748 Thread 0x0000019ee60634e0 Unloading class 0x0000019e811a0400 'java/lang/invoke/LambdaForm$MH+0x0000019e811a0400'
Event: 26.748 Thread 0x0000019ee60634e0 Unloading class 0x0000019e811a0000 'java/lang/invoke/LambdaForm$MH+0x0000019e811a0000'
Event: 26.748 Thread 0x0000019ee60634e0 Unloading class 0x0000019e8119fc00 'java/lang/invoke/LambdaForm$BMH+0x0000019e8119fc00'
Event: 26.748 Thread 0x0000019ee60634e0 Unloading class 0x0000019e8119f800 'java/lang/invoke/LambdaForm$DMH+0x0000019e8119f800'
Event: 26.748 Thread 0x0000019ee60634e0 Unloading class 0x0000019e8119e400 'java/lang/invoke/LambdaForm$DMH+0x0000019e8119e400'

Classes redefined (0 events):
No events

Internal exceptions (20 events):
Event: 39.762 Thread 0x0000019eec8fd900 Exception <a 'sun/nio/fs/WindowsException'{0x00000000eab83718}> (0x00000000eab83718) 
thrown [s\src\hotspot\share\prims\jni.cpp, line 520]
Event: 39.763 Thread 0x0000019eec8fd900 Exception <a 'sun/nio/fs/WindowsException'{0x00000000eaba5a68}> (0x00000000eaba5a68) 
thrown [s\src\hotspot\share\prims\jni.cpp, line 520]
Event: 39.763 Thread 0x0000019eec8fd900 Exception <a 'sun/nio/fs/WindowsException'{0x00000000eaba6258}> (0x00000000eaba6258) 
thrown [s\src\hotspot\share\prims\jni.cpp, line 520]
Event: 39.771 Thread 0x0000019eec8fd900 Exception <a 'java/io/FileNotFoundException'{0x00000000eac8b5b8}> (0x00000000eac8b5b8) 
thrown [s\src\hotspot\share\prims\jni.cpp, line 520]
Event: 39.771 Thread 0x0000019eec8fd900 Exception <a 'java/io/FileNotFoundException'{0x00000000eac8c328}> (0x00000000eac8c328) 
thrown [s\src\hotspot\share\prims\jni.cpp, line 520]
Event: 39.777 Thread 0x0000019eec8fd900 Exception <a 'sun/nio/fs/WindowsException'{0x00000000eaeab168}> (0x00000000eaeab168) 
thrown [s\src\hotspot\share\prims\jni.cpp, line 520]
Event: 39.777 Thread 0x0000019eec8fd900 Exception <a 'sun/nio/fs/WindowsException'{0x00000000eaeab958}> (0x00000000eaeab958) 
thrown [s\src\hotspot\share\prims\jni.cpp, line 520]
Event: 39.804 Thread 0x0000019eee5307c0 Exception <a 'java/lang/IncompatibleClassChangeError'{0x00000000eab18228}: Found class java.lang.Object, but interface was expected> (0x00000000eab18228) 
thrown [s\src\hotspot\share\interpreter\linkResolver.cpp, line 840]
Event: 39.841 Thread 0x0000019eec8fd900 Exception <a 'sun/nio/fs/WindowsException'{0x00000000eab1aa48}> (0x00000000eab1aa48) 
thrown [s\src\hotspot\share\prims\jni.cpp, line 520]
Event: 39.842 Thread 0x0000019eec8fd900 Exception <a 'sun/nio/fs/WindowsException'{0x00000000eab1b238}> (0x00000000eab1b238) 
thrown [s\src\hotspot\share\prims\jni.cpp, line 520]
Event: 39.842 Thread 0x0000019eec8fd900 Exception <a 'sun/nio/fs/WindowsException'{0x00000000eab29660}> (0x00000000eab29660) 
thrown [s\src\hotspot\share\prims\jni.cpp, line 520]
Event: 39.842 Thread 0x0000019eec8fd900 Exception <a 'sun/nio/fs/WindowsException'{0x00000000eab95240}> (0x00000000eab95240) 
thrown [s\src\hotspot\share\prims\jni.cpp, line 520]
Event: 39.843 Thread 0x0000019eec8fd900 Exception <a 'sun/nio/fs/WindowsException'{0x00000000eaba8a20}> (0x00000000eaba8a20) 
thrown [s\src\hotspot\share\prims\jni.cpp, line 520]
Event: 39.843 Thread 0x0000019eec8fd900 Exception <a 'sun/nio/fs/WindowsException'{0x00000000eac5a4b0}> (0x00000000eac5a4b0) 
thrown [s\src\hotspot\share\prims\jni.cpp, line 520]
Event: 39.857 Thread 0x0000019eec8fd900 Exception <a 'sun/nio/fs/WindowsException'{0x00000000eab10e98}> (0x00000000eab10e98) 
thrown [s\src\hotspot\share\prims\jni.cpp, line 520]
Event: 39.857 Thread 0x0000019eec8fd900 Exception <a 'sun/nio/fs/WindowsException'{0x00000000eab11688}> (0x00000000eab11688) 
thrown [s\src\hotspot\share\prims\jni.cpp, line 520]
Event: 39.857 Thread 0x0000019eec8fd900 Exception <a 'sun/nio/fs/WindowsException'{0x00000000eab30bb0}> (0x00000000eab30bb0) 
thrown [s\src\hotspot\share\prims\jni.cpp, line 520]
Event: 39.857 Thread 0x0000019eec8fd900 Exception <a 'sun/nio/fs/WindowsException'{0x00000000eab81808}> (0x00000000eab81808) 
thrown [s\src\hotspot\share\prims\jni.cpp, line 520]
Event: 39.858 Thread 0x0000019eec8fd900 Exception <a 'sun/nio/fs/WindowsException'{0x00000000eabd7000}> (0x00000000eabd7000) 
thrown [s\src\hotspot\share\prims\jni.cpp, line 520]
Event: 39.858 Thread 0x0000019eec8fd900 Exception <a 'sun/nio/fs/WindowsException'{0x00000000eac615b8}> (0x00000000eac615b8) 
thrown [s\src\hotspot\share\prims\jni.cpp, line 520]

ZGC Phase Switch (0 events):
No events

VM Operations (20 events):
Event: 39.820 Executing VM operation: ParallelGCFailedAllocation (Allocation Failure)
Event: 39.827 Executing VM operation: ParallelGCFailedAllocation (Allocation Failure) done
Event: 39.832 Executing VM operation: ParallelGCFailedAllocation (Allocation Failure)
Event: 39.834 Executing VM operation: ParallelGCFailedAllocation (Allocation Failure) done
Event: 39.838 Executing VM operation: ParallelGCFailedAllocation (Allocation Failure)
Event: 39.840 Executing VM operation: ParallelGCFailedAllocation (Allocation Failure) done
Event: 39.846 Executing VM operation: ParallelGCFailedAllocation (Allocation Failure)
Event: 39.848 Executing VM operation: ParallelGCFailedAllocation (Allocation Failure) done
Event: 39.854 Executing VM operation: ParallelGCFailedAllocation (Allocation Failure)
Event: 39.856 Executing VM operation: ParallelGCFailedAllocation (Allocation Failure) done
Event: 39.861 Executing VM operation: ParallelGCFailedAllocation (Allocation Failure)
Event: 39.865 Executing VM operation: ParallelGCFailedAllocation (Allocation Failure) done
Event: 39.870 Executing VM operation: ParallelGCFailedAllocation (Allocation Failure)
Event: 39.872 Executing VM operation: ParallelGCFailedAllocation (Allocation Failure) done
Event: 39.879 Executing VM operation: ParallelGCFailedAllocation (Allocation Failure)
Event: 39.882 Executing VM operation: ParallelGCFailedAllocation (Allocation Failure) done
Event: 39.890 Executing VM operation: ParallelGCFailedAllocation (Allocation Failure)
Event: 39.892 Executing VM operation: ParallelGCFailedAllocation (Allocation Failure) done
Event: 39.910 Executing VM operation: ParallelGCFailedAllocation (Allocation Failure)
Event: 39.913 Executing VM operation: ParallelGCFailedAllocation (Allocation Failure) done

Memory protections (0 events):
No events

Nmethod flushes (20 events):
Event: 33.920 Thread 0x0000019ee60634e0 flushing  nmethod 0x0000019ed586f890
Event: 33.920 Thread 0x0000019ee60634e0 flushing osr nmethod 0x0000019ed5870a90
Event: 33.920 Thread 0x0000019ee60634e0 flushing osr nmethod 0x0000019ed5899b10
Event: 33.920 Thread 0x0000019ee60634e0 flushing  nmethod 0x0000019ed589f310
Event: 33.920 Thread 0x0000019ee60634e0 flushing osr nmethod 0x0000019ed58b4690
Event: 33.920 Thread 0x0000019ee60634e0 flushing  nmethod 0x0000019ed58c2590
Event: 33.920 Thread 0x0000019ee60634e0 flushing  nmethod 0x0000019ed58c8610
Event: 33.920 Thread 0x0000019ee60634e0 flushing  nmethod 0x0000019ed58c9510
Event: 33.920 Thread 0x0000019ee60634e0 flushing  nmethod 0x0000019ed58e0690
Event: 33.920 Thread 0x0000019ee60634e0 flushing  nmethod 0x0000019ed58e4e10
Event: 33.920 Thread 0x0000019ee60634e0 flushing  nmethod 0x0000019ed58e6090
Event: 33.920 Thread 0x0000019ee60634e0 flushing  nmethod 0x0000019ed58e6f10
Event: 33.920 Thread 0x0000019ee60634e0 flushing  nmethod 0x0000019ed58e7510
Event: 33.920 Thread 0x0000019ee60634e0 flushing  nmethod 0x0000019ed58e7d90
Event: 33.920 Thread 0x0000019ee60634e0 flushing  nmethod 0x0000019ed58e8110
Event: 33.920 Thread 0x0000019ee60634e0 flushing  nmethod 0x0000019ed58ed810
Event: 33.920 Thread 0x0000019ee60634e0 flushing  nmethod 0x0000019ed590ca10
Event: 33.920 Thread 0x0000019ee60634e0 flushing  nmethod 0x0000019ed5932d90
Event: 33.920 Thread 0x0000019ee60634e0 flushing  nmethod 0x0000019ed5935410
Event: 33.920 Thread 0x0000019ee60634e0 flushing  nmethod 0x0000019ed5968890

Events (20 events):
Event: 32.357 Thread 0x0000019eec904f20 Thread added: 0x0000019ef18f7ad0
Event: 32.358 Thread 0x0000019eec904f20 Thread added: 0x0000019ef18f8e80
Event: 32.358 Thread 0x0000019eec904f20 Thread added: 0x0000019ef18f8160
Event: 32.358 Thread 0x0000019eec904f20 Thread added: 0x0000019ef18f6db0
Event: 32.358 Thread 0x0000019ef18f8e80 Thread added: 0x0000019ef18fbc70
Event: 32.358 Thread 0x0000019ef18f6db0 Thread added: 0x0000019ef18fd6b0
Event: 35.680 Thread 0x0000019eec904f20 Thread added: 0x0000019ef18fb5e0
Event: 35.858 Thread 0x0000019eec904f20 Thread added: 0x0000019ef18fa8c0
Event: 35.863 Thread 0x0000019eec904f20 Thread added: 0x0000019ef18fc300
Event: 35.888 Thread 0x0000019eec904f20 Thread added: 0x0000019ef18fe3d0
Event: 35.962 Thread 0x0000019eec904f20 Thread added: 0x0000019ef18fc990
Event: 35.962 Thread 0x0000019eec904f20 Thread added: 0x0000019ef18faf50
Event: 35.962 Thread 0x0000019eec904f20 Thread added: 0x0000019eec8ff340
Event: 38.199 Thread 0x0000019eedebf440 Thread exited: 0x0000019eedebf440
Event: 38.962 Thread 0x0000019eec575ad0 Thread exited: 0x0000019eec575ad0
Event: 38.975 Thread 0x0000019ee6096360 Thread added: 0x0000019eedebf440
Event: 39.163 Thread 0x0000019ee6096360 Thread added: 0x0000019ef1a5f280
Event: 39.669 Thread 0x0000019eee5307c0 Thread added: 0x0000019eef247790
Event: 39.679 Thread 0x0000019eee5307c0 Thread added: 0x0000019eef247e20
Event: 39.798 Thread 0x0000019eee5307c0 Thread added: 0x0000019eef2456c0


Dynamic libraries:
0x00007ff76d9e0000 - 0x00007ff76d9ee000 	c:\Users\Asus\.vscode\extensions\redhat.java-1.41.1-win32-x64\jre\21.0.6-win32-x86_64\bin\java.exe
0x00007ffa47300000 - 0x00007ffa47563000 	C:\WINDOWS\SYSTEM32\ntdll.dll
0x00007ffa463d0000 - 0x00007ffa46498000 	C:\WINDOWS\System32\KERNEL32.DLL
0x00007ffa44c70000 - 0x00007ffa45022000 	C:\WINDOWS\System32\KERNELBASE.dll
0x00007ffa44a70000 - 0x00007ffa44bbb000 	C:\WINDOWS\System32\ucrtbase.dll
0x00007ffa04550000 - 0x00007ffa04568000 	c:\Users\Asus\.vscode\extensions\redhat.java-1.41.1-win32-x64\jre\21.0.6-win32-x86_64\bin\jli.dll
0x00007ff9fd7d0000 - 0x00007ff9fd7ee000 	c:\Users\Asus\.vscode\extensions\redhat.java-1.41.1-win32-x64\jre\21.0.6-win32-x86_64\bin\VCRUNTIME140.dll
0x00007ffa459b0000 - 0x00007ffa45b78000 	C:\WINDOWS\System32\USER32.dll
0x00007ffa44a40000 - 0x00007ffa44a67000 	C:\WINDOWS\System32\win32u.dll
0x00007ffa29d30000 - 0x00007ffa29fc0000 	C:\WINDOWS\WinSxS\amd64_microsoft.windows.common-controls_6595b64144ccf1df_6.0.26100.2454_none_3e0b68a2e331ad60\COMCTL32.dll
0x00007ffa462c0000 - 0x00007ffa462ea000 	C:\WINDOWS\System32\GDI32.dll
0x00007ffa45d00000 - 0x00007ffa45da9000 	C:\WINDOWS\System32\msvcrt.dll
0x00007ffa44910000 - 0x00007ffa44a3b000 	C:\WINDOWS\System32\gdi32full.dll
0x00007ffa44bc0000 - 0x00007ffa44c63000 	C:\WINDOWS\System32\msvcp_win.dll
0x00007ffa45970000 - 0x00007ffa4599f000 	C:\WINDOWS\System32\IMM32.DLL
0x00007ffa3b860000 - 0x00007ffa3b86c000 	c:\Users\Asus\.vscode\extensions\redhat.java-1.41.1-win32-x64\jre\21.0.6-win32-x86_64\bin\vcruntime140_1.dll
0x00007ff9f3760000 - 0x00007ff9f37ed000 	c:\Users\Asus\.vscode\extensions\redhat.java-1.41.1-win32-x64\jre\21.0.6-win32-x86_64\bin\msvcp140.dll
0x00007ff9c0640000 - 0x00007ff9c13d0000 	c:\Users\Asus\.vscode\extensions\redhat.java-1.41.1-win32-x64\jre\21.0.6-win32-x86_64\bin\server\jvm.dll
0x00007ffa45610000 - 0x00007ffa456c4000 	C:\WINDOWS\System32\ADVAPI32.dll
0x00007ffa458c0000 - 0x00007ffa45966000 	C:\WINDOWS\System32\sechost.dll
0x00007ffa46bc0000 - 0x00007ffa46cd6000 	C:\WINDOWS\System32\RPCRT4.dll
0x00007ffa456d0000 - 0x00007ffa45744000 	C:\WINDOWS\System32\WS2_32.dll
0x00007ffa43ea0000 - 0x00007ffa43eee000 	C:\WINDOWS\SYSTEM32\POWRPROF.dll
0x00007ffa2daf0000 - 0x00007ffa2db26000 	C:\WINDOWS\SYSTEM32\WINMM.dll
0x00007ffa38160000 - 0x00007ffa3816b000 	C:\WINDOWS\SYSTEM32\VERSION.dll
0x00007ffa43e20000 - 0x00007ffa43e34000 	C:\WINDOWS\SYSTEM32\UMPDC.dll
0x00007ffa434b0000 - 0x00007ffa434ca000 	C:\WINDOWS\SYSTEM32\kernel.appcore.dll
0x00007ffa3b720000 - 0x00007ffa3b72a000 	c:\Users\Asus\.vscode\extensions\redhat.java-1.41.1-win32-x64\jre\21.0.6-win32-x86_64\bin\jimage.dll
0x00007ffa41e60000 - 0x00007ffa420a1000 	C:\WINDOWS\SYSTEM32\DBGHELP.DLL
0x00007ffa46ce0000 - 0x00007ffa4705e000 	C:\WINDOWS\System32\combase.dll
0x00007ffa47150000 - 0x00007ffa47226000 	C:\WINDOWS\System32\OLEAUT32.dll
0x00007ffa242a0000 - 0x00007ffa242d9000 	C:\WINDOWS\SYSTEM32\dbgcore.DLL
0x00007ffa45030000 - 0x00007ffa450c9000 	C:\WINDOWS\System32\bcryptPrimitives.dll
0x00007ffa3b450000 - 0x00007ffa3b45f000 	c:\Users\Asus\.vscode\extensions\redhat.java-1.41.1-win32-x64\jre\21.0.6-win32-x86_64\bin\instrument.dll
0x00007ff9fce80000 - 0x00007ff9fce9f000 	c:\Users\Asus\.vscode\extensions\redhat.java-1.41.1-win32-x64\jre\21.0.6-win32-x86_64\bin\java.dll
0x00007ffa464a0000 - 0x00007ffa46ba0000 	C:\WINDOWS\System32\SHELL32.dll
0x00007ffa42400000 - 0x00007ffa42c31000 	C:\WINDOWS\SYSTEM32\windows.storage.dll
0x00007ffa462f0000 - 0x00007ffa463ca000 	C:\WINDOWS\System32\SHCORE.dll
0x00007ffa45db0000 - 0x00007ffa45e0d000 	C:\WINDOWS\System32\shlwapi.dll
0x00007ffa445e0000 - 0x00007ffa4460e000 	C:\WINDOWS\SYSTEM32\profapi.dll
0x00007ff9fc370000 - 0x00007ff9fc388000 	c:\Users\Asus\.vscode\extensions\redhat.java-1.41.1-win32-x64\jre\21.0.6-win32-x86_64\bin\zip.dll
0x00007ffa3a830000 - 0x00007ffa3a840000 	C:\Users\Asus\.vscode\extensions\redhat.java-1.41.1-win32-x64\jre\21.0.6-win32-x86_64\bin\net.dll
0x00007ffa3eed0000 - 0x00007ffa3eff6000 	C:\WINDOWS\SYSTEM32\WINHTTP.dll
0x00007ffa43a80000 - 0x00007ffa43ae8000 	C:\WINDOWS\system32\mswsock.dll
0x00007ff9fbc20000 - 0x00007ff9fbc36000 	C:\Users\Asus\.vscode\extensions\redhat.java-1.41.1-win32-x64\jre\21.0.6-win32-x86_64\bin\nio.dll
0x00007ffa3a7c0000 - 0x00007ffa3a7d0000 	c:\Users\Asus\.vscode\extensions\redhat.java-1.41.1-win32-x64\jre\21.0.6-win32-x86_64\bin\verify.dll
0x00007ff9f5cd0000 - 0x00007ff9f5d15000 	C:\Users\Asus\AppData\Roaming\Code\User\globalStorage\redhat.java\1.41.1\config_win\org.eclipse.equinox.launcher\org.eclipse.equinox.launcher.win32.win32.x86_64_1.2.1300.v20250331-1702\eclipse_11911.dll
0x00007ffa45f50000 - 0x00007ffa460e9000 	C:\WINDOWS\System32\ole32.dll
0x00007ffa43d20000 - 0x00007ffa43d3c000 	C:\WINDOWS\SYSTEM32\CRYPTSP.dll
0x00007ffa43470000 - 0x00007ffa434a8000 	C:\WINDOWS\system32\rsaenh.dll
0x00007ffa43b20000 - 0x00007ffa43b4b000 	C:\WINDOWS\SYSTEM32\USERENV.dll
0x00007ffa44000000 - 0x00007ffa44026000 	C:\WINDOWS\SYSTEM32\bcrypt.dll
0x00007ffa43da0000 - 0x00007ffa43dac000 	C:\WINDOWS\SYSTEM32\CRYPTBASE.dll
0x00007ffa43000000 - 0x00007ffa43032000 	C:\WINDOWS\SYSTEM32\IPHLPAPI.DLL
0x00007ffa458b0000 - 0x00007ffa458ba000 	C:\WINDOWS\System32\NSI.dll
0x00007ff9f7070000 - 0x00007ff9f70b9000 	C:\Users\Asus\AppData\Local\Temp\jna-2050672\jna5267033912154403093.dll
0x00007ffa45160000 - 0x00007ffa45168000 	C:\WINDOWS\System32\PSAPI.DLL
0x00007ffa3fdf0000 - 0x00007ffa3fe0e000 	C:\WINDOWS\SYSTEM32\dhcpcsvc6.DLL
0x00007ffa3fdc0000 - 0x00007ffa3fde5000 	C:\WINDOWS\SYSTEM32\dhcpcsvc.DLL
0x00007ffa3b930000 - 0x00007ffa3b93e000 	C:\Users\Asus\.vscode\extensions\redhat.java-1.41.1-win32-x64\jre\21.0.6-win32-x86_64\bin\sunmscapi.dll
0x00007ffa446d0000 - 0x00007ffa44846000 	C:\WINDOWS\System32\CRYPT32.dll
0x00007ffa43fc0000 - 0x00007ffa43ff0000 	C:\WINDOWS\SYSTEM32\ncrypt.dll
0x00007ffa43f70000 - 0x00007ffa43faf000 	C:\WINDOWS\SYSTEM32\NTASN1.dll
0x00007ffa430d0000 - 0x00007ffa431f5000 	C:\WINDOWS\SYSTEM32\DNSAPI.dll
0x00007ffa3c160000 - 0x00007ffa3c16b000 	C:\Windows\System32\rasadhlp.dll
0x00007ffa3ff10000 - 0x00007ffa3ff95000 	C:\WINDOWS\System32\fwpuclnt.dll
0x00007ffa3a340000 - 0x00007ffa3a349000 	C:\Users\Asus\.vscode\extensions\redhat.java-1.41.1-win32-x64\jre\21.0.6-win32-x86_64\bin\extnet.dll
0x00007ffa43630000 - 0x00007ffa43665000 	C:\WINDOWS\SYSTEM32\ntmarta.dll

dbghelp: loaded successfully - version: 4.0.5 - missing functions: none
symbol engine: initialized successfully - sym options: 0x614 - pdb path: .;c:\Users\Asus\.vscode\extensions\redhat.java-1.41.1-win32-x64\jre\21.0.6-win32-x86_64\bin;C:\WINDOWS\SYSTEM32;C:\WINDOWS\WinSxS\amd64_microsoft.windows.common-controls_6595b64144ccf1df_6.0.26100.2454_none_3e0b68a2e331ad60;c:\Users\Asus\.vscode\extensions\redhat.java-1.41.1-win32-x64\jre\21.0.6-win32-x86_64\bin\server;C:\Users\Asus\AppData\Roaming\Code\User\globalStorage\redhat.java\1.41.1\config_win\org.eclipse.equinox.launcher\org.eclipse.equinox.launcher.win32.win32.x86_64_1.2.1300.v20250331-1702;C:\Users\Asus\AppData\Local\Temp\jna-2050672

VM Arguments:
jvm_args: --add-modules=ALL-SYSTEM --add-opens=java.base/java.util=ALL-UNNAMED --add-opens=java.base/java.lang=ALL-UNNAMED --add-opens=java.base/sun.nio.fs=ALL-UNNAMED -Declipse.application=org.eclipse.jdt.ls.core.id1 -Dosgi.bundles.defaultStartLevel=4 -Declipse.product=org.eclipse.jdt.ls.core.product -Djava.import.generatesMetadataFilesAtProjectRoot=false -DDetectVMInstallationsJob.disabled=true -Dfile.encoding=utf8 -XX:+UseParallelGC -XX:GCTimeRatio=4 -XX:AdaptiveSizePolicyWeight=90 -Dsun.zip.disableMemoryMapping=true -Xmx1G -Xms100m -Xlog:disable -javaagent:c:\Users\Asus\.vscode\extensions\redhat.java-1.41.1-win32-x64\lombok\lombok-1.18.36.jar -XX:+HeapDumpOnOutOfMemoryError -XX:HeapDumpPath=c:\Users\Asus\AppData\Roaming\Code\User\workspaceStorage\6f0e533d9ff133c7631d155b4f25a028\redhat.java -Daether.dependencyCollector.impl=bf 
java_command: c:\Users\Asus\.vscode\extensions\redhat.java-1.41.1-win32-x64\server\plugins\org.eclipse.equinox.launcher_1.7.0.v20250331-1702.jar -configuration c:\Users\Asus\AppData\Roaming\Code\User\globalStorage\redhat.java\1.41.1\config_win -data c:\Users\Asus\AppData\Roaming\Code\User\workspaceStorage\6f0e533d9ff133c7631d155b4f25a028\redhat.java\jdt_ws --pipe=\\.\pipe\lsp-9add8d5dd998a4902dd5246997fffc01-sock
java_class_path (initial): c:\Users\Asus\.vscode\extensions\redhat.java-1.41.1-win32-x64\server\plugins\org.eclipse.equinox.launcher_1.7.0.v20250331-1702.jar
Launcher Type: SUN_STANDARD

[Global flags]
    uintx AdaptiveSizePolicyWeight                 = 90                                        {product} {command line}
     intx CICompilerCount                          = 4                                         {product} {ergonomic}
    uintx GCTimeRatio                              = 4                                         {product} {command line}
     bool HeapDumpOnOutOfMemoryError               = true                                   {manageable} {command line}
    ccstr HeapDumpPath                             = c:\Users\Asus\AppData\Roaming\Code\User\workspaceStorage\6f0e533d9ff133c7631d155b4f25a028\redhat.java         {manageable} {command line}
   size_t InitialHeapSize                          = 104857600                                 {product} {command line}
   size_t MaxHeapSize                              = 1073741824                                {product} {command line}
   size_t MaxNewSize                               = 357564416                                 {product} {ergonomic}
   size_t MinHeapDeltaBytes                        = 524288                                    {product} {ergonomic}
   size_t MinHeapSize                              = 104857600                                 {product} {command line}
   size_t NewSize                                  = 34603008                                  {product} {ergonomic}
    uintx NonNMethodCodeHeapSize                   = 5839372                                {pd product} {ergonomic}
    uintx NonProfiledCodeHeapSize                  = 122909434                              {pd product} {ergonomic}
   size_t OldSize                                  = 70254592                                  {product} {ergonomic}
    uintx ProfiledCodeHeapSize                     = 122909434                              {pd product} {ergonomic}
    uintx ReservedCodeCacheSize                    = 251658240                              {pd product} {ergonomic}
     bool SegmentedCodeCache                       = true                                      {product} {ergonomic}
   size_t SoftMaxHeapSize                          = 1073741824                             {manageable} {ergonomic}
     bool UseCompressedOops                        = true                           {product lp64_product} {ergonomic}
     bool UseLargePagesIndividualAllocation        = false                                  {pd product} {ergonomic}
     bool UseParallelGC                            = true                                      {product} {command line}

Logging:
Log output configuration:
 #0: stdout all=off uptime,level,tags foldmultilines=false
 #1: stderr all=off uptime,level,tags foldmultilines=false

Environment Variables:
JAVA_HOME=C:\Users\Asus\AppData\Local\Programs\Eclipse Adoptium\jdk-17.0.6.10-hotspot\
PATH=C:\Python312\Scripts\;C:\Python312\;C:\Users\Asus\AppData\Local\Programs\Python\Python311\Scripts\;C:\WINDOWS;C:\WINDOWS\System32\Wbem;C:\WINDOWS\System32\WindowsPowerShell\v1.0\;C:\WINDOWS\System32\OpenSSH\;C:\MinGW\bin;C:\Program Files (x86)\Microsoft SQL Server\160\Tools\Binn\;C:\Program Files\Microsoft SQL Server\160\Tools\Binn\;C:\Program Files\Microsoft SQL Server\Client SDK\ODBC\170\Tools\Binn\;C:\Program Files\Microsoft SQL Server\160\DTS\Binn\;C:\Program Files\Azure Data Studio\bin;C:\Program Files\Git\cmd;C:\Users\Asus\AppData\Local\Programs\Python\Python311\Scripts;C:\Users\Asus\AppData\Local\Programs\Python\Python311\;C:\Users\Asus\AppData\Local\Programs\Python\Python311\Scripts;C:\Users\Asus\AppData\Local\Programs\Python\Python311\Scripts;C:\Users\Asus\AppData\Local\Programs\Python\Python311\;C:\;C:\ProgramData\chocolatey\bin;C:\Program Files\MongoDB\Server\8.0\bin;C:\Program Files\MongoDB\Server\8.0\bin;C:\Users\Asus\AppData\Local\Programs\Eclipse Adoptium\jdk-17.0.6.10-hotspot\bin;C:\Users\Asus\AppData\Local\Programs\Python\Python311\Scripts\;C:\Users\Asus\AppData\Local\Programs\Python\Python311\;C:\Users\Asus\AppData\Local\Microsoft\WindowsApps;C:\Program Files\JetBrains\PyCharm Community Edition 2022.3.2\bin;;C:\Program Files\Azure Data Studio\bin;C:\Users\Asus\AppData\Local\GitHubDesktop\bin;C:\Users\Asus\Downloads\apache-maven-4.0.0-rc-1-bin\apache-maven-4.0.0-rc-1;C:\Users\Asus\AppData\Roaming\npm;C:\Users\Asus\AppData\Roaming\Python\Python312\Scripts;C:\Users\Asus\Desktop\Microsoft VS Code\bin
USERNAME=Asus
OS=Windows_NT
PROCESSOR_IDENTIFIER=Intel64 Family 6 Model 140 Stepping 1, GenuineIntel
TMP=C:\Users\Asus\AppData\Local\Temp
TEMP=C:\Users\Asus\AppData\Local\Temp




Periodic native trim disabled

---------------  S Y S T E M  ---------------

OS:
 Windows 11 , 64 bit Build 26100 (10.0.26100.2454)
OS uptime: 3 days 21:52 hours

CPU: total 8 (initial active 8) (4 cores per cpu, 2 threads per core) family 6 model 140 stepping 1 microcode 0x86, cx8, cmov, fxsr, ht, mmx, 3dnowpref, sse, sse2, sse3, ssse3, sse4.1, sse4.2, popcnt, lzcnt, tsc, tscinvbit, avx, avx2, aes, erms, clmul, bmi1, bmi2, adx, avx512f, avx512dq, avx512cd, avx512bw, avx512vl, sha, fma, vzeroupper, avx512_vpopcntdq, avx512_vpclmulqdq, avx512_vaes, avx512_vnni, clflush, clflushopt, clwb, avx512_vbmi2, avx512_vbmi, rdtscp, rdpid, fsrm, gfni, avx512_bitalg, f16c, pku, cet_ibt, cet_ss, avx512_ifma
Processor Information for the first 8 processors :
  Max Mhz: 2419, Current Mhz: 2419, Mhz Limit: 2419

Memory: 4k page, system-wide physical 7886M (489M free)
TotalPageFile size 13843M (AvailPageFile size 8M)
current process WorkingSet (physical memory assigned to process): 723M, peak: 729M
current process commit charge ("private bytes"): 647M, peak: 653M

vm_info: OpenJDK 64-Bit Server VM (21.0.6+7-LTS) for windows-amd64 JRE (21.0.6+7-LTS), built on 2025-01-21T00:00:00Z by "admin" with MS VC++ 17.7 (VS2022)

END.
