#
# There is insufficient memory for the Java Runtime Environment to continue.
# Native memory allocation (malloc) failed to allocate 1048576 bytes for AllocateHeap
# Possible reasons:
#   The system is out of physical RAM or swap space
#   The process is running with CompressedOops enabled, and the Java Heap may be blocking the growth of the native heap
# Possible solutions:
#   Reduce memory load on the system
#   Increase physical memory or swap space
#   Check if swap backing store is full
#   Decrease Java heap size (-Xmx/-Xms)
#   Decrease number of Java threads
#   Decrease Java thread stack sizes (-Xss)
#   Set larger code cache with -XX:ReservedCodeCacheSize=
#   JVM is running with Unscaled Compressed Oops mode in which the Java heap is
#     placed in the first 4GB address space. The Java Heap base address is the
#     maximum limit for the native heap growth. Please use -XX:HeapBaseMinAddress
#     to set the Java Heap base and to place the Java Heap above 4GB virtual address.
# This output file may be truncated or incomplete.
#
#  Out of Memory Error (allocation.cpp:44), pid=23108, tid=22868
#
# JRE version:  (17.0.6+10) (build )
# Java VM: OpenJDK 64-Bit Server VM (17.0.6+10, mixed mode, sharing, tiered, compressed oops, compressed class ptrs, g1 gc, windows-amd64)
# No core dump will be written. Minidumps are not enabled by default on client versions of Windows
#

---------------  S U M M A R Y ------------

Command Line: -XX:+ShowCodeDetailsInExceptionMessages Example1

Host: 11th Gen Intel(R) Core(TM) i5-1135G7 @ 2.40GHz, 8 cores, 7G,  Windows 11 , 64 bit Build 26100 (10.0.26100.2454)
Time: Mon Aug 25 12:21:34 2025 India Standard Time elapsed time: 2.073808 seconds (0d 0h 0m 2s)

---------------  T H R E A D  ---------------

Current thread (0x00000243974cd350):  JavaThread "Unknown thread" [_thread_in_vm, id=22868, stack(0x0000007d8b300000,0x0000007d8b400000)]

Stack: [0x0000007d8b300000,0x0000007d8b400000]
Native frames: (J=compiled Java code, j=interpreted, Vv=VM code, C=native code)
V  [jvm.dll+0x67741a]
V  [jvm.dll+0x834434]
V  [jvm.dll+0x835bde]
V  [jvm.dll+0x836243]
V  [jvm.dll+0x2457b5]
V  [jvm.dll+0xa626f]
V  [jvm.dll+0x2d73f4]
V  [jvm.dll+0x8060fc]
V  [jvm.dll+0x369331]
V  [jvm.dll+0x7e56ac]
V  [jvm.dll+0x3eb35f]
V  [jvm.dll+0x3ecea1]
C  [jli.dll+0x5267]
C  [ucrtbase.dll+0x14ea0]
C  [KERNEL32.DLL+0x2e8d7]
C  [ntdll.dll+0xdfbcc]


---------------  P R O C E S S  ---------------

Threads class SMR info:
_java_thread_list=0x00007ff874e25fd8, length=0, elements={
}

Java Threads: ( => current thread )

Other Threads:

=>0x00000243974cd350 (exited) JavaThread "Unknown thread" [_thread_in_vm, id=22868, stack(0x0000007d8b300000,0x0000007d8b400000)]

Threads with active compile tasks:

VM state: not at safepoint (not fully initialized)

VM Mutex/Monitor currently owned by a thread: None

Heap address: 0x0000000000000000, size: 0 MB, Compressed Oops mode: 32-bit

CDS archive(s) mapped at: [0x0000000000000000-0x0000000000000000-0x0000000000000000), size 0, SharedBaseAddress: 0x0000000800000000, ArchiveRelocationMode: 0.
Narrow klass base: 0x0000000000000000, Narrow klass shift: 0, Narrow klass range: 0x0

GC Precious Log:
<Empty>

GC Heap History (0 events):
No events

Dll operation events (1 events):
Event: 0.023 Loaded shared library C:\Users\Asus\AppData\Local\Programs\Eclipse Adoptium\jdk-17.0.6.10-hotspot\bin\java.dll

Deoptimization events (0 events):
No events

Classes unloaded (0 events):
No events

Classes redefined (0 events):
No events

Internal exceptions (0 events):
No events

VM Operations (0 events):
No events

Events (0 events):
No events


Dynamic libraries:
0x00007ff76d260000 - 0x00007ff76d26e000 	C:\Users\Asus\AppData\Local\Programs\Eclipse Adoptium\jdk-17.0.6.10-hotspot\bin\java.exe
0x00007ff900b60000 - 0x00007ff900dc3000 	C:\WINDOWS\SYSTEM32\ntdll.dll
0x00007ff900370000 - 0x00007ff900438000 	C:\WINDOWS\System32\KERNEL32.DLL
0x00007ff8fe400000 - 0x00007ff8fe7b2000 	C:\WINDOWS\System32\KERNELBASE.dll
0x00007ff8fe7c0000 - 0x00007ff8fe90b000 	C:\WINDOWS\System32\ucrtbase.dll
0x00007ff8c7ff0000 - 0x00007ff8c8007000 	C:\Users\Asus\AppData\Local\Programs\Eclipse Adoptium\jdk-17.0.6.10-hotspot\bin\jli.dll
0x00007ff8c44a0000 - 0x00007ff8c44b9000 	C:\Users\Asus\AppData\Local\Programs\Eclipse Adoptium\jdk-17.0.6.10-hotspot\bin\VCRUNTIME140.dll
0x00007ff8fe9c0000 - 0x00007ff8feb88000 	C:\WINDOWS\System32\USER32.dll
0x00007ff8fe1e0000 - 0x00007ff8fe207000 	C:\WINDOWS\System32\win32u.dll
0x00007ff8e7ae0000 - 0x00007ff8e7d70000 	C:\WINDOWS\WinSxS\amd64_microsoft.windows.common-controls_6595b64144ccf1df_6.0.26100.2454_none_3e0b68a2e331ad60\COMCTL32.dll
0x00007ff8ff490000 - 0x00007ff8ff4ba000 	C:\WINDOWS\System32\GDI32.dll
0x00007ff9005e0000 - 0x00007ff900689000 	C:\WINDOWS\System32\msvcrt.dll
0x00007ff8fe2d0000 - 0x00007ff8fe3fb000 	C:\WINDOWS\System32\gdi32full.dll
0x00007ff8fe910000 - 0x00007ff8fe9b3000 	C:\WINDOWS\System32\msvcp_win.dll
0x00007ff8ff450000 - 0x00007ff8ff47f000 	C:\WINDOWS\System32\IMM32.DLL
0x00007ff8ec5d0000 - 0x00007ff8ec5dc000 	C:\Users\Asus\AppData\Local\Programs\Eclipse Adoptium\jdk-17.0.6.10-hotspot\bin\vcruntime140_1.dll
0x00007ff8b2fe0000 - 0x00007ff8b3071000 	C:\Users\Asus\AppData\Local\Programs\Eclipse Adoptium\jdk-17.0.6.10-hotspot\bin\msvcp140.dll
0x00007ff874310000 - 0x00007ff874f57000 	C:\Users\Asus\AppData\Local\Programs\Eclipse Adoptium\jdk-17.0.6.10-hotspot\bin\server\jvm.dll
0x00007ff8ffc40000 - 0x00007ff8ffcf4000 	C:\WINDOWS\System32\ADVAPI32.dll
0x00007ff8ff2c0000 - 0x00007ff8ff366000 	C:\WINDOWS\System32\sechost.dll
0x00007ff900250000 - 0x00007ff900366000 	C:\WINDOWS\System32\RPCRT4.dll
0x00007ff8f5ae0000 - 0x00007ff8f5aea000 	C:\WINDOWS\SYSTEM32\WSOCK32.dll
0x00007ff8feeb0000 - 0x00007ff8fef24000 	C:\WINDOWS\System32\WS2_32.dll
0x00007ff8f43d0000 - 0x00007ff8f43db000 	C:\WINDOWS\SYSTEM32\VERSION.dll
0x00007ff8ea1b0000 - 0x00007ff8ea1e6000 	C:\WINDOWS\SYSTEM32\WINMM.dll
0x00007ff8fcd70000 - 0x00007ff8fcd8a000 	C:\WINDOWS\SYSTEM32\kernel.appcore.dll
0x00007ff8ec1c0000 - 0x00007ff8ec1ca000 	C:\Users\Asus\AppData\Local\Programs\Eclipse Adoptium\jdk-17.0.6.10-hotspot\bin\jimage.dll
0x00007ff8f9c40000 - 0x00007ff8f9e81000 	C:\WINDOWS\SYSTEM32\DBGHELP.DLL
0x00007ff8fef30000 - 0x00007ff8ff2ae000 	C:\WINDOWS\System32\combase.dll
0x00007ff8ff370000 - 0x00007ff8ff446000 	C:\WINDOWS\System32\OLEAUT32.dll
0x00007ff8e7440000 - 0x00007ff8e7479000 	C:\WINDOWS\SYSTEM32\dbgcore.DLL
0x00007ff8fdfc0000 - 0x00007ff8fe059000 	C:\WINDOWS\System32\bcryptPrimitives.dll
0x00007ff8bb190000 - 0x00007ff8bb1b5000 	C:\Users\Asus\AppData\Local\Programs\Eclipse Adoptium\jdk-17.0.6.10-hotspot\bin\java.dll

dbghelp: loaded successfully - version: 4.0.5 - missing functions: none
symbol engine: initialized successfully - sym options: 0x614 - pdb path: .;C:\Users\Asus\AppData\Local\Programs\Eclipse Adoptium\jdk-17.0.6.10-hotspot\bin;C:\WINDOWS\SYSTEM32;C:\WINDOWS\WinSxS\amd64_microsoft.windows.common-controls_6595b64144ccf1df_6.0.26100.2454_none_3e0b68a2e331ad60;C:\Users\Asus\AppData\Local\Programs\Eclipse Adoptium\jdk-17.0.6.10-hotspot\bin\server

VM Arguments:
jvm_args: -XX:+ShowCodeDetailsInExceptionMessages 
java_command: Example1
java_class_path (initial): C:\Users\Asus\AppData\Roaming\Code\User\workspaceStorage\6f0e533d9ff133c7631d155b4f25a028\redhat.java\jdt_ws\ALPHA PLUS_89b9524f\bin
Launcher Type: SUN_STANDARD

[Global flags]
     intx CICompilerCount                          = 4                                         {product} {ergonomic}
     uint ConcGCThreads                            = 2                                         {product} {ergonomic}
     uint G1ConcRefinementThreads                  = 8                                         {product} {ergonomic}
   size_t G1HeapRegionSize                         = 1048576                                   {product} {ergonomic}
    uintx GCDrainStackTargetSize                   = 64                                        {product} {ergonomic}
   size_t InitialHeapSize                          = 130023424                                 {product} {ergonomic}
   size_t MarkStackSize                            = 4194304                                   {product} {ergonomic}
   size_t MaxHeapSize                              = 2067791872                                {product} {ergonomic}
   size_t MinHeapDeltaBytes                        = 1048576                                   {product} {ergonomic}
   size_t MinHeapSize                              = 8388608                                   {product} {ergonomic}
    uintx NonNMethodCodeHeapSize                   = 5839372                                {pd product} {ergonomic}
    uintx NonProfiledCodeHeapSize                  = 122909434                              {pd product} {ergonomic}
    uintx ProfiledCodeHeapSize                     = 122909434                              {pd product} {ergonomic}
    uintx ReservedCodeCacheSize                    = 251658240                              {pd product} {ergonomic}
     bool SegmentedCodeCache                       = true                                      {product} {ergonomic}
     bool ShowCodeDetailsInExceptionMessages       = true                                   {manageable} {command line}
   size_t SoftMaxHeapSize                          = 2067791872                             {manageable} {ergonomic}
     bool UseCompressedClassPointers               = true                           {product lp64_product} {ergonomic}
     bool UseCompressedOops                        = true                           {product lp64_product} {ergonomic}
     bool UseG1GC                                  = true                                      {product} {ergonomic}
     bool UseLargePagesIndividualAllocation        = false                                  {pd product} {ergonomic}

Logging:
Log output configuration:
 #0: stdout all=warning uptime,level,tags
 #1: stderr all=off uptime,level,tags

Environment Variables:
JAVA_HOME=C:\Users\Asus\AppData\Local\Programs\Eclipse Adoptium\jdk-17.0.6.10-hotspot\
PATH=C:\Python312\Scripts\;C:\Python312\;C:\Users\Asus\AppData\Local\Programs\Python\Python311\Scripts\;C:\WINDOWS;C:\WINDOWS\System32\Wbem;C:\WINDOWS\System32\WindowsPowerShell\v1.0\;C:\WINDOWS\System32\OpenSSH\;C:\MinGW\bin;C:\Program Files (x86)\Microsoft SQL Server\160\Tools\Binn\;C:\Program Files\Microsoft SQL Server\160\Tools\Binn\;C:\Program Files\Microsoft SQL Server\Client SDK\ODBC\170\Tools\Binn\;C:\Program Files\Microsoft SQL Server\160\DTS\Binn\;C:\Program Files\Git\cmd;C:\Users\Asus\AppData\Local\Programs\Python\Python311\Scripts;C:\Users\Asus\AppData\Local\Programs\Python\Python311\;C:\Users\Asus\AppData\Local\Programs\Python\Python311\Scripts;C:\Users\Asus\AppData\Local\Programs\Python\Python311\Scripts;C:\Users\Asus\AppData\Local\Programs\Python\Python311\;C:\;C:\ProgramData\chocolatey\bin;C:\Program Files\MongoDB\Server\8.0\bin;C:\Program Files\MongoDB\Server\8.0\bin;C:\Windows\System32;C:\Windows\System32\Wbem;C:\Windows;C:\JARS\jdk-19.0.2\bin;c:\Users\Asus\AppData\Local\Programs\Trae\bin;C:\Users\Asus\AppData\Local\Programs\Eclipse Adoptium\jdk-17.0.6.10-hotspot\bin;C:\Users\Asus\AppData\Local\Programs\Python\Python311\Scripts\;C:\Users\Asus\AppData\Local\Programs\Python\Python311\;C:\Users\Asus\AppData\Local\Microsoft\WindowsApps;C:\Program Files\JetBrains\PyCharm Community Edition 2022.3.2\bin;;C:\Program Files\Azure Data Studio\bin;C:\Users\Asus\AppData\Local\GitHubDesktop\bin;C:\Users\Asus\Downloads\apache-maven-4.0.0-rc-1-bin\apache-maven-4.0.0-rc-1;C:\Users\Asus\AppData\Roaming\npm;C:\Users\Asus\AppData\Roaming\Python\Python312\Scripts;C:\Users\Asus\Desktop\Microsoft VS Code\bin
USERNAME=Asus
LANG=en_US.UTF-8
OS=Windows_NT
PROCESSOR_IDENTIFIER=Intel64 Family 6 Model 140 Stepping 1, GenuineIntel
TMP=C:\Users\Asus\AppData\Local\Temp
TEMP=C:\Users\Asus\AppData\Local\Temp



---------------  S Y S T E M  ---------------

OS:
 Windows 11 , 64 bit Build 26100 (10.0.26100.2454)
OS uptime: 1 days 18:42 hours

CPU: total 8 (initial active 8) (4 cores per cpu, 2 threads per core) family 6 model 140 stepping 1 microcode 0x86, cx8, cmov, fxsr, ht, mmx, 3dnowpref, sse, sse2, sse3, ssse3, sse4.1, sse4.2, popcnt, lzcnt, tsc, tscinvbit, avx, avx2, aes, erms, clmul, bmi1, bmi2, adx, avx512f, avx512dq, avx512cd, avx512bw, avx512vl, sha, fma, vzeroupper, avx512_vpopcntdq, avx512_vpclmulqdq, avx512_vaes, avx512_vnni, clflush, clflushopt, clwb, avx512_vbmi2, avx512_vbmi

Memory: 4k page, system-wide physical 7886M (598M free)
TotalPageFile size 16078M (AvailPageFile size 21M)
current process WorkingSet (physical memory assigned to process): 11M, peak: 11M
current process commit charge ("private bytes"): 15M, peak: 16M

vm_info: OpenJDK 64-Bit Server VM (17.0.6+10) for windows-amd64 JRE (17.0.6+10), built on Jan 18 2023 10:08:59 by "temurin" with MS VC++ 16.7 (VS2019)

END.
