#
# There is insufficient memory for the Java Runtime Environment to continue.
# Native memory allocation (malloc) failed to allocate 930256 bytes. Error detail: Chunk::new
# Possible reasons:
#   The system is out of physical RAM or swap space
#   This process is running with CompressedOops enabled, and the Java Heap may be blocking the growth of the native heap
# Possible solutions:
#   Reduce memory load on the system
#   Increase physical memory or swap space
#   Check if swap backing store is full
#   Decrease Java heap size (-Xmx/-Xms)
#   Decrease number of Java threads
#   Decrease Java thread stack sizes (-Xss)
#   Set larger code cache with -XX:ReservedCodeCacheSize=
#   JVM is running with Unscaled Compressed Oops mode in which the Java heap is
#     placed in the first 4GB address space. The Java Heap base address is the
#     maximum limit for the native heap growth. Please use -XX:HeapBaseMinAddress
#     to set the Java Heap base and to place the Java Heap above 4GB virtual address.
# This output file may be truncated or incomplete.
#
#  Out of Memory Error (arena.cpp:168), pid=8888, tid=8336
#
# JRE version: OpenJDK Runtime Environment Temurin-21.0.6+7 (21.0.6+7) (build 21.0.6+7-LTS)
# Java VM: OpenJDK 64-Bit Server VM Temurin-21.0.6+7 (21.0.6+7-LTS, mixed mode, sharing, tiered, compressed oops, compressed class ptrs, parallel gc, windows-amd64)
# No core dump will be written. Minidumps are not enabled by default on client versions of Windows
#

---------------  S U M M A R Y ------------

Command Line: --add-modules=ALL-SYSTEM --add-opens=java.base/java.util=ALL-UNNAMED --add-opens=java.base/java.lang=ALL-UNNAMED --add-opens=java.base/sun.nio.fs=ALL-UNNAMED -Declipse.application=org.eclipse.jdt.ls.core.id1 -Dosgi.bundles.defaultStartLevel=4 -Declipse.product=org.eclipse.jdt.ls.core.product -Djava.import.generatesMetadataFilesAtProjectRoot=false -DDetectVMInstallationsJob.disabled=true -Dfile.encoding=utf8 -XX:+UseParallelGC -XX:GCTimeRatio=4 -XX:AdaptiveSizePolicyWeight=90 -Dsun.zip.disableMemoryMapping=true -Xmx1G -Xms100m -Xlog:disable -javaagent:c:\Users\Asus\.vscode\extensions\redhat.java-1.41.0-win32-x64\lombok\lombok-1.18.36.jar c:\Users\Asus\.vscode\extensions\redhat.java-1.41.0-win32-x64\server\plugins\org.eclipse.equinox.launcher_1.6.1100.v20250306-0509.jar -configuration c:\Users\Asus\AppData\Roaming\Code\User\globalStorage\redhat.java\1.41.0\config_ss_win -data c:\Users\Asus\AppData\Roaming\Code\User\workspaceStorage\6f0e533d9ff133c7631d155b4f25a028\redhat.java\ss_ws --pipe=\\.\pipe\lsp-2efd381c8bfc3741d0d64f18dfe5d40b-sock

Host: 11th Gen Intel(R) Core(TM) i5-1135G7 @ 2.40GHz, 8 cores, 7G,  Windows 11 , 64 bit Build 26100 (10.0.26100.2454)
Time: Mon Mar 31 09:34:08 2025 India Standard Time elapsed time: 5.178803 seconds (0d 0h 0m 5s)

---------------  T H R E A D  ---------------

Current thread (0x00000214459bd210):  JavaThread "C2 CompilerThread0" daemon [_thread_in_native, id=8336, stack(0x0000009543900000,0x0000009543a00000) (1024K)]


Current CompileTask:
C2:5178 4363       4       org.eclipse.jdt.internal.compiler.util.JrtFileSystem$2::visitFile (10 bytes)

Stack: [0x0000009543900000,0x0000009543a00000]
Native frames: (J=compiled Java code, j=interpreted, Vv=VM code, C=native code)
V  [jvm.dll+0x6cdee9]
V  [jvm.dll+0x8a83d1]
V  [jvm.dll+0x8aa8fe]
V  [jvm.dll+0x8aafe3]
V  [jvm.dll+0x27f706]
V  [jvm.dll+0xc500d]
V  [jvm.dll+0xc5543]
V  [jvm.dll+0x2f2acd]
V  [jvm.dll+0x5f6a2a]
V  [jvm.dll+0x250bb2]
V  [jvm.dll+0x250f6f]
V  [jvm.dll+0x249834]
V  [jvm.dll+0x246ec4]
V  [jvm.dll+0x1c75ee]
V  [jvm.dll+0x25685a]
V  [jvm.dll+0x254dfa]
V  [jvm.dll+0x3f0256]
V  [jvm.dll+0x851f8b]
V  [jvm.dll+0x6cc5ed]
C  [ucrtbase.dll+0x14ea0]
C  [KERNEL32.DLL+0x2e8d7]
C  [ntdll.dll+0xdfbcc]


---------------  P R O C E S S  ---------------

Threads class SMR info:
_java_thread_list=0x000002148e218080, length=36, elements={
0x00000214315fd730, 0x00000214459ad130, 0x00000214459aef50, 0x00000214459b7520,
0x00000214459b8300, 0x00000214459ba380, 0x00000214459bb0d0, 0x00000214459bd210,
0x00000214459eafa0, 0x00000214884e0800, 0x00000214887404e0, 0x000002148875fb10,
0x000002148d71c740, 0x000002148d5a0630, 0x000002148d7dffb0, 0x000002148d91e7b0,
0x000002148da91120, 0x000002148dd35690, 0x000002148dac7270, 0x000002148dac6be0,
0x000002148e025b90, 0x000002148dac6550, 0x000002148dac5ec0, 0x000002148ee4fd90,
0x000002148ee524f0, 0x000002148ee51e60, 0x000002148ee50420, 0x000002148ee51140,
0x000002148ee4f070, 0x000002148ee517d0, 0x000002148ee50ab0, 0x000002148ee52b80,
0x000002148ee4f700, 0x000002148ee53210, 0x000002148ee56690, 0x0000021490002010
}

Java Threads: ( => current thread )
  0x00000214315fd730 JavaThread "main"                              [_thread_blocked, id=3572, stack(0x0000009542f00000,0x0000009543000000) (1024K)]
  0x00000214459ad130 JavaThread "Reference Handler"          daemon [_thread_blocked, id=15320, stack(0x0000009543300000,0x0000009543400000) (1024K)]
  0x00000214459aef50 JavaThread "Finalizer"                  daemon [_thread_blocked, id=12188, stack(0x0000009543400000,0x0000009543500000) (1024K)]
  0x00000214459b7520 JavaThread "Signal Dispatcher"          daemon [_thread_blocked, id=4832, stack(0x0000009543500000,0x0000009543600000) (1024K)]
  0x00000214459b8300 JavaThread "Attach Listener"            daemon [_thread_blocked, id=19096, stack(0x0000009543600000,0x0000009543700000) (1024K)]
  0x00000214459ba380 JavaThread "Service Thread"             daemon [_thread_blocked, id=2628, stack(0x0000009543700000,0x0000009543800000) (1024K)]
  0x00000214459bb0d0 JavaThread "Monitor Deflation Thread"   daemon [_thread_blocked, id=9576, stack(0x0000009543800000,0x0000009543900000) (1024K)]
=>0x00000214459bd210 JavaThread "C2 CompilerThread0"         daemon [_thread_in_native, id=8336, stack(0x0000009543900000,0x0000009543a00000) (1024K)]
  0x00000214459eafa0 JavaThread "C1 CompilerThread0"         daemon [_thread_blocked, id=3856, stack(0x0000009543a00000,0x0000009543b00000) (1024K)]
  0x00000214884e0800 JavaThread "Common-Cleaner"             daemon [_thread_blocked, id=4912, stack(0x0000009543b00000,0x0000009543c00000) (1024K)]
  0x00000214887404e0 JavaThread "Notification Thread"        daemon [_thread_blocked, id=9608, stack(0x0000009543e00000,0x0000009543f00000) (1024K)]
  0x000002148875fb10 JavaThread "Active Thread: Equinox Container: 02dde9af-544b-4902-bf41-4fff2ea91f0f"        [_thread_blocked, id=6224, stack(0x0000009544600000,0x0000009544700000) (1024K)]
  0x000002148d71c740 JavaThread "Framework Event Dispatcher: Equinox Container: 02dde9af-544b-4902-bf41-4fff2ea91f0f" daemon [_thread_blocked, id=13948, stack(0x0000009544700000,0x0000009544800000) (1024K)]
  0x000002148d5a0630 JavaThread "Start Level: Equinox Container: 02dde9af-544b-4902-bf41-4fff2ea91f0f" daemon [_thread_blocked, id=3100, stack(0x0000009544800000,0x0000009544900000) (1024K)]
  0x000002148d7dffb0 JavaThread "SCR Component Actor"        daemon [_thread_blocked, id=15988, stack(0x0000009544900000,0x0000009544a00000) (1024K)]
  0x000002148d91e7b0 JavaThread "SCR Component Registry"     daemon [_thread_blocked, id=3896, stack(0x0000009544b00000,0x0000009544c00000) (1024K)]
  0x000002148da91120 JavaThread "Worker-JM"                         [_thread_blocked, id=14824, stack(0x0000009544c00000,0x0000009544d00000) (1024K)]
  0x000002148dd35690 JavaThread "JNA Cleaner"                daemon [_thread_blocked, id=10604, stack(0x0000009543c00000,0x0000009543d00000) (1024K)]
  0x000002148dac7270 JavaThread "Worker-0"                          [_thread_blocked, id=11220, stack(0x0000009543f00000,0x0000009544000000) (1024K)]
  0x000002148dac6be0 JavaThread "Worker-1"                          [_thread_blocked, id=7264, stack(0x0000009544d00000,0x0000009544e00000) (1024K)]
  0x000002148e025b90 JavaThread "C2 CompilerThread1"         daemon [_thread_in_native, id=8212, stack(0x0000009544e00000,0x0000009544f00000) (1024K)]
  0x000002148dac6550 JavaThread "Thread-2"                   daemon [_thread_in_native, id=2924, stack(0x0000009545200000,0x0000009545300000) (1024K)]
  0x000002148dac5ec0 JavaThread "Thread-3"                   daemon [_thread_in_native, id=19124, stack(0x0000009545300000,0x0000009545400000) (1024K)]
  0x000002148ee4fd90 JavaThread "Thread-4"                   daemon [_thread_in_native, id=6208, stack(0x0000009545400000,0x0000009545500000) (1024K)]
  0x000002148ee524f0 JavaThread "Thread-5"                   daemon [_thread_in_native, id=15192, stack(0x0000009545500000,0x0000009545600000) (1024K)]
  0x000002148ee51e60 JavaThread "Thread-6"                   daemon [_thread_in_native, id=9008, stack(0x0000009545600000,0x0000009545700000) (1024K)]
  0x000002148ee50420 JavaThread "Thread-7"                   daemon [_thread_in_native, id=2952, stack(0x0000009545700000,0x0000009545800000) (1024K)]
  0x000002148ee51140 JavaThread "Thread-8"                   daemon [_thread_in_native, id=7892, stack(0x0000009545800000,0x0000009545900000) (1024K)]
  0x000002148ee4f070 JavaThread "Thread-9"                   daemon [_thread_in_native, id=3328, stack(0x0000009545900000,0x0000009545a00000) (1024K)]
  0x000002148ee517d0 JavaThread "Thread-10"                  daemon [_thread_in_native, id=17496, stack(0x0000009545a00000,0x0000009545b00000) (1024K)]
  0x000002148ee50ab0 JavaThread "pool-2-thread-1"                   [_thread_blocked, id=18808, stack(0x0000009545b00000,0x0000009545c00000) (1024K)]
  0x000002148ee52b80 JavaThread "Worker-2"                          [_thread_blocked, id=12832, stack(0x0000009545c00000,0x0000009545d00000) (1024K)]
  0x000002148ee4f700 JavaThread "Worker-3"                          [_thread_blocked, id=16604, stack(0x0000009545d00000,0x0000009545e00000) (1024K)]
  0x000002148ee53210 JavaThread "WorkspaceEventsHandler"            [_thread_blocked, id=15368, stack(0x0000009545e00000,0x0000009545f00000) (1024K)]
  0x000002148ee56690 JavaThread "pool-1-thread-1"                   [_thread_in_Java, id=19288, stack(0x0000009545f00000,0x0000009546000000) (1024K)]
  0x0000021490002010 JavaThread "C2 CompilerThread2"         daemon [_thread_in_native, id=2512, stack(0x0000009545000000,0x0000009545100000) (1024K)]
Total: 36

Other Threads:
  0x0000021445992b90 VMThread "VM Thread"                           [id=9224, stack(0x0000009543200000,0x0000009543300000) (1024K)]
  0x0000021431666d70 WatcherThread "VM Periodic Task Thread"        [id=2616, stack(0x0000009543100000,0x0000009543200000) (1024K)]
  0x000002143161aa30 WorkerThread "GC Thread#0"                     [id=14256, stack(0x0000009543000000,0x0000009543100000) (1024K)]
  0x000002148d2e3750 WorkerThread "GC Thread#1"                     [id=19380, stack(0x0000009544000000,0x0000009544100000) (1024K)]
  0x000002148d1bdb70 WorkerThread "GC Thread#2"                     [id=8460, stack(0x0000009544100000,0x0000009544200000) (1024K)]
  0x000002148d1bdf10 WorkerThread "GC Thread#3"                     [id=14288, stack(0x0000009544200000,0x0000009544300000) (1024K)]
  0x000002148d1be2b0 WorkerThread "GC Thread#4"                     [id=18652, stack(0x0000009544300000,0x0000009544400000) (1024K)]
  0x000002148874edc0 WorkerThread "GC Thread#5"                     [id=18996, stack(0x0000009544400000,0x0000009544500000) (1024K)]
  0x000002148874f160 WorkerThread "GC Thread#6"                     [id=18776, stack(0x0000009544500000,0x0000009544600000) (1024K)]
  0x000002148db63c90 WorkerThread "GC Thread#7"                     [id=2736, stack(0x0000009544a00000,0x0000009544b00000) (1024K)]
Total: 10

Threads with active compile tasks:
C2 CompilerThread0  5204 4363       4       org.eclipse.jdt.internal.compiler.util.JrtFileSystem$2::visitFile (10 bytes)
C2 CompilerThread1  5204 4374       4       jdk.internal.jrtfs.JrtFileSystem::lambda$iteratorOf$2 (20 bytes)
C2 CompilerThread2  5204 4364       4       org.eclipse.jdt.internal.compiler.util.JrtFileSystem$2::visitFile (72 bytes)
Total: 3

VM state: not at safepoint (normal execution)

VM Mutex/Monitor currently owned by a thread: None

Heap address: 0x00000000c0000000, size: 1024 MB, Compressed Oops mode: 32-bit

CDS archive(s) mapped at: [0x0000021446000000-0x0000021446ba0000-0x0000021446ba0000), size 12189696, SharedBaseAddress: 0x0000021446000000, ArchiveRelocationMode: 1.
Compressed class space mapped at: 0x0000021447000000-0x0000021487000000, reserved size: 1073741824
Narrow klass base: 0x0000021446000000, Narrow klass shift: 0, Narrow klass range: 0x100000000

GC Precious Log:
 CardTable entry size: 512
 CPUs: 8 total, 8 available
 Memory: 7886M
 Large Page Support: Disabled
 NUMA Support: Disabled
 Compressed Oops: Enabled (32-bit)
 Alignments: Space 512K, Generation 512K, Heap 2M
 Heap Min Capacity: 100M
 Heap Initial Capacity: 100M
 Heap Max Capacity: 1G
 Pre-touch: Disabled
 Parallel Workers: 8

Heap:
 PSYoungGen      total 24576K, used 19011K [0x00000000eab00000, 0x00000000ec780000, 0x0000000100000000)
  eden space 22016K, 74% used [0x00000000eab00000,0x00000000ebb1cb58,0x00000000ec080000)
  from space 2560K, 98% used [0x00000000ec280000,0x00000000ec4f4420,0x00000000ec500000)
  to   space 2560K, 0% used [0x00000000ec500000,0x00000000ec500000,0x00000000ec780000)
 ParOldGen       total 68608K, used 16511K [0x00000000c0000000, 0x00000000c4300000, 0x00000000eab00000)
  object space 68608K, 24% used [0x00000000c0000000,0x00000000c101fe10,0x00000000c4300000)
 Metaspace       used 31981K, committed 32896K, reserved 1114112K
  class space    used 3100K, committed 3520K, reserved 1048576K

Card table byte_map: [0x0000021430fa0000,0x00000214311b0000] _byte_map_base: 0x00000214309a0000

Marking Bits: (ParMarkBitMap*) 0x00007ffd22d63260
 Begin Bits: [0x00000214437f0000, 0x00000214447f0000)
 End Bits:   [0x00000214447f0000, 0x00000214457f0000)

Polling page: 0x0000021430bc0000

Metaspace:

Usage:
  Non-class:     28.20 MB used.
      Class:      3.03 MB used.
       Both:     31.23 MB used.

Virtual space:
  Non-class space:       64.00 MB reserved,      28.69 MB ( 45%) committed,  1 nodes.
      Class space:        1.00 GB reserved,       3.44 MB ( <1%) committed,  1 nodes.
             Both:        1.06 GB reserved,      32.12 MB (  3%) committed. 

Chunk freelists:
   Non-Class:  3.19 MB
       Class:  12.59 MB
        Both:  15.78 MB

MaxMetaspaceSize: unlimited
CompressedClassSpaceSize: 1.00 GB
Initial GC threshold: 21.00 MB
Current GC threshold: 35.00 MB
CDS: on
 - commit_granule_bytes: 65536.
 - commit_granule_words: 8192.
 - virtual_space_node_default_size: 8388608.
 - enlarge_chunks_in_place: 1.
 - use_allocation_guard: 0.


Internal statistics:

num_allocs_failed_limit: 3.
num_arena_births: 640.
num_arena_deaths: 14.
num_vsnodes_births: 2.
num_vsnodes_deaths: 0.
num_space_committed: 514.
num_space_uncommitted: 0.
num_chunks_returned_to_freelist: 17.
num_chunks_taken_from_freelist: 1910.
num_chunk_merges: 8.
num_chunk_splits: 1227.
num_chunks_enlarged: 776.
num_inconsistent_stats: 0.

CodeHeap 'non-profiled nmethods': size=120000Kb used=2249Kb max_used=2249Kb free=117750Kb
 bounds [0x000002143c2c0000, 0x000002143c530000, 0x00000214437f0000]
CodeHeap 'profiled nmethods': size=120000Kb used=8714Kb max_used=8714Kb free=111285Kb
 bounds [0x00000214347f0000, 0x0000021435080000, 0x000002143bd20000]
CodeHeap 'non-nmethods': size=5760Kb used=1365Kb max_used=1415Kb free=4394Kb
 bounds [0x000002143bd20000, 0x000002143bf90000, 0x000002143c2c0000]
 total_blobs=5021 nmethods=4371 adapters=556
 compilation: enabled
              stopped_count=0, restarted_count=0
 full_count=0

Compilation events (20 events):
Event: 5.007 Thread 0x00000214459bd210 nmethod 4360 0x000002143c4dcc10 code [0x000002143c4dce40, 0x000002143c4dd6e0]
Event: 5.007 Thread 0x00000214459bd210 4368   !   4       jdk.internal.jimage.ImageReader$SharedImageReader::imageFileAttributes (46 bytes)
Event: 5.008 Thread 0x00000214459bd210 nmethod 4368 0x000002143c4dde90 code [0x000002143c4de020, 0x000002143c4de0d0]
Event: 5.008 Thread 0x00000214459bd210 4363       4       org.eclipse.jdt.internal.compiler.util.JrtFileSystem$2::visitFile (10 bytes)
Event: 5.009 Thread 0x0000021490002010 nmethod 4362 0x000002143c4de190 code [0x000002143c4de340, 0x000002143c4de650]
Event: 5.009 Thread 0x0000021490002010 4364       4       org.eclipse.jdt.internal.compiler.util.JrtFileSystem$2::visitFile (72 bytes)
Event: 5.023 Thread 0x00000214459eafa0 4377       3       org.eclipse.jdt.internal.compiler.parser.Scanner::scanIdentifierOrKeywordWithBoundCheck (198 bytes)
Event: 5.023 Thread 0x00000214459eafa0 nmethod 4377 0x000002143506e610 code [0x000002143506e840, 0x000002143506ef10]
Event: 5.028 Thread 0x00000214459eafa0 4378       3       org.eclipse.jdt.internal.compiler.impl.CompilerOptions::versionToJdkLevel (6 bytes)
Event: 5.029 Thread 0x00000214459eafa0 nmethod 4378 0x000002143506f110 code [0x000002143506f2c0, 0x000002143506f3e0]
Event: 5.029 Thread 0x00000214459eafa0 4379   !   3       org.eclipse.jdt.internal.compiler.impl.CompilerOptions::versionToJdkLevel (236 bytes)
Event: 5.030 Thread 0x00000214459eafa0 nmethod 4379 0x000002143506f490 code [0x000002143506f880, 0x00000214350711c0]
Event: 5.030 Thread 0x00000214459eafa0 4380  s    3       org.eclipse.jdt.core.JavaConventions::scannedIdentifier (9 bytes)
Event: 5.031 Thread 0x00000214459eafa0 nmethod 4380 0x0000021435071a10 code [0x0000021435071bc0, 0x0000021435071db8]
Event: 5.031 Thread 0x00000214459eafa0 4381       3       org.eclipse.jdt.internal.core.JrtPackageFragmentRoot$1::visitPackage (14 bytes)
Event: 5.031 Thread 0x00000214459eafa0 nmethod 4381 0x0000021435071e90 code [0x0000021435072060, 0x00000214350723d0]
Event: 5.033 Thread 0x00000214459eafa0 4382       3       org.eclipse.jdt.core.JavaConventions::validateIdentifier (33 bytes)
Event: 5.033 Thread 0x00000214459eafa0 nmethod 4382 0x0000021435072490 code [0x0000021435072660, 0x00000214350728f8]
Event: 5.080 Thread 0x000002148e025b90 nmethod 4213 0x000002143c4de910 code [0x000002143c4df560, 0x000002143c4e8218]
Event: 5.084 Thread 0x000002148e025b90 4373       4       jdk.internal.jrtfs.JrtFileSystem$$Lambda/0x000002144734aae8::apply (16 bytes)

GC Heap History (20 events):
Event: 2.030 GC heap before
{Heap before GC invocations=3 (full 0):
 PSYoungGen      total 29696K, used 29690K [0x00000000eab00000, 0x00000000ecc00000, 0x0000000100000000)
  eden space 25600K, 100% used [0x00000000eab00000,0x00000000ec400000,0x00000000ec400000)
  from space 4096K, 99% used [0x00000000ec800000,0x00000000ecbfe938,0x00000000ecc00000)
  to   space 4096K, 0% used [0x00000000ec400000,0x00000000ec400000,0x00000000ec800000)
 ParOldGen       total 68608K, used 843K [0x00000000c0000000, 0x00000000c4300000, 0x00000000eab00000)
  object space 68608K, 1% used [0x00000000c0000000,0x00000000c00d2eb8,0x00000000c4300000)
 Metaspace       used 12845K, committed 13376K, reserved 1114112K
  class space    used 1292K, committed 1472K, reserved 1048576K
}
Event: 2.037 GC heap after
{Heap after GC invocations=3 (full 0):
 PSYoungGen      total 29696K, used 4083K [0x00000000eab00000, 0x00000000ecc00000, 0x0000000100000000)
  eden space 25600K, 0% used [0x00000000eab00000,0x00000000eab00000,0x00000000ec400000)
  from space 4096K, 99% used [0x00000000ec400000,0x00000000ec7fcea8,0x00000000ec800000)
  to   space 4096K, 0% used [0x00000000ec800000,0x00000000ec800000,0x00000000ecc00000)
 ParOldGen       total 68608K, used 2729K [0x00000000c0000000, 0x00000000c4300000, 0x00000000eab00000)
  object space 68608K, 3% used [0x00000000c0000000,0x00000000c02aa6d8,0x00000000c4300000)
 Metaspace       used 12845K, committed 13376K, reserved 1114112K
  class space    used 1292K, committed 1472K, reserved 1048576K
}
Event: 2.636 GC heap before
{Heap before GC invocations=4 (full 0):
 PSYoungGen      total 29696K, used 29683K [0x00000000eab00000, 0x00000000ecc00000, 0x0000000100000000)
  eden space 25600K, 100% used [0x00000000eab00000,0x00000000ec400000,0x00000000ec400000)
  from space 4096K, 99% used [0x00000000ec400000,0x00000000ec7fcea8,0x00000000ec800000)
  to   space 4096K, 0% used [0x00000000ec800000,0x00000000ec800000,0x00000000ecc00000)
 ParOldGen       total 68608K, used 2729K [0x00000000c0000000, 0x00000000c4300000, 0x00000000eab00000)
  object space 68608K, 3% used [0x00000000c0000000,0x00000000c02aa6d8,0x00000000c4300000)
 Metaspace       used 16951K, committed 17664K, reserved 1114112K
  class space    used 1695K, committed 1984K, reserved 1048576K
}
Event: 2.641 GC heap after
{Heap after GC invocations=4 (full 0):
 PSYoungGen      total 29696K, used 4066K [0x00000000eab00000, 0x00000000ecc00000, 0x0000000100000000)
  eden space 25600K, 0% used [0x00000000eab00000,0x00000000eab00000,0x00000000ec400000)
  from space 4096K, 99% used [0x00000000ec800000,0x00000000ecbf8920,0x00000000ecc00000)
  to   space 4096K, 0% used [0x00000000ec400000,0x00000000ec400000,0x00000000ec800000)
 ParOldGen       total 68608K, used 5078K [0x00000000c0000000, 0x00000000c4300000, 0x00000000eab00000)
  object space 68608K, 7% used [0x00000000c0000000,0x00000000c04f5988,0x00000000c4300000)
 Metaspace       used 16951K, committed 17664K, reserved 1114112K
  class space    used 1695K, committed 1984K, reserved 1048576K
}
Event: 2.880 GC heap before
{Heap before GC invocations=5 (full 0):
 PSYoungGen      total 29696K, used 29666K [0x00000000eab00000, 0x00000000ecc00000, 0x0000000100000000)
  eden space 25600K, 100% used [0x00000000eab00000,0x00000000ec400000,0x00000000ec400000)
  from space 4096K, 99% used [0x00000000ec800000,0x00000000ecbf8920,0x00000000ecc00000)
  to   space 4096K, 0% used [0x00000000ec400000,0x00000000ec400000,0x00000000ec800000)
 ParOldGen       total 68608K, used 5078K [0x00000000c0000000, 0x00000000c4300000, 0x00000000eab00000)
  object space 68608K, 7% used [0x00000000c0000000,0x00000000c04f5988,0x00000000c4300000)
 Metaspace       used 20092K, committed 20736K, reserved 1114112K
  class space    used 1903K, committed 2176K, reserved 1048576K
}
Event: 2.886 GC heap after
{Heap after GC invocations=5 (full 0):
 PSYoungGen      total 29184K, used 4090K [0x00000000eab00000, 0x00000000ecd80000, 0x0000000100000000)
  eden space 25088K, 0% used [0x00000000eab00000,0x00000000eab00000,0x00000000ec380000)
  from space 4096K, 99% used [0x00000000ec400000,0x00000000ec7fe8f0,0x00000000ec800000)
  to   space 5120K, 0% used [0x00000000ec880000,0x00000000ec880000,0x00000000ecd80000)
 ParOldGen       total 68608K, used 5238K [0x00000000c0000000, 0x00000000c4300000, 0x00000000eab00000)
  object space 68608K, 7% used [0x00000000c0000000,0x00000000c051d988,0x00000000c4300000)
 Metaspace       used 20092K, committed 20736K, reserved 1114112K
  class space    used 1903K, committed 2176K, reserved 1048576K
}
Event: 2.923 GC heap before
{Heap before GC invocations=6 (full 0):
 PSYoungGen      total 29184K, used 10586K [0x00000000eab00000, 0x00000000ecd80000, 0x0000000100000000)
  eden space 25088K, 25% used [0x00000000eab00000,0x00000000eb158140,0x00000000ec380000)
  from space 4096K, 99% used [0x00000000ec400000,0x00000000ec7fe8f0,0x00000000ec800000)
  to   space 5120K, 0% used [0x00000000ec880000,0x00000000ec880000,0x00000000ecd80000)
 ParOldGen       total 68608K, used 5238K [0x00000000c0000000, 0x00000000c4300000, 0x00000000eab00000)
  object space 68608K, 7% used [0x00000000c0000000,0x00000000c051d988,0x00000000c4300000)
 Metaspace       used 20878K, committed 21504K, reserved 1114112K
  class space    used 1966K, committed 2240K, reserved 1048576K
}
Event: 2.927 GC heap after
{Heap after GC invocations=6 (full 0):
 PSYoungGen      total 29696K, used 4166K [0x00000000eab00000, 0x00000000ecd00000, 0x0000000100000000)
  eden space 25088K, 0% used [0x00000000eab00000,0x00000000eab00000,0x00000000ec380000)
  from space 4608K, 90% used [0x00000000ec880000,0x00000000ecc91a10,0x00000000ecd00000)
  to   space 4608K, 0% used [0x00000000ec400000,0x00000000ec400000,0x00000000ec880000)
 ParOldGen       total 68608K, used 5246K [0x00000000c0000000, 0x00000000c4300000, 0x00000000eab00000)
  object space 68608K, 7% used [0x00000000c0000000,0x00000000c051f988,0x00000000c4300000)
 Metaspace       used 20878K, committed 21504K, reserved 1114112K
  class space    used 1966K, committed 2240K, reserved 1048576K
}
Event: 2.927 GC heap before
{Heap before GC invocations=7 (full 1):
 PSYoungGen      total 29696K, used 4166K [0x00000000eab00000, 0x00000000ecd00000, 0x0000000100000000)
  eden space 25088K, 0% used [0x00000000eab00000,0x00000000eab00000,0x00000000ec380000)
  from space 4608K, 90% used [0x00000000ec880000,0x00000000ecc91a10,0x00000000ecd00000)
  to   space 4608K, 0% used [0x00000000ec400000,0x00000000ec400000,0x00000000ec880000)
 ParOldGen       total 68608K, used 5246K [0x00000000c0000000, 0x00000000c4300000, 0x00000000eab00000)
  object space 68608K, 7% used [0x00000000c0000000,0x00000000c051f988,0x00000000c4300000)
 Metaspace       used 20878K, committed 21504K, reserved 1114112K
  class space    used 1966K, committed 2240K, reserved 1048576K
}
Event: 2.954 GC heap after
{Heap after GC invocations=7 (full 1):
 PSYoungGen      total 29696K, used 0K [0x00000000eab00000, 0x00000000ecd00000, 0x0000000100000000)
  eden space 25088K, 0% used [0x00000000eab00000,0x00000000eab00000,0x00000000ec380000)
  from space 4608K, 0% used [0x00000000ec880000,0x00000000ec880000,0x00000000ecd00000)
  to   space 4608K, 0% used [0x00000000ec400000,0x00000000ec400000,0x00000000ec880000)
 ParOldGen       total 68608K, used 9039K [0x00000000c0000000, 0x00000000c4300000, 0x00000000eab00000)
  object space 68608K, 13% used [0x00000000c0000000,0x00000000c08d3de0,0x00000000c4300000)
 Metaspace       used 20865K, committed 21504K, reserved 1114112K
  class space    used 1962K, committed 2240K, reserved 1048576K
}
Event: 3.224 GC heap before
{Heap before GC invocations=8 (full 1):
 PSYoungGen      total 29696K, used 25088K [0x00000000eab00000, 0x00000000ecd00000, 0x0000000100000000)
  eden space 25088K, 100% used [0x00000000eab00000,0x00000000ec380000,0x00000000ec380000)
  from space 4608K, 0% used [0x00000000ec880000,0x00000000ec880000,0x00000000ecd00000)
  to   space 4608K, 0% used [0x00000000ec400000,0x00000000ec400000,0x00000000ec880000)
 ParOldGen       total 68608K, used 9039K [0x00000000c0000000, 0x00000000c4300000, 0x00000000eab00000)
  object space 68608K, 13% used [0x00000000c0000000,0x00000000c08d3de0,0x00000000c4300000)
 Metaspace       used 22857K, committed 23552K, reserved 1114112K
  class space    used 2117K, committed 2368K, reserved 1048576K
}
Event: 3.226 GC heap after
{Heap after GC invocations=8 (full 1):
 PSYoungGen      total 27648K, used 2711K [0x00000000eab00000, 0x00000000eca00000, 0x0000000100000000)
  eden space 24576K, 0% used [0x00000000eab00000,0x00000000eab00000,0x00000000ec300000)
  from space 3072K, 88% used [0x00000000ec400000,0x00000000ec6a5e50,0x00000000ec700000)
  to   space 3072K, 0% used [0x00000000ec700000,0x00000000ec700000,0x00000000eca00000)
 ParOldGen       total 68608K, used 9047K [0x00000000c0000000, 0x00000000c4300000, 0x00000000eab00000)
  object space 68608K, 13% used [0x00000000c0000000,0x00000000c08d5de0,0x00000000c4300000)
 Metaspace       used 22857K, committed 23552K, reserved 1114112K
  class space    used 2117K, committed 2368K, reserved 1048576K
}
Event: 3.744 GC heap before
{Heap before GC invocations=9 (full 1):
 PSYoungGen      total 27648K, used 27287K [0x00000000eab00000, 0x00000000eca00000, 0x0000000100000000)
  eden space 24576K, 100% used [0x00000000eab00000,0x00000000ec300000,0x00000000ec300000)
  from space 3072K, 88% used [0x00000000ec400000,0x00000000ec6a5e50,0x00000000ec700000)
  to   space 3072K, 0% used [0x00000000ec700000,0x00000000ec700000,0x00000000eca00000)
 ParOldGen       total 68608K, used 9047K [0x00000000c0000000, 0x00000000c4300000, 0x00000000eab00000)
  object space 68608K, 13% used [0x00000000c0000000,0x00000000c08d5de0,0x00000000c4300000)
 Metaspace       used 26402K, committed 27200K, reserved 1114112K
  class space    used 2498K, committed 2816K, reserved 1048576K
}
Event: 3.750 GC heap after
{Heap after GC invocations=9 (full 1):
 PSYoungGen      total 26624K, used 3057K [0x00000000eab00000, 0x00000000ecc80000, 0x0000000100000000)
  eden space 23552K, 0% used [0x00000000eab00000,0x00000000eab00000,0x00000000ec200000)
  from space 3072K, 99% used [0x00000000ec700000,0x00000000ec9fc6e8,0x00000000eca00000)
  to   space 5120K, 0% used [0x00000000ec200000,0x00000000ec200000,0x00000000ec700000)
 ParOldGen       total 68608K, used 10467K [0x00000000c0000000, 0x00000000c4300000, 0x00000000eab00000)
  object space 68608K, 15% used [0x00000000c0000000,0x00000000c0a38e70,0x00000000c4300000)
 Metaspace       used 26402K, committed 27200K, reserved 1114112K
  class space    used 2498K, committed 2816K, reserved 1048576K
}
Event: 4.255 GC heap before
{Heap before GC invocations=10 (full 1):
 PSYoungGen      total 26624K, used 26592K [0x00000000eab00000, 0x00000000ecc80000, 0x0000000100000000)
  eden space 23552K, 99% used [0x00000000eab00000,0x00000000ec1fba40,0x00000000ec200000)
  from space 3072K, 99% used [0x00000000ec700000,0x00000000ec9fc6e8,0x00000000eca00000)
  to   space 5120K, 0% used [0x00000000ec200000,0x00000000ec200000,0x00000000ec700000)
 ParOldGen       total 68608K, used 10467K [0x00000000c0000000, 0x00000000c4300000, 0x00000000eab00000)
  object space 68608K, 15% used [0x00000000c0000000,0x00000000c0a38e70,0x00000000c4300000)
 Metaspace       used 29442K, committed 30400K, reserved 1114112K
  class space    used 2832K, committed 3264K, reserved 1048576K
}
Event: 4.258 GC heap after
{Heap after GC invocations=10 (full 1):
 PSYoungGen      total 28160K, used 4888K [0x00000000eab00000, 0x00000000ecb80000, 0x0000000100000000)
  eden space 23040K, 0% used [0x00000000eab00000,0x00000000eab00000,0x00000000ec180000)
  from space 5120K, 95% used [0x00000000ec200000,0x00000000ec6c6080,0x00000000ec700000)
  to   space 4608K, 0% used [0x00000000ec700000,0x00000000ec700000,0x00000000ecb80000)
 ParOldGen       total 68608K, used 10475K [0x00000000c0000000, 0x00000000c4300000, 0x00000000eab00000)
  object space 68608K, 15% used [0x00000000c0000000,0x00000000c0a3ae70,0x00000000c4300000)
 Metaspace       used 29442K, committed 30400K, reserved 1114112K
  class space    used 2832K, committed 3264K, reserved 1048576K
}
Event: 4.686 GC heap before
{Heap before GC invocations=11 (full 1):
 PSYoungGen      total 28160K, used 27928K [0x00000000eab00000, 0x00000000ecb80000, 0x0000000100000000)
  eden space 23040K, 100% used [0x00000000eab00000,0x00000000ec180000,0x00000000ec180000)
  from space 5120K, 95% used [0x00000000ec200000,0x00000000ec6c6080,0x00000000ec700000)
  to   space 4608K, 0% used [0x00000000ec700000,0x00000000ec700000,0x00000000ecb80000)
 ParOldGen       total 68608K, used 10475K [0x00000000c0000000, 0x00000000c4300000, 0x00000000eab00000)
  object space 68608K, 15% used [0x00000000c0000000,0x00000000c0a3ae70,0x00000000c4300000)
 Metaspace       used 31550K, committed 32448K, reserved 1114112K
  class space    used 3034K, committed 3456K, reserved 1048576K
}
Event: 4.690 GC heap after
{Heap after GC invocations=11 (full 1):
 PSYoungGen      total 26112K, used 3139K [0x00000000eab00000, 0x00000000eca80000, 0x0000000100000000)
  eden space 22528K, 0% used [0x00000000eab00000,0x00000000eab00000,0x00000000ec100000)
  from space 3584K, 87% used [0x00000000ec700000,0x00000000eca10f48,0x00000000eca80000)
  to   space 4096K, 0% used [0x00000000ec280000,0x00000000ec280000,0x00000000ec680000)
 ParOldGen       total 68608K, used 13514K [0x00000000c0000000, 0x00000000c4300000, 0x00000000eab00000)
  object space 68608K, 19% used [0x00000000c0000000,0x00000000c0d32828,0x00000000c4300000)
 Metaspace       used 31550K, committed 32448K, reserved 1114112K
  class space    used 3034K, committed 3456K, reserved 1048576K
}
Event: 5.013 GC heap before
{Heap before GC invocations=12 (full 1):
 PSYoungGen      total 26112K, used 25667K [0x00000000eab00000, 0x00000000eca80000, 0x0000000100000000)
  eden space 22528K, 100% used [0x00000000eab00000,0x00000000ec100000,0x00000000ec100000)
  from space 3584K, 87% used [0x00000000ec700000,0x00000000eca10f48,0x00000000eca80000)
  to   space 4096K, 0% used [0x00000000ec280000,0x00000000ec280000,0x00000000ec680000)
 ParOldGen       total 68608K, used 13514K [0x00000000c0000000, 0x00000000c4300000, 0x00000000eab00000)
  object space 68608K, 19% used [0x00000000c0000000,0x00000000c0d32828,0x00000000c4300000)
 Metaspace       used 31956K, committed 32896K, reserved 1114112K
  class space    used 3100K, committed 3520K, reserved 1048576K
}
Event: 5.021 GC heap after
{Heap after GC invocations=12 (full 1):
 PSYoungGen      total 24576K, used 2513K [0x00000000eab00000, 0x00000000ec780000, 0x0000000100000000)
  eden space 22016K, 0% used [0x00000000eab00000,0x00000000eab00000,0x00000000ec080000)
  from space 2560K, 98% used [0x00000000ec280000,0x00000000ec4f4420,0x00000000ec500000)
  to   space 2560K, 0% used [0x00000000ec500000,0x00000000ec500000,0x00000000ec780000)
 ParOldGen       total 68608K, used 16511K [0x00000000c0000000, 0x00000000c4300000, 0x00000000eab00000)
  object space 68608K, 24% used [0x00000000c0000000,0x00000000c101fe10,0x00000000c4300000)
 Metaspace       used 31956K, committed 32896K, reserved 1114112K
  class space    used 3100K, committed 3520K, reserved 1048576K
}

Dll operation events (10 events):
Event: 0.014 Loaded shared library c:\Users\Asus\.vscode\extensions\redhat.java-1.41.0-win32-x64\jre\21.0.6-win32-x86_64\bin\java.dll
Event: 0.084 Loaded shared library c:\Users\Asus\.vscode\extensions\redhat.java-1.41.0-win32-x64\jre\21.0.6-win32-x86_64\bin\zip.dll
Event: 0.110 Loaded shared library C:\Users\Asus\.vscode\extensions\redhat.java-1.41.0-win32-x64\jre\21.0.6-win32-x86_64\bin\instrument.dll
Event: 0.118 Loaded shared library C:\Users\Asus\.vscode\extensions\redhat.java-1.41.0-win32-x64\jre\21.0.6-win32-x86_64\bin\net.dll
Event: 0.122 Loaded shared library C:\Users\Asus\.vscode\extensions\redhat.java-1.41.0-win32-x64\jre\21.0.6-win32-x86_64\bin\nio.dll
Event: 0.126 Loaded shared library C:\Users\Asus\.vscode\extensions\redhat.java-1.41.0-win32-x64\jre\21.0.6-win32-x86_64\bin\zip.dll
Event: 0.146 Loaded shared library C:\Users\Asus\.vscode\extensions\redhat.java-1.41.0-win32-x64\jre\21.0.6-win32-x86_64\bin\jimage.dll
Event: 0.229 Loaded shared library c:\Users\Asus\.vscode\extensions\redhat.java-1.41.0-win32-x64\jre\21.0.6-win32-x86_64\bin\verify.dll
Event: 1.444 Loaded shared library C:\Users\Asus\AppData\Roaming\Code\User\globalStorage\redhat.java\1.41.0\config_ss_win\org.eclipse.equinox.launcher\org.eclipse.equinox.launcher.win32.win32.x86_64_1.2.1300.v20250325-0811\eclipse_11911.dll
Event: 2.443 Loaded shared library C:\Users\Asus\AppData\Local\Temp\jna-2050672\jna6014231661170687767.dll

Deoptimization events (20 events):
Event: 4.639 Thread 0x000002148ee56690 Uncommon trap: trap_request=0xffffff45 fr.pc=0x000002143c4ab3e0 relative=0x00000000000001a0
Event: 4.639 Thread 0x000002148ee56690 Uncommon trap: reason=unstable_if action=reinterpret pc=0x000002143c4ab3e0 method=jdk.internal.jrtfs.JrtPath.normalize(Ljava/lang/String;)Ljava/lang/String; @ 78 c2
Event: 4.639 Thread 0x000002148ee56690 DEOPT PACKING pc=0x000002143c4ab3e0 sp=0x0000009545ffcf00
Event: 4.639 Thread 0x000002148ee56690 DEOPT UNPACKING pc=0x000002143bd76da2 sp=0x0000009545ffce80 mode 2
Event: 4.762 Thread 0x000002148ee56690 Uncommon trap: trap_request=0xffffff45 fr.pc=0x000002143c4b5ea0 relative=0x0000000000001220
Event: 4.762 Thread 0x000002148ee56690 Uncommon trap: reason=unstable_if action=reinterpret pc=0x000002143c4b5ea0 method=org.eclipse.jdt.internal.core.util.Util.splitOn(CLjava/lang/String;II)[Ljava/lang/String; @ 21 c2
Event: 4.762 Thread 0x000002148ee56690 DEOPT PACKING pc=0x000002143c4b5ea0 sp=0x0000009545ffce40
Event: 4.762 Thread 0x000002148ee56690 DEOPT UNPACKING pc=0x000002143bd76da2 sp=0x0000009545ffce08 mode 2
Event: 4.890 Thread 0x000002148ee56690 Uncommon trap: trap_request=0xffffffc6 fr.pc=0x000002143c4b8dcc relative=0x000000000000052c
Event: 4.890 Thread 0x000002148ee56690 Uncommon trap: reason=bimorphic_or_optimized_type_check action=maybe_recompile pc=0x000002143c4b8dcc method=java.util.ArrayList.equalsRange(Ljava/util/List;II)Z @ 22 c2
Event: 4.890 Thread 0x000002148ee56690 DEOPT PACKING pc=0x000002143c4b8dcc sp=0x0000009545ffd150
Event: 4.890 Thread 0x000002148ee56690 DEOPT UNPACKING pc=0x000002143bd76da2 sp=0x0000009545ffd0e0 mode 2
Event: 4.890 Thread 0x000002148ee56690 Uncommon trap: trap_request=0xffffff76 fr.pc=0x000002143c4b8cec relative=0x000000000000044c
Event: 4.890 Thread 0x000002148ee56690 Uncommon trap: reason=predicate action=maybe_recompile pc=0x000002143c4b8cec method=java.util.ArrayList.equalsRange(Ljava/util/List;II)Z @ 31 c2
Event: 4.890 Thread 0x000002148ee56690 DEOPT PACKING pc=0x000002143c4b8cec sp=0x0000009545ffd160
Event: 4.890 Thread 0x000002148ee56690 DEOPT UNPACKING pc=0x000002143bd76da2 sp=0x0000009545ffd0e8 mode 2
Event: 4.912 Thread 0x000002148ee56690 Uncommon trap: trap_request=0xffffff45 fr.pc=0x000002143c4cf388 relative=0x0000000000000568
Event: 4.912 Thread 0x000002148ee56690 Uncommon trap: reason=unstable_if action=reinterpret pc=0x000002143c4cf388 method=java.util.ArrayList.equalsRange(Ljava/util/List;II)Z @ 76 c2
Event: 4.912 Thread 0x000002148ee56690 DEOPT PACKING pc=0x000002143c4cf388 sp=0x0000009545ffd0e0
Event: 4.912 Thread 0x000002148ee56690 DEOPT UNPACKING pc=0x000002143bd76da2 sp=0x0000009545ffd080 mode 2

Classes loaded (20 events):
Event: 4.580 Loading class java/nio/file/FileVisitResult
Event: 4.580 Loading class java/nio/file/FileVisitResult done
Event: 4.621 Loading class java/lang/runtime/ObjectMethods
Event: 4.622 Loading class java/lang/runtime/ObjectMethods done
Event: 4.623 Loading class java/lang/invoke/MethodHandleImpl$Makers
Event: 4.623 Loading class java/lang/invoke/MethodHandleImpl$Makers done
Event: 4.624 Loading class java/lang/invoke/MethodHandleImpl$Makers$1
Event: 4.624 Loading class java/lang/invoke/MethodHandleImpl$Makers$1 done
Event: 4.624 Loading class java/lang/invoke/MethodHandleImpl$Makers$2
Event: 4.624 Loading class java/lang/invoke/MethodHandleImpl$Makers$2 done
Event: 4.624 Loading class java/lang/invoke/MethodHandleImpl$Makers$3
Event: 4.624 Loading class java/lang/invoke/MethodHandleImpl$Makers$3 done
Event: 4.630 Loading class java/lang/runtime/ObjectMethods$1
Event: 4.630 Loading class java/lang/runtime/ObjectMethods$1 done
Event: 4.957 Loading class java/util/AbstractList$ListItr
Event: 4.957 Loading class java/util/AbstractList$ListItr done
Event: 4.971 Loading class java/nio/channels/Channels$ReadableByteChannelImpl
Event: 4.971 Loading class java/nio/channels/Channels$ReadableByteChannelImpl done
Event: 4.971 Loading class java/nio/channels/NonWritableChannelException
Event: 4.974 Loading class java/nio/channels/NonWritableChannelException done

Classes unloaded (7 events):
Event: 2.932 Thread 0x0000021445992b90 Unloading class 0x000002144717a800 'java/lang/invoke/LambdaForm$MH+0x000002144717a800'
Event: 2.932 Thread 0x0000021445992b90 Unloading class 0x000002144717a400 'java/lang/invoke/LambdaForm$MH+0x000002144717a400'
Event: 2.932 Thread 0x0000021445992b90 Unloading class 0x000002144717a000 'java/lang/invoke/LambdaForm$MH+0x000002144717a000'
Event: 2.932 Thread 0x0000021445992b90 Unloading class 0x0000021447179c00 'java/lang/invoke/LambdaForm$MH+0x0000021447179c00'
Event: 2.932 Thread 0x0000021445992b90 Unloading class 0x0000021447179800 'java/lang/invoke/LambdaForm$BMH+0x0000021447179800'
Event: 2.932 Thread 0x0000021445992b90 Unloading class 0x0000021447179400 'java/lang/invoke/LambdaForm$DMH+0x0000021447179400'
Event: 2.932 Thread 0x0000021445992b90 Unloading class 0x0000021447178000 'java/lang/invoke/LambdaForm$DMH+0x0000021447178000'

Classes redefined (0 events):
No events

Internal exceptions (20 events):
Event: 3.864 Thread 0x000002148dac6be0 Exception <a 'java/lang/NoSuchMethodError'{0x00000000eb22a7e8}: 'java.lang.Object java.lang.invoke.Invokers$Holder.linkToTargetMethod(java.lang.Object, java.lang.Object, int, java.lang.Object)'> (0x00000000eb22a7e8) 
thrown [s\src\hotspot\share\interpreter\linkResolver.cpp, line 773]
Event: 3.868 Thread 0x000002148dac6be0 Exception <a 'java/lang/NoSuchMethodError'{0x00000000eb250258}: 'void java.lang.invoke.DirectMethodHandle$Holder.invokeStaticInit(java.lang.Object, java.lang.Object, java.lang.Object)'> (0x00000000eb250258) 
thrown [s\src\hotspot\share\interpreter\linkResolver.cpp, line 773]
Event: 3.939 Thread 0x00000214315fd730 Exception <a 'java/lang/NoSuchMethodError'{0x00000000eb68fbb8}: 'void java.lang.invoke.DirectMethodHandle$Holder.invokeSpecial(java.lang.Object, java.lang.Object, java.lang.Object, java.lang.Object, java.lang.Object, java.lang.Object)'> (0x00000000eb68fbb8) 
thrown [s\src\hotspot\share\interpreter\linkResolver.cpp, line 773]
Event: 3.940 Thread 0x00000214315fd730 Exception <a 'java/lang/IncompatibleClassChangeError'{0x00000000eb6973e8}: Found class java.lang.Object, but interface was expected> (0x00000000eb6973e8) 
thrown [s\src\hotspot\share\interpreter\linkResolver.cpp, line 840]
Event: 3.940 Thread 0x00000214315fd730 Exception <a 'java/lang/IncompatibleClassChangeError'{0x00000000eb6990b0}: Found class java.lang.Object, but interface was expected> (0x00000000eb6990b0) 
thrown [s\src\hotspot\share\interpreter\linkResolver.cpp, line 840]
Event: 4.240 Thread 0x000002148ee56690 Exception <a 'java/lang/NoSuchMethodError'{0x00000000ec005148}: 'java.lang.Object java.lang.invoke.DirectMethodHandle$Holder.invokeInterface(java.lang.Object, java.lang.Object, java.lang.Object)'> (0x00000000ec005148) 
thrown [s\src\hotspot\share\interpreter\linkResolver.cpp, line 773]
Event: 4.263 Thread 0x000002148ee56690 Exception <a 'java/io/FileNotFoundException'{0x00000000eaba2248}> (0x00000000eaba2248) 
thrown [s\src\hotspot\share\prims\jni.cpp, line 520]
Event: 4.296 Thread 0x000002148ee56690 Exception <a 'sun/nio/fs/WindowsException'{0x00000000eadb1ea0}> (0x00000000eadb1ea0) 
thrown [s\src\hotspot\share\prims\jni.cpp, line 520]
Event: 4.403 Thread 0x000002148ee56690 Exception <a 'java/lang/IncompatibleClassChangeError'{0x00000000eb0a1150}: Found class java.lang.Object, but interface was expected> (0x00000000eb0a1150) 
thrown [s\src\hotspot\share\interpreter\linkResolver.cpp, line 840]
Event: 4.527 Thread 0x000002148ee56690 Implicit null exception at 0x000002143c42fb77 to 0x000002143c42fde8
Event: 4.527 Thread 0x000002148ee56690 Exception <a 'java/lang/NoSuchMethodError'{0x00000000eb4d2260}: 'java.lang.Object java.lang.invoke.DelegatingMethodHandle$Holder.reinvoke_L(java.lang.Object, int, long, java.lang.Object, java.lang.Object, int, java.lang.Object)'> (0x00000000eb4d2260) 
thrown [s\src\hotspot\share\interpreter\linkResolver.cpp, line 773]
Event: 4.622 Thread 0x000002148ee56690 Exception <a 'java/lang/NoSuchMethodError'{0x00000000eba61f60}: 'java.lang.Object java.lang.invoke.DirectMethodHandle$Holder.invokeStaticInit(java.lang.Object, java.lang.Object, java.lang.Object, java.lang.Object, java.lang.Object, java.lang.Object, java.lang.Object)'> (0x00000000eba61f60) 
thrown [s\src\hotspot\share\interpreter\linkResolver.cpp, line 773]
Event: 4.623 Thread 0x000002148ee56690 Exception <a 'java/lang/NoSuchMethodError'{0x00000000eba67198}: 'java.lang.Object java.lang.invoke.Invokers$Holder.invoke_MT(java.lang.Object, java.lang.Object, java.lang.Object, java.lang.Object, java.lang.Object, java.lang.Object, java.lang.Object, java.lang.Object, java.lang.Object, java.lang.Object)'> (0x00000000eba67198) 
thrown [s\src\hotspot\share\interpreter\linkResolver.cpp, line 773]
Event: 4.630 Thread 0x000002148ee56690 Exception <a 'java/lang/NoSuchMethodError'{0x00000000ebaa6f10}: 'int java.lang.invoke.DirectMethodHandle$Holder.invokeVirtual(java.lang.Object, java.lang.Object, java.lang.Object)'> (0x00000000ebaa6f10) 
thrown [s\src\hotspot\share\interpreter\linkResolver.cpp, line 773]
Event: 4.630 Thread 0x000002148ee56690 Exception <a 'java/lang/NoSuchMethodError'{0x00000000ebaab2b8}: 'int java.lang.invoke.DirectMethodHandle$Holder.invokeStaticInit(java.lang.Object, int, int)'> (0x00000000ebaab2b8) 
thrown [s\src\hotspot\share\interpreter\linkResolver.cpp, line 773]
Event: 4.631 Thread 0x000002148ee56690 Exception <a 'java/lang/NoSuchMethodError'{0x00000000ebab2a60}: 'int java.lang.invoke.DirectMethodHandle$Holder.invokeStaticInit(java.lang.Object, long, long)'> (0x00000000ebab2a60) 
thrown [s\src\hotspot\share\interpreter\linkResolver.cpp, line 773]
Event: 4.633 Thread 0x000002148ee56690 Exception <a 'java/lang/NoSuchMethodError'{0x00000000ebab9a08}: 'int java.lang.invoke.DirectMethodHandle$Holder.invokeStaticInit(java.lang.Object, float, float)'> (0x00000000ebab9a08) 
thrown [s\src\hotspot\share\interpreter\linkResolver.cpp, line 773]
Event: 4.634 Thread 0x000002148ee56690 Exception <a 'java/lang/NoSuchMethodError'{0x00000000ebac0748}: 'int java.lang.invoke.DirectMethodHandle$Holder.invokeStaticInit(java.lang.Object, double, double)'> (0x00000000ebac0748) 
thrown [s\src\hotspot\share\interpreter\linkResolver.cpp, line 773]
Event: 4.634 Thread 0x000002148ee56690 Exception <a 'java/lang/NoSuchMethodError'{0x00000000ebac4f98}: 'int java.lang.invoke.DirectMethodHandle$Holder.invokeStatic(java.lang.Object, long)'> (0x00000000ebac4f98) 
thrown [s\src\hotspot\share\interpreter\linkResolver.cpp, line 773]
Event: 4.637 Thread 0x000002148ee56690 Exception <a 'java/lang/NoSuchMethodError'{0x00000000ebae43c8}: 'int java.lang.invoke.Invokers$Holder.linkToTargetMethod(java.lang.Object, java.lang.Object)'> (0x00000000ebae43c8) 
thrown [s\src\hotspot\share\interpreter\linkResolver.cpp, line 773]

ZGC Phase Switch (0 events):
No events

VM Operations (20 events):
Event: 3.744 Executing VM operation: ParallelGCFailedAllocation (Allocation Failure)
Event: 3.750 Executing VM operation: ParallelGCFailedAllocation (Allocation Failure) done
Event: 4.249 Executing VM operation: HandshakeAllThreads (Deoptimize)
Event: 4.249 Executing VM operation: HandshakeAllThreads (Deoptimize) done
Event: 4.255 Executing VM operation: ParallelGCFailedAllocation (Allocation Failure)
Event: 4.258 Executing VM operation: ParallelGCFailedAllocation (Allocation Failure) done
Event: 4.322 Executing VM operation: HandshakeAllThreads (Deoptimize)
Event: 4.322 Executing VM operation: HandshakeAllThreads (Deoptimize) done
Event: 4.506 Executing VM operation: HandshakeAllThreads (Deoptimize)
Event: 4.506 Executing VM operation: HandshakeAllThreads (Deoptimize) done
Event: 4.512 Executing VM operation: HandshakeAllThreads (Deoptimize)
Event: 4.512 Executing VM operation: HandshakeAllThreads (Deoptimize) done
Event: 4.545 Executing VM operation: HandshakeAllThreads (Deoptimize)
Event: 4.545 Executing VM operation: HandshakeAllThreads (Deoptimize) done
Event: 4.546 Executing VM operation: HandshakeAllThreads (Deoptimize)
Event: 4.546 Executing VM operation: HandshakeAllThreads (Deoptimize) done
Event: 4.685 Executing VM operation: ParallelGCFailedAllocation (Allocation Failure)
Event: 4.690 Executing VM operation: ParallelGCFailedAllocation (Allocation Failure) done
Event: 5.013 Executing VM operation: ParallelGCFailedAllocation (Allocation Failure)
Event: 5.021 Executing VM operation: ParallelGCFailedAllocation (Allocation Failure) done

Memory protections (0 events):
No events

Nmethod flushes (0 events):
No events

Events (20 events):
Event: 2.788 Thread 0x000002148e038660 Thread exited: 0x000002148e038660
Event: 3.192 Thread 0x000002148d5a0630 Thread added: 0x000002148dac5ec0
Event: 3.293 Thread 0x00000214459eafa0 Thread added: 0x000002148e8452c0
Event: 3.303 Thread 0x000002148dac5ec0 Thread exited: 0x000002148dac5ec0
Event: 3.673 Thread 0x00000214315fd730 Thread added: 0x000002148dac6550
Event: 3.674 Thread 0x00000214315fd730 Thread added: 0x000002148dac5ec0
Event: 3.674 Thread 0x00000214315fd730 Thread added: 0x000002148ee4fd90
Event: 3.674 Thread 0x00000214315fd730 Thread added: 0x000002148ee524f0
Event: 3.674 Thread 0x00000214315fd730 Thread added: 0x000002148ee51e60
Event: 3.674 Thread 0x00000214315fd730 Thread added: 0x000002148ee50420
Event: 3.674 Thread 0x00000214315fd730 Thread added: 0x000002148ee51140
Event: 3.674 Thread 0x00000214315fd730 Thread added: 0x000002148ee4f070
Event: 3.674 Thread 0x00000214315fd730 Thread added: 0x000002148ee517d0
Event: 3.696 Thread 0x00000214315fd730 Thread added: 0x000002148ee50ab0
Event: 3.873 Thread 0x000002148dac7270 Thread added: 0x000002148ee52b80
Event: 3.876 Thread 0x000002148dac7270 Thread added: 0x000002148ee4f700
Event: 3.960 Thread 0x00000214315fd730 Thread added: 0x000002148ee53210
Event: 3.961 Thread 0x00000214315fd730 Thread added: 0x000002148ee56690
Event: 4.417 Thread 0x000002148e8452c0 Thread exited: 0x000002148e8452c0
Event: 4.739 Thread 0x00000214459eafa0 Thread added: 0x0000021490002010


Dynamic libraries:
0x00007ff632180000 - 0x00007ff63218e000 	c:\Users\Asus\.vscode\extensions\redhat.java-1.41.0-win32-x64\jre\21.0.6-win32-x86_64\bin\java.exe
0x00007ffd6c4e0000 - 0x00007ffd6c743000 	C:\WINDOWS\SYSTEM32\ntdll.dll
0x00007ffd6bfc0000 - 0x00007ffd6c088000 	C:\WINDOWS\System32\KERNEL32.DLL
0x00007ffd69ec0000 - 0x00007ffd6a272000 	C:\WINDOWS\System32\KERNELBASE.dll
0x00007ffd69ac0000 - 0x00007ffd69c0b000 	C:\WINDOWS\System32\ucrtbase.dll
0x00007ffd637d0000 - 0x00007ffd637e8000 	c:\Users\Asus\.vscode\extensions\redhat.java-1.41.0-win32-x64\jre\21.0.6-win32-x86_64\bin\jli.dll
0x00007ffd6a520000 - 0x00007ffd6a6e8000 	C:\WINDOWS\System32\USER32.dll
0x00007ffd69960000 - 0x00007ffd69987000 	C:\WINDOWS\System32\win32u.dll
0x00007ffd6b270000 - 0x00007ffd6b29a000 	C:\WINDOWS\System32\GDI32.dll
0x00007ffd69d90000 - 0x00007ffd69ebb000 	C:\WINDOWS\System32\gdi32full.dll
0x00007ffd698b0000 - 0x00007ffd69953000 	C:\WINDOWS\System32\msvcp_win.dll
0x00007ffd61340000 - 0x00007ffd6135e000 	c:\Users\Asus\.vscode\extensions\redhat.java-1.41.0-win32-x64\jre\21.0.6-win32-x86_64\bin\VCRUNTIME140.dll
0x00007ffd4f290000 - 0x00007ffd4f520000 	C:\WINDOWS\WinSxS\amd64_microsoft.windows.common-controls_6595b64144ccf1df_6.0.26100.2454_none_3e0b68a2e331ad60\COMCTL32.dll
0x00007ffd6b0d0000 - 0x00007ffd6b179000 	C:\WINDOWS\System32\msvcrt.dll
0x00007ffd6b9c0000 - 0x00007ffd6b9ef000 	C:\WINDOWS\System32\IMM32.DLL
0x00007ffd63620000 - 0x00007ffd6362c000 	c:\Users\Asus\.vscode\extensions\redhat.java-1.41.0-win32-x64\jre\21.0.6-win32-x86_64\bin\vcruntime140_1.dll
0x00007ffd3afa0000 - 0x00007ffd3b02d000 	c:\Users\Asus\.vscode\extensions\redhat.java-1.41.0-win32-x64\jre\21.0.6-win32-x86_64\bin\msvcp140.dll
0x00007ffd220b0000 - 0x00007ffd22e40000 	c:\Users\Asus\.vscode\extensions\redhat.java-1.41.0-win32-x64\jre\21.0.6-win32-x86_64\bin\server\jvm.dll
0x00007ffd6b180000 - 0x00007ffd6b234000 	C:\WINDOWS\System32\ADVAPI32.dll
0x00007ffd6a470000 - 0x00007ffd6a516000 	C:\WINDOWS\System32\sechost.dll
0x00007ffd6c380000 - 0x00007ffd6c496000 	C:\WINDOWS\System32\RPCRT4.dll
0x00007ffd6a6f0000 - 0x00007ffd6a764000 	C:\WINDOWS\System32\WS2_32.dll
0x00007ffd692b0000 - 0x00007ffd692fe000 	C:\WINDOWS\SYSTEM32\POWRPROF.dll
0x00007ffd52df0000 - 0x00007ffd52e26000 	C:\WINDOWS\SYSTEM32\WINMM.dll
0x00007ffd586f0000 - 0x00007ffd586fb000 	C:\WINDOWS\SYSTEM32\VERSION.dll
0x00007ffd69160000 - 0x00007ffd69174000 	C:\WINDOWS\SYSTEM32\UMPDC.dll
0x00007ffd686f0000 - 0x00007ffd6870a000 	C:\WINDOWS\SYSTEM32\kernel.appcore.dll
0x00007ffd60f70000 - 0x00007ffd60f7a000 	c:\Users\Asus\.vscode\extensions\redhat.java-1.41.0-win32-x64\jre\21.0.6-win32-x86_64\bin\jimage.dll
0x00007ffd67040000 - 0x00007ffd67281000 	C:\WINDOWS\SYSTEM32\DBGHELP.DLL
0x00007ffd6ba50000 - 0x00007ffd6bdce000 	C:\WINDOWS\System32\combase.dll
0x00007ffd6be40000 - 0x00007ffd6bf16000 	C:\WINDOWS\System32\OLEAUT32.dll
0x00007ffd49ba0000 - 0x00007ffd49bd9000 	C:\WINDOWS\SYSTEM32\dbgcore.DLL
0x00007ffd69990000 - 0x00007ffd69a29000 	C:\WINDOWS\System32\bcryptPrimitives.dll
0x00007ffd60f60000 - 0x00007ffd60f6f000 	c:\Users\Asus\.vscode\extensions\redhat.java-1.41.0-win32-x64\jre\21.0.6-win32-x86_64\bin\instrument.dll
0x00007ffd60f40000 - 0x00007ffd60f5f000 	c:\Users\Asus\.vscode\extensions\redhat.java-1.41.0-win32-x64\jre\21.0.6-win32-x86_64\bin\java.dll
0x00007ffd6a9c0000 - 0x00007ffd6b0c0000 	C:\WINDOWS\System32\SHELL32.dll
0x00007ffd675e0000 - 0x00007ffd67e11000 	C:\WINDOWS\SYSTEM32\windows.storage.dll
0x00007ffd6c0b0000 - 0x00007ffd6c18a000 	C:\WINDOWS\System32\SHCORE.dll
0x00007ffd6a340000 - 0x00007ffd6a39d000 	C:\WINDOWS\System32\shlwapi.dll
0x00007ffd697c0000 - 0x00007ffd697ee000 	C:\WINDOWS\SYSTEM32\profapi.dll
0x00007ffd548d0000 - 0x00007ffd548e8000 	c:\Users\Asus\.vscode\extensions\redhat.java-1.41.0-win32-x64\jre\21.0.6-win32-x86_64\bin\zip.dll
0x00007ffd60f30000 - 0x00007ffd60f40000 	C:\Users\Asus\.vscode\extensions\redhat.java-1.41.0-win32-x64\jre\21.0.6-win32-x86_64\bin\net.dll
0x00007ffd64190000 - 0x00007ffd642b6000 	C:\WINDOWS\SYSTEM32\WINHTTP.dll
0x00007ffd68bf0000 - 0x00007ffd68c58000 	C:\WINDOWS\system32\mswsock.dll
0x00007ffd548b0000 - 0x00007ffd548c6000 	C:\Users\Asus\.vscode\extensions\redhat.java-1.41.0-win32-x64\jre\21.0.6-win32-x86_64\bin\nio.dll
0x00007ffd60ee0000 - 0x00007ffd60ef0000 	c:\Users\Asus\.vscode\extensions\redhat.java-1.41.0-win32-x64\jre\21.0.6-win32-x86_64\bin\verify.dll
0x00007ffd48830000 - 0x00007ffd48875000 	C:\Users\Asus\AppData\Roaming\Code\User\globalStorage\redhat.java\1.41.0\config_ss_win\org.eclipse.equinox.launcher\org.eclipse.equinox.launcher.win32.win32.x86_64_1.2.1300.v20250325-0811\eclipse_11911.dll
0x00007ffd6b820000 - 0x00007ffd6b9b9000 	C:\WINDOWS\System32\ole32.dll
0x00007ffd68f00000 - 0x00007ffd68f1c000 	C:\WINDOWS\SYSTEM32\CRYPTSP.dll
0x00007ffd68650000 - 0x00007ffd68688000 	C:\WINDOWS\system32\rsaenh.dll
0x00007ffd68c90000 - 0x00007ffd68cbb000 	C:\WINDOWS\SYSTEM32\USERENV.dll
0x00007ffd69180000 - 0x00007ffd691a6000 	C:\WINDOWS\SYSTEM32\bcrypt.dll
0x00007ffd69060000 - 0x00007ffd6906c000 	C:\WINDOWS\SYSTEM32\CRYPTBASE.dll
0x00007ffd68270000 - 0x00007ffd682a2000 	C:\WINDOWS\SYSTEM32\IPHLPAPI.DLL
0x00007ffd6a460000 - 0x00007ffd6a46a000 	C:\WINDOWS\System32\NSI.dll
0x00007ffd31860000 - 0x00007ffd318a9000 	C:\Users\Asus\AppData\Local\Temp\jna-2050672\jna6014231661170687767.dll
0x00007ffd6c0a0000 - 0x00007ffd6c0a8000 	C:\WINDOWS\System32\PSAPI.DLL
0x00007ffd650b0000 - 0x00007ffd650ce000 	C:\WINDOWS\SYSTEM32\dhcpcsvc6.DLL
0x00007ffd65080000 - 0x00007ffd650a5000 	C:\WINDOWS\SYSTEM32\dhcpcsvc.DLL

dbghelp: loaded successfully - version: 4.0.5 - missing functions: none
symbol engine: initialized successfully - sym options: 0x614 - pdb path: .;c:\Users\Asus\.vscode\extensions\redhat.java-1.41.0-win32-x64\jre\21.0.6-win32-x86_64\bin;C:\WINDOWS\SYSTEM32;C:\WINDOWS\WinSxS\amd64_microsoft.windows.common-controls_6595b64144ccf1df_6.0.26100.2454_none_3e0b68a2e331ad60;c:\Users\Asus\.vscode\extensions\redhat.java-1.41.0-win32-x64\jre\21.0.6-win32-x86_64\bin\server;C:\Users\Asus\AppData\Roaming\Code\User\globalStorage\redhat.java\1.41.0\config_ss_win\org.eclipse.equinox.launcher\org.eclipse.equinox.launcher.win32.win32.x86_64_1.2.1300.v20250325-0811;C:\Users\Asus\AppData\Local\Temp\jna-2050672

VM Arguments:
jvm_args: --add-modules=ALL-SYSTEM --add-opens=java.base/java.util=ALL-UNNAMED --add-opens=java.base/java.lang=ALL-UNNAMED --add-opens=java.base/sun.nio.fs=ALL-UNNAMED -Declipse.application=org.eclipse.jdt.ls.core.id1 -Dosgi.bundles.defaultStartLevel=4 -Declipse.product=org.eclipse.jdt.ls.core.product -Djava.import.generatesMetadataFilesAtProjectRoot=false -DDetectVMInstallationsJob.disabled=true -Dfile.encoding=utf8 -XX:+UseParallelGC -XX:GCTimeRatio=4 -XX:AdaptiveSizePolicyWeight=90 -Dsun.zip.disableMemoryMapping=true -Xmx1G -Xms100m -Xlog:disable -javaagent:c:\Users\Asus\.vscode\extensions\redhat.java-1.41.0-win32-x64\lombok\lombok-1.18.36.jar 
java_command: c:\Users\Asus\.vscode\extensions\redhat.java-1.41.0-win32-x64\server\plugins\org.eclipse.equinox.launcher_1.6.1100.v20250306-0509.jar -configuration c:\Users\Asus\AppData\Roaming\Code\User\globalStorage\redhat.java\1.41.0\config_ss_win -data c:\Users\Asus\AppData\Roaming\Code\User\workspaceStorage\6f0e533d9ff133c7631d155b4f25a028\redhat.java\ss_ws --pipe=\\.\pipe\lsp-2efd381c8bfc3741d0d64f18dfe5d40b-sock
java_class_path (initial): c:\Users\Asus\.vscode\extensions\redhat.java-1.41.0-win32-x64\server\plugins\org.eclipse.equinox.launcher_1.6.1100.v20250306-0509.jar
Launcher Type: SUN_STANDARD

[Global flags]
    uintx AdaptiveSizePolicyWeight                 = 90                                        {product} {command line}
     intx CICompilerCount                          = 4                                         {product} {ergonomic}
    uintx GCTimeRatio                              = 4                                         {product} {command line}
   size_t InitialHeapSize                          = 104857600                                 {product} {command line}
   size_t MaxHeapSize                              = 1073741824                                {product} {command line}
   size_t MaxNewSize                               = 357564416                                 {product} {ergonomic}
   size_t MinHeapDeltaBytes                        = 524288                                    {product} {ergonomic}
   size_t MinHeapSize                              = 104857600                                 {product} {command line}
   size_t NewSize                                  = 34603008                                  {product} {ergonomic}
    uintx NonNMethodCodeHeapSize                   = 5839372                                {pd product} {ergonomic}
    uintx NonProfiledCodeHeapSize                  = 122909434                              {pd product} {ergonomic}
   size_t OldSize                                  = 70254592                                  {product} {ergonomic}
    uintx ProfiledCodeHeapSize                     = 122909434                              {pd product} {ergonomic}
    uintx ReservedCodeCacheSize                    = 251658240                              {pd product} {ergonomic}
     bool SegmentedCodeCache                       = true                                      {product} {ergonomic}
   size_t SoftMaxHeapSize                          = 1073741824                             {manageable} {ergonomic}
     bool UseCompressedOops                        = true                           {product lp64_product} {ergonomic}
     bool UseLargePagesIndividualAllocation        = false                                  {pd product} {ergonomic}
     bool UseParallelGC                            = true                                      {product} {command line}

Logging:
Log output configuration:
 #0: stdout all=off uptime,level,tags foldmultilines=false
 #1: stderr all=off uptime,level,tags foldmultilines=false

Environment Variables:
JAVA_HOME=C:\Users\Asus\AppData\Local\Programs\Eclipse Adoptium\jdk-17.0.6.10-hotspot\
PATH=C:\Python312\Scripts\;C:\Python312\;C:\Users\Asus\AppData\Local\Programs\Python\Python311\Scripts\;C:\WINDOWS;C:\WINDOWS\System32\Wbem;C:\WINDOWS\System32\WindowsPowerShell\v1.0\;C:\WINDOWS\System32\OpenSSH\;C:\MinGW\bin;C:\Program Files (x86)\Microsoft SQL Server\160\Tools\Binn\;C:\Program Files\Microsoft SQL Server\160\Tools\Binn\;C:\Program Files\Microsoft SQL Server\Client SDK\ODBC\170\Tools\Binn\;C:\Program Files\Microsoft SQL Server\160\DTS\Binn\;C:\Program Files\Azure Data Studio\bin;C:\Program Files\Git\cmd;C:\Users\Asus\AppData\Local\Programs\Python\Python311\Scripts;C:\Users\Asus\AppData\Local\Programs\Python\Python311\;C:\Users\Asus\AppData\Local\Programs\Python\Python311\Scripts;C:\Users\Asus\AppData\Local\Programs\Python\Python311\Scripts;C:\Users\Asus\AppData\Local\Programs\Python\Python311\;C:\;C:\ProgramData\chocolatey\bin;C:\Program Files\MongoDB\Server\8.0\bin;C:\Program Files\MongoDB\Server\8.0\bin;C:\Users\Asus\AppData\Local\Programs\Eclipse Adoptium\jdk-17.0.6.10-hotspot\bin;C:\Users\Asus\AppData\Local\Programs\Python\Python311\Scripts\;C:\Users\Asus\AppData\Local\Programs\Python\Python311\;C:\Users\Asus\AppData\Local\Microsoft\WindowsApps;C:\Program Files\JetBrains\PyCharm Community Edition 2022.3.2\bin;;C:\Program Files\Azure Data Studio\bin;C:\Users\Asus\AppData\Local\GitHubDesktop\bin;C:\Users\Asus\Downloads\apache-maven-4.0.0-rc-1-bin\apache-maven-4.0.0-rc-1;C:\Users\Asus\AppData\Roaming\npm;C:\Users\Asus\AppData\Roaming\Python\Python312\Scripts;C:\Users\Asus\Desktop\Microsoft VS Code\bin
USERNAME=Asus
OS=Windows_NT
PROCESSOR_IDENTIFIER=Intel64 Family 6 Model 140 Stepping 1, GenuineIntel
TMP=C:\Users\Asus\AppData\Local\Temp
TEMP=C:\Users\Asus\AppData\Local\Temp




Periodic native trim disabled

---------------  S Y S T E M  ---------------

OS:
 Windows 11 , 64 bit Build 26100 (10.0.26100.2454)
OS uptime: 0 days 0:17 hours

CPU: total 8 (initial active 8) (4 cores per cpu, 2 threads per core) family 6 model 140 stepping 1 microcode 0x86, cx8, cmov, fxsr, ht, mmx, 3dnowpref, sse, sse2, sse3, ssse3, sse4.1, sse4.2, popcnt, lzcnt, tsc, tscinvbit, avx, avx2, aes, erms, clmul, bmi1, bmi2, adx, avx512f, avx512dq, avx512cd, avx512bw, avx512vl, sha, fma, vzeroupper, avx512_vpopcntdq, avx512_vpclmulqdq, avx512_vaes, avx512_vnni, clflush, clflushopt, clwb, avx512_vbmi2, avx512_vbmi, rdtscp, rdpid, fsrm, gfni, avx512_bitalg, f16c, pku, cet_ibt, cet_ss, avx512_ifma
Processor Information for processor 0
  Max Mhz: 2419, Current Mhz: 2419, Mhz Limit: 2419
Processor Information for processor 1
  Max Mhz: 2419, Current Mhz: 1007, Mhz Limit: 2419
Processor Information for processor 2
  Max Mhz: 2419, Current Mhz: 1007, Mhz Limit: 2419
Processor Information for processor 3
  Max Mhz: 2419, Current Mhz: 2419, Mhz Limit: 2419
Processor Information for processor 4
  Max Mhz: 2419, Current Mhz: 2419, Mhz Limit: 2419
Processor Information for processor 5
  Max Mhz: 2419, Current Mhz: 2419, Mhz Limit: 2419
Processor Information for processor 6
  Max Mhz: 2419, Current Mhz: 2419, Mhz Limit: 2419
Processor Information for processor 7
  Max Mhz: 2419, Current Mhz: 2419, Mhz Limit: 2419

Memory: 4k page, system-wide physical 7886M (893M free)
TotalPageFile size 11287M (AvailPageFile size 137M)
current process WorkingSet (physical memory assigned to process): 192M, peak: 195M
current process commit charge ("private bytes"): 281M, peak: 285M

vm_info: OpenJDK 64-Bit Server VM (21.0.6+7-LTS) for windows-amd64 JRE (21.0.6+7-LTS), built on 2025-01-21T00:00:00Z by "admin" with MS VC++ 17.7 (VS2022)

END.
