#
# There is insufficient memory for the Java Runtime Environment to continue.
# Native memory allocation (malloc) failed to allocate 1494096 bytes. Error detail: Chunk::new
# Possible reasons:
#   The system is out of physical RAM or swap space
#   This process is running with CompressedOops enabled, and the Java Heap may be blocking the growth of the native heap
# Possible solutions:
#   Reduce memory load on the system
#   Increase physical memory or swap space
#   Check if swap backing store is full
#   Decrease Java heap size (-Xmx/-Xms)
#   Decrease number of Java threads
#   Decrease Java thread stack sizes (-Xss)
#   Set larger code cache with -XX:ReservedCodeCacheSize=
#   JVM is running with Unscaled Compressed Oops mode in which the Java heap is
#     placed in the first 4GB address space. The Java Heap base address is the
#     maximum limit for the native heap growth. Please use -XX:HeapBaseMinAddress
#     to set the Java Heap base and to place the Java Heap above 4GB virtual address.
# This output file may be truncated or incomplete.
#
#  Out of Memory Error (arena.cpp:168), pid=12172, tid=17980
#
# JRE version: OpenJDK Runtime Environment Temurin-21.0.8+9 (21.0.8+9) (build 21.0.8+9-LTS)
# Java VM: OpenJDK 64-Bit Server VM Temurin-21.0.8+9 (21.0.8+9-LTS, mixed mode, sharing, tiered, compressed oops, compressed class ptrs, parallel gc, windows-amd64)
# No core dump will be written. Minidumps are not enabled by default on client versions of Windows
#

---------------  S U M M A R Y ------------

Command Line: --add-modules=ALL-SYSTEM --add-opens=java.base/java.util=ALL-UNNAMED --add-opens=java.base/java.lang=ALL-UNNAMED --add-opens=java.base/sun.nio.fs=ALL-UNNAMED -Declipse.application=org.eclipse.jdt.ls.core.id1 -Dosgi.bundles.defaultStartLevel=4 -Declipse.product=org.eclipse.jdt.ls.core.product -Djava.import.generatesMetadataFilesAtProjectRoot=false -DDetectVMInstallationsJob.disabled=true -Dfile.encoding=utf8 -XX:+UseParallelGC -XX:GCTimeRatio=4 -XX:AdaptiveSizePolicyWeight=90 -Dsun.zip.disableMemoryMapping=true -Xmx2G -Xms100m -Xlog:disable -javaagent:c:\Users\Asus\.vscode\extensions\redhat.java-1.44.0-win32-x64\lombok\lombok-1.18.39-4050.jar c:\Users\Asus\.vscode\extensions\redhat.java-1.44.0-win32-x64\server\plugins\org.eclipse.equinox.launcher_1.7.0.v20250519-0528.jar -configuration c:\Users\Asus\AppData\Roaming\Code\User\globalStorage\redhat.java\1.44.0\config_ss_win -data c:\Users\Asus\AppData\Roaming\Code\User\workspaceStorage\6f0e533d9ff133c7631d155b4f25a028\redhat.java\ss_ws --pipe=\\.\pipe\lsp-8c7867c60f283541f08075d6b083de50-sock

Host: 11th Gen Intel(R) Core(TM) i5-1135G7 @ 2.40GHz, 8 cores, 7G,  Windows 11 , 64 bit Build 26100 (10.0.26100.2454)
Time: Thu Aug  7 10:46:05 2025 India Standard Time elapsed time: 9.254129 seconds (0d 0h 0m 9s)

---------------  T H R E A D  ---------------

Current thread (0x000001f968560f00):  JavaThread "C2 CompilerThread0" daemon [_thread_in_native, id=17980, stack(0x00000036a1700000,0x00000036a1800000) (1024K)]


Current CompileTask:
C2:9254 2721       4       org.lombokweb.asm.ClassReader::readMethod (1070 bytes)

Stack: [0x00000036a1700000,0x00000036a1800000]
Native frames: (J=compiled Java code, j=interpreted, Vv=VM code, C=native code)
V  [jvm.dll+0x6d2449]
V  [jvm.dll+0x8ae341]
V  [jvm.dll+0x8b08be]
V  [jvm.dll+0x8b0fa3]
V  [jvm.dll+0x280c96]
V  [jvm.dll+0xc581d]
V  [jvm.dll+0xc5d53]
V  [jvm.dll+0x3b9162]
V  [jvm.dll+0x385315]
V  [jvm.dll+0x38477a]
V  [jvm.dll+0x248ed0]
V  [jvm.dll+0x2484af]
V  [jvm.dll+0x1c89ee]
V  [jvm.dll+0x257d4d]
V  [jvm.dll+0x2562ea]
V  [jvm.dll+0x3f2d16]
V  [jvm.dll+0x857e6b]
V  [jvm.dll+0x6d0b0d]
C  [ucrtbase.dll+0x14ea0]
C  [KERNEL32.DLL+0x2e8d7]
C  [ntdll.dll+0xdfbcc]


---------------  P R O C E S S  ---------------

Threads class SMR info:
_java_thread_list=0x000001f946b5d9f0, length=22, elements={
0x000001f9685d3140, 0x000001f96868bc60, 0x000001f96868ca70, 0x000001f968546d00,
0x000001f968549e70, 0x000001f96854bd80, 0x000001f96854ee70, 0x000001f968560f00,
0x000001f9418b0090, 0x000001f9419608e0, 0x000001f94195f530, 0x000001f941961600,
0x000001f94195fbc0, 0x000001f941960f70, 0x000001f941960250, 0x000001f941961c90,
0x000001f9468be6c0, 0x000001f94195e810, 0x000001f94195eea0, 0x000001f941bebe70,
0x000001f941becb90, 0x000001f9468bbde0
}

Java Threads: ( => current thread )
  0x000001f9685d3140 JavaThread "main"                              [_thread_blocked, id=18220, stack(0x00000036a0d00000,0x00000036a0e00000) (1024K)]
  0x000001f96868bc60 JavaThread "Reference Handler"          daemon [_thread_blocked, id=22208, stack(0x00000036a1100000,0x00000036a1200000) (1024K)]
  0x000001f96868ca70 JavaThread "Finalizer"                  daemon [_thread_blocked, id=21184, stack(0x00000036a1200000,0x00000036a1300000) (1024K)]
  0x000001f968546d00 JavaThread "Signal Dispatcher"          daemon [_thread_blocked, id=2924, stack(0x00000036a1300000,0x00000036a1400000) (1024K)]
  0x000001f968549e70 JavaThread "Attach Listener"            daemon [_thread_blocked, id=14964, stack(0x00000036a1400000,0x00000036a1500000) (1024K)]
  0x000001f96854bd80 JavaThread "Service Thread"             daemon [_thread_blocked, id=23056, stack(0x00000036a1500000,0x00000036a1600000) (1024K)]
  0x000001f96854ee70 JavaThread "Monitor Deflation Thread"   daemon [_thread_blocked, id=16136, stack(0x00000036a1600000,0x00000036a1700000) (1024K)]
=>0x000001f968560f00 JavaThread "C2 CompilerThread0"         daemon [_thread_in_native, id=17980, stack(0x00000036a1700000,0x00000036a1800000) (1024K)]
  0x000001f9418b0090 JavaThread "C1 CompilerThread0"         daemon [_thread_in_vm, id=9988, stack(0x00000036a1800000,0x00000036a1900000) (1024K)]
  0x000001f9419608e0 JavaThread "Common-Cleaner"             daemon [_thread_blocked, id=10824, stack(0x00000036a1900000,0x00000036a1a00000) (1024K)]
  0x000001f94195f530 JavaThread "Notification Thread"        daemon [_thread_blocked, id=7972, stack(0x00000036a1b00000,0x00000036a1c00000) (1024K)]
  0x000001f941961600 JavaThread "Active Thread: Equinox Container: 94e6737a-a5ca-420f-b927-3ab14f78e20e"        [_thread_blocked, id=24116, stack(0x00000036a2300000,0x00000036a2400000) (1024K)]
  0x000001f94195fbc0 JavaThread "Framework Event Dispatcher: Equinox Container: 94e6737a-a5ca-420f-b927-3ab14f78e20e" daemon [_thread_blocked, id=18684, stack(0x00000036a1a00000,0x00000036a1b00000) (1024K)]
  0x000001f941960f70 JavaThread "Start Level: Equinox Container: 94e6737a-a5ca-420f-b927-3ab14f78e20e" daemon [_thread_in_Java, id=9476, stack(0x00000036a1c00000,0x00000036a1d00000) (1024K)]
  0x000001f941960250 JavaThread "SCR Component Actor"        daemon [_thread_blocked, id=24328, stack(0x00000036a2500000,0x00000036a2600000) (1024K)]
  0x000001f941961c90 JavaThread "SCR Component Registry"     daemon [_thread_blocked, id=22592, stack(0x00000036a2600000,0x00000036a2700000) (1024K)]
  0x000001f9468be6c0 JavaThread "C2 CompilerThread1"         daemon [_thread_in_native, id=16128, stack(0x00000036a2700000,0x00000036a2800000) (1024K)]
  0x000001f94195e810 JavaThread "Worker-JM"                         [_thread_blocked, id=4008, stack(0x00000036a2900000,0x00000036a2a00000) (1024K)]
  0x000001f94195eea0 JavaThread "JNA Cleaner"                daemon [_thread_blocked, id=5236, stack(0x00000036a2800000,0x00000036a2900000) (1024K)]
  0x000001f941bebe70 JavaThread "Worker-0"                          [_thread_blocked, id=12348, stack(0x00000036a2a00000,0x00000036a2b00000) (1024K)]
  0x000001f941becb90 JavaThread "Worker-1"                          [_thread_blocked, id=13612, stack(0x00000036a2b00000,0x00000036a2c00000) (1024K)]
  0x000001f9468bbde0 JavaThread "C2 CompilerThread2"         daemon [_thread_in_native, id=14408, stack(0x00000036a2c00000,0x00000036a2d00000) (1024K)]
Total: 22

Other Threads:
  0x000001f96622e8d0 VMThread "VM Thread"                           [id=11892, stack(0x00000036a1000000,0x00000036a1100000) (1024K)]
  0x000001f96863ef00 WatcherThread "VM Periodic Task Thread"        [id=10168, stack(0x00000036a0f00000,0x00000036a1000000) (1024K)]
  0x000001f9685f0540 WorkerThread "GC Thread#0"                     [id=9220, stack(0x00000036a0e00000,0x00000036a0f00000) (1024K)]
  0x000001f94602b390 WorkerThread "GC Thread#1"                     [id=11916, stack(0x00000036a1d00000,0x00000036a1e00000) (1024K)]
  0x000001f946545bc0 WorkerThread "GC Thread#2"                     [id=5712, stack(0x00000036a1e00000,0x00000036a1f00000) (1024K)]
  0x000001f9467747b0 WorkerThread "GC Thread#3"                     [id=14828, stack(0x00000036a1f00000,0x00000036a2000000) (1024K)]
  0x000001f946774b50 WorkerThread "GC Thread#4"                     [id=13200, stack(0x00000036a2000000,0x00000036a2100000) (1024K)]
  0x000001f94691c680 WorkerThread "GC Thread#5"                     [id=8828, stack(0x00000036a2100000,0x00000036a2200000) (1024K)]
  0x000001f94691ca20 WorkerThread "GC Thread#6"                     [id=17288, stack(0x00000036a2200000,0x00000036a2300000) (1024K)]
  0x000001f941bad490 WorkerThread "GC Thread#7"                     [id=5400, stack(0x00000036a2400000,0x00000036a2500000) (1024K)]
Total: 10

Threads with active compile tasks:
C2 CompilerThread0  9281 2721       4       org.lombokweb.asm.ClassReader::readMethod (1070 bytes)
C1 CompilerThread0  9282 2798       3       lombok.patcher.scripts.ReplaceMethodCallScript$ReplaceMethodCall::visitMethodInsn (250 bytes)
C2 CompilerThread1  9282 2796       4       lombok.patcher.PatchScript$MethodPatcher::visitMethod (158 bytes)
C2 CompilerThread2  9282 2776       4       jdk.internal.module.SystemModuleFinders$SystemModuleReader::find (59 bytes)
Total: 4

VM state: not at safepoint (normal execution)

VM Mutex/Monitor currently owned by a thread: None

Heap address: 0x0000000080000000, size: 2048 MB, Compressed Oops mode: 32-bit

CDS archive(s) mapped at: [0x000001f900000000-0x000001f900ba0000-0x000001f900ba0000), size 12189696, SharedBaseAddress: 0x000001f900000000, ArchiveRelocationMode: 1.
Compressed class space mapped at: 0x000001f901000000-0x000001f941000000, reserved size: 1073741824
Narrow klass base: 0x000001f900000000, Narrow klass shift: 0, Narrow klass range: 0x100000000

GC Precious Log:
 CardTable entry size: 512
 CPUs: 8 total, 8 available
 Memory: 7886M
 Large Page Support: Disabled
 NUMA Support: Disabled
 Compressed Oops: Enabled (32-bit)
 Alignments: Space 512K, Generation 512K, Heap 2M
 Heap Min Capacity: 100M
 Heap Initial Capacity: 100M
 Heap Max Capacity: 2G
 Pre-touch: Disabled
 Parallel Workers: 8

Heap:
 PSYoungGen      total 30208K, used 19275K [0x00000000d5580000, 0x00000000d7800000, 0x0000000100000000)
  eden space 25088K, 76% used [0x00000000d5580000,0x00000000d6852c78,0x00000000d6e00000)
  from space 5120K, 0% used [0x00000000d7300000,0x00000000d7300000,0x00000000d7800000)
  to   space 5120K, 0% used [0x00000000d6e00000,0x00000000d6e00000,0x00000000d7300000)
 ParOldGen       total 68608K, used 8979K [0x0000000080000000, 0x0000000084300000, 0x00000000d5580000)
  object space 68608K, 13% used [0x0000000080000000,0x00000000808c4f08,0x0000000084300000)
 Metaspace       used 21941K, committed 22592K, reserved 1114112K
  class space    used 2126K, committed 2432K, reserved 1048576K

Card table byte_map: [0x000001f967f70000,0x000001f968380000] _byte_map_base: 0x000001f967b70000

Marking Bits: (ParMarkBitMap*) 0x00007ffdf3a4a340
 Begin Bits: [0x000001f97aa70000, 0x000001f97ca70000)
 End Bits:   [0x000001f97ca70000, 0x000001f97ea70000)

Polling page: 0x000001f966430000

Metaspace:

Usage:
  Non-class:     19.35 MB used.
      Class:      2.08 MB used.
       Both:     21.43 MB used.

Virtual space:
  Non-class space:       64.00 MB reserved,      19.69 MB ( 31%) committed,  1 nodes.
      Class space:        1.00 GB reserved,       2.38 MB ( <1%) committed,  1 nodes.
             Both:        1.06 GB reserved,      22.06 MB (  2%) committed. 

Chunk freelists:
   Non-Class:  11.84 MB
       Class:  13.45 MB
        Both:  25.29 MB

MaxMetaspaceSize: unlimited
CompressedClassSpaceSize: 1.00 GB
Initial GC threshold: 21.00 MB
Current GC threshold: 35.00 MB
CDS: on
 - commit_granule_bytes: 65536.
 - commit_granule_words: 8192.
 - virtual_space_node_default_size: 8388608.
 - enlarge_chunks_in_place: 1.
 - use_allocation_guard: 0.


Internal statistics:

num_allocs_failed_limit: 3.
num_arena_births: 502.
num_arena_deaths: 14.
num_vsnodes_births: 2.
num_vsnodes_deaths: 0.
num_space_committed: 353.
num_space_uncommitted: 0.
num_chunks_returned_to_freelist: 17.
num_chunks_taken_from_freelist: 1341.
num_chunk_merges: 9.
num_chunk_splits: 863.
num_chunks_enlarged: 566.
num_inconsistent_stats: 0.

CodeHeap 'non-profiled nmethods': size=120000Kb used=1294Kb max_used=1294Kb free=118705Kb
 bounds [0x000001f973290000, 0x000001f973500000, 0x000001f97a7c0000]
CodeHeap 'profiled nmethods': size=120000Kb used=5452Kb max_used=5452Kb free=114547Kb
 bounds [0x000001f96b7c0000, 0x000001f96bd20000, 0x000001f972cf0000]
CodeHeap 'non-nmethods': size=5760Kb used=1327Kb max_used=1357Kb free=4432Kb
 bounds [0x000001f972cf0000, 0x000001f972f60000, 0x000001f973290000]
CodeCache: size=245760Kb, used=8073Kb, max_used=8103Kb, free=237684Kb
 total_blobs=3393, nmethods=2792, adapters=507, full_count=0
Compilation: enabled, stopped_count=0, restarted_count=0

Compilation events (20 events):
Event: 8.226 Thread 0x000001f9418b0090 2760   !   3       org.eclipse.core.internal.preferences.EclipsePreferences::getOrCreate (108 bytes)
Event: 8.226 Thread 0x000001f9418b0090 nmethod 2760 0x000001f96bd05b10 code [0x000001f96bd05d60, 0x000001f96bd06820]
Event: 8.226 Thread 0x000001f9418b0090 2761       3       org.eclipse.core.internal.preferences.DefaultPreferences::getScopeRelativePath (43 bytes)
Event: 8.227 Thread 0x000001f9418b0090 nmethod 2761 0x000001f96bd06c10 code [0x000001f96bd06e20, 0x000001f96bd073d8]
Event: 8.241 Thread 0x000001f9468bbde0 2762       4       java.lang.StringConcatHelper::prepend (37 bytes)
Event: 8.243 Thread 0x000001f9468bbde0 nmethod 2762 0x000001f9733ce490 code [0x000001f9733ce620, 0x000001f9733ce800]
Event: 8.243 Thread 0x000001f9418b0090 2763       3       java.net.URL::openConnection (9 bytes)
Event: 8.243 Thread 0x000001f9418b0090 nmethod 2763 0x000001f96bd07610 code [0x000001f96bd077c0, 0x000001f96bd079a0]
Event: 8.244 Thread 0x000001f9418b0090 2764       3       java.net.URLConnection::<init> (62 bytes)
Event: 8.244 Thread 0x000001f9418b0090 nmethod 2764 0x000001f96bd07a90 code [0x000001f96bd07c80, 0x000001f96bd08128]
Event: 8.244 Thread 0x000001f9418b0090 2765       3       java.net.URLConnection::getDefaultUseCaches (27 bytes)
Event: 8.244 Thread 0x000001f9418b0090 nmethod 2765 0x000001f96bd08310 code [0x000001f96bd084e0, 0x000001f96bd087d0]
Event: 8.250 Thread 0x000001f9418b0090 2766       3       java.io.File::isFile (34 bytes)
Event: 8.250 Thread 0x000001f9418b0090 nmethod 2766 0x000001f96bd08910 code [0x000001f96bd08b00, 0x000001f96bd08f08]
Event: 8.250 Thread 0x000001f9468bbde0 2767       4       java.util.ArrayList$SubList$1::next (85 bytes)
Event: 8.250 Thread 0x000001f9418b0090 2768       1       org.eclipse.osgi.internal.loader.EquinoxClassLoader::getDebug (5 bytes)
Event: 8.250 Thread 0x000001f9418b0090 nmethod 2768 0x000001f9733ce990 code [0x000001f9733ceb20, 0x000001f9733cebe8]
Event: 8.252 Thread 0x000001f9468bbde0 nmethod 2767 0x000001f9733cec90 code [0x000001f9733cee20, 0x000001f9733cefa0]
Event: 8.329 Thread 0x000001f9418b0090 2769       3       java.util.concurrent.TimeUnit::toNanos (45 bytes)
Event: 8.329 Thread 0x000001f9418b0090 nmethod 2769 0x000001f96bd09090 code [0x000001f96bd09240, 0x000001f96bd09490]

GC Heap History (14 events):
Event: 0.686 GC heap before
{Heap before GC invocations=1 (full 0):
 PSYoungGen      total 29696K, used 25600K [0x00000000d5580000, 0x00000000d7680000, 0x0000000100000000)
  eden space 25600K, 100% used [0x00000000d5580000,0x00000000d6e80000,0x00000000d6e80000)
  from space 4096K, 0% used [0x00000000d7280000,0x00000000d7280000,0x00000000d7680000)
  to   space 4096K, 0% used [0x00000000d6e80000,0x00000000d6e80000,0x00000000d7280000)
 ParOldGen       total 68608K, used 0K [0x0000000080000000, 0x0000000084300000, 0x00000000d5580000)
  object space 68608K, 0% used [0x0000000080000000,0x0000000080000000,0x0000000084300000)
 Metaspace       used 4304K, committed 4544K, reserved 1114112K
  class space    used 471K, committed 576K, reserved 1048576K
}
Event: 0.691 GC heap after
{Heap after GC invocations=1 (full 0):
 PSYoungGen      total 29696K, used 3343K [0x00000000d5580000, 0x00000000d7680000, 0x0000000100000000)
  eden space 25600K, 0% used [0x00000000d5580000,0x00000000d5580000,0x00000000d6e80000)
  from space 4096K, 81% used [0x00000000d6e80000,0x00000000d71c3e68,0x00000000d7280000)
  to   space 4096K, 0% used [0x00000000d7280000,0x00000000d7280000,0x00000000d7680000)
 ParOldGen       total 68608K, used 16K [0x0000000080000000, 0x0000000084300000, 0x00000000d5580000)
  object space 68608K, 0% used [0x0000000080000000,0x0000000080004000,0x0000000084300000)
 Metaspace       used 4304K, committed 4544K, reserved 1114112K
  class space    used 471K, committed 576K, reserved 1048576K
}
Event: 6.881 GC heap before
{Heap before GC invocations=2 (full 0):
 PSYoungGen      total 29696K, used 28943K [0x00000000d5580000, 0x00000000d7680000, 0x0000000100000000)
  eden space 25600K, 100% used [0x00000000d5580000,0x00000000d6e80000,0x00000000d6e80000)
  from space 4096K, 81% used [0x00000000d6e80000,0x00000000d71c3e68,0x00000000d7280000)
  to   space 4096K, 0% used [0x00000000d7280000,0x00000000d7280000,0x00000000d7680000)
 ParOldGen       total 68608K, used 16K [0x0000000080000000, 0x0000000084300000, 0x00000000d5580000)
  object space 68608K, 0% used [0x0000000080000000,0x0000000080004000,0x0000000084300000)
 Metaspace       used 8119K, committed 8384K, reserved 1114112K
  class space    used 864K, committed 960K, reserved 1048576K
}
Event: 6.885 GC heap after
{Heap after GC invocations=2 (full 0):
 PSYoungGen      total 29696K, used 4069K [0x00000000d5580000, 0x00000000d7680000, 0x0000000100000000)
  eden space 25600K, 0% used [0x00000000d5580000,0x00000000d5580000,0x00000000d6e80000)
  from space 4096K, 99% used [0x00000000d7280000,0x00000000d7679520,0x00000000d7680000)
  to   space 4096K, 0% used [0x00000000d6e80000,0x00000000d6e80000,0x00000000d7280000)
 ParOldGen       total 68608K, used 949K [0x0000000080000000, 0x0000000084300000, 0x00000000d5580000)
  object space 68608K, 1% used [0x0000000080000000,0x00000000800ed6b8,0x0000000084300000)
 Metaspace       used 8119K, committed 8384K, reserved 1114112K
  class space    used 864K, committed 960K, reserved 1048576K
}
Event: 7.386 GC heap before
{Heap before GC invocations=3 (full 0):
 PSYoungGen      total 29696K, used 29669K [0x00000000d5580000, 0x00000000d7680000, 0x0000000100000000)
  eden space 25600K, 100% used [0x00000000d5580000,0x00000000d6e80000,0x00000000d6e80000)
  from space 4096K, 99% used [0x00000000d7280000,0x00000000d7679520,0x00000000d7680000)
  to   space 4096K, 0% used [0x00000000d6e80000,0x00000000d6e80000,0x00000000d7280000)
 ParOldGen       total 68608K, used 949K [0x0000000080000000, 0x0000000084300000, 0x00000000d5580000)
  object space 68608K, 1% used [0x0000000080000000,0x00000000800ed6b8,0x0000000084300000)
 Metaspace       used 12903K, committed 13376K, reserved 1114112K
  class space    used 1368K, committed 1600K, reserved 1048576K
}
Event: 7.389 GC heap after
{Heap after GC invocations=3 (full 0):
 PSYoungGen      total 29696K, used 4090K [0x00000000d5580000, 0x00000000d7680000, 0x0000000100000000)
  eden space 25600K, 0% used [0x00000000d5580000,0x00000000d5580000,0x00000000d6e80000)
  from space 4096K, 99% used [0x00000000d6e80000,0x00000000d727e958,0x00000000d7280000)
  to   space 4096K, 0% used [0x00000000d7280000,0x00000000d7280000,0x00000000d7680000)
 ParOldGen       total 68608K, used 2717K [0x0000000080000000, 0x0000000084300000, 0x00000000d5580000)
  object space 68608K, 3% used [0x0000000080000000,0x00000000802a7738,0x0000000084300000)
 Metaspace       used 12903K, committed 13376K, reserved 1114112K
  class space    used 1368K, committed 1600K, reserved 1048576K
}
Event: 7.927 GC heap before
{Heap before GC invocations=4 (full 0):
 PSYoungGen      total 29696K, used 29690K [0x00000000d5580000, 0x00000000d7680000, 0x0000000100000000)
  eden space 25600K, 100% used [0x00000000d5580000,0x00000000d6e80000,0x00000000d6e80000)
  from space 4096K, 99% used [0x00000000d6e80000,0x00000000d727e958,0x00000000d7280000)
  to   space 4096K, 0% used [0x00000000d7280000,0x00000000d7280000,0x00000000d7680000)
 ParOldGen       total 68608K, used 2717K [0x0000000080000000, 0x0000000084300000, 0x00000000d5580000)
  object space 68608K, 3% used [0x0000000080000000,0x00000000802a7738,0x0000000084300000)
 Metaspace       used 16986K, committed 17664K, reserved 1114112K
  class space    used 1783K, committed 2112K, reserved 1048576K
}
Event: 7.930 GC heap after
{Heap after GC invocations=4 (full 0):
 PSYoungGen      total 29696K, used 4067K [0x00000000d5580000, 0x00000000d7680000, 0x0000000100000000)
  eden space 25600K, 0% used [0x00000000d5580000,0x00000000d5580000,0x00000000d6e80000)
  from space 4096K, 99% used [0x00000000d7280000,0x00000000d7678f20,0x00000000d7680000)
  to   space 4096K, 0% used [0x00000000d6e80000,0x00000000d6e80000,0x00000000d7280000)
 ParOldGen       total 68608K, used 4657K [0x0000000080000000, 0x0000000084300000, 0x00000000d5580000)
  object space 68608K, 6% used [0x0000000080000000,0x000000008048c518,0x0000000084300000)
 Metaspace       used 16986K, committed 17664K, reserved 1114112K
  class space    used 1783K, committed 2112K, reserved 1048576K
}
Event: 8.117 GC heap before
{Heap before GC invocations=5 (full 0):
 PSYoungGen      total 29696K, used 29667K [0x00000000d5580000, 0x00000000d7680000, 0x0000000100000000)
  eden space 25600K, 100% used [0x00000000d5580000,0x00000000d6e80000,0x00000000d6e80000)
  from space 4096K, 99% used [0x00000000d7280000,0x00000000d7678f20,0x00000000d7680000)
  to   space 4096K, 0% used [0x00000000d6e80000,0x00000000d6e80000,0x00000000d7280000)
 ParOldGen       total 68608K, used 4657K [0x0000000080000000, 0x0000000084300000, 0x00000000d5580000)
  object space 68608K, 6% used [0x0000000080000000,0x000000008048c518,0x0000000084300000)
 Metaspace       used 20202K, committed 20864K, reserved 1114112K
  class space    used 2003K, committed 2304K, reserved 1048576K
}
Event: 8.118 GC heap after
{Heap after GC invocations=5 (full 0):
 PSYoungGen      total 29184K, used 4073K [0x00000000d5580000, 0x00000000d7800000, 0x0000000100000000)
  eden space 25088K, 0% used [0x00000000d5580000,0x00000000d5580000,0x00000000d6e00000)
  from space 4096K, 99% used [0x00000000d6e80000,0x00000000d727a7e8,0x00000000d7280000)
  to   space 5120K, 0% used [0x00000000d7300000,0x00000000d7300000,0x00000000d7800000)
 ParOldGen       total 68608K, used 5022K [0x0000000080000000, 0x0000000084300000, 0x00000000d5580000)
  object space 68608K, 7% used [0x0000000080000000,0x00000000804e7a40,0x0000000084300000)
 Metaspace       used 20202K, committed 20864K, reserved 1114112K
  class space    used 2003K, committed 2304K, reserved 1048576K
}
Event: 8.145 GC heap before
{Heap before GC invocations=6 (full 0):
 PSYoungGen      total 29184K, used 10111K [0x00000000d5580000, 0x00000000d7800000, 0x0000000100000000)
  eden space 25088K, 24% used [0x00000000d5580000,0x00000000d5b65780,0x00000000d6e00000)
  from space 4096K, 99% used [0x00000000d6e80000,0x00000000d727a7e8,0x00000000d7280000)
  to   space 5120K, 0% used [0x00000000d7300000,0x00000000d7300000,0x00000000d7800000)
 ParOldGen       total 68608K, used 5022K [0x0000000080000000, 0x0000000084300000, 0x00000000d5580000)
  object space 68608K, 7% used [0x0000000080000000,0x00000000804e7a40,0x0000000084300000)
 Metaspace       used 20852K, committed 21504K, reserved 1114112K
  class space    used 2040K, committed 2368K, reserved 1048576K
}
Event: 8.148 GC heap after
{Heap after GC invocations=6 (full 0):
 PSYoungGen      total 30208K, used 4611K [0x00000000d5580000, 0x00000000d7800000, 0x0000000100000000)
  eden space 25088K, 0% used [0x00000000d5580000,0x00000000d5580000,0x00000000d6e00000)
  from space 5120K, 90% used [0x00000000d7300000,0x00000000d7780c30,0x00000000d7800000)
  to   space 5120K, 0% used [0x00000000d6e00000,0x00000000d6e00000,0x00000000d7300000)
 ParOldGen       total 68608K, used 5030K [0x0000000080000000, 0x0000000084300000, 0x00000000d5580000)
  object space 68608K, 7% used [0x0000000080000000,0x00000000804e9a40,0x0000000084300000)
 Metaspace       used 20852K, committed 21504K, reserved 1114112K
  class space    used 2040K, committed 2368K, reserved 1048576K
}
Event: 8.148 GC heap before
{Heap before GC invocations=7 (full 1):
 PSYoungGen      total 30208K, used 4611K [0x00000000d5580000, 0x00000000d7800000, 0x0000000100000000)
  eden space 25088K, 0% used [0x00000000d5580000,0x00000000d5580000,0x00000000d6e00000)
  from space 5120K, 90% used [0x00000000d7300000,0x00000000d7780c30,0x00000000d7800000)
  to   space 5120K, 0% used [0x00000000d6e00000,0x00000000d6e00000,0x00000000d7300000)
 ParOldGen       total 68608K, used 5030K [0x0000000080000000, 0x0000000084300000, 0x00000000d5580000)
  object space 68608K, 7% used [0x0000000080000000,0x00000000804e9a40,0x0000000084300000)
 Metaspace       used 20852K, committed 21504K, reserved 1114112K
  class space    used 2040K, committed 2368K, reserved 1048576K
}
Event: 8.165 GC heap after
{Heap after GC invocations=7 (full 1):
 PSYoungGen      total 30208K, used 0K [0x00000000d5580000, 0x00000000d7800000, 0x0000000100000000)
  eden space 25088K, 0% used [0x00000000d5580000,0x00000000d5580000,0x00000000d6e00000)
  from space 5120K, 0% used [0x00000000d7300000,0x00000000d7300000,0x00000000d7800000)
  to   space 5120K, 0% used [0x00000000d6e00000,0x00000000d6e00000,0x00000000d7300000)
 ParOldGen       total 68608K, used 8979K [0x0000000080000000, 0x0000000084300000, 0x00000000d5580000)
  object space 68608K, 13% used [0x0000000080000000,0x00000000808c4f08,0x0000000084300000)
 Metaspace       used 20840K, committed 21504K, reserved 1114112K
  class space    used 2037K, committed 2368K, reserved 1048576K
}

Dll operation events (10 events):
Event: 0.054 Loaded shared library c:\Users\Asus\.vscode\extensions\redhat.java-1.44.0-win32-x64\jre\21.0.8-win32-x86_64\bin\java.dll
Event: 0.139 Loaded shared library c:\Users\Asus\.vscode\extensions\redhat.java-1.44.0-win32-x64\jre\21.0.8-win32-x86_64\bin\zip.dll
Event: 0.156 Loaded shared library C:\Users\Asus\.vscode\extensions\redhat.java-1.44.0-win32-x64\jre\21.0.8-win32-x86_64\bin\instrument.dll
Event: 0.160 Loaded shared library C:\Users\Asus\.vscode\extensions\redhat.java-1.44.0-win32-x64\jre\21.0.8-win32-x86_64\bin\net.dll
Event: 0.162 Loaded shared library C:\Users\Asus\.vscode\extensions\redhat.java-1.44.0-win32-x64\jre\21.0.8-win32-x86_64\bin\nio.dll
Event: 0.166 Loaded shared library C:\Users\Asus\.vscode\extensions\redhat.java-1.44.0-win32-x64\jre\21.0.8-win32-x86_64\bin\zip.dll
Event: 0.184 Loaded shared library C:\Users\Asus\.vscode\extensions\redhat.java-1.44.0-win32-x64\jre\21.0.8-win32-x86_64\bin\jimage.dll
Event: 0.239 Loaded shared library c:\Users\Asus\.vscode\extensions\redhat.java-1.44.0-win32-x64\jre\21.0.8-win32-x86_64\bin\verify.dll
Event: 6.994 Loaded shared library C:\Users\Asus\AppData\Roaming\Code\User\globalStorage\redhat.java\1.44.0\config_ss_win\org.eclipse.equinox.launcher\org.eclipse.equinox.launcher.win32.win32.x86_64_1.2.1400.v20250730-1736\eclipse_11913.dll
Event: 7.779 Loaded shared library C:\Users\Asus\AppData\Local\Temp\jna-2050672\jna10408001384895417219.dll

Deoptimization events (20 events):
Event: 7.900 Thread 0x000001f941960f70 Uncommon trap: trap_request=0xffffffde fr.pc=0x000001f973383994 relative=0x00000000000003b4
Event: 7.900 Thread 0x000001f941960f70 Uncommon trap: reason=class_check action=maybe_recompile pc=0x000001f973383994 method=java.util.regex.Pattern$BmpCharPropertyGreedy.match(Ljava/util/regex/Matcher;ILjava/lang/CharSequence;)Z @ 70 c2
Event: 7.900 Thread 0x000001f941960f70 DEOPT PACKING pc=0x000001f973383994 sp=0x00000036a1cf3320
Event: 7.900 Thread 0x000001f941960f70 DEOPT UNPACKING pc=0x000001f972d46da2 sp=0x00000036a1cf32c8 mode 2
Event: 7.900 Thread 0x000001f941960f70 Uncommon trap: trap_request=0xffffffde fr.pc=0x000001f973383994 relative=0x00000000000003b4
Event: 7.900 Thread 0x000001f941960f70 Uncommon trap: reason=class_check action=maybe_recompile pc=0x000001f973383994 method=java.util.regex.Pattern$BmpCharPropertyGreedy.match(Ljava/util/regex/Matcher;ILjava/lang/CharSequence;)Z @ 70 c2
Event: 7.900 Thread 0x000001f941960f70 DEOPT PACKING pc=0x000001f973383994 sp=0x00000036a1cf3170
Event: 7.900 Thread 0x000001f941960f70 DEOPT UNPACKING pc=0x000001f972d46da2 sp=0x00000036a1cf3118 mode 2
Event: 7.943 Thread 0x000001f941960f70 Uncommon trap: trap_request=0xffffff45 fr.pc=0x000001f9733a9a48 relative=0x00000000000007c8
Event: 7.943 Thread 0x000001f941960f70 Uncommon trap: reason=unstable_if action=reinterpret pc=0x000001f9733a9a48 method=org.lombokweb.asm.ClassReader.readUTF8(I[C)Ljava/lang/String; @ 11 c2
Event: 7.943 Thread 0x000001f941960f70 DEOPT PACKING pc=0x000001f9733a9a48 sp=0x00000036a1cef640
Event: 7.943 Thread 0x000001f941960f70 DEOPT UNPACKING pc=0x000001f972d46da2 sp=0x00000036a1cef628 mode 2
Event: 8.119 Thread 0x000001f941960f70 Uncommon trap: trap_request=0xffffff45 fr.pc=0x000001f9733c1e24 relative=0x0000000000000184
Event: 8.119 Thread 0x000001f941960f70 Uncommon trap: reason=unstable_if action=reinterpret pc=0x000001f9733c1e24 method=org.lombokweb.asm.ByteVector.putByteArray([BII)Lorg/lombokweb/asm/ByteVector; @ 20 c2
Event: 8.119 Thread 0x000001f941960f70 DEOPT PACKING pc=0x000001f9733c1e24 sp=0x00000036a1cf2850
Event: 8.119 Thread 0x000001f941960f70 DEOPT UNPACKING pc=0x000001f972d46da2 sp=0x00000036a1cf2820 mode 2
Event: 8.119 Thread 0x000001f941960f70 Uncommon trap: trap_request=0xffffff45 fr.pc=0x000001f9733b3ca4 relative=0x0000000000000364
Event: 8.119 Thread 0x000001f941960f70 Uncommon trap: reason=unstable_if action=reinterpret pc=0x000001f9733b3ca4 method=org.lombokweb.asm.Label.resolve([BLorg/lombokweb/asm/ByteVector;I)Z @ 81 c2
Event: 8.119 Thread 0x000001f941960f70 DEOPT PACKING pc=0x000001f9733b3ca4 sp=0x00000036a1cf28e0
Event: 8.119 Thread 0x000001f941960f70 DEOPT UNPACKING pc=0x000001f972d46da2 sp=0x00000036a1cf27e8 mode 2

Classes loaded (20 events):
Event: 7.914 Loading class java/io/StringReader
Event: 7.914 Loading class java/io/StringReader done
Event: 7.916 Loading class java/net/SocketTimeoutException
Event: 7.916 Loading class java/io/InterruptedIOException
Event: 7.916 Loading class java/io/InterruptedIOException done
Event: 7.916 Loading class java/net/SocketTimeoutException done
Event: 7.916 Loading class java/net/SocketException
Event: 7.916 Loading class java/net/SocketException done
Event: 7.916 Loading class java/net/UnknownHostException
Event: 7.916 Loading class java/net/UnknownHostException done
Event: 7.916 Loading class java/net/ProtocolException
Event: 7.916 Loading class java/net/ProtocolException done
Event: 7.932 Loading class java/lang/ThreadLocal$SuppliedThreadLocal
Event: 7.932 Loading class java/lang/ThreadLocal$SuppliedThreadLocal done
Event: 7.938 Loading class java/io/FileWriter
Event: 7.938 Loading class java/io/FileWriter done
Event: 7.975 Loading class java/lang/NegativeArraySizeException
Event: 7.975 Loading class java/lang/NegativeArraySizeException done
Event: 8.239 Loading class org/w3c/dom/DOMException
Event: 8.239 Loading class org/w3c/dom/DOMException done

Classes unloaded (7 events):
Event: 8.151 Thread 0x000001f96622e8d0 Unloading class 0x000001f90118cc00 'java/lang/invoke/LambdaForm$MH+0x000001f90118cc00'
Event: 8.151 Thread 0x000001f96622e8d0 Unloading class 0x000001f90118c800 'java/lang/invoke/LambdaForm$MH+0x000001f90118c800'
Event: 8.151 Thread 0x000001f96622e8d0 Unloading class 0x000001f90118c400 'java/lang/invoke/LambdaForm$MH+0x000001f90118c400'
Event: 8.151 Thread 0x000001f96622e8d0 Unloading class 0x000001f90118c000 'java/lang/invoke/LambdaForm$MH+0x000001f90118c000'
Event: 8.151 Thread 0x000001f96622e8d0 Unloading class 0x000001f90118bc00 'java/lang/invoke/LambdaForm$BMH+0x000001f90118bc00'
Event: 8.151 Thread 0x000001f96622e8d0 Unloading class 0x000001f90118b800 'java/lang/invoke/LambdaForm$DMH+0x000001f90118b800'
Event: 8.151 Thread 0x000001f96622e8d0 Unloading class 0x000001f90118a400 'java/lang/invoke/LambdaForm$DMH+0x000001f90118a400'

Classes redefined (0 events):
No events

Internal exceptions (20 events):
Event: 7.793 Thread 0x000001f941960f70 Exception <a 'java/lang/NoSuchMethodError'{0x00000000d6452e28}: 'void java.lang.invoke.DelegatingMethodHandle$Holder.reinvoke_L(java.lang.Object, java.lang.Object, int)'> (0x00000000d6452e28) 
thrown [s\src\hotspot\share\interpreter\linkResolver.cpp, line 773]
Event: 7.793 Thread 0x000001f941960f70 Exception <a 'java/lang/NoSuchMethodError'{0x00000000d6459b10}: 'int java.lang.invoke.Invokers$Holder.invokeExact_MT(java.lang.Object, java.lang.Object, java.lang.Object)'> (0x00000000d6459b10) 
thrown [s\src\hotspot\share\interpreter\linkResolver.cpp, line 773]
Event: 7.806 Thread 0x000001f941960f70 Exception <a 'java/lang/NoSuchMethodError'{0x00000000d656b878}: 'void java.lang.invoke.Invokers$Holder.invokeExact_MT(java.lang.Object, java.lang.Object, int, java.lang.Object)'> (0x00000000d656b878) 
thrown [s\src\hotspot\share\interpreter\linkResolver.cpp, line 773]
Event: 7.833 Thread 0x000001f941960f70 Exception <a 'java/lang/NoSuchMethodError'{0x00000000d6666a80}: 'java.lang.Object java.lang.invoke.DirectMethodHandle$Holder.invokeSpecial(java.lang.Object, java.lang.Object, java.lang.Object, long, java.lang.Object)'> (0x00000000d6666a80) 
thrown [s\src\hotspot\share\interpreter\linkResolver.cpp, line 773]
Event: 7.834 Thread 0x000001f941960f70 Exception <a 'java/lang/NoSuchMethodError'{0x00000000d666e2c8}: 'java.lang.Object java.lang.invoke.DirectMethodHandle$Holder.newInvokeSpecial(java.lang.Object, java.lang.Object, java.lang.Object, long)'> (0x00000000d666e2c8) 
thrown [s\src\hotspot\share\interpreter\linkResolver.cpp, line 773]
Event: 7.834 Thread 0x000001f941960f70 Exception <a 'java/lang/NoSuchMethodError'{0x00000000d66726b8}: 'java.lang.Object java.lang.invoke.DirectMethodHandle$Holder.invokeSpecial(java.lang.Object, java.lang.Object, java.lang.Object, java.lang.Object, long)'> (0x00000000d66726b8) 
thrown [s\src\hotspot\share\interpreter\linkResolver.cpp, line 773]
Event: 7.834 Thread 0x000001f941960f70 Exception <a 'java/lang/NoSuchMethodError'{0x00000000d66762d8}: 'java.lang.Object java.lang.invoke.Invokers$Holder.linkToTargetMethod(java.lang.Object, java.lang.Object, long, java.lang.Object)'> (0x00000000d66762d8) 
thrown [s\src\hotspot\share\interpreter\linkResolver.cpp, line 773]
Event: 7.839 Thread 0x000001f941960f70 Exception <a 'java/lang/NoSuchMethodError'{0x00000000d66e8140}: 'int java.lang.invoke.DirectMethodHandle$Holder.invokeStaticInit(java.lang.Object, java.lang.Object, java.lang.Object)'> (0x00000000d66e8140) 
thrown [s\src\hotspot\share\interpreter\linkResolver.cpp, line 773]
Event: 7.844 Thread 0x000001f941960f70 Exception <a 'java/lang/IncompatibleClassChangeError'{0x00000000d676a248}: Found class java.lang.Object, but interface was expected> (0x00000000d676a248) 
thrown [s\src\hotspot\share\interpreter\linkResolver.cpp, line 840]
Event: 7.852 Thread 0x000001f941960f70 Exception <a 'java/lang/NoSuchMethodError'{0x00000000d67896c8}: 'java.lang.Object java.lang.invoke.DirectMethodHandle$Holder.invokeSpecial(java.lang.Object, java.lang.Object, java.lang.Object, int, java.lang.Object, java.lang.Object)'> (0x00000000d67896c8) 
thrown [s\src\hotspot\share\interpreter\linkResolver.cpp, line 773]
Event: 7.853 Thread 0x000001f941960f70 Exception <a 'java/lang/NoSuchMethodError'{0x00000000d67911a0}: 'java.lang.Object java.lang.invoke.DirectMethodHandle$Holder.newInvokeSpecial(java.lang.Object, java.lang.Object, java.lang.Object, int, java.lang.Object)'> (0x00000000d67911a0) 
thrown [s\src\hotspot\share\interpreter\linkResolver.cpp, line 773]
Event: 7.853 Thread 0x000001f941960f70 Exception <a 'java/lang/NoSuchMethodError'{0x00000000d6795160}: 'java.lang.Object java.lang.invoke.DirectMethodHandle$Holder.invokeSpecial(java.lang.Object, java.lang.Object, java.lang.Object, java.lang.Object, int, java.lang.Object)'> (0x00000000d6795160) 
thrown [s\src\hotspot\share\interpreter\linkResolver.cpp, line 773]
Event: 7.853 Thread 0x000001f941960f70 Exception <a 'java/lang/NoSuchMethodError'{0x00000000d6798ca0}: 'java.lang.Object java.lang.invoke.Invokers$Holder.linkToTargetMethod(java.lang.Object, java.lang.Object, int, java.lang.Object, java.lang.Object)'> (0x00000000d6798ca0) 
thrown [s\src\hotspot\share\interpreter\linkResolver.cpp, line 773]
Event: 7.853 Thread 0x000001f941bebe70 Exception <a 'java/lang/NoSuchMethodError'{0x00000000d66beec8}: 'java.lang.Object java.lang.invoke.DirectMethodHandle$Holder.invokeSpecial(java.lang.Object, java.lang.Object, int, java.lang.Object, java.lang.Object)'> (0x00000000d66beec8) 
thrown [s\src\hotspot\share\interpreter\linkResolver.cpp, line 773]
Event: 7.853 Thread 0x000001f941bebe70 Exception <a 'java/lang/NoSuchMethodError'{0x00000000d66c5c00}: 'java.lang.Object java.lang.invoke.DirectMethodHandle$Holder.newInvokeSpecial(java.lang.Object, java.lang.Object, int, java.lang.Object)'> (0x00000000d66c5c00) 
thrown [s\src\hotspot\share\interpreter\linkResolver.cpp, line 773]
Event: 7.854 Thread 0x000001f941bebe70 Exception <a 'java/lang/NoSuchMethodError'{0x00000000d66c9520}: 'java.lang.Object java.lang.invoke.DirectMethodHandle$Holder.invokeSpecial(java.lang.Object, java.lang.Object, java.lang.Object, int, java.lang.Object)'> (0x00000000d66c9520) 
thrown [s\src\hotspot\share\interpreter\linkResolver.cpp, line 773]
Event: 7.864 Thread 0x000001f941960f70 Exception <a 'java/lang/NoSuchMethodError'{0x00000000d68b92f0}: 'void java.lang.invoke.DirectMethodHandle$Holder.invokeSpecial(java.lang.Object, java.lang.Object, java.lang.Object, java.lang.Object, java.lang.Object)'> (0x00000000d68b92f0) 
thrown [s\src\hotspot\share\interpreter\linkResolver.cpp, line 773]
Event: 7.890 Thread 0x000001f941960f70 Exception <a 'java/lang/NoSuchMethodError'{0x00000000d6ac0440}: 'double java.lang.invoke.DirectMethodHandle$Holder.invokeStatic(java.lang.Object, java.lang.Object)'> (0x00000000d6ac0440) 
thrown [s\src\hotspot\share\interpreter\linkResolver.cpp, line 773]
Event: 7.890 Thread 0x000001f941960f70 Exception <a 'java/lang/NoSuchMethodError'{0x00000000d6ac3b00}: 'double java.lang.invoke.DirectMethodHandle$Holder.invokeStaticInit(java.lang.Object, java.lang.Object)'> (0x00000000d6ac3b00) 
thrown [s\src\hotspot\share\interpreter\linkResolver.cpp, line 773]
Event: 8.119 Thread 0x000001f941960f70 Implicit null exception at 0x000001f9733c1cf5 to 0x000001f9733c1e08

ZGC Phase Switch (0 events):
No events

VM Operations (20 events):
Event: 7.386 Executing VM operation: ParallelGCFailedAllocation (Allocation Failure)
Event: 7.389 Executing VM operation: ParallelGCFailedAllocation (Allocation Failure) done
Event: 7.436 Executing VM operation: HandshakeAllThreads (Deoptimize)
Event: 7.436 Executing VM operation: HandshakeAllThreads (Deoptimize) done
Event: 7.439 Executing VM operation: HandshakeAllThreads (Deoptimize)
Event: 7.439 Executing VM operation: HandshakeAllThreads (Deoptimize) done
Event: 7.448 Executing VM operation: HandshakeAllThreads (Deoptimize)
Event: 7.448 Executing VM operation: HandshakeAllThreads (Deoptimize) done
Event: 7.663 Executing VM operation: HandshakeAllThreads (Deoptimize)
Event: 7.663 Executing VM operation: HandshakeAllThreads (Deoptimize) done
Event: 7.786 Executing VM operation: HandshakeAllThreads (Deoptimize)
Event: 7.786 Executing VM operation: HandshakeAllThreads (Deoptimize) done
Event: 7.927 Executing VM operation: ParallelGCFailedAllocation (Allocation Failure)
Event: 7.930 Executing VM operation: ParallelGCFailedAllocation (Allocation Failure) done
Event: 8.117 Executing VM operation: ParallelGCFailedAllocation (Allocation Failure)
Event: 8.118 Executing VM operation: ParallelGCFailedAllocation (Allocation Failure) done
Event: 8.145 Executing VM operation: CollectForMetadataAllocation (Metadata GC Threshold)
Event: 8.165 Executing VM operation: CollectForMetadataAllocation (Metadata GC Threshold) done
Event: 9.165 Executing VM operation: Cleanup
Event: 9.165 Executing VM operation: Cleanup done

Memory protections (0 events):
No events

Nmethod flushes (0 events):
No events

Events (20 events):
Event: 0.114 Thread 0x000001f9685d3140 Thread added: 0x000001f9418b0090
Event: 0.130 Thread 0x000001f9685d3140 Thread added: 0x000001f9419608e0
Event: 0.147 Thread 0x000001f9418b0090 Thread added: 0x000001f941a5d400
Event: 0.297 Thread 0x000001f9685d3140 Thread added: 0x000001f94195f530
Event: 0.381 Thread 0x000001f9418b0090 Thread added: 0x000001f9460ff6d0
Event: 0.999 Thread 0x000001f9685d3140 Thread added: 0x000001f941961600
Event: 1.179 Thread 0x000001f941a5d400 Thread exited: 0x000001f941a5d400
Event: 1.179 Thread 0x000001f9460ff6d0 Thread exited: 0x000001f9460ff6d0
Event: 6.806 Thread 0x000001f9685d3140 Thread added: 0x000001f94195fbc0
Event: 6.814 Thread 0x000001f9685d3140 Thread added: 0x000001f941960f70
Event: 6.897 Thread 0x000001f941960f70 Thread added: 0x000001f941960250
Event: 7.035 Thread 0x000001f941960f70 Thread added: 0x000001f941961c90
Event: 7.128 Thread 0x000001f9418b0090 Thread added: 0x000001f9468be6c0
Event: 7.128 Thread 0x000001f9418b0090 Thread added: 0x000001f9468bed90
Event: 7.320 Thread 0x000001f941960f70 Thread added: 0x000001f94195e810
Event: 7.782 Thread 0x000001f9468bed90 Thread exited: 0x000001f9468bed90
Event: 7.799 Thread 0x000001f941960f70 Thread added: 0x000001f94195eea0
Event: 7.836 Thread 0x000001f941960f70 Thread added: 0x000001f941bebe70
Event: 7.854 Thread 0x000001f941960f70 Thread added: 0x000001f941becb90
Event: 7.956 Thread 0x000001f9418b0090 Thread added: 0x000001f9468bbde0


Dynamic libraries:
0x00007ff74c940000 - 0x00007ff74c94e000 	c:\Users\Asus\.vscode\extensions\redhat.java-1.44.0-win32-x64\jre\21.0.8-win32-x86_64\bin\java.exe
0x00007ffe50200000 - 0x00007ffe50463000 	C:\WINDOWS\SYSTEM32\ntdll.dll
0x00007ffe4e9f0000 - 0x00007ffe4eab8000 	C:\WINDOWS\System32\KERNEL32.DLL
0x00007ffe4d750000 - 0x00007ffe4db02000 	C:\WINDOWS\System32\KERNELBASE.dll
0x00007ffe4dee0000 - 0x00007ffe4e02b000 	C:\WINDOWS\System32\ucrtbase.dll
0x00007ffe474d0000 - 0x00007ffe474ee000 	c:\Users\Asus\.vscode\extensions\redhat.java-1.44.0-win32-x64\jre\21.0.8-win32-x86_64\bin\VCRUNTIME140.dll
0x00007ffe47720000 - 0x00007ffe47738000 	c:\Users\Asus\.vscode\extensions\redhat.java-1.44.0-win32-x64\jre\21.0.8-win32-x86_64\bin\jli.dll
0x00007ffe4ef40000 - 0x00007ffe4f108000 	C:\WINDOWS\System32\USER32.dll
0x00007ffe4e030000 - 0x00007ffe4e057000 	C:\WINDOWS\System32\win32u.dll
0x00007ffe4e7e0000 - 0x00007ffe4e80a000 	C:\WINDOWS\System32\GDI32.dll
0x00007ffe4dd20000 - 0x00007ffe4de4b000 	C:\WINDOWS\System32\gdi32full.dll
0x00007ffe4dc70000 - 0x00007ffe4dd13000 	C:\WINDOWS\System32\msvcp_win.dll
0x00007ffe38590000 - 0x00007ffe38820000 	C:\WINDOWS\WinSxS\amd64_microsoft.windows.common-controls_6595b64144ccf1df_6.0.26100.2454_none_3e0b68a2e331ad60\COMCTL32.dll
0x00007ffe4e120000 - 0x00007ffe4e1c9000 	C:\WINDOWS\System32\msvcrt.dll
0x00007ffe4eac0000 - 0x00007ffe4eaef000 	C:\WINDOWS\System32\IMM32.DLL
0x00007ffe47e10000 - 0x00007ffe47e1c000 	c:\Users\Asus\.vscode\extensions\redhat.java-1.44.0-win32-x64\jre\21.0.8-win32-x86_64\bin\vcruntime140_1.dll
0x00007ffe12260000 - 0x00007ffe122ed000 	c:\Users\Asus\.vscode\extensions\redhat.java-1.44.0-win32-x64\jre\21.0.8-win32-x86_64\bin\msvcp140.dll
0x00007ffdf2d90000 - 0x00007ffdf3b27000 	c:\Users\Asus\.vscode\extensions\redhat.java-1.44.0-win32-x64\jre\21.0.8-win32-x86_64\bin\server\jvm.dll
0x00007ffe4e060000 - 0x00007ffe4e114000 	C:\WINDOWS\System32\ADVAPI32.dll
0x00007ffe4eb00000 - 0x00007ffe4eba6000 	C:\WINDOWS\System32\sechost.dll
0x00007ffe4ee20000 - 0x00007ffe4ef36000 	C:\WINDOWS\System32\RPCRT4.dll
0x00007ffe4e810000 - 0x00007ffe4e884000 	C:\WINDOWS\System32\WS2_32.dll
0x00007ffe4ce60000 - 0x00007ffe4ceae000 	C:\WINDOWS\SYSTEM32\POWRPROF.dll
0x00007ffe3a4d0000 - 0x00007ffe3a506000 	C:\WINDOWS\SYSTEM32\WINMM.dll
0x00007ffe44ae0000 - 0x00007ffe44aeb000 	C:\WINDOWS\SYSTEM32\VERSION.dll
0x00007ffe4cdb0000 - 0x00007ffe4cdc4000 	C:\WINDOWS\SYSTEM32\UMPDC.dll
0x00007ffe4c410000 - 0x00007ffe4c42a000 	C:\WINDOWS\SYSTEM32\kernel.appcore.dll
0x00007ffe476a0000 - 0x00007ffe476aa000 	c:\Users\Asus\.vscode\extensions\redhat.java-1.44.0-win32-x64\jre\21.0.8-win32-x86_64\bin\jimage.dll
0x00007ffe4ad60000 - 0x00007ffe4afa1000 	C:\WINDOWS\SYSTEM32\DBGHELP.DLL
0x00007ffe4e440000 - 0x00007ffe4e7be000 	C:\WINDOWS\System32\combase.dll
0x00007ffe500e0000 - 0x00007ffe501b6000 	C:\WINDOWS\System32\OLEAUT32.dll
0x00007ffe352c0000 - 0x00007ffe352f9000 	C:\WINDOWS\SYSTEM32\dbgcore.DLL
0x00007ffe4db10000 - 0x00007ffe4dba9000 	C:\WINDOWS\System32\bcryptPrimitives.dll
0x00007ffe475d0000 - 0x00007ffe475df000 	c:\Users\Asus\.vscode\extensions\redhat.java-1.44.0-win32-x64\jre\21.0.8-win32-x86_64\bin\instrument.dll
0x00007ffe449c0000 - 0x00007ffe449df000 	c:\Users\Asus\.vscode\extensions\redhat.java-1.44.0-win32-x64\jre\21.0.8-win32-x86_64\bin\java.dll
0x00007ffe4f130000 - 0x00007ffe4f830000 	C:\WINDOWS\System32\SHELL32.dll
0x00007ffe4b300000 - 0x00007ffe4bb31000 	C:\WINDOWS\SYSTEM32\windows.storage.dll
0x00007ffe50000000 - 0x00007ffe500da000 	C:\WINDOWS\System32\SHCORE.dll
0x00007ffe4ff10000 - 0x00007ffe4ff6d000 	C:\WINDOWS\System32\shlwapi.dll
0x00007ffe4d4e0000 - 0x00007ffe4d50e000 	C:\WINDOWS\SYSTEM32\profapi.dll
0x00007ffe28a90000 - 0x00007ffe28aa8000 	c:\Users\Asus\.vscode\extensions\redhat.java-1.44.0-win32-x64\jre\21.0.8-win32-x86_64\bin\zip.dll
0x00007ffe474c0000 - 0x00007ffe474d0000 	C:\Users\Asus\.vscode\extensions\redhat.java-1.44.0-win32-x64\jre\21.0.8-win32-x86_64\bin\net.dll
0x00007ffe49400000 - 0x00007ffe49526000 	C:\WINDOWS\SYSTEM32\WINHTTP.dll
0x00007ffe4c910000 - 0x00007ffe4c978000 	C:\WINDOWS\system32\mswsock.dll
0x00007ffe26ea0000 - 0x00007ffe26eb6000 	C:\Users\Asus\.vscode\extensions\redhat.java-1.44.0-win32-x64\jre\21.0.8-win32-x86_64\bin\nio.dll
0x00007ffe47070000 - 0x00007ffe47080000 	c:\Users\Asus\.vscode\extensions\redhat.java-1.44.0-win32-x64\jre\21.0.8-win32-x86_64\bin\verify.dll
0x00007ffe10b80000 - 0x00007ffe10bc5000 	C:\Users\Asus\AppData\Roaming\Code\User\globalStorage\redhat.java\1.44.0\config_ss_win\org.eclipse.equinox.launcher\org.eclipse.equinox.launcher.win32.win32.x86_64_1.2.1400.v20250730-1736\eclipse_11913.dll
0x00007ffe4fd60000 - 0x00007ffe4fef9000 	C:\WINDOWS\System32\ole32.dll
0x00007ffe4cc20000 - 0x00007ffe4cc3c000 	C:\WINDOWS\SYSTEM32\CRYPTSP.dll
0x00007ffe4c370000 - 0x00007ffe4c3a8000 	C:\WINDOWS\system32\rsaenh.dll
0x00007ffe4c9b0000 - 0x00007ffe4c9db000 	C:\WINDOWS\SYSTEM32\USERENV.dll
0x00007ffe4cf00000 - 0x00007ffe4cf26000 	C:\WINDOWS\SYSTEM32\bcrypt.dll
0x00007ffe4cc40000 - 0x00007ffe4cc4c000 	C:\WINDOWS\SYSTEM32\CRYPTBASE.dll
0x00007ffe4bf00000 - 0x00007ffe4bf32000 	C:\WINDOWS\SYSTEM32\IPHLPAPI.DLL
0x00007ffe4e260000 - 0x00007ffe4e26a000 	C:\WINDOWS\System32\NSI.dll
0x00007ffe0c300000 - 0x00007ffe0c349000 	C:\Users\Asus\AppData\Local\Temp\jna-2050672\jna10408001384895417219.dll
0x00007ffe4fd50000 - 0x00007ffe4fd58000 	C:\WINDOWS\System32\PSAPI.DLL

JVMTI agents:
c:\Users\Asus\.vscode\extensions\redhat.java-1.44.0-win32-x64\lombok\lombok-1.18.39-4050.jar path:c:\Users\Asus\.vscode\extensions\redhat.java-1.44.0-win32-x64\jre\21.0.8-win32-x86_64\bin\instrument.dll, loaded, initialized, instrumentlib options:none

dbghelp: loaded successfully - version: 4.0.5 - missing functions: none
symbol engine: initialized successfully - sym options: 0x614 - pdb path: .;c:\Users\Asus\.vscode\extensions\redhat.java-1.44.0-win32-x64\jre\21.0.8-win32-x86_64\bin;C:\WINDOWS\SYSTEM32;C:\WINDOWS\WinSxS\amd64_microsoft.windows.common-controls_6595b64144ccf1df_6.0.26100.2454_none_3e0b68a2e331ad60;c:\Users\Asus\.vscode\extensions\redhat.java-1.44.0-win32-x64\jre\21.0.8-win32-x86_64\bin\server;C:\Users\Asus\AppData\Roaming\Code\User\globalStorage\redhat.java\1.44.0\config_ss_win\org.eclipse.equinox.launcher\org.eclipse.equinox.launcher.win32.win32.x86_64_1.2.1400.v20250730-1736;C:\Users\Asus\AppData\Local\Temp\jna-2050672

VM Arguments:
jvm_args: --add-modules=ALL-SYSTEM --add-opens=java.base/java.util=ALL-UNNAMED --add-opens=java.base/java.lang=ALL-UNNAMED --add-opens=java.base/sun.nio.fs=ALL-UNNAMED -Declipse.application=org.eclipse.jdt.ls.core.id1 -Dosgi.bundles.defaultStartLevel=4 -Declipse.product=org.eclipse.jdt.ls.core.product -Djava.import.generatesMetadataFilesAtProjectRoot=false -DDetectVMInstallationsJob.disabled=true -Dfile.encoding=utf8 -XX:+UseParallelGC -XX:GCTimeRatio=4 -XX:AdaptiveSizePolicyWeight=90 -Dsun.zip.disableMemoryMapping=true -Xmx2G -Xms100m -Xlog:disable -javaagent:c:\Users\Asus\.vscode\extensions\redhat.java-1.44.0-win32-x64\lombok\lombok-1.18.39-4050.jar 
java_command: c:\Users\Asus\.vscode\extensions\redhat.java-1.44.0-win32-x64\server\plugins\org.eclipse.equinox.launcher_1.7.0.v20250519-0528.jar -configuration c:\Users\Asus\AppData\Roaming\Code\User\globalStorage\redhat.java\1.44.0\config_ss_win -data c:\Users\Asus\AppData\Roaming\Code\User\workspaceStorage\6f0e533d9ff133c7631d155b4f25a028\redhat.java\ss_ws --pipe=\\.\pipe\lsp-8c7867c60f283541f08075d6b083de50-sock
java_class_path (initial): c:\Users\Asus\.vscode\extensions\redhat.java-1.44.0-win32-x64\server\plugins\org.eclipse.equinox.launcher_1.7.0.v20250519-0528.jar
Launcher Type: SUN_STANDARD

[Global flags]
    uintx AdaptiveSizePolicyWeight                 = 90                                        {product} {command line}
     intx CICompilerCount                          = 4                                         {product} {ergonomic}
    uintx GCTimeRatio                              = 4                                         {product} {command line}
   size_t InitialHeapSize                          = 104857600                                 {product} {command line}
   size_t MaxHeapSize                              = 2147483648                                {product} {command line}
   size_t MaxNewSize                               = 715653120                                 {product} {ergonomic}
   size_t MinHeapDeltaBytes                        = 524288                                    {product} {ergonomic}
   size_t MinHeapSize                              = 104857600                                 {product} {command line}
   size_t NewSize                                  = 34603008                                  {product} {ergonomic}
    uintx NonNMethodCodeHeapSize                   = 5839372                                {pd product} {ergonomic}
    uintx NonProfiledCodeHeapSize                  = 122909434                              {pd product} {ergonomic}
   size_t OldSize                                  = 70254592                                  {product} {ergonomic}
    uintx ProfiledCodeHeapSize                     = 122909434                              {pd product} {ergonomic}
    uintx ReservedCodeCacheSize                    = 251658240                              {pd product} {ergonomic}
     bool SegmentedCodeCache                       = true                                      {product} {ergonomic}
   size_t SoftMaxHeapSize                          = 2147483648                             {manageable} {ergonomic}
     bool UseCompressedOops                        = true                           {product lp64_product} {ergonomic}
     bool UseLargePagesIndividualAllocation        = false                                  {pd product} {ergonomic}
     bool UseParallelGC                            = true                                      {product} {command line}

Logging:
Log output configuration:
 #0: stdout all=off uptime,level,tags foldmultilines=false
 #1: stderr all=off uptime,level,tags foldmultilines=false

Environment Variables:
JAVA_HOME=C:\Users\Asus\AppData\Local\Programs\Eclipse Adoptium\jdk-17.0.6.10-hotspot\
PATH=C:\Python312\Scripts\;C:\Python312\;C:\Users\Asus\AppData\Local\Programs\Python\Python311\Scripts\;C:\WINDOWS;C:\WINDOWS\System32\Wbem;C:\WINDOWS\System32\WindowsPowerShell\v1.0\;C:\WINDOWS\System32\OpenSSH\;C:\MinGW\bin;C:\Program Files (x86)\Microsoft SQL Server\160\Tools\Binn\;C:\Program Files\Microsoft SQL Server\160\Tools\Binn\;C:\Program Files\Microsoft SQL Server\Client SDK\ODBC\170\Tools\Binn\;C:\Program Files\Microsoft SQL Server\160\DTS\Binn\;C:\Program Files\Azure Data Studio\bin;C:\Program Files\Git\cmd;C:\Users\Asus\AppData\Local\Programs\Python\Python311\Scripts;C:\Users\Asus\AppData\Local\Programs\Python\Python311\;C:\Users\Asus\AppData\Local\Programs\Python\Python311\Scripts;C:\Users\Asus\AppData\Local\Programs\Python\Python311\Scripts;C:\Users\Asus\AppData\Local\Programs\Python\Python311\;C:\;C:\ProgramData\chocolatey\bin;C:\Program Files\MongoDB\Server\8.0\bin;C:\Program Files\MongoDB\Server\8.0\bin;C:\Windows\System32;C:\Windows\System32\Wbem;C:\Windows;C:\JARS\jdk-19.0.2\bin;;c:\Users\Asus\AppData\Local\Programs\Trae\bin;C:\Users\Asus\AppData\Local\Programs\Eclipse Adoptium\jdk-17.0.6.10-hotspot\bin;C:\Users\Asus\AppData\Local\Programs\Python\Python311\Scripts\;C:\Users\Asus\AppData\Local\Programs\Python\Python311\;C:\Users\Asus\AppData\Local\Microsoft\WindowsApps;C:\Program Files\JetBrains\PyCharm Community Edition 2022.3.2\bin;;C:\Program Files\Azure Data Studio\bin;C:\Users\Asus\AppData\Local\GitHubDesktop\bin;C:\Users\Asus\Downloads\apache-maven-4.0.0-rc-1-bin\apache-maven-4.0.0-rc-1;C:\Users\Asus\AppData\Roaming\npm;C:\Users\Asus\AppData\Roaming\Python\Python312\Scripts;C:\Users\Asus\Desktop\Microsoft VS Code\bin
USERNAME=Asus
OS=Windows_NT
PROCESSOR_IDENTIFIER=Intel64 Family 6 Model 140 Stepping 1, GenuineIntel
TMP=C:\Users\Asus\AppData\Local\Temp
TEMP=C:\Users\Asus\AppData\Local\Temp




Periodic native trim disabled

---------------  S Y S T E M  ---------------

OS:
 Windows 11 , 64 bit Build 26100 (10.0.26100.2454)
OS uptime: 9 days 21:14 hours

CPU: total 8 (initial active 8) (4 cores per cpu, 2 threads per core) family 6 model 140 stepping 1 microcode 0x86, cx8, cmov, fxsr, ht, mmx, 3dnowpref, sse, sse2, sse3, ssse3, sse4.1, sse4.2, popcnt, lzcnt, tsc, tscinvbit, avx, avx2, aes, erms, clmul, bmi1, bmi2, adx, avx512f, avx512dq, avx512cd, avx512bw, avx512vl, sha, fma, vzeroupper, avx512_vpopcntdq, avx512_vpclmulqdq, avx512_vaes, avx512_vnni, clflush, clflushopt, clwb, avx512_vbmi2, avx512_vbmi, rdtscp, rdpid, fsrm, gfni, avx512_bitalg, f16c, pku, cet_ibt, cet_ss, avx512_ifma
Processor Information for the first 8 processors :
  Max Mhz: 2419, Current Mhz: 2419, Mhz Limit: 2419

Memory: 4k page, system-wide physical 7886M (640M free)
TotalPageFile size 16078M (AvailPageFile size 7M)
current process WorkingSet (physical memory assigned to process): 148M, peak: 148M
current process commit charge ("private bytes"): 283M, peak: 283M

vm_info: OpenJDK 64-Bit Server VM (21.0.8+9-LTS) for windows-amd64 JRE (21.0.8+9-LTS), built on 2025-07-15T00:00:00Z by "admin" with MS VC++ 17.7 (VS2022)

END.
