#
# There is insufficient memory for the Java Runtime Environment to continue.
# Native memory allocation (malloc) failed to allocate 1507856 bytes. Error detail: Chunk::new
# Possible reasons:
#   The system is out of physical RAM or swap space
#   This process is running with CompressedOops enabled, and the Java Heap may be blocking the growth of the native heap
# Possible solutions:
#   Reduce memory load on the system
#   Increase physical memory or swap space
#   Check if swap backing store is full
#   Decrease Java heap size (-Xmx/-Xms)
#   Decrease number of Java threads
#   Decrease Java thread stack sizes (-Xss)
#   Set larger code cache with -XX:ReservedCodeCacheSize=
#   JVM is running with Unscaled Compressed Oops mode in which the Java heap is
#     placed in the first 4GB address space. The Java Heap base address is the
#     maximum limit for the native heap growth. Please use -XX:HeapBaseMinAddress
#     to set the Java Heap base and to place the Java Heap above 4GB virtual address.
# This output file may be truncated or incomplete.
#
#  Out of Memory Error (arena.cpp:168), pid=1468, tid=15916
#
# JRE version: OpenJDK Runtime Environment Temurin-21.0.8+9 (21.0.8+9) (build 21.0.8+9-LTS)
# Java VM: OpenJDK 64-Bit Server VM Temurin-21.0.8+9 (21.0.8+9-LTS, mixed mode, sharing, tiered, compressed oops, compressed class ptrs, parallel gc, windows-amd64)
# No core dump will be written. Minidumps are not enabled by default on client versions of Windows
#

---------------  S U M M A R Y ------------

Command Line: --add-modules=ALL-SYSTEM --add-opens=java.base/java.util=ALL-UNNAMED --add-opens=java.base/java.lang=ALL-UNNAMED --add-opens=java.base/sun.nio.fs=ALL-UNNAMED -Declipse.application=org.eclipse.jdt.ls.core.id1 -Dosgi.bundles.defaultStartLevel=4 -Declipse.product=org.eclipse.jdt.ls.core.product -Djava.import.generatesMetadataFilesAtProjectRoot=false -DDetectVMInstallationsJob.disabled=true -Dfile.encoding=utf8 -XX:+UseParallelGC -XX:GCTimeRatio=4 -XX:AdaptiveSizePolicyWeight=90 -Dsun.zip.disableMemoryMapping=true -Xmx2G -Xms100m -Xlog:disable -javaagent:c:\Users\Asus\.vscode\extensions\redhat.java-1.44.0-win32-x64\lombok\lombok-1.18.39-4050.jar -XX:+HeapDumpOnOutOfMemoryError -XX:HeapDumpPath=c:\Users\Asus\AppData\Roaming\Code\User\workspaceStorage\6f0e533d9ff133c7631d155b4f25a028\redhat.java -Daether.dependencyCollector.impl=bf c:\Users\Asus\.vscode\extensions\redhat.java-1.44.0-win32-x64\server\plugins\org.eclipse.equinox.launcher_1.7.0.v20250519-0528.jar -configuration c:\Users\Asus\AppData\Roaming\Code\User\globalStorage\redhat.java\1.44.0\config_win -data c:\Users\Asus\AppData\Roaming\Code\User\workspaceStorage\6f0e533d9ff133c7631d155b4f25a028\redhat.java\jdt_ws --pipe=\\.\pipe\lsp-971af761953753c457d51e6b0efed173-sock

Host: 11th Gen Intel(R) Core(TM) i5-1135G7 @ 2.40GHz, 8 cores, 7G,  Windows 11 , 64 bit Build 26100 (10.0.26100.2454)
Time: Tue Aug 19 14:44:54 2025 India Standard Time elapsed time: 29.953929 seconds (0d 0h 0m 29s)

---------------  T H R E A D  ---------------

Current thread (0x0000026b5d3dc7e0):  JavaThread "C2 CompilerThread2" daemon [_thread_in_native, id=15916, stack(0x0000009eeb400000,0x0000009eeb500000) (1024K)]


Current CompileTask:
C2:29954 12166       4       java.lang.invoke.MethodType::makeImpl (109 bytes)

Stack: [0x0000009eeb400000,0x0000009eeb500000]
Native frames: (J=compiled Java code, j=interpreted, Vv=VM code, C=native code)
V  [jvm.dll+0x6d2449]
V  [jvm.dll+0x8ae341]
V  [jvm.dll+0x8b08be]
V  [jvm.dll+0x8b0fa3]
V  [jvm.dll+0x280c96]
V  [jvm.dll+0xc581d]
V  [jvm.dll+0xc5d53]
V  [jvm.dll+0x3b9162]
V  [jvm.dll+0x385315]
V  [jvm.dll+0x38477a]
V  [jvm.dll+0x248ed0]
V  [jvm.dll+0x2484af]
V  [jvm.dll+0x1c89ee]
V  [jvm.dll+0x257d4d]
V  [jvm.dll+0x2562ea]
V  [jvm.dll+0x3f2d16]
V  [jvm.dll+0x857e6b]
V  [jvm.dll+0x6d0b0d]
C  [ucrtbase.dll+0x14ea0]
C  [KERNEL32.DLL+0x2e8d7]
C  [ntdll.dll+0xdfbcc]


---------------  P R O C E S S  ---------------

Threads class SMR info:
_java_thread_list=0x0000026b70de09c0, length=72, elements={
0x0000026b450c0710, 0x0000026b45178f80, 0x0000026b45179f90, 0x0000026b45038480,
0x0000026b4503af70, 0x0000026b4503dae0, 0x0000026b4503e140, 0x0000026b4503fae0,
0x0000026b4506d0a0, 0x0000026b4512e510, 0x0000026b5d5f4800, 0x0000026b621da650,
0x0000026b6224c910, 0x0000026b5da61cc0, 0x0000026b5d32eac0, 0x0000026b5dd825b0,
0x0000026b5da2ede0, 0x0000026b5d3dc110, 0x0000026b5d9da920, 0x0000026b5d9d9c00,
0x0000026b5d9dafb0, 0x0000026b5d9dbcd0, 0x0000026b5d9db640, 0x0000026b5d3dc7e0,
0x0000026b5d9da290, 0x0000026b5d9d8ee0, 0x0000026b5d9dc360, 0x0000026b641017c0,
0x0000026b640ff6f0, 0x0000026b64101e50, 0x0000026b640ffd80, 0x0000026b64101130,
0x0000026b64100410, 0x0000026b641024e0, 0x0000026b640ff060, 0x0000026b64102b70,
0x0000026b64103200, 0x0000026b64103f20, 0x0000026b64100aa0, 0x0000026b64103890,
0x0000026b64104c40, 0x0000026b641045b0, 0x0000026b62a4d000, 0x0000026b62a4e3b0,
0x0000026b62a4bc50, 0x0000026b62a4d690, 0x0000026b62a4c2e0, 0x0000026b62a4c970,
0x0000026b62a4dd20, 0x0000026b62a4ea40, 0x0000026b62a4f0d0, 0x0000026b62a50480,
0x0000026b62a50b10, 0x0000026b62a511a0, 0x0000026b62a51ec0, 0x0000026b62a52be0,
0x0000026b62a51830, 0x0000026b62a4f760, 0x0000026b702cd820, 0x0000026b702cc470,
0x0000026b702cdeb0, 0x0000026b702ccb00, 0x0000026b702ce540, 0x0000026b702cf260,
0x0000026b702cf8f0, 0x0000026b649b93d0, 0x0000026b649b8020, 0x0000026b649b86b0,
0x0000026b649b6c70, 0x0000026b649b5f50, 0x0000026b649b9a60, 0x0000026b649ba0f0
}

Java Threads: ( => current thread )
  0x0000026b450c0710 JavaThread "main"                              [_thread_blocked, id=4592, stack(0x0000009ee9200000,0x0000009ee9300000) (1024K)]
  0x0000026b45178f80 JavaThread "Reference Handler"          daemon [_thread_blocked, id=14108, stack(0x0000009ee9600000,0x0000009ee9700000) (1024K)]
  0x0000026b45179f90 JavaThread "Finalizer"                  daemon [_thread_blocked, id=23128, stack(0x0000009ee9700000,0x0000009ee9800000) (1024K)]
  0x0000026b45038480 JavaThread "Signal Dispatcher"          daemon [_thread_blocked, id=14048, stack(0x0000009ee9800000,0x0000009ee9900000) (1024K)]
  0x0000026b4503af70 JavaThread "Attach Listener"            daemon [_thread_blocked, id=11856, stack(0x0000009ee9900000,0x0000009ee9a00000) (1024K)]
  0x0000026b4503dae0 JavaThread "Service Thread"             daemon [_thread_blocked, id=19832, stack(0x0000009ee9a00000,0x0000009ee9b00000) (1024K)]
  0x0000026b4503e140 JavaThread "Monitor Deflation Thread"   daemon [_thread_blocked, id=13876, stack(0x0000009ee9b00000,0x0000009ee9c00000) (1024K)]
  0x0000026b4503fae0 JavaThread "C2 CompilerThread0"         daemon [_thread_blocked, id=16748, stack(0x0000009ee9c00000,0x0000009ee9d00000) (1024K)]
  0x0000026b4506d0a0 JavaThread "C1 CompilerThread0"         daemon [_thread_blocked, id=21752, stack(0x0000009ee9d00000,0x0000009ee9e00000) (1024K)]
  0x0000026b4512e510 JavaThread "Common-Cleaner"             daemon [_thread_blocked, id=16180, stack(0x0000009ee9e00000,0x0000009ee9f00000) (1024K)]
  0x0000026b5d5f4800 JavaThread "Notification Thread"        daemon [_thread_blocked, id=22492, stack(0x0000009ee9f00000,0x0000009eea000000) (1024K)]
  0x0000026b621da650 JavaThread "Active Thread: Equinox Container: c59a833d-9fd7-4ec1-ab29-196bdcdaca07"        [_thread_blocked, id=15892, stack(0x0000009eea800000,0x0000009eea900000) (1024K)]
  0x0000026b6224c910 JavaThread "Refresh Thread: Equinox Container: c59a833d-9fd7-4ec1-ab29-196bdcdaca07" daemon [_thread_blocked, id=13956, stack(0x0000009eea100000,0x0000009eea200000) (1024K)]
  0x0000026b5da61cc0 JavaThread "Framework Event Dispatcher: Equinox Container: c59a833d-9fd7-4ec1-ab29-196bdcdaca07" daemon [_thread_blocked, id=8260, stack(0x0000009eea900000,0x0000009eeaa00000) (1024K)]
  0x0000026b5d32eac0 JavaThread "Start Level: Equinox Container: c59a833d-9fd7-4ec1-ab29-196bdcdaca07" daemon [_thread_blocked, id=18368, stack(0x0000009eeaa00000,0x0000009eeab00000) (1024K)]
  0x0000026b5dd825b0 JavaThread "Bundle File Closer"         daemon [_thread_blocked, id=19400, stack(0x0000009eeac00000,0x0000009eead00000) (1024K)]
  0x0000026b5da2ede0 JavaThread "SCR Component Actor"        daemon [_thread_blocked, id=2884, stack(0x0000009eeab00000,0x0000009eeac00000) (1024K)]
  0x0000026b5d3dc110 JavaThread "C2 CompilerThread1"         daemon [_thread_blocked, id=4404, stack(0x0000009eeae00000,0x0000009eeaf00000) (1024K)]
  0x0000026b5d9da920 JavaThread "Worker-JM"                         [_thread_blocked, id=4944, stack(0x0000009eeaf00000,0x0000009eeb000000) (1024K)]
  0x0000026b5d9d9c00 JavaThread "JNA Cleaner"                daemon [_thread_blocked, id=16720, stack(0x0000009eeb000000,0x0000009eeb100000) (1024K)]
  0x0000026b5d9dafb0 JavaThread "Worker-0"                          [_thread_blocked, id=19320, stack(0x0000009eeb100000,0x0000009eeb200000) (1024K)]
  0x0000026b5d9dbcd0 JavaThread "Worker-1: Java indexing... "        [_thread_blocked, id=16436, stack(0x0000009eeb200000,0x0000009eeb300000) (1024K)]
  0x0000026b5d9db640 JavaThread "Worker-2"                          [_thread_blocked, id=21512, stack(0x0000009eeb300000,0x0000009eeb400000) (1024K)]
=>0x0000026b5d3dc7e0 JavaThread "C2 CompilerThread2"         daemon [_thread_in_native, id=15916, stack(0x0000009eeb400000,0x0000009eeb500000) (1024K)]
  0x0000026b5d9da290 JavaThread "Java indexing"              daemon [_thread_blocked, id=1696, stack(0x0000009eeb500000,0x0000009eeb600000) (1024K)]
  0x0000026b5d9d8ee0 JavaThread "Worker-3"                          [_thread_blocked, id=12228, stack(0x0000009eeb800000,0x0000009eeb900000) (1024K)]
  0x0000026b5d9dc360 JavaThread "Worker-4: Initialize workspace"        [_thread_blocked, id=3432, stack(0x0000009eeb900000,0x0000009eeba00000) (1024K)]
  0x0000026b641017c0 JavaThread "Worker-5"                          [_thread_blocked, id=9944, stack(0x0000009eeba00000,0x0000009eebb00000) (1024K)]
  0x0000026b640ff6f0 JavaThread "Thread-2"                   daemon [_thread_in_native, id=18296, stack(0x0000009eebb00000,0x0000009eebc00000) (1024K)]
  0x0000026b64101e50 JavaThread "Thread-3"                   daemon [_thread_in_native, id=17708, stack(0x0000009eebc00000,0x0000009eebd00000) (1024K)]
  0x0000026b640ffd80 JavaThread "Thread-4"                   daemon [_thread_in_native, id=23472, stack(0x0000009eebd00000,0x0000009eebe00000) (1024K)]
  0x0000026b64101130 JavaThread "Thread-5"                   daemon [_thread_in_native, id=10584, stack(0x0000009eebe00000,0x0000009eebf00000) (1024K)]
  0x0000026b64100410 JavaThread "Thread-6"                   daemon [_thread_in_native, id=23220, stack(0x0000009eebf00000,0x0000009eec000000) (1024K)]
  0x0000026b641024e0 JavaThread "Thread-7"                   daemon [_thread_in_native, id=19448, stack(0x0000009eec000000,0x0000009eec100000) (1024K)]
  0x0000026b640ff060 JavaThread "Thread-8"                   daemon [_thread_in_native, id=21236, stack(0x0000009eec100000,0x0000009eec200000) (1024K)]
  0x0000026b64102b70 JavaThread "Thread-9"                   daemon [_thread_in_native, id=13096, stack(0x0000009eec200000,0x0000009eec300000) (1024K)]
  0x0000026b64103200 JavaThread "Thread-10"                  daemon [_thread_in_native, id=12248, stack(0x0000009eec300000,0x0000009eec400000) (1024K)]
  0x0000026b64103f20 JavaThread "pool-2-thread-1"                   [_thread_blocked, id=18344, stack(0x0000009eec400000,0x0000009eec500000) (1024K)]
  0x0000026b64100aa0 JavaThread "WorkspaceEventsHandler"            [_thread_blocked, id=18364, stack(0x0000009eec500000,0x0000009eec600000) (1024K)]
  0x0000026b64103890 JavaThread "pool-1-thread-1"                   [_thread_blocked, id=12652, stack(0x0000009eec600000,0x0000009eec700000) (1024K)]
  0x0000026b64104c40 JavaThread "Worker-6"                          [_thread_blocked, id=17564, stack(0x0000009eec700000,0x0000009eec800000) (1024K)]
  0x0000026b641045b0 JavaThread "Worker-7"                          [_thread_blocked, id=12528, stack(0x0000009eec800000,0x0000009eec900000) (1024K)]
  0x0000026b62a4d000 JavaThread "LocalFile Deleter"          daemon [_thread_blocked, id=22672, stack(0x0000009eec900000,0x0000009eeca00000) (1024K)]
  0x0000026b62a4e3b0 JavaThread "LocalFile Deleter"          daemon [_thread_blocked, id=9004, stack(0x0000009eeca00000,0x0000009eecb00000) (1024K)]
  0x0000026b62a4bc50 JavaThread "LocalFile Deleter"          daemon [_thread_blocked, id=21176, stack(0x0000009eecb00000,0x0000009eecc00000) (1024K)]
  0x0000026b62a4d690 JavaThread "LocalFile Deleter"          daemon [_thread_blocked, id=9336, stack(0x0000009eecc00000,0x0000009eecd00000) (1024K)]
  0x0000026b62a4c2e0 JavaThread "LocalFile Deleter"          daemon [_thread_blocked, id=20224, stack(0x0000009eecd00000,0x0000009eece00000) (1024K)]
  0x0000026b62a4c970 JavaThread "LocalFile Deleter"          daemon [_thread_blocked, id=23192, stack(0x0000009eece00000,0x0000009eecf00000) (1024K)]
  0x0000026b62a4dd20 JavaThread "LocalFile Deleter"          daemon [_thread_blocked, id=14692, stack(0x0000009eecf00000,0x0000009eed000000) (1024K)]
  0x0000026b62a4ea40 JavaThread "LocalFile Deleter"          daemon [_thread_blocked, id=22600, stack(0x0000009eed000000,0x0000009eed100000) (1024K)]
  0x0000026b62a4f0d0 JavaThread "Compiler Source File Reader" daemon [_thread_blocked, id=9484, stack(0x0000009eed100000,0x0000009eed200000) (1024K)]
  0x0000026b62a50480 JavaThread "Compiler Source File Reader" daemon [_thread_blocked, id=19420, stack(0x0000009eed200000,0x0000009eed300000) (1024K)]
  0x0000026b62a50b10 JavaThread "Compiler Source File Reader" daemon [_thread_blocked, id=14268, stack(0x0000009eed300000,0x0000009eed400000) (1024K)]
  0x0000026b62a511a0 JavaThread "Compiler Source File Reader" daemon [_thread_blocked, id=3544, stack(0x0000009eed400000,0x0000009eed500000) (1024K)]
  0x0000026b62a51ec0 JavaThread "Compiler Source File Reader" daemon [_thread_blocked, id=10900, stack(0x0000009eed500000,0x0000009eed600000) (1024K)]
  0x0000026b62a52be0 JavaThread "Compiler Source File Reader" daemon [_thread_blocked, id=21680, stack(0x0000009eed600000,0x0000009eed700000) (1024K)]
  0x0000026b62a51830 JavaThread "Compiler Processing Task"   daemon [_thread_blocked, id=10756, stack(0x0000009eed700000,0x0000009eed800000) (1024K)]
  0x0000026b62a4f760 JavaThread "Compiler Class File Writer" daemon [_thread_blocked, id=15664, stack(0x0000009eed800000,0x0000009eed900000) (1024K)]
  0x0000026b702cd820 JavaThread "Compiler Class File Writer" daemon [_thread_blocked, id=5356, stack(0x0000009eed900000,0x0000009eeda00000) (1024K)]
  0x0000026b702cc470 JavaThread "Compiler Class File Writer" daemon [_thread_blocked, id=1292, stack(0x0000009eeda00000,0x0000009eedb00000) (1024K)]
  0x0000026b702cdeb0 JavaThread "Compiler Class File Writer" daemon [_thread_blocked, id=16640, stack(0x0000009eedb00000,0x0000009eedc00000) (1024K)]
  0x0000026b702ccb00 JavaThread "Compiler Class File Writer" daemon [_thread_blocked, id=16632, stack(0x0000009eedc00000,0x0000009eedd00000) (1024K)]
  0x0000026b702ce540 JavaThread "Compiler Class File Writer" daemon [_thread_blocked, id=14404, stack(0x0000009eedd00000,0x0000009eede00000) (1024K)]
  0x0000026b702cf260 JavaThread "ForkJoinPool.commonPool-worker-1" daemon [_thread_blocked, id=12916, stack(0x0000009eead00000,0x0000009eeae00000) (1024K)]
  0x0000026b702cf8f0 JavaThread "ForkJoinPool.commonPool-worker-2" daemon [_thread_blocked, id=9512, stack(0x0000009eede00000,0x0000009eedf00000) (1024K)]
  0x0000026b649b93d0 JavaThread "ForkJoinPool.commonPool-worker-3" daemon [_thread_blocked, id=14680, stack(0x0000009eedf00000,0x0000009eee000000) (1024K)]
  0x0000026b649b8020 JavaThread "ForkJoinPool.commonPool-worker-4" daemon [_thread_blocked, id=18704, stack(0x0000009eee000000,0x0000009eee100000) (1024K)]
  0x0000026b649b86b0 JavaThread "ForkJoinPool.commonPool-worker-5" daemon [_thread_blocked, id=2412, stack(0x0000009eee100000,0x0000009eee200000) (1024K)]
  0x0000026b649b6c70 JavaThread "ForkJoinPool.commonPool-worker-6" daemon [_thread_in_vm, id=1108, stack(0x0000009eee200000,0x0000009eee300000) (1024K)]
  0x0000026b649b5f50 JavaThread "ForkJoinPool.commonPool-worker-7" daemon [_thread_blocked, id=5552, stack(0x0000009eee300000,0x0000009eee400000) (1024K)]
  0x0000026b649b9a60 JavaThread "Thread-11"                  daemon [_thread_in_Java, id=22512, stack(0x0000009eee400000,0x0000009eee500000) (1024K)]
  0x0000026b649ba0f0 JavaThread "Cleaner-0"                  daemon [_thread_blocked, id=12368, stack(0x0000009eee500000,0x0000009eee600000) (1024K)]
Total: 72

Other Threads:
  0x0000026b4515e780 VMThread "VM Thread"                           [id=17316, stack(0x0000009ee9500000,0x0000009ee9600000) (1024K)]
  0x0000026b4512ccc0 WatcherThread "VM Periodic Task Thread"        [id=23104, stack(0x0000009ee9400000,0x0000009ee9500000) (1024K)]
  0x0000026b450dfda0 WorkerThread "GC Thread#0"                     [id=16732, stack(0x0000009ee9300000,0x0000009ee9400000) (1024K)]
  0x0000026b5ddec0b0 WorkerThread "GC Thread#1"                     [id=16892, stack(0x0000009eea200000,0x0000009eea300000) (1024K)]
  0x0000026b5db76c10 WorkerThread "GC Thread#2"                     [id=6080, stack(0x0000009eea300000,0x0000009eea400000) (1024K)]
  0x0000026b5ddbd9e0 WorkerThread "GC Thread#3"                     [id=6532, stack(0x0000009eea400000,0x0000009eea500000) (1024K)]
  0x0000026b5dde7df0 WorkerThread "GC Thread#4"                     [id=18764, stack(0x0000009eea500000,0x0000009eea600000) (1024K)]
  0x0000026b5dde8190 WorkerThread "GC Thread#5"                     [id=6856, stack(0x0000009eea600000,0x0000009eea700000) (1024K)]
  0x0000026b5dde8530 WorkerThread "GC Thread#6"                     [id=10736, stack(0x0000009eea700000,0x0000009eea800000) (1024K)]
  0x0000026b4506b780 WorkerThread "GC Thread#7"                     [id=14856, stack(0x0000009eea000000,0x0000009eea100000) (1024K)]
Total: 10

Threads with active compile tasks:
C2 CompilerThread0  29988 12394       4       org.eclipse.jdt.internal.compiler.lookup.BinaryTypeBinding::createMethod (1666 bytes)
C1 CompilerThread0  29988 12485       2       java.util.regex.Pattern::range (294 bytes)
C2 CompilerThread1  29988 12299       4       com.google.gson.internal.bind.ArrayTypeAdapter::read (133 bytes)
C2 CompilerThread2  29988 12166       4       java.lang.invoke.MethodType::makeImpl (109 bytes)
Total: 4

VM state: not at safepoint (normal execution)

VM Mutex/Monitor currently owned by a thread: None

Heap address: 0x0000000080000000, size: 2048 MB, Compressed Oops mode: 32-bit

CDS archive(s) mapped at: [0x0000026b00000000-0x0000026b00ba0000-0x0000026b00ba0000), size 12189696, SharedBaseAddress: 0x0000026b00000000, ArchiveRelocationMode: 1.
Compressed class space mapped at: 0x0000026b01000000-0x0000026b41000000, reserved size: 1073741824
Narrow klass base: 0x0000026b00000000, Narrow klass shift: 0, Narrow klass range: 0x100000000

GC Precious Log:
 CardTable entry size: 512
 CPUs: 8 total, 8 available
 Memory: 7886M
 Large Page Support: Disabled
 NUMA Support: Disabled
 Compressed Oops: Enabled (32-bit)
 Alignments: Space 512K, Generation 512K, Heap 2M
 Heap Min Capacity: 100M
 Heap Initial Capacity: 100M
 Heap Max Capacity: 2G
 Pre-touch: Disabled
 Parallel Workers: 8

Heap:
 PSYoungGen      total 10752K, used 3983K [0x00000000d5580000, 0x00000000d6400000, 0x0000000100000000)
  eden space 7168K, 15% used [0x00000000d5580000,0x00000000d569ba28,0x00000000d5c80000)
  from space 3584K, 81% used [0x00000000d5c80000,0x00000000d5f58000,0x00000000d6000000)
  to   space 3072K, 0% used [0x00000000d6100000,0x00000000d6100000,0x00000000d6400000)
 ParOldGen       total 392192K, used 392048K [0x0000000080000000, 0x0000000097f00000, 0x00000000d5580000)
  object space 392192K, 99% used [0x0000000080000000,0x0000000097edc020,0x0000000097f00000)
 Metaspace       used 66109K, committed 67456K, reserved 1114112K
  class space    used 6778K, committed 7360K, reserved 1048576K

Card table byte_map: [0x0000026b44a60000,0x0000026b44e70000] _byte_map_base: 0x0000026b44660000

Marking Bits: (ParMarkBitMap*) 0x00007ffda349a340
 Begin Bits: [0x0000026b57560000, 0x0000026b59560000)
 End Bits:   [0x0000026b59560000, 0x0000026b5b560000)

Polling page: 0x0000026b43090000

Metaspace:

Usage:
  Non-class:     57.94 MB used.
      Class:      6.62 MB used.
       Both:     64.56 MB used.

Virtual space:
  Non-class space:       64.00 MB reserved,      58.69 MB ( 92%) committed,  1 nodes.
      Class space:        1.00 GB reserved,       7.19 MB ( <1%) committed,  1 nodes.
             Both:        1.06 GB reserved,      65.88 MB (  6%) committed. 

Chunk freelists:
   Non-Class:  4.95 MB
       Class:  8.84 MB
        Both:  13.80 MB

MaxMetaspaceSize: unlimited
CompressedClassSpaceSize: 1.00 GB
Initial GC threshold: 21.00 MB
Current GC threshold: 97.31 MB
CDS: on
 - commit_granule_bytes: 65536.
 - commit_granule_words: 8192.
 - virtual_space_node_default_size: 8388608.
 - enlarge_chunks_in_place: 1.
 - use_allocation_guard: 0.


Internal statistics:

num_allocs_failed_limit: 9.
num_arena_births: 1160.
num_arena_deaths: 14.
num_vsnodes_births: 2.
num_vsnodes_deaths: 0.
num_space_committed: 1054.
num_space_uncommitted: 0.
num_chunks_returned_to_freelist: 23.
num_chunks_taken_from_freelist: 4355.
num_chunk_merges: 13.
num_chunk_splits: 2615.
num_chunks_enlarged: 1437.
num_inconsistent_stats: 0.

CodeHeap 'non-profiled nmethods': size=120000Kb used=8465Kb max_used=8465Kb free=111534Kb
 bounds [0x0000026b4fd80000, 0x0000026b505d0000, 0x0000026b572b0000]
CodeHeap 'profiled nmethods': size=120000Kb used=27655Kb max_used=27655Kb free=92344Kb
 bounds [0x0000026b482b0000, 0x0000026b49dc0000, 0x0000026b4f7e0000]
CodeHeap 'non-nmethods': size=5760Kb used=1469Kb max_used=1534Kb free=4290Kb
 bounds [0x0000026b4f7e0000, 0x0000026b4fa50000, 0x0000026b4fd80000]
CodeCache: size=245760Kb, used=37589Kb, max_used=37654Kb, free=208168Kb
 total_blobs=12353, nmethods=11579, adapters=679, full_count=0
Compilation: enabled, stopped_count=0, restarted_count=0

Compilation events (20 events):
Event: 28.925 Thread 0x0000026b4506d0a0 12449       3       org.eclipse.core.filesystem.URIUtil::toURI (61 bytes)
Event: 28.926 Thread 0x0000026b4506d0a0 nmethod 12449 0x0000026b49da3990 code [0x0000026b49da3c20, 0x0000026b49da4340]
Event: 28.926 Thread 0x0000026b4506d0a0 12447       3       org.eclipse.core.internal.resources.AliasManager$LocationMap$$Lambda/0x0000026b01209140::compare (14 bytes)
Event: 28.926 Thread 0x0000026b4506d0a0 nmethod 12447 0x0000026b49da4690 code [0x0000026b49da4860, 0x0000026b49da4c88]
Event: 28.926 Thread 0x0000026b4506d0a0 12448       3       org.eclipse.core.internal.filesystem.local.LocalFile::compareTo (36 bytes)
Event: 28.927 Thread 0x0000026b4506d0a0 nmethod 12448 0x0000026b49da4e10 code [0x0000026b49da50c0, 0x0000026b49da5eb8]
Event: 28.927 Thread 0x0000026b4506d0a0 12452       3       java.util.Locale::getDefault (63 bytes)
Event: 28.927 Thread 0x0000026b4506d0a0 nmethod 12452 0x0000026b49da6310 code [0x0000026b49da6540, 0x0000026b49da6c70]
Event: 28.927 Thread 0x0000026b4506d0a0 12450       2       java.util.Objects::checkFromToIndex (8 bytes)
Event: 28.927 Thread 0x0000026b4506d0a0 nmethod 12450 0x0000026b49da6e90 code [0x0000026b49da7040, 0x0000026b49da7180]
Event: 28.929 Thread 0x0000026b4506d0a0 12453       2       org.eclipse.core.internal.resources.Workspace::validateName (10 bytes)
Event: 28.929 Thread 0x0000026b4506d0a0 nmethod 12453 0x0000026b49da7290 code [0x0000026b49da7440, 0x0000026b49da7570]
Event: 28.929 Thread 0x0000026b4506d0a0 12454       2       org.eclipse.jdt.core.dom.ASTNode::unsupportedIn2 (23 bytes)
Event: 28.930 Thread 0x0000026b4506d0a0 nmethod 12454 0x0000026b49da7690 code [0x0000026b49da7840, 0x0000026b49da7a10]
Event: 28.930 Thread 0x0000026b4506d0a0 12455       2       java.lang.invoke.DelegatingMethodHandle$Holder::reinvoke_L (18 bytes)
Event: 28.930 Thread 0x0000026b4506d0a0 nmethod 12455 0x0000026b49da7b10 code [0x0000026b49da7cc0, 0x0000026b49da7e60]
Event: 28.930 Thread 0x0000026b4506d0a0 12456       2       org.eclipse.jdt.internal.core.util.MementoTokenizer::hasMoreTokens (15 bytes)
Event: 28.930 Thread 0x0000026b4506d0a0 nmethod 12456 0x0000026b49da7f90 code [0x0000026b49da8140, 0x0000026b49da8288]
Event: 28.930 Thread 0x0000026b4506d0a0 12457       2       com.google.gson.stream.JsonWriter::nullValue (43 bytes)
Event: 28.931 Thread 0x0000026b4506d0a0 nmethod 12457 0x0000026b49da8310 code [0x0000026b49da84e0, 0x0000026b49da8740]

GC Heap History (20 events):
Event: 27.802 GC heap after
{Heap after GC invocations=368 (full 3):
 PSYoungGen      total 5120K, used 1440K [0x00000000d5580000, 0x00000000d5c80000, 0x0000000100000000)
  eden space 3584K, 0% used [0x00000000d5580000,0x00000000d5580000,0x00000000d5900000)
  from space 1536K, 93% used [0x00000000d5900000,0x00000000d5a68000,0x00000000d5a80000)
  to   space 1536K, 0% used [0x00000000d5b00000,0x00000000d5b00000,0x00000000d5c80000)
 ParOldGen       total 367616K, used 367121K [0x0000000080000000, 0x0000000096700000, 0x00000000d5580000)
  object space 367616K, 99% used [0x0000000080000000,0x0000000096684450,0x0000000096700000)
 Metaspace       used 65483K, committed 66880K, reserved 1114112K
  class space    used 6737K, committed 7296K, reserved 1048576K
}
Event: 27.811 GC heap before
{Heap before GC invocations=369 (full 3):
 PSYoungGen      total 5120K, used 5024K [0x00000000d5580000, 0x00000000d5c80000, 0x0000000100000000)
  eden space 3584K, 100% used [0x00000000d5580000,0x00000000d5900000,0x00000000d5900000)
  from space 1536K, 93% used [0x00000000d5900000,0x00000000d5a68000,0x00000000d5a80000)
  to   space 1536K, 0% used [0x00000000d5b00000,0x00000000d5b00000,0x00000000d5c80000)
 ParOldGen       total 367616K, used 367121K [0x0000000080000000, 0x0000000096700000, 0x00000000d5580000)
  object space 367616K, 99% used [0x0000000080000000,0x0000000096684450,0x0000000096700000)
 Metaspace       used 65484K, committed 66880K, reserved 1114112K
  class space    used 6737K, committed 7296K, reserved 1048576K
}
Event: 27.813 GC heap after
{Heap after GC invocations=369 (full 3):
 PSYoungGen      total 5632K, used 1232K [0x00000000d5580000, 0x00000000d5d00000, 0x0000000100000000)
  eden space 4096K, 0% used [0x00000000d5580000,0x00000000d5580000,0x00000000d5980000)
  from space 1536K, 80% used [0x00000000d5b00000,0x00000000d5c34010,0x00000000d5c80000)
  to   space 1536K, 0% used [0x00000000d5980000,0x00000000d5980000,0x00000000d5b00000)
 ParOldGen       total 368640K, used 368439K [0x0000000080000000, 0x0000000096800000, 0x00000000d5580000)
  object space 368640K, 99% used [0x0000000080000000,0x00000000967cdde8,0x0000000096800000)
 Metaspace       used 65484K, committed 66880K, reserved 1114112K
  class space    used 6737K, committed 7296K, reserved 1048576K
}
Event: 27.821 GC heap before
{Heap before GC invocations=370 (full 3):
 PSYoungGen      total 5632K, used 5328K [0x00000000d5580000, 0x00000000d5d00000, 0x0000000100000000)
  eden space 4096K, 99% used [0x00000000d5580000,0x00000000d597fff8,0x00000000d5980000)
  from space 1536K, 80% used [0x00000000d5b00000,0x00000000d5c34010,0x00000000d5c80000)
  to   space 1536K, 0% used [0x00000000d5980000,0x00000000d5980000,0x00000000d5b00000)
 ParOldGen       total 368640K, used 368439K [0x0000000080000000, 0x0000000096800000, 0x00000000d5580000)
  object space 368640K, 99% used [0x0000000080000000,0x00000000967cdde8,0x0000000096800000)
 Metaspace       used 65484K, committed 66880K, reserved 1114112K
  class space    used 6737K, committed 7296K, reserved 1048576K
}
Event: 27.823 GC heap after
{Heap after GC invocations=370 (full 3):
 PSYoungGen      total 5632K, used 1536K [0x00000000d5580000, 0x00000000d6080000, 0x0000000100000000)
  eden space 4096K, 0% used [0x00000000d5580000,0x00000000d5580000,0x00000000d5980000)
  from space 1536K, 100% used [0x00000000d5980000,0x00000000d5b00000,0x00000000d5b00000)
  to   space 3072K, 0% used [0x00000000d5d80000,0x00000000d5d80000,0x00000000d6080000)
 ParOldGen       total 369664K, used 369533K [0x0000000080000000, 0x0000000096900000, 0x00000000d5580000)
  object space 369664K, 99% used [0x0000000080000000,0x00000000968df698,0x0000000096900000)
 Metaspace       used 65484K, committed 66880K, reserved 1114112K
  class space    used 6737K, committed 7296K, reserved 1048576K
}
Event: 27.833 GC heap before
{Heap before GC invocations=371 (full 3):
 PSYoungGen      total 5632K, used 5632K [0x00000000d5580000, 0x00000000d6080000, 0x0000000100000000)
  eden space 4096K, 100% used [0x00000000d5580000,0x00000000d5980000,0x00000000d5980000)
  from space 1536K, 100% used [0x00000000d5980000,0x00000000d5b00000,0x00000000d5b00000)
  to   space 3072K, 0% used [0x00000000d5d80000,0x00000000d5d80000,0x00000000d6080000)
 ParOldGen       total 369664K, used 369533K [0x0000000080000000, 0x0000000096900000, 0x00000000d5580000)
  object space 369664K, 99% used [0x0000000080000000,0x00000000968df698,0x0000000096900000)
 Metaspace       used 65503K, committed 66880K, reserved 1114112K
  class space    used 6737K, committed 7296K, reserved 1048576K
}
Event: 27.835 GC heap after
{Heap after GC invocations=371 (full 3):
 PSYoungGen      total 7168K, used 1920K [0x00000000d5580000, 0x00000000d5f80000, 0x0000000100000000)
  eden space 5120K, 0% used [0x00000000d5580000,0x00000000d5580000,0x00000000d5a80000)
  from space 2048K, 93% used [0x00000000d5d80000,0x00000000d5f60000,0x00000000d5f80000)
  to   space 2560K, 0% used [0x00000000d5a80000,0x00000000d5a80000,0x00000000d5d00000)
 ParOldGen       total 371200K, used 371013K [0x0000000080000000, 0x0000000096a80000, 0x00000000d5580000)
  object space 371200K, 99% used [0x0000000080000000,0x0000000096a516a8,0x0000000096a80000)
 Metaspace       used 65503K, committed 66880K, reserved 1114112K
  class space    used 6737K, committed 7296K, reserved 1048576K
}
Event: 27.846 GC heap before
{Heap before GC invocations=372 (full 3):
 PSYoungGen      total 7168K, used 7040K [0x00000000d5580000, 0x00000000d5f80000, 0x0000000100000000)
  eden space 5120K, 100% used [0x00000000d5580000,0x00000000d5a80000,0x00000000d5a80000)
  from space 2048K, 93% used [0x00000000d5d80000,0x00000000d5f60000,0x00000000d5f80000)
  to   space 2560K, 0% used [0x00000000d5a80000,0x00000000d5a80000,0x00000000d5d00000)
 ParOldGen       total 371200K, used 371013K [0x0000000080000000, 0x0000000096a80000, 0x00000000d5580000)
  object space 371200K, 99% used [0x0000000080000000,0x0000000096a516a8,0x0000000096a80000)
 Metaspace       used 65536K, committed 66944K, reserved 1114112K
  class space    used 6738K, committed 7296K, reserved 1048576K
}
Event: 27.849 GC heap after
{Heap after GC invocations=372 (full 3):
 PSYoungGen      total 7680K, used 1802K [0x00000000d5580000, 0x00000000d5f80000, 0x0000000100000000)
  eden space 5120K, 0% used [0x00000000d5580000,0x00000000d5580000,0x00000000d5a80000)
  from space 2560K, 70% used [0x00000000d5a80000,0x00000000d5c428e0,0x00000000d5d00000)
  to   space 2048K, 0% used [0x00000000d5d80000,0x00000000d5d80000,0x00000000d5f80000)
 ParOldGen       total 373248K, used 372861K [0x0000000080000000, 0x0000000096c80000, 0x00000000d5580000)
  object space 373248K, 99% used [0x0000000080000000,0x0000000096c1f6a8,0x0000000096c80000)
 Metaspace       used 65536K, committed 66944K, reserved 1114112K
  class space    used 6738K, committed 7296K, reserved 1048576K
}
Event: 27.859 GC heap before
{Heap before GC invocations=373 (full 3):
 PSYoungGen      total 7680K, used 6922K [0x00000000d5580000, 0x00000000d5f80000, 0x0000000100000000)
  eden space 5120K, 100% used [0x00000000d5580000,0x00000000d5a80000,0x00000000d5a80000)
  from space 2560K, 70% used [0x00000000d5a80000,0x00000000d5c428e0,0x00000000d5d00000)
  to   space 2048K, 0% used [0x00000000d5d80000,0x00000000d5d80000,0x00000000d5f80000)
 ParOldGen       total 373248K, used 372861K [0x0000000080000000, 0x0000000096c80000, 0x00000000d5580000)
  object space 373248K, 99% used [0x0000000080000000,0x0000000096c1f6a8,0x0000000096c80000)
 Metaspace       used 65626K, committed 67072K, reserved 1114112K
  class space    used 6743K, committed 7360K, reserved 1048576K
}
Event: 27.862 GC heap after
{Heap after GC invocations=373 (full 3):
 PSYoungGen      total 8192K, used 1856K [0x00000000d5580000, 0x00000000d5f80000, 0x0000000100000000)
  eden space 6144K, 0% used [0x00000000d5580000,0x00000000d5580000,0x00000000d5b80000)
  from space 2048K, 90% used [0x00000000d5d80000,0x00000000d5f50000,0x00000000d5f80000)
  to   space 2048K, 0% used [0x00000000d5b80000,0x00000000d5b80000,0x00000000d5d80000)
 ParOldGen       total 374784K, used 374533K [0x0000000080000000, 0x0000000096e00000, 0x00000000d5580000)
  object space 374784K, 99% used [0x0000000080000000,0x0000000096dc16a8,0x0000000096e00000)
 Metaspace       used 65626K, committed 67072K, reserved 1114112K
  class space    used 6743K, committed 7360K, reserved 1048576K
}
Event: 27.871 GC heap before
{Heap before GC invocations=374 (full 3):
 PSYoungGen      total 8192K, used 8000K [0x00000000d5580000, 0x00000000d5f80000, 0x0000000100000000)
  eden space 6144K, 100% used [0x00000000d5580000,0x00000000d5b80000,0x00000000d5b80000)
  from space 2048K, 90% used [0x00000000d5d80000,0x00000000d5f50000,0x00000000d5f80000)
  to   space 2048K, 0% used [0x00000000d5b80000,0x00000000d5b80000,0x00000000d5d80000)
 ParOldGen       total 374784K, used 374533K [0x0000000080000000, 0x0000000096e00000, 0x00000000d5580000)
  object space 374784K, 99% used [0x0000000080000000,0x0000000096dc16a8,0x0000000096e00000)
 Metaspace       used 65673K, committed 67072K, reserved 1114112K
  class space    used 6746K, committed 7360K, reserved 1048576K
}
Event: 27.874 GC heap after
{Heap after GC invocations=374 (full 3):
 PSYoungGen      total 8192K, used 2032K [0x00000000d5580000, 0x00000000d6600000, 0x0000000100000000)
  eden space 6144K, 0% used [0x00000000d5580000,0x00000000d5580000,0x00000000d5b80000)
  from space 2048K, 99% used [0x00000000d5b80000,0x00000000d5d7c030,0x00000000d5d80000)
  to   space 4608K, 0% used [0x00000000d6180000,0x00000000d6180000,0x00000000d6600000)
 ParOldGen       total 376832K, used 376621K [0x0000000080000000, 0x0000000097000000, 0x00000000d5580000)
  object space 376832K, 99% used [0x0000000080000000,0x0000000096fcb6a8,0x0000000097000000)
 Metaspace       used 65673K, committed 67072K, reserved 1114112K
  class space    used 6746K, committed 7360K, reserved 1048576K
}
Event: 27.885 GC heap before
{Heap before GC invocations=375 (full 3):
 PSYoungGen      total 8192K, used 8176K [0x00000000d5580000, 0x00000000d6600000, 0x0000000100000000)
  eden space 6144K, 100% used [0x00000000d5580000,0x00000000d5b80000,0x00000000d5b80000)
  from space 2048K, 99% used [0x00000000d5b80000,0x00000000d5d7c030,0x00000000d5d80000)
  to   space 4608K, 0% used [0x00000000d6180000,0x00000000d6180000,0x00000000d6600000)
 ParOldGen       total 376832K, used 376621K [0x0000000080000000, 0x0000000097000000, 0x00000000d5580000)
  object space 376832K, 99% used [0x0000000080000000,0x0000000096fcb6a8,0x0000000097000000)
 Metaspace       used 65682K, committed 67072K, reserved 1114112K
  class space    used 6746K, committed 7360K, reserved 1048576K
}
Event: 27.888 GC heap after
{Heap after GC invocations=375 (full 3):
 PSYoungGen      total 10752K, used 2656K [0x00000000d5580000, 0x00000000d6480000, 0x0000000100000000)
  eden space 7680K, 0% used [0x00000000d5580000,0x00000000d5580000,0x00000000d5d00000)
  from space 3072K, 86% used [0x00000000d6180000,0x00000000d6418000,0x00000000d6480000)
  to   space 3584K, 0% used [0x00000000d5d80000,0x00000000d5d80000,0x00000000d6100000)
 ParOldGen       total 378880K, used 378658K [0x0000000080000000, 0x0000000097200000, 0x00000000d5580000)
  object space 378880K, 99% used [0x0000000080000000,0x00000000971c8b58,0x0000000097200000)
 Metaspace       used 65682K, committed 67072K, reserved 1114112K
  class space    used 6746K, committed 7360K, reserved 1048576K
}
Event: 27.901 GC heap before
{Heap before GC invocations=376 (full 3):
 PSYoungGen      total 10752K, used 10336K [0x00000000d5580000, 0x00000000d6480000, 0x0000000100000000)
  eden space 7680K, 100% used [0x00000000d5580000,0x00000000d5d00000,0x00000000d5d00000)
  from space 3072K, 86% used [0x00000000d6180000,0x00000000d6418000,0x00000000d6480000)
  to   space 3584K, 0% used [0x00000000d5d80000,0x00000000d5d80000,0x00000000d6100000)
 ParOldGen       total 378880K, used 378658K [0x0000000080000000, 0x0000000097200000, 0x00000000d5580000)
  object space 378880K, 99% used [0x0000000080000000,0x00000000971c8b58,0x0000000097200000)
 Metaspace       used 65749K, committed 67136K, reserved 1114112K
  class space    used 6753K, committed 7360K, reserved 1048576K
}
Event: 27.904 GC heap after
{Heap after GC invocations=376 (full 3):
 PSYoungGen      total 11776K, used 2912K [0x00000000d5580000, 0x00000000d6480000, 0x0000000100000000)
  eden space 8192K, 0% used [0x00000000d5580000,0x00000000d5580000,0x00000000d5d80000)
  from space 3584K, 81% used [0x00000000d5d80000,0x00000000d6058000,0x00000000d6100000)
  to   space 3072K, 0% used [0x00000000d6180000,0x00000000d6180000,0x00000000d6480000)
 ParOldGen       total 381440K, used 381213K [0x0000000080000000, 0x0000000097480000, 0x00000000d5580000)
  object space 381440K, 99% used [0x0000000080000000,0x0000000097447768,0x0000000097480000)
 Metaspace       used 65749K, committed 67136K, reserved 1114112K
  class space    used 6753K, committed 7360K, reserved 1048576K
}
Event: 27.918 GC heap before
{Heap before GC invocations=377 (full 3):
 PSYoungGen      total 11776K, used 11104K [0x00000000d5580000, 0x00000000d6480000, 0x0000000100000000)
  eden space 8192K, 100% used [0x00000000d5580000,0x00000000d5d80000,0x00000000d5d80000)
  from space 3584K, 81% used [0x00000000d5d80000,0x00000000d6058000,0x00000000d6100000)
  to   space 3072K, 0% used [0x00000000d6180000,0x00000000d6180000,0x00000000d6480000)
 ParOldGen       total 381440K, used 381213K [0x0000000080000000, 0x0000000097480000, 0x00000000d5580000)
  object space 381440K, 99% used [0x0000000080000000,0x0000000097447768,0x0000000097480000)
 Metaspace       used 65880K, committed 67264K, reserved 1114112K
  class space    used 6767K, committed 7360K, reserved 1048576K
}
Event: 28.923 GC heap after
{Heap after GC invocations=377 (full 3):
 PSYoungGen      total 8704K, used 3072K [0x00000000d5580000, 0x00000000d6c80000, 0x0000000100000000)
  eden space 5632K, 0% used [0x00000000d5580000,0x00000000d5580000,0x00000000d5b00000)
  from space 3072K, 100% used [0x00000000d6180000,0x00000000d6480000,0x00000000d6480000)
  to   space 6656K, 0% used [0x00000000d5b00000,0x00000000d5b00000,0x00000000d6180000)
 ParOldGen       total 384512K, used 384117K [0x0000000080000000, 0x0000000097780000, 0x00000000d5580000)
  object space 384512K, 99% used [0x0000000080000000,0x000000009771d768,0x0000000097780000)
 Metaspace       used 65880K, committed 67264K, reserved 1114112K
  class space    used 6767K, committed 7360K, reserved 1048576K
}
Event: 28.933 GC heap before
{Heap before GC invocations=378 (full 3):
 PSYoungGen      total 8704K, used 8704K [0x00000000d5580000, 0x00000000d6c80000, 0x0000000100000000)
  eden space 5632K, 100% used [0x00000000d5580000,0x00000000d5b00000,0x00000000d5b00000)
  from space 3072K, 100% used [0x00000000d6180000,0x00000000d6480000,0x00000000d6480000)
  to   space 6656K, 0% used [0x00000000d5b00000,0x00000000d5b00000,0x00000000d6180000)
 ParOldGen       total 384512K, used 384117K [0x0000000080000000, 0x0000000097780000, 0x00000000d5580000)
  object space 384512K, 99% used [0x0000000080000000,0x000000009771d768,0x0000000097780000)
 Metaspace       used 65922K, committed 67328K, reserved 1114112K
  class space    used 6771K, committed 7360K, reserved 1048576K
}

Dll operation events (11 events):
Event: 0.012 Loaded shared library c:\Users\Asus\.vscode\extensions\redhat.java-1.44.0-win32-x64\jre\21.0.8-win32-x86_64\bin\java.dll
Event: 0.137 Loaded shared library c:\Users\Asus\.vscode\extensions\redhat.java-1.44.0-win32-x64\jre\21.0.8-win32-x86_64\bin\zip.dll
Event: 0.162 Loaded shared library C:\Users\Asus\.vscode\extensions\redhat.java-1.44.0-win32-x64\jre\21.0.8-win32-x86_64\bin\instrument.dll
Event: 0.165 Loaded shared library C:\Users\Asus\.vscode\extensions\redhat.java-1.44.0-win32-x64\jre\21.0.8-win32-x86_64\bin\net.dll
Event: 0.166 Loaded shared library C:\Users\Asus\.vscode\extensions\redhat.java-1.44.0-win32-x64\jre\21.0.8-win32-x86_64\bin\nio.dll
Event: 0.169 Loaded shared library C:\Users\Asus\.vscode\extensions\redhat.java-1.44.0-win32-x64\jre\21.0.8-win32-x86_64\bin\zip.dll
Event: 0.183 Loaded shared library C:\Users\Asus\.vscode\extensions\redhat.java-1.44.0-win32-x64\jre\21.0.8-win32-x86_64\bin\jimage.dll
Event: 0.265 Loaded shared library c:\Users\Asus\.vscode\extensions\redhat.java-1.44.0-win32-x64\jre\21.0.8-win32-x86_64\bin\verify.dll
Event: 7.945 Loaded shared library C:\Users\Asus\AppData\Roaming\Code\User\globalStorage\redhat.java\1.44.0\config_win\org.eclipse.equinox.launcher\org.eclipse.equinox.launcher.win32.win32.x86_64_1.2.1400.v20250730-1736\eclipse_11913.dll
Event: 18.080 Loaded shared library C:\Users\Asus\AppData\Local\Temp\jna-2050672\jna6552207694290302417.dll
Event: 27.204 Loaded shared library C:\Users\Asus\.vscode\extensions\redhat.java-1.44.0-win32-x64\jre\21.0.8-win32-x86_64\bin\sunmscapi.dll

Deoptimization events (20 events):
Event: 27.689 Thread 0x0000026b649b9a60 DEOPT PACKING pc=0x0000026b49cf2ba7 sp=0x0000009eee4fea90
Event: 27.689 Thread 0x0000026b649b9a60 DEOPT UNPACKING pc=0x0000026b4f8378e2 sp=0x0000009eee4fdf88 mode 0
Event: 27.690 Thread 0x0000026b649b9a60 DEOPT PACKING pc=0x0000026b49cf2ba7 sp=0x0000009eee4fea90
Event: 27.690 Thread 0x0000026b649b9a60 DEOPT UNPACKING pc=0x0000026b4f8378e2 sp=0x0000009eee4fdf88 mode 0
Event: 27.690 Thread 0x0000026b649b8020 Uncommon trap: trap_request=0xffffffbe fr.pc=0x0000026b503e76bc relative=0x000000000000069c
Event: 27.690 Thread 0x0000026b649b8020 Uncommon trap: reason=profile_predicate action=maybe_recompile pc=0x0000026b503e76bc method=org.eclipse.jdt.internal.compiler.util.SimpleLookupTable.put(Ljava/lang/Object;Ljava/lang/Object;)Ljava/lang/Object; @ 61 c2
Event: 27.690 Thread 0x0000026b649b8020 DEOPT PACKING pc=0x0000026b503e76bc sp=0x0000009eee0fe290
Event: 27.690 Thread 0x0000026b649b8020 DEOPT UNPACKING pc=0x0000026b4f836da2 sp=0x0000009eee0fe238 mode 2
Event: 27.694 Thread 0x0000026b649b9a60 DEOPT PACKING pc=0x0000026b49cf2ba7 sp=0x0000009eee4fea90
Event: 27.694 Thread 0x0000026b649b9a60 DEOPT UNPACKING pc=0x0000026b4f8378e2 sp=0x0000009eee4fdf88 mode 0
Event: 27.737 Thread 0x0000026b649b9a60 Uncommon trap: trap_request=0xffffff45 fr.pc=0x0000026b50596a70 relative=0x0000000000000470
Event: 27.737 Thread 0x0000026b649b9a60 Uncommon trap: reason=unstable_if action=reinterpret pc=0x0000026b50596a70 method=com.google.gson.stream.JsonReader.doPeek()I @ 207 c2
Event: 27.737 Thread 0x0000026b649b9a60 DEOPT PACKING pc=0x0000026b50596a70 sp=0x0000009eee4fee40
Event: 27.737 Thread 0x0000026b649b9a60 DEOPT UNPACKING pc=0x0000026b4f836da2 sp=0x0000009eee4fedd0 mode 2
Event: 27.775 Thread 0x0000026b5d9db640 Uncommon trap: trap_request=0xffffff3d fr.pc=0x0000026b503a56e4 relative=0x0000000000000284
Event: 27.775 Thread 0x0000026b5d9db640 Uncommon trap: reason=unstable_fused_if action=reinterpret pc=0x0000026b503a56e4 method=org.eclipse.jdt.internal.compiler.problem.ProblemReporter.getIrritant(I)I @ 1 c2
Event: 27.775 Thread 0x0000026b5d9db640 DEOPT PACKING pc=0x0000026b503a56e4 sp=0x0000009eeb3fe600
Event: 27.775 Thread 0x0000026b5d9db640 DEOPT UNPACKING pc=0x0000026b4f836da2 sp=0x0000009eeb3fe588 mode 2
Event: 27.806 Thread 0x0000026b5d9dc360 DEOPT PACKING pc=0x0000026b49b1487e sp=0x0000009eeb9fe7a0
Event: 27.806 Thread 0x0000026b5d9dc360 DEOPT UNPACKING pc=0x0000026b4f8378e2 sp=0x0000009eeb9fdc68 mode 0

Classes loaded (20 events):
Event: 27.384 Loading class com/sun/crypto/provider/FeedbackCipher done
Event: 27.384 Loading class com/sun/crypto/provider/ElectronicCodeBook done
Event: 27.384 Loading class com/sun/crypto/provider/PKCS5Padding
Event: 27.384 Loading class com/sun/crypto/provider/Padding
Event: 27.384 Loading class com/sun/crypto/provider/Padding done
Event: 27.387 Loading class com/sun/crypto/provider/PKCS5Padding done
Event: 27.388 Loading class com/sun/crypto/provider/CipherBlockChaining
Event: 27.388 Loading class com/sun/crypto/provider/CipherBlockChaining done
Event: 27.389 Loading class javax/crypto/NullCipher
Event: 27.389 Loading class javax/crypto/NullCipher done
Event: 27.400 Loading class sun/security/util/ArrayUtil
Event: 27.411 Loading class sun/security/util/ArrayUtil done
Event: 27.420 Loading class javax/xml/transform/TransformerConfigurationException
Event: 27.430 Loading class javax/xml/transform/TransformerConfigurationException done
Event: 27.521 Loading class java/util/zip/CheckedInputStream
Event: 27.522 Loading class java/util/zip/CheckedInputStream done
Event: 27.605 Loading class java/util/zip/GZIPInputStream$1
Event: 27.605 Loading class java/util/zip/GZIPInputStream$1 done
Event: 27.841 Loading class jdk/internal/ref/CleanerImpl$InnocuousThreadFactory
Event: 27.844 Loading class jdk/internal/ref/CleanerImpl$InnocuousThreadFactory done

Classes unloaded (7 events):
Event: 18.418 Thread 0x0000026b4515e780 Unloading class 0x0000026b011a4800 'java/lang/invoke/LambdaForm$MH+0x0000026b011a4800'
Event: 18.418 Thread 0x0000026b4515e780 Unloading class 0x0000026b011a4400 'java/lang/invoke/LambdaForm$MH+0x0000026b011a4400'
Event: 18.418 Thread 0x0000026b4515e780 Unloading class 0x0000026b011a4000 'java/lang/invoke/LambdaForm$MH+0x0000026b011a4000'
Event: 18.418 Thread 0x0000026b4515e780 Unloading class 0x0000026b011a3c00 'java/lang/invoke/LambdaForm$MH+0x0000026b011a3c00'
Event: 18.418 Thread 0x0000026b4515e780 Unloading class 0x0000026b011a3800 'java/lang/invoke/LambdaForm$BMH+0x0000026b011a3800'
Event: 18.418 Thread 0x0000026b4515e780 Unloading class 0x0000026b011a3400 'java/lang/invoke/LambdaForm$DMH+0x0000026b011a3400'
Event: 18.418 Thread 0x0000026b4515e780 Unloading class 0x0000026b011a2000 'java/lang/invoke/LambdaForm$DMH+0x0000026b011a2000'

Classes redefined (0 events):
No events

Internal exceptions (20 events):
Event: 26.865 Thread 0x0000026b5d9dc360 Exception <a 'sun/nio/fs/WindowsException'{0x00000000d55c1a18}> (0x00000000d55c1a18) 
thrown [s\src\hotspot\share\prims\jni.cpp, line 520]
Event: 26.866 Thread 0x0000026b5d9dc360 Exception <a 'sun/nio/fs/WindowsException'{0x00000000d55c2208}> (0x00000000d55c2208) 
thrown [s\src\hotspot\share\prims\jni.cpp, line 520]
Event: 26.866 Thread 0x0000026b5d9dc360 Exception <a 'sun/nio/fs/WindowsException'{0x00000000d55c30d0}> (0x00000000d55c30d0) 
thrown [s\src\hotspot\share\prims\jni.cpp, line 520]
Event: 26.866 Thread 0x0000026b5d9dc360 Exception <a 'sun/nio/fs/WindowsException'{0x00000000d55c38c0}> (0x00000000d55c38c0) 
thrown [s\src\hotspot\share\prims\jni.cpp, line 520]
Event: 26.866 Thread 0x0000026b5d9dc360 Exception <a 'sun/nio/fs/WindowsException'{0x00000000d55c4eb0}> (0x00000000d55c4eb0) 
thrown [s\src\hotspot\share\prims\jni.cpp, line 520]
Event: 26.866 Thread 0x0000026b5d9dc360 Exception <a 'sun/nio/fs/WindowsException'{0x00000000d55c56a0}> (0x00000000d55c56a0) 
thrown [s\src\hotspot\share\prims\jni.cpp, line 520]
Event: 26.983 Thread 0x0000026b5d9da290 Exception <a 'sun/nio/fs/WindowsException'{0x00000000d5a7e058}> (0x00000000d5a7e058) 
thrown [s\src\hotspot\share\prims\jni.cpp, line 520]
Event: 26.989 Thread 0x0000026b641017c0 Exception <a 'java/lang/NoSuchMethodError'{0x00000000d5bb88b8}: 'java.lang.Object java.lang.invoke.DirectMethodHandle$Holder.invokeSpecial(java.lang.Object, java.lang.Object, int, long)'> (0x00000000d5bb88b8) 
thrown [s\src\hotspot\share\interpreter\linkResolver.cpp, line 773]
Event: 27.006 Thread 0x0000026b64103890 Exception <a 'java/lang/IncompatibleClassChangeError'{0x00000000d5647018}: Found class java.lang.Object, but interface was expected> (0x00000000d5647018) 
thrown [s\src\hotspot\share\interpreter\linkResolver.cpp, line 840]
Event: 27.018 Thread 0x0000026b702cf260 Exception <a 'java/lang/IncompatibleClassChangeError'{0x00000000d5725320}: Found class java.lang.Object, but interface was expected> (0x00000000d5725320) 
thrown [s\src\hotspot\share\interpreter\linkResolver.cpp, line 840]
Event: 27.081 Thread 0x0000026b649b86b0 Exception <a 'java/lang/ArrayIndexOutOfBoundsException'{0x00000000d59ec630}> (0x00000000d59ec630) 
thrown [s\src\hotspot\share\runtime\sharedRuntime.cpp, line 625]
Event: 27.123 Thread 0x0000026b649b8020 Exception <a 'sun/nio/fs/WindowsException'{0x00000000d5c1fcb8}> (0x00000000d5c1fcb8) 
thrown [s\src\hotspot\share\prims\jni.cpp, line 520]
Event: 27.123 Thread 0x0000026b649b8020 Exception <a 'sun/nio/fs/WindowsException'{0x00000000d5c20778}> (0x00000000d5c20778) 
thrown [s\src\hotspot\share\prims\jni.cpp, line 520]
Event: 27.125 Thread 0x0000026b649b8020 Exception <a 'sun/nio/fs/WindowsException'{0x00000000d5c3dca0}> (0x00000000d5c3dca0) 
thrown [s\src\hotspot\share\prims\jni.cpp, line 520]
Event: 27.125 Thread 0x0000026b649b8020 Exception <a 'sun/nio/fs/WindowsException'{0x00000000d5c3e740}> (0x00000000d5c3e740) 
thrown [s\src\hotspot\share\prims\jni.cpp, line 520]
Event: 27.126 Thread 0x0000026b649b8020 Exception <a 'sun/nio/fs/WindowsException'{0x00000000d5c40090}> (0x00000000d5c40090) 
thrown [s\src\hotspot\share\prims\jni.cpp, line 520]
Event: 27.126 Thread 0x0000026b649b8020 Exception <a 'sun/nio/fs/WindowsException'{0x00000000d5c4b4e8}> (0x00000000d5c4b4e8) 
thrown [s\src\hotspot\share\prims\jni.cpp, line 520]
Event: 27.161 Thread 0x0000026b5d9db640 Exception <a 'sun/nio/fs/WindowsException'{0x00000000d58754f0}> (0x00000000d58754f0) 
thrown [s\src\hotspot\share\prims\jni.cpp, line 520]
Event: 27.260 Thread 0x0000026b649b9a60 Exception <a 'sun/nio/fs/WindowsException'{0x00000000d58635f8}> (0x00000000d58635f8) 
thrown [s\src\hotspot\share\prims\jni.cpp, line 520]
Event: 27.377 Thread 0x0000026b702cf8f0 Implicit null exception at 0x0000026b5021ea5a to 0x0000026b5021eab3

ZGC Phase Switch (0 events):
No events

VM Operations (20 events):
Event: 27.802 Executing VM operation: ParallelGCFailedAllocation (Allocation Failure) done
Event: 27.810 Executing VM operation: ParallelGCFailedAllocation (Allocation Failure)
Event: 27.813 Executing VM operation: ParallelGCFailedAllocation (Allocation Failure) done
Event: 27.821 Executing VM operation: ParallelGCFailedAllocation (Allocation Failure)
Event: 27.823 Executing VM operation: ParallelGCFailedAllocation (Allocation Failure) done
Event: 27.833 Executing VM operation: ParallelGCFailedAllocation (Allocation Failure)
Event: 27.835 Executing VM operation: ParallelGCFailedAllocation (Allocation Failure) done
Event: 27.846 Executing VM operation: ParallelGCFailedAllocation (Allocation Failure)
Event: 27.849 Executing VM operation: ParallelGCFailedAllocation (Allocation Failure) done
Event: 27.859 Executing VM operation: ParallelGCFailedAllocation (Allocation Failure)
Event: 27.862 Executing VM operation: ParallelGCFailedAllocation (Allocation Failure) done
Event: 27.871 Executing VM operation: ParallelGCFailedAllocation (Allocation Failure)
Event: 27.874 Executing VM operation: ParallelGCFailedAllocation (Allocation Failure) done
Event: 27.885 Executing VM operation: ParallelGCFailedAllocation (Allocation Failure)
Event: 27.888 Executing VM operation: ParallelGCFailedAllocation (Allocation Failure) done
Event: 27.901 Executing VM operation: ParallelGCFailedAllocation (Allocation Failure)
Event: 27.904 Executing VM operation: ParallelGCFailedAllocation (Allocation Failure) done
Event: 27.918 Executing VM operation: ParallelGCFailedAllocation (Allocation Failure)
Event: 28.923 Executing VM operation: ParallelGCFailedAllocation (Allocation Failure) done
Event: 28.933 Executing VM operation: ParallelGCFailedAllocation (Allocation Failure)

Memory protections (0 events):
No events

Nmethod flushes (20 events):
Event: 24.750 Thread 0x0000026b4515e780 flushing  nmethod 0x0000026b48c24390
Event: 24.750 Thread 0x0000026b4515e780 flushing  nmethod 0x0000026b48c24990
Event: 24.750 Thread 0x0000026b4515e780 flushing  nmethod 0x0000026b48c24f10
Event: 24.750 Thread 0x0000026b4515e780 flushing  nmethod 0x0000026b48c2b490
Event: 24.750 Thread 0x0000026b4515e780 flushing  nmethod 0x0000026b48c32290
Event: 24.750 Thread 0x0000026b4515e780 flushing  nmethod 0x0000026b48c33790
Event: 24.750 Thread 0x0000026b4515e780 flushing  nmethod 0x0000026b48c6c790
Event: 24.750 Thread 0x0000026b4515e780 flushing  nmethod 0x0000026b48c6e010
Event: 24.750 Thread 0x0000026b4515e780 flushing  nmethod 0x0000026b48c6e610
Event: 24.750 Thread 0x0000026b4515e780 flushing  nmethod 0x0000026b48c6ee90
Event: 24.750 Thread 0x0000026b4515e780 flushing  nmethod 0x0000026b48c6f590
Event: 24.750 Thread 0x0000026b4515e780 flushing  nmethod 0x0000026b48c71c10
Event: 24.750 Thread 0x0000026b4515e780 flushing  nmethod 0x0000026b48c7d910
Event: 24.750 Thread 0x0000026b4515e780 flushing  nmethod 0x0000026b48c99390
Event: 24.750 Thread 0x0000026b4515e780 flushing  nmethod 0x0000026b48ca9090
Event: 24.750 Thread 0x0000026b4515e780 flushing  nmethod 0x0000026b48d54290
Event: 24.750 Thread 0x0000026b4515e780 flushing  nmethod 0x0000026b48d54b90
Event: 24.750 Thread 0x0000026b4515e780 flushing  nmethod 0x0000026b48d54f10
Event: 24.750 Thread 0x0000026b4515e780 flushing  nmethod 0x0000026b48d5bd90
Event: 24.750 Thread 0x0000026b4515e780 flushing  nmethod 0x0000026b48d5c890

Events (20 events):
Event: 20.916 Thread 0x0000026b5d9db640 Thread added: 0x0000026b62a511a0
Event: 20.917 Thread 0x0000026b62a50b10 Thread added: 0x0000026b62a51ec0
Event: 20.917 Thread 0x0000026b62a4f0d0 Thread added: 0x0000026b62a52be0
Event: 22.938 Thread 0x0000026b5d9db640 Thread added: 0x0000026b62a51830
Event: 23.082 Thread 0x0000026b5d9db640 Thread added: 0x0000026b62a4f760
Event: 23.089 Thread 0x0000026b5d9db640 Thread added: 0x0000026b702cd820
Event: 23.102 Thread 0x0000026b5d9db640 Thread added: 0x0000026b702cc470
Event: 23.147 Thread 0x0000026b5d9db640 Thread added: 0x0000026b702cdeb0
Event: 23.147 Thread 0x0000026b5d9db640 Thread added: 0x0000026b702ccb00
Event: 23.147 Thread 0x0000026b5d9db640 Thread added: 0x0000026b702ce540
Event: 23.408 Thread 0x0000026b5dc65bb0 Thread exited: 0x0000026b5dc65bb0
Event: 26.592 Thread 0x0000026b64103890 Thread added: 0x0000026b702cf260
Event: 26.597 Thread 0x0000026b64103890 Thread added: 0x0000026b702cf8f0
Event: 26.686 Thread 0x0000026b64103890 Thread added: 0x0000026b649b93d0
Event: 27.003 Thread 0x0000026b64103890 Thread added: 0x0000026b649b8020
Event: 27.004 Thread 0x0000026b64103890 Thread added: 0x0000026b649b86b0
Event: 27.005 Thread 0x0000026b649b93d0 Thread added: 0x0000026b649b6c70
Event: 27.006 Thread 0x0000026b649b86b0 Thread added: 0x0000026b649b5f50
Event: 27.073 Thread 0x0000026b649b93d0 Thread added: 0x0000026b649b9a60
Event: 27.844 Thread 0x0000026b649b6c70 Thread added: 0x0000026b649ba0f0


Dynamic libraries:
0x00007ff62d350000 - 0x00007ff62d35e000 	c:\Users\Asus\.vscode\extensions\redhat.java-1.44.0-win32-x64\jre\21.0.8-win32-x86_64\bin\java.exe
0x00007ffe33c00000 - 0x00007ffe33e63000 	C:\WINDOWS\SYSTEM32\ntdll.dll
0x00007ffe32000000 - 0x00007ffe320c8000 	C:\WINDOWS\System32\KERNEL32.DLL
0x00007ffe31490000 - 0x00007ffe31842000 	C:\WINDOWS\System32\KERNELBASE.dll
0x00007ffe31290000 - 0x00007ffe313db000 	C:\WINDOWS\System32\ucrtbase.dll
0x00007ffe107b0000 - 0x00007ffe107ce000 	c:\Users\Asus\.vscode\extensions\redhat.java-1.44.0-win32-x64\jre\21.0.8-win32-x86_64\bin\VCRUNTIME140.dll
0x00007ffe16a00000 - 0x00007ffe16a18000 	c:\Users\Asus\.vscode\extensions\redhat.java-1.44.0-win32-x64\jre\21.0.8-win32-x86_64\bin\jli.dll
0x00007ffe32a50000 - 0x00007ffe32c18000 	C:\WINDOWS\System32\USER32.dll
0x00007ffe18c60000 - 0x00007ffe18ef0000 	C:\WINDOWS\WinSxS\amd64_microsoft.windows.common-controls_6595b64144ccf1df_6.0.26100.2454_none_3e0b68a2e331ad60\COMCTL32.dll
0x00007ffe30fd0000 - 0x00007ffe30ff7000 	C:\WINDOWS\System32\win32u.dll
0x00007ffe31c90000 - 0x00007ffe31d39000 	C:\WINDOWS\System32\msvcrt.dll
0x00007ffe31d40000 - 0x00007ffe31d6a000 	C:\WINDOWS\System32\GDI32.dll
0x00007ffe310a0000 - 0x00007ffe311cb000 	C:\WINDOWS\System32\gdi32full.dll
0x00007ffe313e0000 - 0x00007ffe31483000 	C:\WINDOWS\System32\msvcp_win.dll
0x00007ffe328b0000 - 0x00007ffe328df000 	C:\WINDOWS\System32\IMM32.DLL
0x00007ffe27bb0000 - 0x00007ffe27bbc000 	c:\Users\Asus\.vscode\extensions\redhat.java-1.44.0-win32-x64\jre\21.0.8-win32-x86_64\bin\vcruntime140_1.dll
0x00007ffdea430000 - 0x00007ffdea4bd000 	c:\Users\Asus\.vscode\extensions\redhat.java-1.44.0-win32-x64\jre\21.0.8-win32-x86_64\bin\msvcp140.dll
0x00007ffda27e0000 - 0x00007ffda3577000 	c:\Users\Asus\.vscode\extensions\redhat.java-1.44.0-win32-x64\jre\21.0.8-win32-x86_64\bin\server\jvm.dll
0x00007ffe31bc0000 - 0x00007ffe31c74000 	C:\WINDOWS\System32\ADVAPI32.dll
0x00007ffe32c20000 - 0x00007ffe32cc6000 	C:\WINDOWS\System32\sechost.dll
0x00007ffe32170000 - 0x00007ffe32286000 	C:\WINDOWS\System32\RPCRT4.dll
0x00007ffe31b40000 - 0x00007ffe31bb4000 	C:\WINDOWS\System32\WS2_32.dll
0x00007ffe30ca0000 - 0x00007ffe30cee000 	C:\WINDOWS\SYSTEM32\POWRPROF.dll
0x00007ffe1d0a0000 - 0x00007ffe1d0d6000 	C:\WINDOWS\SYSTEM32\WINMM.dll
0x00007ffe27090000 - 0x00007ffe2709b000 	C:\WINDOWS\SYSTEM32\VERSION.dll
0x00007ffe30bb0000 - 0x00007ffe30bc4000 	C:\WINDOWS\SYSTEM32\UMPDC.dll
0x00007ffe2fe10000 - 0x00007ffe2fe2a000 	C:\WINDOWS\SYSTEM32\kernel.appcore.dll
0x00007ffe1cd90000 - 0x00007ffe1cd9a000 	c:\Users\Asus\.vscode\extensions\redhat.java-1.44.0-win32-x64\jre\21.0.8-win32-x86_64\bin\jimage.dll
0x00007ffe2e760000 - 0x00007ffe2e9a1000 	C:\WINDOWS\SYSTEM32\DBGHELP.DLL
0x00007ffe334f0000 - 0x00007ffe3386e000 	C:\WINDOWS\System32\combase.dll
0x00007ffe31a60000 - 0x00007ffe31b36000 	C:\WINDOWS\System32\OLEAUT32.dll
0x00007ffe13dc0000 - 0x00007ffe13df9000 	C:\WINDOWS\SYSTEM32\dbgcore.DLL
0x00007ffe31000000 - 0x00007ffe31099000 	C:\WINDOWS\System32\bcryptPrimitives.dll
0x00007ffe1cc50000 - 0x00007ffe1cc5f000 	c:\Users\Asus\.vscode\extensions\redhat.java-1.44.0-win32-x64\jre\21.0.8-win32-x86_64\bin\instrument.dll
0x00007ffe0bae0000 - 0x00007ffe0baff000 	c:\Users\Asus\.vscode\extensions\redhat.java-1.44.0-win32-x64\jre\21.0.8-win32-x86_64\bin\java.dll
0x00007ffe32d60000 - 0x00007ffe33460000 	C:\WINDOWS\System32\SHELL32.dll
0x00007ffe2ed00000 - 0x00007ffe2f531000 	C:\WINDOWS\SYSTEM32\windows.storage.dll
0x00007ffe327d0000 - 0x00007ffe328aa000 	C:\WINDOWS\System32\SHCORE.dll
0x00007ffe32770000 - 0x00007ffe327cd000 	C:\WINDOWS\System32\shlwapi.dll
0x00007ffe30ee0000 - 0x00007ffe30f0e000 	C:\WINDOWS\SYSTEM32\profapi.dll
0x00007ffe0b2c0000 - 0x00007ffe0b2d8000 	c:\Users\Asus\.vscode\extensions\redhat.java-1.44.0-win32-x64\jre\21.0.8-win32-x86_64\bin\zip.dll
0x00007ffe1c750000 - 0x00007ffe1c760000 	C:\Users\Asus\.vscode\extensions\redhat.java-1.44.0-win32-x64\jre\21.0.8-win32-x86_64\bin\net.dll
0x00007ffe2b330000 - 0x00007ffe2b456000 	C:\WINDOWS\SYSTEM32\WINHTTP.dll
0x00007ffe30310000 - 0x00007ffe30378000 	C:\WINDOWS\system32\mswsock.dll
0x00007ffe10220000 - 0x00007ffe10236000 	C:\Users\Asus\.vscode\extensions\redhat.java-1.44.0-win32-x64\jre\21.0.8-win32-x86_64\bin\nio.dll
0x00007ffe18020000 - 0x00007ffe18030000 	c:\Users\Asus\.vscode\extensions\redhat.java-1.44.0-win32-x64\jre\21.0.8-win32-x86_64\bin\verify.dll
0x00007ffe05490000 - 0x00007ffe054d5000 	C:\Users\Asus\AppData\Roaming\Code\User\globalStorage\redhat.java\1.44.0\config_win\org.eclipse.equinox.launcher\org.eclipse.equinox.launcher.win32.win32.x86_64_1.2.1400.v20250730-1736\eclipse_11913.dll
0x00007ffe33930000 - 0x00007ffe33ac9000 	C:\WINDOWS\System32\ole32.dll
0x00007ffe305b0000 - 0x00007ffe305cc000 	C:\WINDOWS\SYSTEM32\CRYPTSP.dll
0x00007ffe2fd70000 - 0x00007ffe2fda8000 	C:\WINDOWS\system32\rsaenh.dll
0x00007ffe303b0000 - 0x00007ffe303db000 	C:\WINDOWS\SYSTEM32\USERENV.dll
0x00007ffe30860000 - 0x00007ffe30886000 	C:\WINDOWS\SYSTEM32\bcrypt.dll
0x00007ffe305d0000 - 0x00007ffe305dc000 	C:\WINDOWS\SYSTEM32\CRYPTBASE.dll
0x00007ffe2f990000 - 0x00007ffe2f9c2000 	C:\WINDOWS\SYSTEM32\IPHLPAPI.DLL
0x00007ffe31d70000 - 0x00007ffe31d7a000 	C:\WINDOWS\System32\NSI.dll
0x00007ffe0af80000 - 0x00007ffe0afc9000 	C:\Users\Asus\AppData\Local\Temp\jna-2050672\jna6552207694290302417.dll
0x00007ffe31c80000 - 0x00007ffe31c88000 	C:\WINDOWS\System32\PSAPI.DLL
0x00007ffe2c7a0000 - 0x00007ffe2c7be000 	C:\WINDOWS\SYSTEM32\dhcpcsvc6.DLL
0x00007ffe2c700000 - 0x00007ffe2c725000 	C:\WINDOWS\SYSTEM32\dhcpcsvc.DLL
0x00007ffe2ff30000 - 0x00007ffe2ff65000 	C:\WINDOWS\SYSTEM32\ntmarta.dll
0x00007ffe2d900000 - 0x00007ffe2d90e000 	C:\Users\Asus\.vscode\extensions\redhat.java-1.44.0-win32-x64\jre\21.0.8-win32-x86_64\bin\sunmscapi.dll
0x00007ffe318e0000 - 0x00007ffe31a56000 	C:\WINDOWS\System32\CRYPT32.dll
0x00007ffe30820000 - 0x00007ffe30850000 	C:\WINDOWS\SYSTEM32\ncrypt.dll
0x00007ffe307d0000 - 0x00007ffe3080f000 	C:\WINDOWS\SYSTEM32\NTASN1.dll

JVMTI agents:
c:\Users\Asus\.vscode\extensions\redhat.java-1.44.0-win32-x64\lombok\lombok-1.18.39-4050.jar path:c:\Users\Asus\.vscode\extensions\redhat.java-1.44.0-win32-x64\jre\21.0.8-win32-x86_64\bin\instrument.dll, loaded, initialized, instrumentlib options:none

dbghelp: loaded successfully - version: 4.0.5 - missing functions: none
symbol engine: initialized successfully - sym options: 0x614 - pdb path: .;c:\Users\Asus\.vscode\extensions\redhat.java-1.44.0-win32-x64\jre\21.0.8-win32-x86_64\bin;C:\WINDOWS\SYSTEM32;C:\WINDOWS\WinSxS\amd64_microsoft.windows.common-controls_6595b64144ccf1df_6.0.26100.2454_none_3e0b68a2e331ad60;c:\Users\Asus\.vscode\extensions\redhat.java-1.44.0-win32-x64\jre\21.0.8-win32-x86_64\bin\server;C:\Users\Asus\AppData\Roaming\Code\User\globalStorage\redhat.java\1.44.0\config_win\org.eclipse.equinox.launcher\org.eclipse.equinox.launcher.win32.win32.x86_64_1.2.1400.v20250730-1736;C:\Users\Asus\AppData\Local\Temp\jna-2050672

VM Arguments:
jvm_args: --add-modules=ALL-SYSTEM --add-opens=java.base/java.util=ALL-UNNAMED --add-opens=java.base/java.lang=ALL-UNNAMED --add-opens=java.base/sun.nio.fs=ALL-UNNAMED -Declipse.application=org.eclipse.jdt.ls.core.id1 -Dosgi.bundles.defaultStartLevel=4 -Declipse.product=org.eclipse.jdt.ls.core.product -Djava.import.generatesMetadataFilesAtProjectRoot=false -DDetectVMInstallationsJob.disabled=true -Dfile.encoding=utf8 -XX:+UseParallelGC -XX:GCTimeRatio=4 -XX:AdaptiveSizePolicyWeight=90 -Dsun.zip.disableMemoryMapping=true -Xmx2G -Xms100m -Xlog:disable -javaagent:c:\Users\Asus\.vscode\extensions\redhat.java-1.44.0-win32-x64\lombok\lombok-1.18.39-4050.jar -XX:+HeapDumpOnOutOfMemoryError -XX:HeapDumpPath=c:\Users\Asus\AppData\Roaming\Code\User\workspaceStorage\6f0e533d9ff133c7631d155b4f25a028\redhat.java -Daether.dependencyCollector.impl=bf 
java_command: c:\Users\Asus\.vscode\extensions\redhat.java-1.44.0-win32-x64\server\plugins\org.eclipse.equinox.launcher_1.7.0.v20250519-0528.jar -configuration c:\Users\Asus\AppData\Roaming\Code\User\globalStorage\redhat.java\1.44.0\config_win -data c:\Users\Asus\AppData\Roaming\Code\User\workspaceStorage\6f0e533d9ff133c7631d155b4f25a028\redhat.java\jdt_ws --pipe=\\.\pipe\lsp-971af761953753c457d51e6b0efed173-sock
java_class_path (initial): c:\Users\Asus\.vscode\extensions\redhat.java-1.44.0-win32-x64\server\plugins\org.eclipse.equinox.launcher_1.7.0.v20250519-0528.jar
Launcher Type: SUN_STANDARD

[Global flags]
    uintx AdaptiveSizePolicyWeight                 = 90                                        {product} {command line}
     intx CICompilerCount                          = 4                                         {product} {ergonomic}
    uintx GCTimeRatio                              = 4                                         {product} {command line}
     bool HeapDumpOnOutOfMemoryError               = true                                   {manageable} {command line}
    ccstr HeapDumpPath                             = c:\Users\Asus\AppData\Roaming\Code\User\workspaceStorage\6f0e533d9ff133c7631d155b4f25a028\redhat.java         {manageable} {command line}
   size_t InitialHeapSize                          = 104857600                                 {product} {command line}
   size_t MaxHeapSize                              = 2147483648                                {product} {command line}
   size_t MaxNewSize                               = 715653120                                 {product} {ergonomic}
   size_t MinHeapDeltaBytes                        = 524288                                    {product} {ergonomic}
   size_t MinHeapSize                              = 104857600                                 {product} {command line}
   size_t NewSize                                  = 34603008                                  {product} {ergonomic}
    uintx NonNMethodCodeHeapSize                   = 5839372                                {pd product} {ergonomic}
    uintx NonProfiledCodeHeapSize                  = 122909434                              {pd product} {ergonomic}
   size_t OldSize                                  = 70254592                                  {product} {ergonomic}
    uintx ProfiledCodeHeapSize                     = 122909434                              {pd product} {ergonomic}
    uintx ReservedCodeCacheSize                    = 251658240                              {pd product} {ergonomic}
     bool SegmentedCodeCache                       = true                                      {product} {ergonomic}
   size_t SoftMaxHeapSize                          = 2147483648                             {manageable} {ergonomic}
     bool UseCompressedOops                        = true                           {product lp64_product} {ergonomic}
     bool UseLargePagesIndividualAllocation        = false                                  {pd product} {ergonomic}
     bool UseParallelGC                            = true                                      {product} {command line}

Logging:
Log output configuration:
 #0: stdout all=off uptime,level,tags foldmultilines=false
 #1: stderr all=off uptime,level,tags foldmultilines=false

Environment Variables:
JAVA_HOME=C:\Users\Asus\AppData\Local\Programs\Eclipse Adoptium\jdk-17.0.6.10-hotspot\
PATH=C:\Python312\Scripts\;C:\Python312\;C:\Users\Asus\AppData\Local\Programs\Python\Python311\Scripts\;C:\WINDOWS;C:\WINDOWS\System32\Wbem;C:\WINDOWS\System32\WindowsPowerShell\v1.0\;C:\WINDOWS\System32\OpenSSH\;C:\MinGW\bin;C:\Program Files (x86)\Microsoft SQL Server\160\Tools\Binn\;C:\Program Files\Microsoft SQL Server\160\Tools\Binn\;C:\Program Files\Microsoft SQL Server\Client SDK\ODBC\170\Tools\Binn\;C:\Program Files\Microsoft SQL Server\160\DTS\Binn\;C:\Program Files\Git\cmd;C:\Users\Asus\AppData\Local\Programs\Python\Python311\Scripts;C:\Users\Asus\AppData\Local\Programs\Python\Python311\;C:\Users\Asus\AppData\Local\Programs\Python\Python311\Scripts;C:\Users\Asus\AppData\Local\Programs\Python\Python311\Scripts;C:\Users\Asus\AppData\Local\Programs\Python\Python311\;C:\;C:\ProgramData\chocolatey\bin;C:\Program Files\MongoDB\Server\8.0\bin;C:\Program Files\MongoDB\Server\8.0\bin;C:\Windows\System32;C:\Windows\System32\Wbem;C:\Windows;C:\JARS\jdk-19.0.2\bin;c:\Users\Asus\AppData\Local\Programs\Trae\bin;C:\Users\Asus\AppData\Local\Programs\Eclipse Adoptium\jdk-17.0.6.10-hotspot\bin;C:\Users\Asus\AppData\Local\Programs\Python\Python311\Scripts\;C:\Users\Asus\AppData\Local\Programs\Python\Python311\;C:\Users\Asus\AppData\Local\Microsoft\WindowsApps;C:\Program Files\JetBrains\PyCharm Community Edition 2022.3.2\bin;;C:\Program Files\Azure Data Studio\bin;C:\Users\Asus\AppData\Local\GitHubDesktop\bin;C:\Users\Asus\Downloads\apache-maven-4.0.0-rc-1-bin\apache-maven-4.0.0-rc-1;C:\Users\Asus\AppData\Roaming\npm;C:\Users\Asus\AppData\Roaming\Python\Python312\Scripts;C:\Users\Asus\Desktop\Microsoft VS Code\bin
USERNAME=Asus
OS=Windows_NT
PROCESSOR_IDENTIFIER=Intel64 Family 6 Model 140 Stepping 1, GenuineIntel
TMP=C:\Users\Asus\AppData\Local\Temp
TEMP=C:\Users\Asus\AppData\Local\Temp




Periodic native trim disabled

---------------  S Y S T E M  ---------------

OS:
 Windows 11 , 64 bit Build 26100 (10.0.26100.2454)
OS uptime: 1 days 2:24 hours

CPU: total 8 (initial active 8) (4 cores per cpu, 2 threads per core) family 6 model 140 stepping 1 microcode 0x86, cx8, cmov, fxsr, ht, mmx, 3dnowpref, sse, sse2, sse3, ssse3, sse4.1, sse4.2, popcnt, lzcnt, tsc, tscinvbit, avx, avx2, aes, erms, clmul, bmi1, bmi2, adx, avx512f, avx512dq, avx512cd, avx512bw, avx512vl, sha, fma, vzeroupper, avx512_vpopcntdq, avx512_vpclmulqdq, avx512_vaes, avx512_vnni, clflush, clflushopt, clwb, avx512_vbmi2, avx512_vbmi, rdtscp, rdpid, fsrm, gfni, avx512_bitalg, f16c, pku, cet_ibt, cet_ss, avx512_ifma
Processor Information for the first 8 processors :
  Max Mhz: 2419, Current Mhz: 2419, Mhz Limit: 2419

Memory: 4k page, system-wide physical 7886M (654M free)
TotalPageFile size 16078M (AvailPageFile size 25M)
current process WorkingSet (physical memory assigned to process): 665M, peak: 665M
current process commit charge ("private bytes"): 723M, peak: 725M

vm_info: OpenJDK 64-Bit Server VM (21.0.8+9-LTS) for windows-amd64 JRE (21.0.8+9-LTS), built on 2025-07-15T00:00:00Z by "admin" with MS VC++ 17.7 (VS2022)

END.
